This is TeX, Version 3.14159 (C version 6.1) (format=latex 96.8.28)  1 SEP 1997 12:03
**b
(b.tex
LaTeX2e <1996/06/01>
Hyphenation patterns for english, german, loaded.
(/usr/local/share/texmf/tex/latex/base/article.cls
Document Class: article 1996/05/26 v1.3r Standard LaTeX document class
(/usr/local/share/texmf/tex/latex/base/size10.clo
File: size10.clo 1996/05/26 v1.3r Standard LaTeX file (size option)
)
\c@part=\count79
\c@section=\count80
\c@subsection=\count81
\c@subsubsection=\count82
\c@paragraph=\count83
\c@subparagraph=\count84
\c@figure=\count85
\c@table=\count86
\abovecaptionskip=\skip41
\belowcaptionskip=\skip42
\bibindent=\dimen102
)
(/usr/local/share/texmf/tex/latex/amsfonts/amssymb.sty
Package: amssymb 1995/02/01 v2.2a

(/usr/local/share/texmf/tex/latex/amsfonts/amsfonts.sty
Package: amsfonts 1995/02/01 v2.2b
\@emptytoks=\toks15
\symAMSa=\mathgroup4
\symAMSb=\mathgroup5
LaTeX Font Info:    Overwriting math alphabet `\mathfrak' in version `bold'
(Font)                  U/euf/m/n --> U/euf/b/n on input line 128.
))
(/usr/local/share/texmf/tex/latex/amslatex/amsmath.sty
Package: amsmath 1995/02/23 v1.2b AMS math features
\@mathmargin=\skip43

(/usr/local/share/texmf/tex/latex/amslatex/amstext.sty
Package: amstext 1995/01/25 v1.2

(/usr/local/share/texmf/tex/latex/amslatex/amsgen.sty
File: amsgen.sty 1995/02/01 v1.2a
\@emptytoks=\toks16
\ex@=\dimen103
))
(/usr/local/share/texmf/tex/latex/amslatex/amsbsy.sty
Package: amsbsy 1995/01/20 v1.2
\pmbraise@=\dimen104
)
(/usr/local/share/texmf/tex/latex/amslatex/amsopn.sty
Package: amsopn 1995/02/20 v1.2a operator names
)
LaTeX Info: Redefining \frac on input line 180.
\uproot@=\count87
\leftroot@=\count88
\classnum@=\count89
\DOTSCASE@=\count90
LaTeX Info: Redefining \dots on input line 327.
LaTeX Info: Redefining \ldots on input line 410.
LaTeX Info: Redefining \cdots on input line 414.
\Mathstrutbox@=\box26
\strutbox@=\box27
\big@size=\dimen105
LaTeX Font Info:    Redeclaring font encoding OML on input line 492.
LaTeX Font Info:    Redeclaring font encoding OMS on input line 493.
\skewcharcount@=\count91
\familycount@=\count92
\pointcount@=\count93
\accentdimen@=\dimen106
\accentmu@=\count94
\minaw@=\dimen107
\c@MaxMatrixCols=\count95
\dotsspace@=\muskip10
\c@parentequation=\count96
\dspbrk@lvl=\count97
\tag@help=\toks17
\row@=\count98
\column@=\count99
\maxfields@=\count100
\andhelp@=\toks18
\eqnshift@=\dimen108
\alignsep@=\dimen109
\tagshift@=\dimen110
\tagwidth@=\dimen111
\totwidth@=\dimen112
\lineht@=\dimen113
\@envbody=\toks19
\multlinegap=\skip44
\multlinetaggap=\skip45
)
(/usr/local/share/texmf/tex/latex/latex2html/html.sty
Package: html 1996/02/01 v1.0 hypertext commands for latex2html (nd, hs)
\c@lpart=\count101
\c@lchapter=\count102
\c@lsection=\count103
\c@lsubsection=\count104
\c@lsubsubsection=\count105
\c@lparagraph=\count106
\c@lsubparagraph=\count107
\c@lsubsubparagraph=\count108
\c@lequation=\count109
\ptrfile=\write3
) (b.aux)
LaTeX Font Info:    Checking defaults for OML/cmm/m/it on input line 4.
LaTeX Font Info:    ... okay on input line 4.
LaTeX Font Info:    Checking defaults for T1/cmr/m/n on input line 4.
LaTeX Font Info:    ... okay on input line 4.
LaTeX Font Info:    Checking defaults for OT1/cmr/m/n on input line 4.
LaTeX Font Info:    ... okay on input line 4.
LaTeX Font Info:    Checking defaults for OMS/cmsy/m/n on input line 4.
LaTeX Font Info:    ... okay on input line 4.
LaTeX Font Info:    Checking defaults for OMX/cmex/m/n on input line 4.
LaTeX Font Info:    ... okay on input line 4.
LaTeX Font Info:    Checking defaults for U/cmr/m/n on input line 4.
LaTeX Font Info:    ... okay on input line 4.
LaTeX Font Info:    Try loading font information for U+msa on input line 16.

(/usr/local/share/texmf/tex/latex/amsfonts/Umsa.fd
File: Umsa.fd 1995/01/05 v2.2e AMS font definitions
)
LaTeX Font Info:    Try loading font information for U+msb on input line 16.

(/usr/local/share/texmf/tex/latex/amsfonts/Umsb.fd
File: Umsb.fd 1995/01/05 v2.2e AMS font definitions
) [1

]
Overfull \hbox (36.90257pt too wide) detected at line 95
[]
 []


Overfull \hbox (15.64426pt too wide) in paragraph at lines 122--133
 [] 
 []

[2] [3]
Underfull \hbox (badness 10000) in paragraph at lines 155--162

 []

[4]
Underfull \hbox (badness 10000) in paragraph at lines 206--208

 []

[5] [6] (b.aux) ) 
Here is how much of TeX's memory you used:
 1153 strings out of 10910
 11848 string characters out of 72285
 60382 words of memory out of 262141
 4039 multiletter control sequences out of 9500
 8326 words of font info for 33 fonts, out of 150000 for 255
 14 hyphenation exceptions out of 607
 28i,10n,24p,210b,177s stack positions out of 300i,40n,60p,3000b,4000s

Output written on b.dvi (6 pages, 14288 bytes).
