This is TeX, Version 3.14159 (C version 6.1) (format=latex 96.8.28)  29 AUG 1996 00:16
**cernfinal
(crnfinal.tex
LaTeX2e <1996/06/01>
Hyphenation patterns for english, german, loaded.
(/afs/.cern.ch/project/cnas_doc/sources/cnasall/cernman.cls
Document Class: cernman 1994/01/10
(/usr/local/share/texmf/tex/latex/base/report.cls
Document Class: report 1996/05/26 v1.3r Standard LaTeX document class
(/usr/local/share/texmf/tex/latex/base/fleqn.clo
File: fleqn.clo 1996/03/25 v1.1a Standard LaTeX option (flush left equations)
\mathindent=\dimen102
)
(/usr/local/share/texmf/tex/latex/base/size11.clo
File: size11.clo 1996/05/26 v1.3r Standard LaTeX file (size option)
)
\c@part=\count79
\c@chapter=\count80
\c@section=\count81
\c@subsection=\count82
\c@subsubsection=\count83
\c@paragraph=\count84
\c@subparagraph=\count85
\c@figure=\count86
\c@table=\count87
\abovecaptionskip=\skip41
\belowcaptionskip=\skip42
\bibindent=\dimen103
)
(/usr/local/share/texmf/tex/latex/psnfss/pifont.sty
Package: pifont 1995/08/16 5.2 Pi font PSNFSS2e package
LaTeX Font Info:    Try loading font information for U+pzd on input line 60.

(/usr/local/share/texmf/tex/latex/psnfss/Upzd.fd)
LaTeX Font Info:    Try loading font information for U+psy on input line 61.

(/usr/local/share/texmf/tex/latex/psnfss/Upsy.fd))
(/usr/local/share/texmf/tex/latex/graphics/color.sty
Package: color 1996/05/29 v1.0 Standard LaTeX Color (DPC)

(/usr/local/share/texmf/tex/latex/config/color.cfg)
Package color Info: Driver file: dvips.def on input line 127.

(/usr/local/share/texmf/tex/latex/graphics/dvips.def
File: dvips.def 1996/05/29 v3.00 Driver-dependant file (DPC,SPQR)
)
(/usr/local/share/texmf/tex/latex/graphics/dvipsnam.def
File: dvipsnam.def 1996/05/29 v3.00 Driver-dependant file (DPC,SPQR)
))
(/usr/local/share/texmf/tex/latex/tools/array.sty
Package: array 1996/06/14 v2.3i Tabular extension package (FMi)
\col@sep=\dimen104
\extrarowheight=\dimen105
\NC@list=\toks15
\extratabsurround=\skip43
\backup@length=\skip44
)
(/usr/local/share/texmf/tex/latex/tools/tabularx.sty
Package: tabularx 1995/03/20 v2.02 `tabularx' package (DPC)
\TX@col@width=\dimen106
\TX@old@table=\dimen107
\TX@old@col=\dimen108
\TX@target=\dimen109
\TX@delta=\dimen110
\TX@cols=\count88
\TX@ftn=\toks16
)
(/usr/local/share/texmf/tex/latex/tools/verbatim.sty
Package: verbatim 1996/06/04 v1.5i LaTeX2e package for verbatim enhancements
\every@verbatim=\toks17
\verbatim@line=\toks18
\verbatim@in@stream=\read1
)
(/usr/local/share/texmf/tex/latex/graphics/graphicx.sty
Package: graphicx 1996/05/29 v1.0 Enhanced LaTeX Graphics (DPC,SPQR)

(/usr/local/share/texmf/tex/latex/graphics/keyval.sty
Package: keyval 1995/09/21 v1.09 key=value parser (DPC)
)
(/usr/local/share/texmf/tex/latex/graphics/graphics.sty
Package: graphics 1996/05/29 v1.0 Standard LaTeX Graphics (DPC,SPQR)

(/usr/local/share/texmf/tex/latex/graphics/trig.sty
Package: trig 1994/10/16 v1.08 sin cos tan (DPC)
)
(/usr/local/share/texmf/tex/latex/config/graphics.cfg)
Package graphics Info: Driver file: dvips.def on input line 82.
)
\Gin@req@height=\dimen111
\Gin@req@width=\dimen112
)
(/usr/local/share/texmf/tex/latex/graphics/epsfig.sty
Package: epsfig 1996/04/11 v1.6 (e)psfig emulation (SPQR)
\epsfxsize=\dimen113
\epsfysize=\dimen114
)
(/usr/local/share/texmf/tex/latex/tools/varioref.sty
Package: varioref 1995/10/19 v1.1b package for extended references (FMi)
\c@vrcnt=\count89
)
(/usr/local/share/texmf/tex/latex/tools/multicol.sty
Package: multicol 1996/01/13 v1.5l multicolumn formatting (FMi)
\c@tracingmulticols=\count90
\mult@box=\box26
\multicol@leftmargin=\dimen115
\c@unbalance=\count91
\c@collectmore=\count92
\doublecol@number=\count93
\multicoltolerance=\count94
\multicolpretolerance=\count95
\full@width=\dimen116
\page@free=\dimen117
\premulticols=\dimen118
\postmulticols=\dimen119
\multicolsep=\skip45
\multicolbaselineskip=\skip46
\partial@page=\box27
\last@line=\box28
\mult@rightbox=\box29
\mult@grightbox=\box30
\mult@gfirstbox=\box31
\mult@firstbox=\box32
\@tempa=\box33
\@tempa=\box34
\@tempa=\box35
\@tempa=\box36
\@tempa=\box37
\@tempa=\box38
\@tempa=\box39
\@tempa=\box40
\@tempa=\box41
\@tempa=\box42
\@tempa=\box43
\@tempa=\box44
\@tempa=\box45
\@tempa=\box46
\@tempa=\box47
\@tempa=\box48
\@tempa=\box49
\c@columnbadness=\count96
\c@finalcolumnbadness=\count97
\last@try=\dimen120
\multicolovershoot=\dimen121
\multicolundershoot=\dimen122
\mult@nat@firstbox=\box50
)
(/usr/local/share/texmf/tex/latex/misc/here.sty)
(/usr/local/share/texmf/tex/latex/tools/xspace.sty
Package: xspace 1996/05/17 v1.04 Space after command names (DPC)
)
(/usr/local/share/texmf/tex/latex/misc/calc.sty
Package: calc 1995/04/10 v4.0c (TEST)

Package: `calc' v4.0c (TEST) <1995/04/10> (KKT and FJ)
\calc@Acount=\count98
\calc@Bcount=\count99
\calc@Adimen=\dimen123
\calc@Bdimen=\dimen124
\calc@Askip=\skip47
\calc@Bskip=\skip48
LaTeX Info: Redefining \setlength on input line 47.
LaTeX Info: Redefining \addtolength on input line 48.
\calc@denominator=\count100
) (/usr/local/share/texmf/tex/latex/base/ifthen.sty
Package: ifthen 1996/03/22 v1.0l Standard LaTeX ifthen package (DPC)
)
(/usr/local/share/texmf/tex/latex/base/makeidx.sty
Package: makeidx 1995/04/19 v1.0j Standard LaTeX package
)
\@DL@itemwidth=\dimen125
\c@cOL=\count101
\mylen=\skip49
\mybox=\box51
\@PAWout=\write3
)
(/usr/local/share/texmf/tex/latex/amsfonts/amssymb.sty
Package: amssymb 1995/02/01 v2.2a

(/usr/local/share/texmf/tex/latex/amsfonts/amsfonts.sty
Package: amsfonts 1995/02/01 v2.2b
\@emptytoks=\toks19
\symAMSa=\mathgroup4
\symAMSb=\mathgroup5
LaTeX Font Info:    Overwriting math alphabet `\mathfrak' in version `bold'
(Font)                  U/euf/m/n --> U/euf/b/n on input line 128.
))
(/usr/local/share/texmf/tex/latex/amslatex/amsmath.sty
Package: amsmath 1995/02/23 v1.2b AMS math features
\@mathmargin=\skip50

(/usr/local/share/texmf/tex/latex/amslatex/amstext.sty
Package: amstext 1995/01/25 v1.2

(/usr/local/share/texmf/tex/latex/amslatex/amsgen.sty
File: amsgen.sty 1995/02/01 v1.2a
\@emptytoks=\toks20
\ex@=\dimen126
))
(/usr/local/share/texmf/tex/latex/amslatex/amsbsy.sty
Package: amsbsy 1995/01/20 v1.2
\pmbraise@=\dimen127
)
(/usr/local/share/texmf/tex/latex/amslatex/amsopn.sty
Package: amsopn 1995/02/20 v1.2a operator names
)
LaTeX Info: Redefining \frac on input line 180.
\uproot@=\count102
\leftroot@=\count103
\classnum@=\count104
\DOTSCASE@=\count105
LaTeX Info: Redefining \dots on input line 327.
LaTeX Info: Redefining \ldots on input line 410.
LaTeX Info: Redefining \cdots on input line 414.
\Mathstrutbox@=\box52
\strutbox@=\box53
\big@size=\dimen128
LaTeX Font Info:    Redeclaring font encoding OML on input line 492.
LaTeX Font Info:    Redeclaring font encoding OMS on input line 493.
\skewcharcount@=\count106
\familycount@=\count107
\pointcount@=\count108
\accentdimen@=\dimen129
\accentmu@=\count109
\minaw@=\dimen130
\c@MaxMatrixCols=\count110
\dotsspace@=\muskip10
\c@parentequation=\count111
\dspbrk@lvl=\count112
\tag@help=\toks21
\row@=\count113
\column@=\count114
\maxfields@=\count115
\andhelp@=\toks22
\eqnshift@=\dimen131
\alignsep@=\dimen132
\tagshift@=\dimen133
\tagwidth@=\dimen134
\totwidth@=\dimen135
\lineht@=\dimen136
\@envbody=\toks23
\multlinegap=\skip51
\multlinetaggap=\skip52
)

! LaTeX Error: File `html.sty' not found.

Type X to quit or <RETURN> to proceed,
or enter new name. (Default extension: sty)

Enter file name: /afs/.cern.ch/asis/packages/TeX/latex2html-96.1f.1/share/usr.l
ocal/share/texmf/tex/latex/latex2html/html.sty

(/afs/.cern.ch/asis/packages/TeX/latex2html-96.1f.1/share/usr.local/share/texmf
/tex/latex/latex2html/html.sty
Package: html 1996/02/01 v1.0 hypertext commands for latex2html (nd, hs)
\c@lpart=\count116
\c@lchapter=\count117
\c@lsection=\count118
\c@lsubsection=\count119
\c@lsubsubsection=\count120
\c@lparagraph=\count121
\c@lsubparagraph=\count122
\c@lsubsubparagraph=\count123
\c@lequation=\count124
\ptrfile=\write4
)
(/afs/.cern.ch/project/cnas_doc/sources/cnasall/cernlib.sty
\LSubmit=\skip53
LaTeX Font Info:    Try loading font information for OT1+ptm on input line 12.

(/usr/local/share/texmf/tex/latex/psnfss/OT1ptm.fd
File: OT1ptm.fd 1996/01/28 Fontinst v1.504 font definitions for OT1/ptm.
)
LaTeX Font Info:    Font shape `OT1/ptm/bx/n' in size <10.95> not available
(Font)              Font shape `OT1/ptm/b/n' tried instead on input line 12.
\c@Totalpage=\count125
\@maincrn=\write5
\@@Totalpage=\count126
)
\@indexfile=\write6

Writing index file crnfinal.idx
(crnfinal.aux)
LaTeX Font Info:    Checking defaults for OML/cmm/m/it on input line 23.
LaTeX Font Info:    ... okay on input line 23.
LaTeX Font Info:    Checking defaults for T1/cmr/m/n on input line 23.
LaTeX Font Info:    ... okay on input line 23.
LaTeX Font Info:    Checking defaults for OT1/cmr/m/n on input line 23.
LaTeX Font Info:    ... okay on input line 23.
LaTeX Font Info:    Checking defaults for OMS/cmsy/m/n on input line 23.
LaTeX Font Info:    ... okay on input line 23.
LaTeX Font Info:    Checking defaults for OMX/cmex/m/n on input line 23.
LaTeX Font Info:    ... okay on input line 23.
LaTeX Font Info:    Checking defaults for U/cmr/m/n on input line 23.
LaTeX Font Info:    ... okay on input line 23.
 (cernlibf.tex
File: cern15.eps Graphic file (type eps)
 <cern15.eps>
LaTeX Font Info:    Font shape `OT1/ptm/bx/n' in size <20.74> not available
(Font)              Font shape `OT1/ptm/b/n' tried instead on input line 26.
File: /afs/cern.ch/project/cnas_doc/sources/cnasall/cnastit.eps Graphic file (t
ype eps)

</afs/cern.ch/project/cnas_doc/sources/cnasall/cnastit.eps> [1


]
LaTeX Font Info:    Try loading font information for OMS+ptm on input line 83.

(/usr/local/share/texmf/tex/latex/psnfss/OMSptm.fd
File: OMSptm.fd 
)
LaTeX Font Info:    Font shape `OMS/ptm/m/n' in size <10.95> not available
(Font)              Font shape `OMS/cmsy/m/n' tried instead on input line 83.
LaTeX Font Info:    Try loading font information for U+msa on input line 83.

(/usr/local/share/texmf/tex/latex/amsfonts/Umsa.fd
File: Umsa.fd 1995/01/05 v2.2e AMS font definitions
)
LaTeX Font Info:    Try loading font information for U+msb on input line 83.

(/usr/local/share/texmf/tex/latex/amsfonts/Umsb.fd
File: Umsb.fd 1995/01/05 v2.2e AMS font definitions
) [2]
LaTeX Font Info:    Font shape `OT1/ptm/bx/n' in size <12> not available
(Font)              Font shape `OT1/ptm/b/n' tried instead on input line 102.
) [1] [2


] (crnlbcat.tex
Chapter 1.
[1


] [2] [3] [4] [5] [6] [7]) [8] (b002.tex) [1



] [2] (b100.tex) [1


] (b101.tex)
[1


] (b102.tex) [1


] (b105.tex) [1


] (b300.tex) [1


] (c200.tex [1


]) [2] (c201.tex
[1


]
Underfull \hbox (badness 10000) in paragraph at lines 97--102

 []

) [2] (c202.tex [1


]) [2] (c205.tex [1


]) [2] (c207.tex
Underfull \hbox (badness 10000) in paragraph at lines 18--21

 []

) [1


] (c208.tex) [1


] (c209.tex) [1


] (c210.tex) [1


] (c300.tex) [1


] (c301.tex)
[1


] (c302.tex) [1


] (c303.tex) [1


] (c304.tex) [1


] (c305.tex) [1


] (c306.tex)
[1


] (c309.tex [1


] [2]) [3] (c312.tex) [1


] (c313.tex

! LaTeX Error: \begin{tabular} on input line 23 ended by \end{latexonly}.

See the LaTeX manual or LaTeX Companion for explanation.
Type  H <return>  for immediate help.
 ...                                              
                                                  
l.24 \end{latexonly}
                    
? 
! Missing } inserted.
<inserted text> 
                }
l.25 \Rdef{BESI0},  &
                      \Rdef{BESI1},  & \Rdef{BESK0},  & \Rdef{BESK1},  &
? 
! Missing \cr inserted.
<inserted text> 
                \cr 
l.25 \Rdef{BESI0},  &
                      \Rdef{BESI1},  & \Rdef{BESK0},  & \Rdef{BESK1},  &
? 
! Misplaced \cr.
<inserted text> \cr 
                    
l.25 \Rdef{BESI0},  &
                      \Rdef{BESI1},  & \Rdef{BESK0},  & \Rdef{BESK1},  &
? 
! Missing \cr inserted.
<inserted text> 
                \cr 
l.25 \Rdef{BESI0},  &
                      \Rdef{BESI1},  & \Rdef{BESK0},  & \Rdef{BESK1},  &
? 
! Misplaced \cr.
<inserted text> \cr 
                    
l.25 \Rdef{BESI0},  &
                      \Rdef{BESI1},  & \Rdef{BESK0},  & \Rdef{BESK1},  &
? 
! Missing \cr inserted.
<inserted text> 
                \cr 
l.25 \Rdef{BESI0},  &
                      \Rdef{BESI1},  & \Rdef{BESK0},  & \Rdef{BESK1},  &
? 
! Misplaced \cr.
<inserted text> \cr 
                    
l.25 \Rdef{BESI0},  &
                      \Rdef{BESI1},  & \Rdef{BESK0},  & \Rdef{BESK1},  &
? 
! Missing \cr inserted.
<inserted text> 
                \cr 
l.25 \Rdef{BESI0},  &
                      \Rdef{BESI1},  & \Rdef{BESK0},  & \Rdef{BESK1},  &
? 
! Misplaced \cr.
<inserted text> \cr 
                    
l.25 \Rdef{BESI0},  &
                      \Rdef{BESI1},  & \Rdef{BESK0},  & \Rdef{BESK1},  &
? 
! Missing \cr inserted.
<inserted text> 
                \cr 
l.25 \Rdef{BESI0},  &
                      \Rdef{BESI1},  & \Rdef{BESK0},  & \Rdef{BESK1},  &
? 
! Misplaced \cr.
<inserted text> \cr 
                    
l.25 \Rdef{BESI0},  &
                      \Rdef{BESI1},  & \Rdef{BESK0},  & \Rdef{BESK1},  &
? 
! Missing \cr inserted.
<inserted text> 
                \cr 
l.25 \Rdef{BESI0},  &
                      \Rdef{BESI1},  & \Rdef{BESK0},  & \Rdef{BESK1},  &
? 
! Misplaced \cr.
<inserted text> \cr 
                    
l.25 \Rdef{BESI0},  &
                      \Rdef{BESI1},  & \Rdef{BESK0},  & \Rdef{BESK1},  &
? 
! Missing \cr inserted.
<inserted text> 
                \cr 
l.25 \Rdef{BESI0},  &
                      \Rdef{BESI1},  & \Rdef{BESK0},  & \Rdef{BESK1},  &
? 
! Misplaced \cr.
<inserted text> \cr 
                    
l.25 \Rdef{BESI0},  &
                      \Rdef{BESI1},  & \Rdef{BESK0},  & \Rdef{BESK1},  &
? 
! Missing \cr inserted.
<inserted text> 
                \cr 
l.25 \Rdef{BESI0},  &
                      \Rdef{BESI1},  & \Rdef{BESK0},  & \Rdef{BESK1},  &
? 
! Misplaced \cr.
<inserted text> \cr 
                    
l.25 \Rdef{BESI0},  &
                      \Rdef{BESI1},  & \Rdef{BESK0},  & \Rdef{BESK1},  &
? 
! Missing \cr inserted.
<inserted text> 
                \cr 
l.25 \Rdef{BESI0},  &
                      \Rdef{BESI1},  & \Rdef{BESK0},  & \Rdef{BESK1},  &
? 
! Misplaced \cr.
<inserted text> \cr 
                    
l.25 \Rdef{BESI0},  &
                      \Rdef{BESI1},  & \Rdef{BESK0},  & \Rdef{BESK1},  &
? 
! Missing \cr inserted.
<inserted text> 
                \cr 
l.25 \Rdef{BESI0},  &
                      \Rdef{BESI1},  & \Rdef{BESK0},  & \Rdef{BESK1},  &
? 
! Misplaced \cr.
<inserted text> \cr 
                    
l.25 \Rdef{BESI0},  &
                      \Rdef{BESI1},  & \Rdef{BESK0},  & \Rdef{BESK1},  &
? 
! Missing \cr inserted.
<inserted text> 
                \cr 
l.25 \Rdef{BESI0},  &
                      \Rdef{BESI1},  & \Rdef{BESK0},  & \Rdef{BESK1},  &
? 
! Misplaced \cr.
<inserted text> \cr 
                    
l.25 \Rdef{BESI0},  &
                      \Rdef{BESI1},  & \Rdef{BESK0},  & \Rdef{BESK1},  &
? 
! Missing \cr inserted.
<inserted text> 
                \cr 
l.25 \Rdef{BESI0},  &
                      \Rdef{BESI1},  & \Rdef{BESK0},  & \Rdef{BESK1},  &
? 
! Misplaced \cr.
<inserted text> \cr 
                    
l.25 \Rdef{BESI0},  &
                      \Rdef{BESI1},  & \Rdef{BESK0},  & \Rdef{BESK1},  &
? 
! Missing \cr inserted.
<inserted text> 
                \cr 
l.25 \Rdef{BESI0},  &
                      \Rdef{BESI1},  & \Rdef{BESK0},  & \Rdef{BESK1},  &
? 
! Misplaced \cr.
<inserted text> \cr 
                    
l.25 \Rdef{BESI0},  &
                      \Rdef{BESI1},  & \Rdef{BESK0},  & \Rdef{BESK1},  &
? 
! Missing \cr inserted.
<inserted text> 
                \cr 
l.25 \Rdef{BESI0},  &
                      \Rdef{BESI1},  & \Rdef{BESK0},  & \Rdef{BESK1},  &
? 
! Misplaced \cr.
<inserted text> \cr 
                    
l.25 \Rdef{BESI0},  &
                      \Rdef{BESI1},  & \Rdef{BESK0},  & \Rdef{BESK1},  &
? 
! Missing \cr inserted.
<inserted text> 
                \cr 
l.25 \Rdef{BESI0},  &
                      \Rdef{BESI1},  & \Rdef{BESK0},  & \Rdef{BESK1},  &
? 
! Misplaced \cr.
<inserted text> \cr 
                    
l.25 \Rdef{BESI0},  &
                      \Rdef{BESI1},  & \Rdef{BESK0},  & \Rdef{BESK1},  &
? 
! Missing \cr inserted.
<inserted text> 
                \cr 
l.25 \Rdef{BESI0},  &
                      \Rdef{BESI1},  & \Rdef{BESK0},  & \Rdef{BESK1},  &
? 
! Misplaced \cr.
<inserted text> \cr 
                    
l.25 \Rdef{BESI0},  &
                      \Rdef{BESI1},  & \Rdef{BESK0},  & \Rdef{BESK1},  &
? s
OK, entering \scrollmode...
! Missing \cr inserted.
<inserted text> 
                \cr 
l.25 \Rdef{BESI0},  &
                      \Rdef{BESI1},  & \Rdef{BESK0},  & \Rdef{BESK1},  &
I'm guessing that you meant to end an alignment here.

! Misplaced \cr.
<inserted text> \cr 
                    
l.25 \Rdef{BESI0},  &
                      \Rdef{BESI1},  & \Rdef{BESK0},  & \Rdef{BESK1},  &
I can't figure out why you would want to use a tab mark
or \cr or \span just now. If something like a right brace
up above has ended a previous alignment prematurely,
you're probably due for more error messages, and you
might try typing `S' now just to see what is salvageable.

! Missing \cr inserted.
<inserted text> 
                \cr 
l.25 \Rdef{BESI0},  &
                      \Rdef{BESI1},  & \Rdef{BESK0},  & \Rdef{BESK1},  &
I'm guessing that you meant to end an alignment here.

! Misplaced \cr.
<inserted text> \cr 
                    
l.25 \Rdef{BESI0},  &
                      \Rdef{BESI1},  & \Rdef{BESK0},  & \Rdef{BESK1},  &
I can't figure out why you would want to use a tab mark
or \cr or \span just now. If something like a right brace
up above has ended a previous alignment prematurely,
you're probably due for more error messages, and you
might try typing `S' now just to see what is salvageable.

! Missing \cr inserted.
<inserted text> 
                \cr 
l.25 \Rdef{BESI0},  &
                      \Rdef{BESI1},  & \Rdef{BESK0},  & \Rdef{BESK1},  &
I'm guessing that you meant to end an alignment here.

! Misplaced \cr.
<inserted text> \cr 
                    
l.25 \Rdef{BESI0},  &
                      \Rdef{BESI1},  & \Rdef{BESK0},  & \Rdef{BESK1},  &
I can't figure out why you would want to use a tab mark
or \cr or \span just now. If something like a right brace
up above has ended a previous alignment prematurely,
you're probably due for more error messages, and you
might try typing `S' now just to see what is salvageable.

! Missing \cr inserted.
<inserted text> 
                \cr 
l.25 \Rdef{BESI0},  &
                      \Rdef{BESI1},  & \Rdef{BESK0},  & \Rdef{BESK1},  &
I'm guessing that you meant to end an alignment here.

! Misplaced \cr.
<inserted text> \cr 
                    
l.25 \Rdef{BESI0},  &
                      \Rdef{BESI1},  & \Rdef{BESK0},  & \Rdef{BESK1},  &
I can't figure out why you would want to use a tab mark
or \cr or \span just now. If something like a right brace
up above has ended a previous alignment prematurely,
you're probably due for more error messages, and you
might try typing `S' now just to see what is salvageable.

! Missing \cr inserted.
<inserted text> 
                \cr 
l.25 \Rdef{BESI0},  &
                      \Rdef{BESI1},  & \Rdef{BESK0},  & \Rdef{BESK1},  &
I'm guessing that you meant to end an alignment here.

! Misplaced \cr.
<inserted text> \cr 
                    
l.25 \Rdef{BESI0},  &
                      \Rdef{BESI1},  & \Rdef{BESK0},  & \Rdef{BESK1},  &
I can't figure out why you would want to use a tab mark
or \cr or \span just now. If something like a right brace
up above has ended a previous alignment prematurely,
you're probably due for more error messages, and you
might try typing `S' now just to see what is salvageable.

! Missing \cr inserted.
<inserted text> 
                \cr 
l.25 \Rdef{BESI0},  &
                      \Rdef{BESI1},  & \Rdef{BESK0},  & \Rdef{BESK1},  &
I'm guessing that you meant to end an alignment here.

! Misplaced \cr.
<inserted text> \cr 
                    
l.25 \Rdef{BESI0},  &
                      \Rdef{BESI1},  & \Rdef{BESK0},  & \Rdef{BESK1},  &
I can't figure out why you would want to use a tab mark
or \cr or \span just now. If something like a right brace
up above has ended a previous alignment prematurely,
you're probably due for more error messages, and you
might try typing `S' now just to see what is salvageable.

! Missing \cr inserted.
<inserted text> 
                \cr 
l.25 \Rdef{BESI0},  &
                      \Rdef{BESI1},  & \Rdef{BESK0},  & \Rdef{BESK1},  &
I'm guessing that you meant to end an alignment here.

! Misplaced \cr.
<inserted text> \cr 
                    
l.25 \Rdef{BESI0},  &
                      \Rdef{BESI1},  & \Rdef{BESK0},  & \Rdef{BESK1},  &
I can't figure out why you would want to use a tab mark
or \cr or \span just now. If something like a right brace
up above has ended a previous alignment prematurely,
you're probably due for more error messages, and you
might try typing `S' now just to see what is salvageable.

! Missing \cr inserted.
<inserted text> 
                \cr 
l.25 \Rdef{BESI0},  &
                      \Rdef{BESI1},  & \Rdef{BESK0},  & \Rdef{BESK1},  &
I'm guessing that you meant to end an alignment here.

! Misplaced \cr.
<inserted text> \cr 
                    
l.25 \Rdef{BESI0},  &
                      \Rdef{BESI1},  & \Rdef{BESK0},  & \Rdef{BESK1},  &
I can't figure out why you would want to use a tab mark
or \cr or \span just now. If something like a right brace
up above has ended a previous alignment prematurely,
you're probably due for more error messages, and you
might try typing `S' now just to see what is salvageable.

! Missing \cr inserted.
<inserted text> 
                \cr 
l.25 \Rdef{BESI0},  &
                      \Rdef{BESI1},  & \Rdef{BESK0},  & \Rdef{BESK1},  &
I'm guessing that you meant to end an alignment here.

! Misplaced \cr.
<inserted text> \cr 
                    
l.25 \Rdef{BESI0},  &
                      \Rdef{BESI1},  & \Rdef{BESK0},  & \Rdef{BESK1},  &
I can't figure out why you would want to use a tab mark
or \cr or \span just now. If something like a right brace
up above has ended a previous alignment prematurely,
you're probably due for more error messages, and you
might try typing `S' now just to see what is salvageable.

! Missing \cr inserted.
<inserted text> 
                \cr 
l.25 \Rdef{BESI0},  &
                      \Rdef{BESI1},  & \Rdef{BESK0},  & \Rdef{BESK1},  &
I'm guessing that you meant to end an alignment here.

! Misplaced \cr.
<inserted text> \cr 
                    
l.25 \Rdef{BESI0},  &
                      \Rdef{BESI1},  & \Rdef{BESK0},  & \Rdef{BESK1},  &
I can't figure out why you would want to use a tab mark
or \cr or \span just now. If something like a right brace
up above has ended a previous alignment prematurely,
you're probably due for more error messages, and you
might try typing `S' now just to see what is salvageable.

! Missing \cr inserted.
<inserted text> 
                \cr 
l.25 \Rdef{BESI0},  &
                      \Rdef{BESI1},  & \Rdef{BESK0},  & \Rdef{BESK1},  &
I'm guessing that you meant to end an alignment here.

! Misplaced \cr.
<inserted text> \cr 
                    
l.25 \Rdef{BESI0},  &
                      \Rdef{BESI1},  & \Rdef{BESK0},  & \Rdef{BESK1},  &
I can't figure out why you would want to use a tab mark
or \cr or \span just now. If something like a right brace
up above has ended a previous alignment prematurely,
you're probably due for more error messages, and you
might try typing `S' now just to see what is salvageable.

! Missing \cr inserted.
<inserted text> 
                \cr 
l.25 \Rdef{BESI0},  &
                      \Rdef{BESI1},  & \Rdef{BESK0},  & \Rdef{BESK1},  &
I'm guessing that you meant to end an alignment here.

! Misplaced \cr.
<inserted text> \cr 
                    
l.25 \Rdef{BESI0},  &
                      \Rdef{BESI1},  & \Rdef{BESK0},  & \Rdef{BESK1},  &
I can't figure out why you would want to use a tab mark
or \cr or \span just now. If something like a right brace
up above has ended a previous alignment prematurely,
you're probably due for more error messages, and you
might try typing `S' now just to see what is salvageable.

! Missing \cr inserted.
<inserted text> 
                \cr 
l.25 \Rdef{BESI0},  &
                      \Rdef{BESI1},  & \Rdef{BESK0},  & \Rdef{BESK1},  &
I'm guessing that you meant to end an alignment here.

! Misplaced \cr.
<inserted text> \cr 
                    
l.25 \Rdef{BESI0},  &
                      \Rdef{BESI1},  & \Rdef{BESK0},  & \Rdef{BESK1},  &
I can't figure out why you would want to use a tab mark
or \cr or \span just now. If something like a right brace
up above has ended a previous alignment prematurely,
you're probably due for more error messages, and you
might try typing `S' now just to see what is salvageable.

! Missing \cr inserted.
<inserted text> 
                \cr 
l.25 \Rdef{BESI0},  &
                      \Rdef{BESI1},  & \Rdef{BESK0},  & \Rdef{BESK1},  &
I'm guessing that you meant to end an alignment here.

! Misplaced \cr.
<inserted text> \cr 
                    
l.25 \Rdef{BESI0},  &
                      \Rdef{BESI1},  & \Rdef{BESK0},  & \Rdef{BESK1},  &
I can't figure out why you would want to use a tab mark
or \cr or \span just now. If something like a right brace
up above has ended a previous alignment prematurely,
you're probably due for more error messages, and you
might try typing `S' now just to see what is salvageable.

! Missing \cr inserted.
<inserted text> 
                \cr 
l.25 \Rdef{BESI0},  &
                      \Rdef{BESI1},  & \Rdef{BESK0},  & \Rdef{BESK1},  &
I'm guessing that you meant to end an alignment here.

! Misplaced \cr.
<inserted text> \cr 
                    
l.25 \Rdef{BESI0},  &
                      \Rdef{BESI1},  & \Rdef{BESK0},  & \Rdef{BESK1},  &
I can't figure out why you would want to use a tab mark
or \cr or \span just now. If something like a right brace
up above has ended a previous alignment prematurely,
you're probably due for more error messages, and you
might try typing `S' now just to see what is salvageable.

! Missing \cr inserted.
<inserted text> 
                \cr 
l.25 \Rdef{BESI0},  &
                      \Rdef{BESI1},  & \Rdef{BESK0},  & \Rdef{BESK1},  &
I'm guessing that you meant to end an alignment here.

! Misplaced \cr.
<inserted text> \cr 
                    
l.25 \Rdef{BESI0},  &
                      \Rdef{BESI1},  & \Rdef{BESK0},  & \Rdef{BESK1},  &
I can't figure out why you would want to use a tab mark
or \cr or \span just now. If something like a right brace
up above has ended a previous alignment prematurely,
you're probably due for more error messages, and you
might try typing `S' now just to see what is salvageable.

! Missing \cr inserted.
<inserted text> 
                \cr 
l.25 \Rdef{BESI0},  &
                      \Rdef{BESI1},  & \Rdef{BESK0},  & \Rdef{BESK1},  &
I'm guessing that you meant to end an alignment here.

! Misplaced \cr.
<inserted text> \cr 
                    
l.25 \Rdef{BESI0},  &
                      \Rdef{BESI1},  & \Rdef{BESK0},  & \Rdef{BESK1},  &
I can't figure out why you would want to use a tab mark
or \cr or \span just now. If something like a right brace
up above has ended a previous alignment prematurely,
you're probably due for more error messages, and you
might try typing `S' now just to see what is salvageable.

! Missing \cr inserted.
<inserted text> 
                \cr 
l.25 \Rdef{BESI0},  &
                      \Rdef{BESI1},  & \Rdef{BESK0},  & \Rdef{BESK1},  &
I'm guessing that you meant to end an alignment here.

! Misplaced \cr.
<inserted text> \cr 
                    
l.25 \Rdef{BESI0},  &
                      \Rdef{BESI1},  & \Rdef{BESK0},  & \Rdef{BESK1},  &
I can't figure out why you would want to use a tab mark
or \cr or \span just now. If something like a right brace
up above has ended a previous alignment prematurely,
you're probably due for more error messages, and you
might try typing `S' now just to see what is salvageable.

! Missing \cr inserted.
<inserted text> 
                \cr 
l.25 \Rdef{BESI0},  &
                      \Rdef{BESI1},  & \Rdef{BESK0},  & \Rdef{BESK1},  &
I'm guessing that you meant to end an alignment here.

! Misplaced \cr.
<inserted text> \cr 
                    
l.25 \Rdef{BESI0},  &
                      \Rdef{BESI1},  & \Rdef{BESK0},  & \Rdef{BESK1},  &
I can't figure out why you would want to use a tab mark
or \cr or \span just now. If something like a right brace
up above has ended a previous alignment prematurely,
you're probably due for more error messages, and you
might try typing `S' now just to see what is salvageable.

! Missing \cr inserted.
<inserted text> 
                \cr 
l.25 \Rdef{BESI0},  &
                      \Rdef{BESI1},  & \Rdef{BESK0},  & \Rdef{BESK1},  &
I'm guessing that you meant to end an alignment here.

! Misplaced \cr.
<inserted text> \cr 
                    
l.25 \Rdef{BESI0},  &
                      \Rdef{BESI1},  & \Rdef{BESK0},  & \Rdef{BESK1},  &
I can't figure out why you would want to use a tab mark
or \cr or \span just now. If something like a right brace
up above has ended a previous alignment prematurely,
you're probably due for more error messages, and you
might try typing `S' now just to see what is salvageable.

! Missing \cr inserted.
<inserted text> 
                \cr 
l.25 \Rdef{BESI0},  &
                      \Rdef{BESI1},  & \Rdef{BESK0},  & \Rdef{BESK1},  &
I'm guessing that you meant to end an alignment here.

! Misplaced \cr.
<inserted text> \cr 
                    
l.25 \Rdef{BESI0},  &
                      \Rdef{BESI1},  & \Rdef{BESK0},  & \Rdef{BESK1},  &
I can't figure out why you would want to use a tab mark
or \cr or \span just now. If something like a right brace
up above has ended a previous alignment prematurely,
you're probably due for more error messages, and you
might try typing `S' now just to see what is salvageable.

! Missing \cr inserted.
<inserted text> 
                \cr 
l.25 \Rdef{BESI0},  &
                      \Rdef{BESI1},  & \Rdef{BESK0},  & \Rdef{BESK1},  &
I'm guessing that you meant to end an alignment here.

! Misplaced \cr.
<inserted text> \cr 
                    
l.25 \Rdef{BESI0},  &
                      \Rdef{BESI1},  & \Rdef{BESK0},  & \Rdef{BESK1},  &
I can't figure out why you would want to use a tab mark
or \cr or \span just now. If something like a right brace
up above has ended a previous alignment prematurely,
you're probably due for more error messages, and you
might try typing `S' now just to see what is salvageable.

! Missing \cr inserted.
<inserted text> 
                \cr 
l.25 \Rdef{BESI0},  &
                      \Rdef{BESI1},  & \Rdef{BESK0},  & \Rdef{BESK1},  &
I'm guessing that you meant to end an alignment here.

! Misplaced \cr.
<inserted text> \cr 
                    
l.25 \Rdef{BESI0},  &
                      \Rdef{BESI1},  & \Rdef{BESK0},  & \Rdef{BESK1},  &
I can't figure out why you would want to use a tab mark
or \cr or \span just now. If something like a right brace
up above has ended a previous alignment prematurely,
you're probably due for more error messages, and you
might try typing `S' now just to see what is salvageable.

! Missing \cr inserted.
<inserted text> 
                \cr 
l.25 \Rdef{BESI0},  &
                      \Rdef{BESI1},  & \Rdef{BESK0},  & \Rdef{BESK1},  &
I'm guessing that you meant to end an alignment here.

! Misplaced \cr.
<inserted text> \cr 
                    
l.25 \Rdef{BESI0},  &
                      \Rdef{BESI1},  & \Rdef{BESK0},  & \Rdef{BESK1},  &
I can't figure out why you would want to use a tab mark
or \cr or \span just now. If something like a right brace
up above has ended a previous alignment prematurely,
you're probably due for more error messages, and you
might try typing `S' now just to see what is salvageable.

! Missing \cr inserted.
<inserted text> 
                \cr 
l.25 \Rdef{BESI0},  &
                      \Rdef{BESI1},  & \Rdef{BESK0},  & \Rdef{BESK1},  &
I'm guessing that you meant to end an alignment here.

! Misplaced \cr.
<inserted text> \cr 
                    
l.25 \Rdef{BESI0},  &
                      \Rdef{BESI1},  & \Rdef{BESK0},  & \Rdef{BESK1},  &
I can't figure out why you would want to use a tab mark
or \cr or \span just now. If something like a right brace
up above has ended a previous alignment prematurely,
you're probably due for more error messages, and you
might try typing `S' now just to see what is salvageable.

! Missing \cr inserted.
<inserted text> 
                \cr 
l.25 \Rdef{BESI0},  &
                      \Rdef{BESI1},  & \Rdef{BESK0},  & \Rdef{BESK1},  &
I'm guessing that you meant to end an alignment here.

! Misplaced \cr.
<inserted text> \cr 
                    
l.25 \Rdef{BESI0},  &
                      \Rdef{BESI1},  & \Rdef{BESK0},  & \Rdef{BESK1},  &
I can't figure out why you would want to use a tab mark
or \cr or \span just now. If something like a right brace
up above has ended a previous alignment prematurely,
you're probably due for more error messages, and you
might try typing `S' now just to see what is salvageable.

! Missing \cr inserted.
<inserted text> 
                \cr 
l.25 \Rdef{BESI0},  &
                      \Rdef{BESI1},  & \Rdef{BESK0},  & \Rdef{BESK1},  &
I'm guessing that you meant to end an alignment here.

! Misplaced \cr.
<inserted text> \cr 
                    
l.25 \Rdef{BESI0},  &
                      \Rdef{BESI1},  & \Rdef{BESK0},  & \Rdef{BESK1},  &
I can't figure out why you would want to use a tab mark
or \cr or \span just now. If something like a right brace
up above has ended a previous alignment prematurely,
you're probably due for more error messages, and you
might try typing `S' now just to see what is salvageable.

! Missing \cr inserted.
<inserted text> 
                \cr 
l.25 \Rdef{BESI0},  &
                      \Rdef{BESI1},  & \Rdef{BESK0},  & \Rdef{BESK1},  &
I'm guessing that you meant to end an alignment here.

! Misplaced \cr.
<inserted text> \cr 
                    
l.25 \Rdef{BESI0},  &
                      \Rdef{BESI1},  & \Rdef{BESK0},  & \Rdef{BESK1},  &
I can't figure out why you would want to use a tab mark
or \cr or \span just now. If something like a right brace
up above has ended a previous alignment prematurely,
you're probably due for more error messages, and you
might try typing `S' now just to see what is salvageable.

! Missing \cr inserted.
<inserted text> 
                \cr 
l.25 \Rdef{BESI0},  &
                      \Rdef{BESI1},  & \Rdef{BESK0},  & \Rdef{BESK1},  &
I'm guessing that you meant to end an alignment here.

! Misplaced \cr.
<inserted text> \cr 
                    
l.25 \Rdef{BESI0},  &
                      \Rdef{BESI1},  & \Rdef{BESK0},  & \Rdef{BESK1},  &
I can't figure out why you would want to use a tab mark
or \cr or \span just now. If something like a right brace
up above has ended a previous alignment prematurely,
you're probably due for more error messages, and you
might try typing `S' now just to see what is salvageable.

! Missing \cr inserted.
<inserted text> 
                \cr 
l.25 \Rdef{BESI0},  &
                      \Rdef{BESI1},  & \Rdef{BESK0},  & \Rdef{BESK1},  &
I'm guessing that you meant to end an alignment here.

! Misplaced \cr.
<inserted text> \cr 
                    
l.25 \Rdef{BESI0},  &
                      \Rdef{BESI1},  & \Rdef{BESK0},  & \Rdef{BESK1},  &
I can't figure out why you would want to use a tab mark
or \cr or \span just now. If something like a right brace
up above has ended a previous alignment prematurely,
you're probably due for more error messages, and you
might try typing `S' now just to see what is salvageable.

! Missing \cr inserted.
<inserted text> 
                \cr 
l.25 \Rdef{BESI0},  &
                      \Rdef{BESI1},  & \Rdef{BESK0},  & \Rdef{BESK1},  &
I'm guessing that you meant to end an alignment here.

! Misplaced \cr.
<inserted text> \cr 
                    
l.25 \Rdef{BESI0},  &
                      \Rdef{BESI1},  & \Rdef{BESK0},  & \Rdef{BESK1},  &
I can't figure out why you would want to use a tab mark
or \cr or \span just now. If something like a right brace
up above has ended a previous alignment prematurely,
you're probably due for more error messages, and you
might try typing `S' now just to see what is salvageable.

! Missing \cr inserted.
<inserted text> 
                \cr 
l.25 \Rdef{BESI0},  &
                      \Rdef{BESI1},  & \Rdef{BESK0},  & \Rdef{BESK1},  &
I'm guessing that you meant to end an alignment here.

! Misplaced \cr.
<inserted text> \cr 
                    
l.25 \Rdef{BESI0},  &
                      \Rdef{BESI1},  & \Rdef{BESK0},  & \Rdef{BESK1},  &
I can't figure out why you would want to use a tab mark
or \cr or \span just now. If something like a right brace
up above has ended a previous alignment prematurely,
you're probably due for more error messages, and you
might try typing `S' now just to see what is salvageable.

! Missing \cr inserted.
<inserted text> 
                \cr 
l.25 \Rdef{BESI0},  &
                      \Rdef{BESI1},  & \Rdef{BESK0},  & \Rdef{BESK1},  &
I'm guessing that you meant to end an alignment here.

! Misplaced \cr.
<inserted text> \cr 
                    
l.25 \Rdef{BESI0},  &
                      \Rdef{BESI1},  & \Rdef{BESK0},  & \Rdef{BESK1},  &
I can't figure out why you would want to use a tab mark
or \cr or \span just now. If something like a right brace
up above has ended a previous alignment prematurely,
you're probably due for more error messages, and you
might try typing `S' now just to see what is salvageable.

! Missing \cr inserted.
<inserted text> 
                \cr 
l.25 \Rdef{BESI0},  &
                      \Rdef{BESI1},  & \Rdef{BESK0},  & \Rdef{BESK1},  &
I'm guessing that you meant to end an alignment here.

! Misplaced \cr.
<inserted text> \cr 
                    
l.25 \Rdef{BESI0},  &
                      \Rdef{BESI1},  & \Rdef{BESK0},  & \Rdef{BESK1},  &
I can't figure out why you would want to use a tab mark
or \cr or \span just now. If something like a right brace
up above has ended a previous alignment prematurely,
you're probably due for more error messages, and you
might try typing `S' now just to see what is salvageable.

! Missing \cr inserted.
<inserted text> 
                \cr 
l.25 \Rdef{BESI0},  &
                      \Rdef{BESI1},  & \Rdef{BESK0},  & \Rdef{BESK1},  &
I'm guessing that you meant to end an alignment here.

! Misplaced \cr.
<inserted text> \cr 
                    
l.25 \Rdef{BESI0},  &
                      \Rdef{BESI1},  & \Rdef{BESK0},  & \Rdef{BESK1},  &
I can't figure out why you would want to use a tab mark
or \cr or \span just now. If something like a right brace
up above has ended a previous alignment prematurely,
you're probably due for more error messages, and you
might try typing `S' now just to see what is salvageable.

! Missing \cr inserted.
<inserted text> 
                \cr 
l.25 \Rdef{BESI0},  &
                      \Rdef{BESI1},  & \Rdef{BESK0},  & \Rdef{BESK1},  &
I'm guessing that you meant to end an alignment here.

! Misplaced \cr.
<inserted text> \cr 
                    
l.25 \Rdef{BESI0},  &
                      \Rdef{BESI1},  & \Rdef{BESK0},  & \Rdef{BESK1},  &
I can't figure out why you would want to use a tab mark
or \cr or \span just now. If something like a right brace
up above has ended a previous alignment prematurely,
you're probably due for more error messages, and you
might try typing `S' now just to see what is salvageable.

! Missing \cr inserted.
<inserted text> 
                \cr 
l.25 \Rdef{BESI0},  &
                      \Rdef{BESI1},  & \Rdef{BESK0},  & \Rdef{BESK1},  &
I'm guessing that you meant to end an alignment here.

! Misplaced \cr.
<inserted text> \cr 
                    
l.25 \Rdef{BESI0},  &
                      \Rdef{BESI1},  & \Rdef{BESK0},  & \Rdef{BESK1},  &
I can't figure out why you would want to use a tab mark
or \cr or \span just now. If something like a right brace
up above has ended a previous alignment prematurely,
you're probably due for more error messages, and you
might try typing `S' now just to see what is salvageable.

! Missing \cr inserted.
<inserted text> 
                \cr 
l.25 \Rdef{BESI0},  &
                      \Rdef{BESI1},  & \Rdef{BESK0},  & \Rdef{BESK1},  &
I'm guessing that you meant to end an alignment here.

! Misplaced \cr.
<inserted text> \cr 
                    
l.25 \Rdef{BESI0},  &
                      \Rdef{BESI1},  & \Rdef{BESK0},  & \Rdef{BESK1},  &
I can't figure out why you would want to use a tab mark
or \cr or \span just now. If something like a right brace
up above has ended a previous alignment prematurely,
you're probably due for more error messages, and you
might try typing `S' now just to see what is salvageable.

! Missing \cr inserted.
<inserted text> 
                \cr 
l.25 \Rdef{BESI0},  &
                      \Rdef{BESI1},  & \Rdef{BESK0},  & \Rdef{BESK1},  &
I'm guessing that you meant to end an alignment here.

! Misplaced \cr.
<inserted text> \cr 
                    
l.25 \Rdef{BESI0},  &
                      \Rdef{BESI1},  & \Rdef{BESK0},  & \Rdef{BESK1},  &
I can't figure out why you would want to use a tab mark
or \cr or \span just now. If something like a right brace
up above has ended a previous alignment prematurely,
you're probably due for more error messages, and you
might try typing `S' now just to see what is salvageable.

! Missing \cr inserted.
<inserted text> 
                \cr 
l.25 \Rdef{BESI0},  &
                      \Rdef{BESI1},  & \Rdef{BESK0},  & \Rdef{BESK1},  &
I'm guessing that you meant to end an alignment here.

! Misplaced \cr.
<inserted text> \cr 
                    
l.25 \Rdef{BESI0},  &
                      \Rdef{BESI1},  & \Rdef{BESK0},  & \Rdef{BESK1},  &
I can't figure out why you would want to use a tab mark
or \cr or \span just now. If something like a right brace
up above has ended a previous alignment prematurely,
you're probably due for more error messages, and you
might try typing `S' now just to see what is salvageable.

! Missing \cr inserted.
<inserted text> 
                \cr 
l.25 \Rdef{BESI0},  &
                      \Rdef{BESI1},  & \Rdef{BESK0},  & \Rdef{BESK1},  &
I'm guessing that you meant to end an alignment here.

! Misplaced \cr.
<inserted text> \cr 
                    
l.25 \Rdef{BESI0},  &
                      \Rdef{BESI1},  & \Rdef{BESK0},  & \Rdef{BESK1},  &
I can't figure out why you would want to use a tab mark
or \cr or \span just now. If something like a right brace
up above has ended a previous alignment prematurely,
you're probably due for more error messages, and you
might try typing `S' now just to see what is salvageable.

! Missing \cr inserted.
<inserted text> 
                \cr 
l.25 \Rdef{BESI0},  &
                      \Rdef{BESI1},  & \Rdef{BESK0},  & \Rdef{BESK1},  &
I'm guessing that you meant to end an alignment here.

! Misplaced \cr.
<inserted text> \cr 
                    
l.25 \Rdef{BESI0},  &
                      \Rdef{BESI1},  & \Rdef{BESK0},  & \Rdef{BESK1},  &
I can't figure out why you would want to use a tab mark
or \cr or \span just now. If something like a right brace
up above has ended a previous alignment prematurely,
you're probably due for more error messages, and you
might try typing `S' now just to see what is salvageable.

! Missing \cr inserted.
<inserted text> 
                \cr 
l.25 \Rdef{BESI0},  &
                      \Rdef{BESI1},  & \Rdef{BESK0},  & \Rdef{BESK1},  &
I'm guessing that you meant to end an alignment here.

! Misplaced \cr.
<inserted text> \cr 
                    
l.25 \Rdef{BESI0},  &
                      \Rdef{BESI1},  & \Rdef{BESK0},  & \Rdef{BESK1},  &
I can't figure out why you would want to use a tab mark
or \cr or \span just now. If something like a right brace
up above has ended a previous alignment prematurely,
you're probably due for more error messages, and you
might try typing `S' now just to see what is salvageable.

! Missing \cr inserted.
<inserted text> 
                \cr 
l.25 \Rdef{BESI0},  &
                      \Rdef{BESI1},  & \Rdef{BESK0},  & \Rdef{BESK1},  &
I'm guessing that you meant to end an alignment here.

! Misplaced \cr.
<inserted text> \cr 
                    
l.25 \Rdef{BESI0},  &
                      \Rdef{BESI1},  & \Rdef{BESK0},  & \Rdef{BESK1},  &
I can't figure out why you would want to use a tab mark
or \cr or \span just now. If something like a right brace
up above has ended a previous alignment prematurely,
you're probably due for more error messages, and you
might try typing `S' now just to see what is salvageable.

! Missing \cr inserted.
<inserted text> 
                \cr 
l.25 \Rdef{BESI0},  &
                      \Rdef{BESI1},  & \Rdef{BESK0},  & \Rdef{BESK1},  &
I'm guessing that you meant to end an alignment here.

! Misplaced \cr.
<inserted text> \cr 
                    
l.25 \Rdef{BESI0},  &
                      \Rdef{BESI1},  & \Rdef{BESK0},  & \Rdef{BESK1},  &
I can't figure out why you would want to use a tab mark
or \cr or \span just now. If something like a right brace
up above has ended a previous alignment prematurely,
you're probably due for more error messages, and you
might try typing `S' now just to see what is salvageable.

! Missing \cr inserted.
<inserted text> 
                \cr 
l.25 \Rdef{BESI0},  &
                      \Rdef{BESI1},  & \Rdef{BESK0},  & \Rdef{BESK1},  &
I'm guessing that you meant to end an alignment here.

! Misplaced \cr.
<inserted text> \cr 
                    
l.25 \Rdef{BESI0},  &
                      \Rdef{BESI1},  & \Rdef{BESK0},  & \Rdef{BESK1},  &
I can't figure out why you would want to use a tab mark
or \cr or \span just now. If something like a right brace
up above has ended a previous alignment prematurely,
you're probably due for more error messages, and you
might try typing `S' now just to see what is salvageable.

! Missing \cr inserted.
<inserted text> 
                \cr 
l.25 \Rdef{BESI0},  &
                      \Rdef{BESI1},  & \Rdef{BESK0},  & \Rdef{BESK1},  &
I'm guessing that you meant to end an alignment here.

! Misplaced \cr.
<inserted text> \cr 
                    
l.25 \Rdef{BESI0},  &
                      \Rdef{BESI1},  & \Rdef{BESK0},  & \Rdef{BESK1},  &
I can't figure out why you would want to use a tab mark
or \cr or \span just now. If something like a right brace
up above has ended a previous alignment prematurely,
you're probably due for more error messages, and you
might try typing `S' now just to see what is salvageable.

! Missing \cr inserted.
<inserted text> 
                \cr 
l.25 \Rdef{BESI0},  &
                      \Rdef{BESI1},  & \Rdef{BESK0},  & \Rdef{BESK1},  &
I'm guessing that you meant to end an alignment here.

! Misplaced \cr.
<inserted text> \cr 
                    
l.25 \Rdef{BESI0},  &
                      \Rdef{BESI1},  & \Rdef{BESK0},  & \Rdef{BESK1},  &
I can't figure out why you would want to use a tab mark
or \cr or \span just now. If something like a right brace
up above has ended a previous alignment prematurely,
you're probably due for more error messages, and you
might try typing `S' now just to see what is salvageable.

! Missing \cr inserted.
<inserted text> 
                \cr 
l.25 \Rdef{BESI0},  &
                      \Rdef{BESI1},  & \Rdef{BESK0},  & \Rdef{BESK1},  &
I'm guessing that you meant to end an alignment here.

! Misplaced \cr.
<inserted text> \cr 
                    
l.25 \Rdef{BESI0},  &
                      \Rdef{BESI1},  & \Rdef{BESK0},  & \Rdef{BESK1},  &
I can't figure out why you would want to use a tab mark
or \cr or \span just now. If something like a right brace
up above has ended a previous alignment prematurely,
you're probably due for more error messages, and you
might try typing `S' now just to see what is salvageable.

! Missing \cr inserted.
<inserted text> 
                \cr 
l.25 \Rdef{BESI0},  &
                      \Rdef{BESI1},  & \Rdef{BESK0},  & \Rdef{BESK1},  &
I'm guessing that you meant to end an alignment here.

! Misplaced \cr.
<inserted text> \cr 
                    
l.25 \Rdef{BESI0},  &
                      \Rdef{BESI1},  & \Rdef{BESK0},  & \Rdef{BESK1},  &
(That makes 100 errors; please try again.) 
Here is how much of TeX's memory you used:
 2694 strings out of 10910
 28433 string characters out of 72285
 81267 words of memory out of 262141
 5270 multiletter control sequences out of 9500
 21557 words of font info for 71 fonts, out of 150000 for 255
 14 hyphenation exceptions out of 607
 32i,11n,27p,239b,438s stack positions out of 300i,40n,60p,3000b,4000s

Output written on crnfinal.dvi (42 pages, 130356 bytes).
