This is TeX, C Version 3.141 (format=lplain 92.10.8)  5 MAY 1993 07:27
**crnoverv
(crnoverv.tex
LaTeX Version 2.09 <25 March 1992>
(/usr/local/lib/tex/macros/cernman.sty
Style-Option: `cernman' v3.05  <93/02/03> (M.G.)
(/usr/local/lib/tex/macros/report.sty
Standard Document Style `report' <14 Jan 92>.
(/usr/local/lib/tex/macros/rep10.sty)
\descriptionmargin=\dimen99
\c@part=\count79
\c@chapter=\count80
\c@section=\count81
\c@subsection=\count82
\c@subsubsection=\count83
\c@paragraph=\count84
\c@subparagraph=\count85
\c@figure=\count86
\c@table=\count87
 (/usr/local/lib/tex/macros/titlepag.sty
Document Style Option `titlepage' -- Released 16 June 1991.
)) (/usr/local/lib/tex/macros/array.sty
Style-Option: `array' v2.1b  <92/07/06> (F.M.)
English documentation dated  <92/07/18> (F.M.)
\col@sep=\dimen100
\extrarowheight=\dimen101
\NC@list=\toks14
) (/usr/local/lib/tex/macros/subfigure.sty
\c@subfigure=\count88
\@subfigtemp=\count89
)
(/usr/local/lib/tex/macros/subeqnarray.sty
Documentstyle option `subeqnarray' V1.1; Released 22 December 1988
\c@subequation=\count90
) (/usr/local/lib/tex/macros/subeqn.sty
\@stequation=\toks15
)
\c@cOL=\count91
\Length=\dimen102

(/usr/local/lib/tex/macros/verbatim.sty
Style-Option: `verbatim' v1.4d <91/04/24> (RmS)
English Documentation          <91/04/24> (RmS)
\every@verbatim=\toks16
\verbatim@line=\toks17
)) (cernlib.sty
\LSubmit=\skip41
\c@Totalpage=\count92

Routine:  
Version:  
\@@Totalpage=\count93
) (cerndoc.sty (screen.sty
Document style option `Screen', 8 Apr 1993 MG/AS
\hquant=\dimen103
\vquant=\dimen104
\along@h=\count94
\along@v=\count95
\cc@tmp=\count96
\col@number=\count97
\@tempdimc=\dimen105
)
\wwwy=\count98
\wwwm=\count99
\wwwd=\count100
\wwwc=\count101
\wwwt=\count102
\wwws=\count103
 (/usr/local/lib/tex/macros/version.sty))
\mathtt@group=\mathgroup5
\mathbf@group=\mathgroup6
 (crnoverv.aux) (crnlbcat.tex
Chapter 1.
[1



] [2] [3] [4] [5] [6]) [7] ) 
Here is how much of TeX's memory you used:
 575 strings out of 11620
 4994 string characters out of 73736
 42233 words of memory out of 262141
 2785 multiletter control sequences out of 17000
 16347 words of font info for 59 fonts, out of 120000 for 255
 52 hyphenation exceptions out of 607
 18i,4n,16p,187b,177s stack positions out of 300i,40n,60p,3000b,5000s

Output written on crnoverv.dvi (7 pages, 19504 bytes).
