This is TeX, Version 3.14159 (Web2C 7.2) (format=latex 1998.2.10)  2 JUN 1998 17:58
**geantall gean
(geantall.tex
LaTeX2e <1997/12/01> patch level 1
Babel <v3.6h> and hyphenation patterns for usenglish, french, dumylang, nohyphe
nation, loaded.
(/afs/.cern.ch/project/cnas_doc/sources/cnasall/cernman.cls
Document Class: cernman 1994/01/10
(/afs/cern.ch/project/tex/TL3/share/texmf/tex/latex/base/report.cls
Document Class: report 1997/10/10 v1.3x Standard LaTeX document class
(/afs/cern.ch/project/tex/TL3/share/texmf/tex/latex/base/fleqn.clo
File: fleqn.clo 1996/07/26 v1.1b Standard LaTeX option (flush left equations)
\mathindent=\dimen102
)
(/afs/cern.ch/project/tex/TL3/share/texmf/tex/latex/base/size11.clo
File: size11.clo 1997/10/10 v1.3x Standard LaTeX file (size option)
)
\c@part=\count79
\c@chapter=\count80
\c@section=\count81
\c@subsection=\count82
\c@subsubsection=\count83
\c@paragraph=\count84
\c@subparagraph=\count85
\c@figure=\count86
\c@table=\count87
\abovecaptionskip=\skip41
\belowcaptionskip=\skip42
\bibindent=\dimen103
)
(/afs/cern.ch/project/tex/TL3/share/texmf/tex/latex/psnfss/pifont.sty
Package: pifont 1998/01/07 PSNFSS v.7 Pi font support : S Rahtz
LaTeX Font Info:    Try loading font information for U+pzd on input line 58.

(/afs/cern.ch/project/tex/TL3/share/texmf/tex/latex/psnfss/upzd.fd
File: upzd.fd 1997/09/30 font definitions for U/pzd.
)
LaTeX Font Info:    Try loading font information for U+psy on input line 59.

(/afs/cern.ch/project/tex/TL3/share/texmf/tex/latex/psnfss/upsy.fd
File: upsy.fd 1997/09/30 font definitions for U/psy.
))
(/afs/cern.ch/project/tex/TL3/share/texmf/tex/latex/graphics/color.sty
Package: color 1997/09/09 v1.0f Standard LaTeX Color (DPC)

(/afs/cern.ch/project/tex/TL3/share/texmf/tex/latex/texlive/color.cfg)
Package color Info: Driver file: dvips.def on input line 129.

(/afs/cern.ch/project/tex/TL3/share/texmf/tex/latex/graphics/dvips.def
File: dvips.def 1997/09/09 v3.0e Driver-dependant file (DPC,SPQR)
)
(/afs/cern.ch/project/tex/TL3/share/texmf/tex/latex/graphics/dvipsnam.def
File: dvipsnam.def 1997/09/09 v3.0e Driver-dependant file (DPC,SPQR)
))
(/afs/cern.ch/project/tex/TL3/share/texmf/tex/latex/tools/array.sty
Package: array 1997/12/19 v2.3i Tabular extension package (FMi)
\col@sep=\dimen104
\extrarowheight=\dimen105
\NC@list=\toks14
\extratabsurround=\skip43
\backup@length=\skip44
)
(/afs/cern.ch/project/tex/TL3/share/texmf/tex/latex/tools/tabularx.sty
Package: tabularx 1997/09/18 v2.05 + fix for tools/2792 `tabularx' package (DPC
)
\TX@col@width=\dimen106
\TX@old@table=\dimen107
\TX@old@col=\dimen108
\TX@target=\dimen109
\TX@delta=\dimen110
\TX@cols=\count88
\TX@ftn=\toks15
)
(/afs/cern.ch/project/tex/TL3/share/texmf/tex/latex/tools/verbatim.sty
Package: verbatim 1997/04/30 v1.5k LaTeX2e package for verbatim enhancements
\every@verbatim=\toks16
\verbatim@line=\toks17
\verbatim@in@stream=\read1
)
(/afs/cern.ch/project/tex/TL3/share/texmf/tex/latex/graphics/graphicx.sty
Package: graphicx 1997/06/09 v1.0d Enhanced LaTeX Graphics (DPC,SPQR)

(/afs/cern.ch/project/tex/TL3/share/texmf/tex/latex/graphics/keyval.sty
Package: keyval 1997/11/10 v1.10 key=value parser (DPC)
\KV@toks@=\toks18
)
(/afs/cern.ch/project/tex/TL3/share/texmf/tex/latex/graphics/graphics.sty
Package: graphics 1997/09/09 v1.0f Standard LaTeX Graphics (DPC,SPQR)

(/afs/cern.ch/project/tex/TL3/share/texmf/tex/latex/graphics/trig.sty
Package: trig 1994/10/16 v1.08 sin cos tan (DPC)
)
(/afs/cern.ch/project/tex/TL3/share/texmf/tex/latex/texlive/graphics.cfg)
Package graphics Info: Driver file: dvips.def on input line 84.
)
\Gin@req@height=\dimen111
\Gin@req@width=\dimen112
)
(/afs/cern.ch/project/tex/TL3/share/texmf/tex/latex/graphics/epsfig.sty
Package: epsfig 1996/10/04 v1.7 (e)psfig emulation (SPQR)
\epsfxsize=\dimen113
\epsfysize=\dimen114
)
(/afs/cern.ch/project/tex/TL3/share/texmf/tex/latex/tools/varioref.sty
Package: varioref 1997/12/06 v1.1d package for extended references (FMi)
\c@vrcnt=\count89
)
(/afs/cern.ch/project/tex/TL3/share/texmf/tex/latex/tools/multicol.sty
Package: multicol 1997/12/16 v1.5p multicolumn formatting (FMi)
\c@tracingmulticols=\count90
\mult@box=\box26
\multicol@leftmargin=\dimen115
\c@unbalance=\count91
\c@collectmore=\count92
\doublecol@number=\count93
\multicoltolerance=\count94
\multicolpretolerance=\count95
\full@width=\dimen116
\page@free=\dimen117
\premulticols=\dimen118
\postmulticols=\dimen119
\multicolsep=\skip45
\multicolbaselineskip=\skip46
\partial@page=\box27
\last@line=\box28
\mult@rightbox=\box29
\mult@grightbox=\box30
\mult@gfirstbox=\box31
\mult@firstbox=\box32
\@tempa=\box33
\@tempa=\box34
\@tempa=\box35
\@tempa=\box36
\@tempa=\box37
\@tempa=\box38
\@tempa=\box39
\@tempa=\box40
\@tempa=\box41
\@tempa=\box42
\@tempa=\box43
\@tempa=\box44
\@tempa=\box45
\@tempa=\box46
\@tempa=\box47
\@tempa=\box48
\@tempa=\box49
\c@columnbadness=\count96
\c@finalcolumnbadness=\count97
\last@try=\dimen120
\multicolovershoot=\dimen121
\multicolundershoot=\dimen122
\mult@nat@firstbox=\box50
)
(/afs/cern.ch/project/tex/TL3/share/texmf/tex/latex/base/alltt.sty
Package: alltt 1997/06/16 v2.0g defines alltt environment
)
(/afs/cern.ch/project/tex/TL3/share/texmf/tex/latex/misc/here.sty)
(/afs/cern.ch/project/tex/TL3/share/texmf/tex/latex/tools/xspace.sty
Package: xspace 1997/10/13 v1.06 Space after command names (DPC)
)
(/afs/cern.ch/project/tex/TL3/share/texmf/tex/latex/tools/calc.sty
Package: calc 1997/11/11 v4.0e Infix arithmetic (KKT,FJ)
\calc@Acount=\count98
\calc@Bcount=\count99
\calc@Adimen=\dimen123
\calc@Bdimen=\dimen124
\calc@Askip=\skip47
\calc@Bskip=\skip48
LaTeX Info: Redefining \setlength on input line 52.
LaTeX Info: Redefining \addtolength on input line 53.
\calc@denominator=\count100
)
(/afs/cern.ch/project/tex/TL3/share/texmf/tex/latex/base/ifthen.sty
Package: ifthen 1997/11/02 v1.0n Standard LaTeX ifthen package (DPC)
)
(/afs/cern.ch/project/tex/TL3/share/texmf/tex/latex/base/makeidx.sty
Package: makeidx 1995/04/19 v1.0j Standard LaTeX package
)
\@DL@itemwidth=\dimen125
\c@cOL=\count101
\mylen=\skip49
\mybox=\box51
\@PAWout=\write3
)
(/afs/cern.ch/user/g/goossens/tex/tex/latex/latex2html/html.sty
Package: html 1996/12/22 v1.1 hypertext commands for latex2html (nd, hws, rrm)
\c@lpart=\count102
\c@lchapter=\count103
\c@lsection=\count104
\c@lsubsection=\count105
\c@lsubsubsection=\count106
\c@lparagraph=\count107
\c@lsubparagraph=\count108
\c@lequation=\count109
\c@lsubsubparagraph=\count110
\ptrfile=\write4
) (crngeant.sty
(cernlib.sty
\LSubmit=\skip50
LaTeX Font Info:    Try loading font information for OT1+ptm on input line 12.

(/afs/cern.ch/project/tex/TL3/share/texmf/tex/latex/psnfss/ot1ptm.fd
File: ot1ptm.fd 1997/09/30 Fontinst v1.6 font definitions for OT1/ptm.
)
LaTeX Font Info:    Font shape `OT1/ptm/bx/n' in size <10.95> not available
(Font)              Font shape `OT1/ptm/b/n' tried instead on input line 12.
\c@Totalpage=\count111
\@maincrn=\write5
\openout5 = `geantall.crn'.

\@@Totalpage=\count112
))
(/afs/cern.ch/project/tex/TL3/share/texmf/tex/latex/misc209/bibunits.sty
\@bibunitaux=\write6
\@bibunitauxcnt=\count113
)
(/afs/.cern.ch/project/cnas_doc/sources/cnasall/longtable.sty
Package: longtable 1996/04/16 v4.02 ***TEST RELEASE**** Multi-page Table packag
e (DPC)
\LTleft=\skip51
\LTright=\skip52
\LTpre=\skip53
\LTpost=\skip54
\LTchunksize=\count114
\LTcapwidth=\dimen126
\LT@head=\box52
\LT@firsthead=\box53
\LT@foot=\box54
\LT@lastfoot=\box55
\LT@cols=\count115
\LT@rows=\count116
\c@LT@tables=\count117
\c@LT@chunks=\count118
\LT@p@ftn=\toks19
)
\@indexfile=\write7
\openout7 = `geantall.idx'.


Writing index file geantall.idx
(geantall.aux

LaTeX Warning: Label `bib-GHEI' multiply defined.


LaTeX Warning: Label `bib-FLUK' multiply defined.


LaTeX Warning: Label `bib-FLU1' multiply defined.


LaTeX Warning: Label `bib-FLU2' multiply defined.


LaTeX Warning: Label `bib-FLU3' multiply defined.


LaTeX Warning: Label `bib-FLU4' multiply defined.


LaTeX Warning: Label `bib-PATCHY' multiply defined.


LaTeX Warning: Label `bib-CMZ' multiply defined.


LaTeX Warning: Label `bib-HIGZ' multiply defined.


LaTeX Warning: Label `bib-gks2d' multiply defined.


LaTeX Warning: Label `bib-gks3d' multiply defined.


LaTeX Warning: Label `bib-GKS1' multiply defined.


LaTeX Warning: Label `bib-HPLOT' multiply defined.


LaTeX Warning: Label `GGCLOS' multiply defined.


LaTeX Warning: Label `bib-ZEBRA' multiply defined.


LaTeX Warning: Label `GPHYSI' multiply defined.


LaTeX Warning: Label `GBTETH' multiply defined.


LaTeX Warning: Label `GDRELA' multiply defined.


LaTeX Warning: Label `GDRSGA' multiply defined.


LaTeX Warning: Label `GBRELA' multiply defined.


LaTeX Warning: Label `GBRSGA' multiply defined.


LaTeX Warning: Label `GBTETH' multiply defined.


LaTeX Warning: Label `GPRSGA' multiply defined.


LaTeX Warning: Label `bib-GHEI' multiply defined.


LaTeX Warning: Label `bib-FLUK' multiply defined.


LaTeX Warning: Label `bib-FLU1' multiply defined.


LaTeX Warning: Label `bib-FLU2' multiply defined.


LaTeX Warning: Label `bib-FLU3' multiply defined.


LaTeX Warning: Label `bib-FLU4' multiply defined.


LaTeX Warning: Label `bib-PDGD' multiply defined.


LaTeX Warning: Label `bib-ZEBRA' multiply defined.


LaTeX Warning: Label `bib-EGS3' multiply defined.


LaTeX Warning: Label `bib-FLU5' multiply defined.


LaTeX Warning: Label `bib-FLU6' multiply defined.


LaTeX Warning: Label `fg:trak110-1' multiply defined.


LaTeX Warning: Label `cons199-1' multiply defined.


LaTeX Warning: Label `cons199-1' multiply defined.


LaTeX Warning: Label `bib-JETS' multiply defined.

)
\openout1 = `geantall.aux'.

LaTeX Font Info:    Checking defaults for OML/cmm/m/it on input line 18.
LaTeX Font Info:    ... okay on input line 18.
LaTeX Font Info:    Checking defaults for T1/cmr/m/n on input line 18.
LaTeX Font Info:    ... okay on input line 18.
LaTeX Font Info:    Checking defaults for OT1/cmr/m/n on input line 18.
LaTeX Font Info:    ... okay on input line 18.
LaTeX Font Info:    Checking defaults for OMS/cmsy/m/n on input line 18.
LaTeX Font Info:    ... okay on input line 18.
LaTeX Font Info:    Checking defaults for OMX/cmex/m/n on input line 18.
LaTeX Font Info:    ... okay on input line 18.
LaTeX Font Info:    Checking defaults for U/cmr/m/n on input line 18.
LaTeX Font Info:    ... okay on input line 18.
 (geafront.tex
File: cern.eps Graphic file (type eps)
 <cern.eps>
LaTeX Font Info:    Font shape `OT1/ptm/bx/n' in size <12> not available
(Font)              Font shape `OT1/ptm/b/n' tried instead on input line 27.
File: eps/cnastit.eps Graphic file (type eps)
 <eps/cnastit.eps> [1

\openout3 = `geantall.KUIP'.


]
LaTeX Font Info:    Try loading font information for OMS+ptm on input line 98.

(/afs/cern.ch/project/tex/TL3/share/texmf/tex/latex/psnfss/omsptm.fd
File: omsptm.fd 
)
LaTeX Font Info:    Font shape `OMS/ptm/m/n' in size <10.95> not available
(Font)              Font shape `OMS/cmsy/m/n' tried instead on input line 98.
LaTeX Font Info:    External font `cmex10' loaded for size
(Font)              <10.95> on input line 98.
LaTeX Font Info:    External font `cmex10' loaded for size
(Font)              <8> on input line 98.
LaTeX Font Info:    External font `cmex10' loaded for size
(Font)              <6> on input line 98.
 [2])
(geantcat.tex
Chapter 1.
[1



] [2] [3]) [4]
\openout6 = `geantall.1.aux'.

 (aaaa001.tex
LaTeX Font Info:    External font `cmex10' loaded for size
(Font)              <7> on input line 14.
LaTeX Font Info:    External font `cmex10' loaded for size
(Font)              <5> on input line 14.
LaTeX Font Info:    Font shape `OT1/ptm/bx/n' in size <10> not available
(Font)              Font shape `OT1/ptm/b/n' tried instead on input line 14.
LaTeX Font Info:    External font `cmex10' loaded for size
(Font)              <9> on input line 38.
 [1


] [2] [3])
Underfull \vbox (badness 10000) has occurred while \output is active []

 [4]
[5] (aaaa002.tex) [1


] (geantall.1.bbl)
\openout6 = `geantall.2.aux'.

 [2


] (base001.tex [1

]
Overfull \hbox (0.8156pt too wide) in paragraph at lines 147--150
[]\OT1/ptm/m/n/10.95 read \OT1/ptm/m/it/10.95 free for-mat \OT1/ptm/m/n/10.95 d
ata records ei-ther to mod-ify the de-fault op-tions (\OT1/cmtt/m/n/10.95 [BASE
040], [BASE110]\OT1/ptm/m/n/10.95 )
 []

[2]
Overfull \hbox (13.37431pt too wide) in paragraph at lines 180--182
[]\OT1/ptm/m/n/10.95 book stan-dard \OT1/cmtt/m/n/10.95 GEANT \OT1/ptm/m/n/10.9
5 his-tograms if re-quired by the user with the data record \OT1/cmtt/m/n/10.95
 HSTA \OT1/ptm/m/n/10.95 (\OT1/cmtt/m/n/10.95 [BASE040],
 []

[3]) [4] (base010.tex
Underfull \hbox (badness 1577) in paragraph at lines 39--39
[]\OT1/ptm/m/n/10.95 description of the ge-o-met-ri-cal setup, of the
 []


Underfull \vbox (badness 2653) has occurred while \output is active []

 [1


])
[2] (base020.tex
File: eps/base020-1.eps Graphic file (type eps)
 <eps/base020-1.eps> [1


]) [2] (base040.tex
Underfull \hbox (badness 2221) in paragraph at lines 72--72
[]\OT1/ptm/m/n/10.95 names of re-quired stan-dard his-tograms, see
 []


Underfull \hbox (badness 2653) in paragraph at lines 75--75
[]\OT1/ptm/m/n/10.95 automatic op-ti-mi-sa-tion of the ge-om-e-try via
 []

[1


] [2]
Underfull \vbox (badness 3646) has occurred while \output is active []

 [3]
[4]
LaTeX Font Info:    External font `cmex10' loaded for size
(Font)              <12> on input line 296.
) [5] (base090.tex
File: eps/base090-1.eps Graphic file (type eps)
 <eps/base090-1.eps> [1


]) [2] (base100.tex
LaTeX Font Info:    Font shape `OT1/ptm/bx/n' in size <9> not available
(Font)              Font shape `OT1/ptm/b/n' tried instead on input line 35.
 [1


] [2]
Overfull \hbox (6.02472pt too wide) in paragraph at lines 249--249
[]     \OT1/cmtt/m/n/9 + ('TGT ',1,'TBIN', 0., 0.,-5.08,0,'ONLY')[] 
 []


Overfull \hbox (6.02472pt too wide) in paragraph at lines 251--251
[]     \OT1/cmtt/m/n/9 + ('TGT ',2,'TBIN', 0., 0.,-2.54,0,'ONLY')[] 
 []


Overfull \hbox (6.02472pt too wide) in paragraph at lines 253--253
[]     \OT1/cmtt/m/n/9 + ('TGT ',3,'TBIN', 0., 0., 0.  ,0,'ONLY')[] 
 []


Overfull \hbox (6.02472pt too wide) in paragraph at lines 255--255
[]     \OT1/cmtt/m/n/9 + ('TGT ',4,'TBIN', 0., 0., 2.54,0,'ONLY')[] 
 []


Overfull \hbox (6.02472pt too wide) in paragraph at lines 257--257
[]     \OT1/cmtt/m/n/9 + ('TGT ',5,'TBIN', 0., 0., 5.08,0,'ONLY')[] 
 []


Overfull \hbox (6.02472pt too wide) in paragraph at lines 259--259
[]     \OT1/cmtt/m/n/9 + ('TBIN',1,'TBOU', 0., 0.,   0.,0,'ONLY')[] 
 []


Overfull \hbox (6.02472pt too wide) in paragraph at lines 261--261
[]     \OT1/cmtt/m/n/9 + ('TBOU',1,'CAVE', 0., 0.,  ZTG,0,'ONLY')[] 
 []


Overfull \hbox (10.74966pt too wide) in paragraph at lines 263--263
[]     \OT1/cmtt/m/n/9 + ('ARM ',1,'CAVE',XLARM,0.,ZLARM,1,'ONLY')[] 
 []


Overfull \hbox (10.74966pt too wide) in paragraph at lines 265--265
[]     \OT1/cmtt/m/n/9 + ('ARM ',2,'CAVE',XRARM,0.,ZRARM,2,'ONLY')[] 
 []


Overfull \hbox (6.02472pt too wide) in paragraph at lines 267--267
[]     \OT1/cmtt/m/n/9 + ('FDOU',1,'ARM ',0.,0., DFDO  ,0,'ONLY')[] 
 []


Overfull \hbox (6.02472pt too wide) in paragraph at lines 269--269
[]     \OT1/cmtt/m/n/9 + ('FDIN',1,'FDOU',0.,0., 0.    ,0,'ONLY')[] 
 []


Overfull \hbox (6.02472pt too wide) in paragraph at lines 271--271
[]     \OT1/cmtt/m/n/9 + ('FSP ',1,'FDIN',0.,0.,-2.9975,0,'ONLY')[] 
 []

[3]) [4] (base110.tex
File: eps/base110-1.eps Graphic file (type eps)
 <eps/base110-1.eps> [1


]) [2] (base200.tex
File: eps/base200-1.eps Graphic file (type eps)

<eps/base200-1.eps>
File: eps/base200-2.eps Graphic file (type eps)
 <eps/base200-2.eps> [1


]) [2] (base280.tex) [1


] (base299.tex
Overfull \hbox (2.17651pt too wide) in paragraph at lines 17--48
[][]
 []

)
Overfull \hbox (0.35727pt too wide) in paragraph at lines 52--59
[][] 
 []


Underfull \vbox (badness 10000) has occurred while \output is active []

 [1


]
[2] (base300.tex) [1


] (base400.tex [1


]) [2] (base410.tex) [1


] (base420.tex
[1


]) [2] (geantall.2.bbl)
\openout6 = `geantall.3.aux'.

 [3


] (cons001.tex [1

]) [2] (cons100.tex [1


]) [2]
(cons101.tex [1


]) [2] (cons110.tex [1


]) [2] (cons199.tex
File: eps/cons199-1.eps Graphic file (type eps)
 <eps/cons199-1.eps>
File: eps/cons199-2.eps Graphic file (type eps)

<eps/cons199-2.eps>

LaTeX Warning: Float too large for page by 0.2684pt on input line 32.

[1


] [2] [3]) [4] (cons200.tex
Underfull \hbox (badness 10000) in paragraph at lines 17--17
[]|\OT1/cmtt/m/n/10.95 (ITMED,NATMED,NMAT,ISVOL,IFIELD,FIELDM,TMAXFD,STEMAX,
 []


Underfull \hbox (badness 10000) in paragraph at lines 68--68
[]|\OT1/cmtt/m/n/10.95 (ITMED,NATMED*,NMAT*,ISVOL*,IFIELD*,FIELDM*,TMAXFD*,
 []

[1


]) [2] (cons210.tex [1


]) [2] (cons300.tex [1


] [2] [3]) [4] (cons310.tex
[1


]
Underfull \vbox (badness 10000) has occurred while \output is active []

 [2])
[3] (geantall.3.bbl
Underfull \hbox (badness 4752) in paragraph at lines 14--18
[]\OT1/ptm/m/n/10.95 J.Allison.  Cal-cu-la-tion of hadronic in-ter-ac-tion leng
ths for mix-tures.  Tech-ni-cal Re-port
 []

)
\openout6 = `geantall.4.aux'.

 [4


] (draw001.tex [1

] [2] [3]) [4] (draw010.tex) [1


] (draw110.tex
File: eps/draw110-1.eps Graphic file (type eps)

<eps/draw110-1.eps> [1


]) [2] (draw115.tex
File: eps/draw115-1.eps Graphic file (type eps)
 <eps/draw115-1.eps>
File: eps/draw115-2.eps Graphic file (type eps)

<eps/draw115-2.eps>) [1


] [2] [3] (draw120.tex
File: eps/draw120-1.eps Graphic file (type eps)
 <eps/draw120-1.eps>
File: eps/draw120-2.eps Graphic file (type eps)

<eps/draw120-2.eps>) [1


] [2] [3] (draw130.tex [1


]) [2] (draw140.tex
File: eps/draw140-1.eps Graphic file (type eps)

<eps/draw140-1.eps> [1


] [2]) [3] (draw210.tex
File: eps/draw210-1.eps Graphic file (type eps)
 <eps/draw210-1.eps> [1


]) [2]
(draw220.tex
File: eps/draw220-1.eps Graphic file (type eps)
 <eps/draw220-1.eps>
File: eps/draw220-2.eps Graphic file (type eps)
 <eps/draw220-2.eps>) [1


] [2] [3] (draw300.tex
File: eps/draw300-1.eps Graphic file (type eps)

<eps/draw300-1.eps>) [1


] [2] (draw399.tex
File: eps/draw399-1.eps Graphic file (type eps)
 <eps/draw399-1.eps>) [1


] [2]
(draw400.tex [1


] [2] [3] [4]) [5] (geantall.4.bbl)
\openout6 = `geantall.5.aux'.

 [6


] (geom001.tex
Overfull \hbox (11.25113pt too wide) in paragraph at lines 31--35
[]\OT1/ptm/m/n/10.95 The con-nec-tion be-tween the ge-om-e-try and track-ing pa
ck-ages is es-tab-lished by the sub-rou-tines \OT1/cmtt/m/n/10.95 GMEDIA[]\OT1/
ptm/m/n/10.95 /\OT1/cmtt/m/n/10.95 GTMEDI[]\OT1/ptm/m/n/10.95 ,
 []

[1

]
File: eps/geom001-1.eps Graphic file (type eps)
 <eps/geom001-1.eps> [2] [3]) [4] (geom010.tex
File: eps/geom001-2.eps Graphic file (type eps)
 <eps/geom001-2.eps> [1


])
[2] (geom020.tex
Underfull \hbox (badness 10000) in paragraph at lines 15--32

 []


Underfull \hbox (badness 10000) in paragraph at lines 41--45

 []

[1


]) [2] (geom050.tex [1


] [2] [3] [4] [5]
File: eps/geom050-1.eps Graphic file (type eps)
 <eps/geom050-1.eps>
File: eps/geom050-2.eps Graphic file (type eps)

<eps/geom050-2.eps>
File: eps/geom050-3.eps Graphic file (type eps)
 <eps/geom050-3.eps>
File: eps/geom050-4.eps Graphic file (type eps)
 <eps/geom050-4.eps>) [6] [7] [8]
[9] (geom100.tex) [1


] (geom110.tex [1


]) [2] (geom120.tex) [1


] (geom130.tex
[1


]
File: eps/geom130-1.eps Graphic file (type eps)
 <eps/geom130-1.eps> [2]
File: eps/geom130-2.eps Graphic file (type eps)
 <eps/geom130-2.eps> [3]
File: eps/geom130-3.eps Graphic file (type eps)
 <eps/geom130-3.eps>
[4]
File: eps/geom130-4.eps Graphic file (type eps)
 <eps/geom130-4.eps>) [5] (geom140.tex) [1


] (geom150.tex [1


]) [2]
(geom199.tex
File: eps/geom199-1.eps Graphic file (type eps)
 <eps/geom199-1.eps>) [1


] [2] (geom200.tex [1


]) [2] (geom299.tex
File: eps/geom299-1.eps Graphic file (type eps)

<eps/geom299-1.eps>) [1


] (geom300.tex) [1


] (geom310.tex) [1


] (geom320.tex)
[1


] (geom400.tex) [1


] (geom410.tex [1


] [2]) [3] (geom500.tex
Underfull \hbox (badness 1418) in paragraph at lines 40--41
[]|\OT1/ptm/m/n/10.95 the vol-ume is not vis-i-ble to-
 []

[1


]) [2] (geom600.tex) [1


] (geom700.tex) [1


] (geom900.tex) [1


] (geom910.tex
[1


]
Underfull \hbox (badness 10000) in paragraph at lines 140--142

 []


Underfull \hbox (badness 10000) in paragraph at lines 144--145

 []


Underfull \hbox (badness 10000) in paragraph at lines 145--146

 []


Underfull \hbox (badness 10000) in paragraph at lines 194--197

 []

[2]
Underfull \hbox (badness 10000) in paragraph at lines 200--201

 []


Underfull \hbox (badness 10000) in paragraph at lines 202--204

 []


Underfull \hbox (badness 10000) in paragraph at lines 204--205

 []


Underfull \hbox (badness 10000) in paragraph at lines 205--207

 []


Underfull \hbox (badness 10000) in paragraph at lines 207--209

 []


Underfull \hbox (badness 10000) in paragraph at lines 209--211

 []


Underfull \hbox (badness 10000) in paragraph at lines 211--213

 []


Underfull \hbox (badness 10000) in paragraph at lines 213--214

 []


Underfull \hbox (badness 10000) in paragraph at lines 214--215

 []


Underfull \hbox (badness 10000) in paragraph at lines 215--217

 []


Underfull \hbox (badness 10000) in paragraph at lines 217--219

 []


Underfull \hbox (badness 10000) in paragraph at lines 219--220

 []


Underfull \hbox (badness 10000) in paragraph at lines 220--222

 []


Underfull \hbox (badness 10000) in paragraph at lines 268--270

 []

[3]
Underfull \hbox (badness 10000) in paragraph at lines 273--274

 []


Underfull \hbox (badness 10000) in paragraph at lines 275--277

 []


Underfull \hbox (badness 10000) in paragraph at lines 277--278

 []


Underfull \hbox (badness 10000) in paragraph at lines 278--280

 []


Underfull \hbox (badness 10000) in paragraph at lines 280--281

 []


Underfull \hbox (badness 10000) in paragraph at lines 281--283

 []


Underfull \hbox (badness 10000) in paragraph at lines 283--285

 []


Underfull \hbox (badness 10000) in paragraph at lines 285--287

 []


Underfull \hbox (badness 10000) in paragraph at lines 287--288

 []


Underfull \hbox (badness 10000) in paragraph at lines 288--290

 []


Underfull \hbox (badness 10000) in paragraph at lines 290--292

 []

[4] [5]) [6

] (geantall.5.bbl

LaTeX Warning: Empty `thebibliography' environment on input line 3.

)
\openout6 = `geantall.6.aux'.

 [7


] (hits001.tex [1

]) [2] (hits100.tex) [1


] (hits105.tex) [1


] (hits110.tex
[1


]) [2] (hits120.tex) [1


] (hits130.tex) [1


] (hits199.tex
File: eps/hits199-1.eps Graphic file (type eps)
 <eps/hits199-1.eps>)
[1


] (hits200.tex
Underfull \hbox (badness 10000) in paragraph at lines 57--57
[]|\OT1/cmtt/m/n/10.95 (CHSET,CHDET,NVDIM,NHDIM,NHMAX,ITRS,NUMVS,
 []

[1


]) [2] (hits299.tex
File: eps/hits299-1.eps Graphic file (type eps)
 <eps/hits299-1.eps>) [1


] (hits300.tex
Underfull \hbox (badness 10000) in paragraph at lines 42--42
[]|\OT1/cmtt/m/n/10.95 (CHSET,CHDET,NTDIM,NVDIM,NDDIM,NDMAX,NUMVS,
 []


Overfull \hbox (2.6439pt too wide) in paragraph at lines 52--54
[]\OT1/ptm/m/n/10.95 (\OT1/cmtt/m/n/10.95 INTEGER\OT1/ptm/m/n/10.95 ) max-i-mum
 num-ber of digi-ti-sa-tions to be re-turned, sec-ond di-men-sion of ar-rays \O
T1/cmtt/m/n/10.95 NTDIM\OT1/ptm/m/n/10.95 ,
 []

[1


]) [2] (hits399.tex
File: eps/hits399-1.eps Graphic file (type eps)
 <eps/hits399-1.eps>) [1


] (hits400.tex) [1


] (hits500.tex
[1


]) [2] (hits510.tex
Overfull \hbox (0.13646pt too wide) in paragraph at lines 46--48
[]\OT1/ptm/m/n/10.95 digitised cur-rent di-vi-sion in-for-ma-tion (rel-a-tive p
o-si-tion of charge along wire, per mille); 
 []

[1


]) [2] (geantall.6.bbl

LaTeX Warning: Empty `thebibliography' environment on input line 3.

)
\openout6 = `geantall.7.aux'.

 [3


] (iopa001.tex) [1

] (iopa200.tex) [1


] (iopa300.tex [1


]) [2] (iopa400.tex)
[1


] (iopa500.tex [1


]) [2] (geantall.7.bbl)
\openout6 = `geantall.8.aux'.

 [3


] (kine001.tex) [1

] (kine100.tex
[1


]) [2] (kine199.tex
File: eps/kine199-1.eps Graphic file (type eps)
 <eps/kine199-1.eps> [1


] [2]
File: eps/kine199-2.eps Graphic file (type eps)
 <eps/kine199-2.eps>) [3

]
(kine200.tex) [1


] (kine210.tex) [1


] (geantall.8.bbl)
\openout6 = `geantall.9.aux'.

 [2


] (phys001.tex
Underfull \hbox (badness 10000) in paragraph at lines 46--46
[]\OT1/ptm/m/n/10.95 Computation of to-tal cross-
 []

[1

]
Overfull \hbox (2.87355pt too wide) in paragraph at lines 144--149
\OT1/ptm/m/n/10.95 of the fluc-tu-a-tions. An au-to-matic pro-tec-tion has been
 in-tro-duced in \OT1/cmtt/m/n/10.95 GEANT \OT1/ptm/m/n/10.95 to this ef-fect. 
See \OT1/cmtt/m/n/10.95 [PHYS333/332]
 []

[2]
Overfull \hbox (5.84515pt too wide) in paragraph at lines 238--241
[]\OT1/ptm/m/n/10.95 Continuous en-ergy loss with gen-er-a-tion of $\OML/cmm/m/
it/10.95 ^^N$\OT1/ptm/m/n/10.95 -rays above \OT1/cmtt/m/n/10.95 DCUTE \OT1/ptm/
m/n/10.95 (com-mon \OT1/cmtt/m/n/10.95 /GCUTS/[]\OT1/ptm/m/n/10.95 )
 []

[3]) [4] [5] (phys010.tex [1


] [2] [3]
Overfull \hbox (1.80688pt too wide) in paragraph at lines 258--260
[]\OT1/ptm/m/n/10.95 distance left to de-cay point eval-u-ated at the last poin
t where the mech-a-nism was ac-tive, i.e. $[] \OMS/cmsy/m/n/10.95 6\OT1/cmr/m/n
/10.95 =
 []

[4]
Underfull \hbox (badness 10000) in paragraph at lines 396--397

 []

[5] [6] [7]
Underfull \hbox (badness 10000) in paragraph at lines 567--574

 []

[8]) [9] (phys100.tex [1


] [2]
Underfull \hbox (badness 2707) in paragraph at lines 150--150
[]\OT1/ptm/m/n/10.95 Initialisation of the con-stants for pho-to-elec-tric ef-f
ect (see
 []


Underfull \hbox (badness 4242) in paragraph at lines 180--180
[]\OT1/ptm/m/n/10.95 Calculates the cross sec-tion for pho-to-elec-tric ef-fect
, see
 []


Underfull \hbox (badness 3291) in paragraph at lines 185--185
[]\OT1/ptm/m/n/10.95 Initialises the cross sec-tion for positron an-ni-hi-la-ti
on, see
 []


Underfull \hbox (badness 1400) in paragraph at lines 187--187
[]\OT1/ptm/m/n/10.95 Initialises the cross sec-tion ta-bles for Comp-ton ef-fec
t, see
 []


Underfull \vbox (badness 10000) has occurred while \output is active []

 [3])
[4] (phys210.tex) [1


] (phys211.tex [1


]
Overfull \hbox (3.47003pt too wide) detected at line 101
$ [] \OT1/cmr/m/n/10.95 = [] []$ []
 []


Underfull \hbox (badness 10000) in paragraph at lines 102--104

 []

[2] [3]) [4] (phys220.tex) [1


] (phys221.tex [1


]) [2] (phys230.tex [1


]
Underfull \hbox (badness 10000) in paragraph at lines 83--86

 []


Underfull \hbox (badness 10000) in paragraph at lines 134--135

 []


Underfull \hbox (badness 10000) in paragraph at lines 136--147

 []

[2]
Underfull \hbox (badness 10000) in paragraph at lines 152--154

 []

[3]
Overfull \hbox (4.94801pt too wide) in paragraph at lines 234--307
[][] 
 []

)
Overfull \hbox (4.94801pt too wide) in paragraph at lines 308--188
[][] 
 []


Underfull \vbox (badness 10000) has occurred while \output is active []

 [4]
[5] (phys231.tex [1


]
Underfull \hbox (badness 10000) in paragraph at lines 118--120

 []

[2] [3]) [4] (phys240.tex) [1


] (phys250.tex) [1


] (phys251.tex
Underfull \hbox (badness 10000) in paragraph at lines 36--37

 []

[1


]) [2] (phys260.tex
Overfull \hbox (19.9882pt too wide) in paragraph at lines 29--32
[]\OT1/ptm/m/n/10.95 Fluorescence is taken into ac-count in \OT1/cmtt/m/n/10.95
 GEANT \OT1/ptm/m/n/10.95 in the con-text of the pho-to-elec-tric ef-fect (\OT1
/cmtt/m/n/10.95 [PHYS230], [PHYS231]\OT1/ptm/m/n/10.95 ),
 []

[1


] [2] [3] [4] [5]
Overfull \hbox (3.19379pt too wide) in paragraph at lines 440--445
[]\OT1/ptm/m/n/10.95 (\OT1/cmtt/m/n/10.95 REAL\OT1/ptm/m/n/10.95 ) cur-rent po-
si-tion (\OT1/cmtt/m/n/10.95 X0(1)=$\OML/cmm/m/it/10.95 x$\OT1/ptm/m/n/10.95 , 
\OT1/cmtt/m/n/10.95 X0(2)=$\OML/cmm/m/it/10.95 y$\OT1/ptm/m/n/10.95 , \OT1/cmtt
/m/n/10.95 X0(3)=$\OML/cmm/m/it/10.95 z$\OT1/ptm/m/n/10.95 ) and di-rec-tion (\
OT1/cmtt/m/n/10.95 X0(4)=$\OML/cmm/m/it/10.95 p[]$\OT1/ptm/m/n/10.95 , \OT1/cmt
t/m/n/10.95 X0(5)=$\OML/cmm/m/it/10.95 p[]$\OT1/ptm/m/n/10.95 ,
 []

[6] [7]) [8] (phys320.tex [1


]) [2] (phys325.tex [1


] [2] [3] [4] [5] [6]
Overfull \hbox (33.49149pt too wide) in paragraph at lines 440--449
\OT1/ptm/m/n/10.95 Now us-ing equa-tion (5[]) we take the ex-po-nen-tial of bot
h mem-bers $\OML/cmm/m/it/10.95 B\OT1/cmr/m/n/10.95 (\OML/cmm/m/it/10.95 t[]\OT
1/cmr/m/n/10.95 )
[](\OML/cmm/m/it/10.95 t[]\OT1/cmr/m/n/10.95 ) = [](1\OML/cmm/m/it/10.95 =^^_[]
\OT1/cmr/m/n/10.95 (\OML/cmm/m/it/10.95 t[]\OT1/cmr/m/n/10.95 ))$\OT1/ptm/m/n/1
0.95 .
 []

[7]) [8] (phys328.tex [1


]) [2] (phys330.tex [1


] [2]
Overfull \hbox (0.96286pt too wide) detected at line 235
$ []\OML/cmm/m/it/10.95 ^^[\OT1/cmr/m/n/10.95 (\OML/cmm/m/it/10.95 Z; E; []\OT1
/cmr/m/n/10.95 ) = [] []$ []
 []

[3]) [4] (phys331.tex [1


]) [2] (phys332.tex [1


] [2]
File: eps/phys332-1.eps Graphic file (type eps)
 <eps/phys332-1.eps>
[3] [4]
File: eps/phys332-2.eps Graphic file (type eps)
 <eps/phys332-2.eps> [5] [6] [7] [8]) [9] (phys333.tex [1


] [2] [3])
[4] (phys334.tex [1


] [2]
File: eps/phys334-1.eps Graphic file (type eps)
 <eps/phys334-1.eps> [3]
File: eps/phys334-2.eps Graphic file (type eps)
 <eps/phys334-2.eps>) [4]
(phys337.tex) [1


] (phys340.tex [1


] [2] [3] [4] [5] [6]) [7] (phys341.tex
[1


] [2] [3]) [4] (phys350.tex) [1


] (phys351.tex
File: eps/phys351-1.eps Graphic file (type eps)
 <eps/phys351-1.eps> [1


]
[2]) [3] (phys360.tex [1


]) [2] (phys400.tex [1


]) [2] (phys410.tex
Overfull \hbox (10.959pt too wide) in paragraph at lines 20--24
[]\OT1/ptm/m/n/10.95 (\OT1/cmtt/m/n/10.95 REAL\OT1/ptm/m/n/10.95 ) ve-loc-ity c
om-po-nents in light units of frame B in frame A, \OT1/cmtt/m/n/10.95 BETA(1$[]
$3) $\OT1/cmr/m/n/10.95 = []$\OT1/cmtt/m/n/10.95 , BETA(4)$\OT1/cmr/m/n/10.95 =

 []

[1


]) [2] (phys430.tex [1


]
Overfull \hbox (4.0542pt too wide) detected at line 156
$ [][] [] \OT1/cmr/m/n/10.95 = []$ []
 []

[2] [3]
Underfull \hbox (badness 1577) in paragraph at lines 332--332
[]\OT1/ptm/m/n/10.95 H$[]$, He, N$[]$, O$[]$,
 []


Underfull \hbox (badness 2512) in paragraph at lines 380--380
[]\OT1/ptm/m/n/10.95 mean (r.m.s.)
 []


Underfull \hbox (badness 10000) in paragraph at lines 381--381
[]\OT1/ptm/m/n/10.95 max (r.m.s.)
 []


Underfull \hbox (badness 10000) in paragraph at lines 381--381
\OT1/ptm/m/n/10.95 de-vi-a-tion in
 []

[4] [5]) [6] (phys431.tex [1


]
File: eps/phys431-1.eps Graphic file (type eps)
 <eps/phys431-1.eps> [2]
Underfull \vbox (badness 1052) has occurred while \output is active []

 [3]
File: eps/phys431-2.eps Graphic file (type eps)

<eps/phys431-2.eps> [4]) [5] (phys440.tex [1


]
Underfull \hbox (badness 10000) in paragraph at lines 127--128

 []

[2]) [3] (phys441.tex [1


]) [2] (phys450.tex [1


] [2]) [3] (phys451.tex [1


])
[2] (phys460.tex [1


]) [2] (phys510.tex [1


] [2]) [3] (phys520.tex
Overfull \hbox (240.0pt too wide) detected at line 89
[]
 []


Overfull \hbox (240.0pt too wide) detected at line 109
[]
 []


Overfull \hbox (320.0pt too wide) detected at line 113
[]
 []


Overfull \hbox (430.0pt too wide) detected at line 119
[]
 []


Underfull \hbox (badness 10000) in paragraph at lines 128--134
[][]
 []


Overfull \hbox (190.0pt too wide) detected at line 141
[]
 []


Overfull \hbox (190.0pt too wide) detected at line 154
[]
 []


Overfull \hbox (110.0pt too wide) detected at line 160
[]
 []


Overfull \hbox (310.0pt too wide) detected at line 167
[]
 []


Underfull \hbox (badness 10000) in paragraph at lines 169--175
[][]
 []

) [1


] [2] (phys530.tex
Overfull \hbox (210.0pt too wide) detected at line 92
[]
 []


Overfull \hbox (210.0pt too wide) detected at line 96
[]
 []


Overfull \hbox (210.0pt too wide) detected at line 102
[]
 []


Overfull \hbox (70.0pt too wide) detected at line 113
[]
 []


Overfull \hbox (160.0pt too wide) detected at line 119
[]
 []


Overfull \hbox (260.0pt too wide) detected at line 127
[]
 []


Overfull \hbox (260.0pt too wide) detected at line 130
[][]
 []


Overfull \hbox (350.0pt too wide) detected at line 136
[][]
 []


Underfull \hbox (badness 10000) in paragraph at lines 141--147
[][]
 []


Overfull \hbox (225.0pt too wide) detected at line 154
[]
 []


Overfull \hbox (225.0pt too wide) detected at line 158
[]
 []


Overfull \hbox (225.0pt too wide) detected at line 162
[]
 []


Overfull \hbox (145.0pt too wide) detected at line 171
[]
 []


Overfull \hbox (310.0pt too wide) detected at line 177
[][]
 []


Underfull \hbox (badness 10000) in paragraph at lines 183--189
[][]
 []

[1


] [2]) [3] (geantall.9.bbl [4


]
Underfull \hbox (badness 2837) in paragraph at lines 236--239
[]\OT1/ptm/m/n/10.95 E.Keil, E.Zeitler, and W.Zinn.  Zur Einfach- und Mehrfach-
streu-ung geladener Teilchen.
 []

[5] [6])
\openout6 = `geantall.10.aux'.

 [7] (trak001.tex [1

] [2]) [3] (trak110.tex
File: eps/trak110-1.eps Graphic file (type eps)
 <eps/trak110-1.eps>)
[1


] (trak120.tex
File: eps/trak120-1.eps Graphic file (type eps)
 <eps/trak120-1.eps>) [1


] (trak130.tex
File: eps/trak130-1.eps Graphic file (type eps)
 <eps/trak130-1.eps>)
[1


] (trak200.tex
File: eps/trak200-1.eps Graphic file (type eps)
 <eps/trak200-1.eps>
File: eps/trak200-2.eps Graphic file (type eps)
 <eps/trak200-2.eps>
File: eps/trak200-3.eps Graphic file (type eps)
 <eps/trak200-3.eps>
File: eps/trak200-4.eps Graphic file (type eps)

<eps/trak200-4.eps>
File: eps/trak200-5.eps Graphic file (type eps)
 <eps/trak200-5.eps>
File: eps/trak200-6.eps Graphic file (type eps)
 <eps/trak200-6.eps>) [1


] [2] [3]
[4] [5] [6] (trak300.tex [1


]) [2] (trak310.tex) [1


] (trak399.tex
File: eps/trak399-1.eps Graphic file (type eps)

<eps/trak399-1.eps>) [1


] (trak400.tex) [1


] (trak499.tex
File: eps/trak499-1.eps Graphic file (type eps)
 <eps/trak499-1.eps>)
[1


] (trak500.tex [1


]) [2] (geantall.10.bbl)
\openout6 = `geantall.11.aux'.

 [3


] (xint001.tex [1

]
Underfull \hbox (badness 10000) in paragraph at lines 112--116

 []


Underfull \hbox (badness 10000) in paragraph at lines 117--135

 []

[2]
Underfull \hbox (badness 10000) in paragraph at lines 137--160

 []

) [3] [4] (xint002.tex [1


] [2] [3] [4]
Overfull \vbox (4.48825pt too high) has occurred while \output is active []


[5] [6] [7] [8]
Underfull \vbox (badness 10000) has occurred while \output is active []

 [9]
Underfull \vbox (badness 10000) has occurred while \output is active []

 [10]
Underfull \vbox (badness 10000) has occurred while \output is active []

 [11]
[12]
Underfull \vbox (badness 10000) has occurred while \output is active []

 [13]
[14] [15] [16] [17]
Underfull \vbox (badness 10000) has occurred while \output is active []

 [18]
[19]
Underfull \vbox (badness 10000) has occurred while \output is active []

 [20]
[21] [22] [23] [24] [25] [26]
Underfull \vbox (badness 6691) has occurred while \output is active []

 [27]
Underfull \vbox (badness 5847) has occurred while \output is active []

 [28]
[29] [30]
Underfull \vbox (badness 1259) has occurred while \output is active []

 [31]
Underfull \vbox (badness 10000) has occurred while \output is active []

 [32]
Underfull \vbox (badness 10000) has occurred while \output is active []

 [33]
[34] [35] [36]
Underfull \vbox (badness 10000) has occurred while \output is active []

 [37]
Overfull \hbox (77.21286pt too wide) in paragraph at lines 2479--2482
\OT1/ptm/m/n/10.95 Delete en-try iden-ti-fied by OB-JECT,IDVERS on RZ file. OB-
JECT may be : MATE,TMED,VOLU,ROTM,SETS,PART,SCAN,
 []

[38] [39]
Underfull \vbox (badness 10000) has occurred while \output is active []

 [40]
[41] [42] [43] [44] [45]
Underfull \vbox (badness 10000) has occurred while \output is active []

 [46]
Underfull \vbox (badness 10000) has occurred while \output is active []

 [47]
[48] [49] [50] [51] [52] [53]
Overfull \hbox (1.67122pt too wide) in paragraph at lines 3544--3544
\OT1/ptm/b/n/12 lgeom_10 lgeom_11 lgeom_12 lgeom_13 lgeom_14 lgeom_15 lgeom_16 
lgeom_17 lgeom_18
 []

[54]
Overfull \hbox (0.81607pt too wide) in paragraph at lines 3576--3576
[]\OT1/ptm/b/n/12 VIEW  [ lview_1 lview_2 lview_3 lview_4 lview_5 lview_6 lview
_7 lview_8 lview_9 lview_10
 []


Overfull \hbox (10.64572pt too wide) in paragraph at lines 3576--3576
\OT1/ptm/b/n/12 lview_11 lview_12 lview_13 lview_14 lview_15 lview_16 lview_17 
lview_18 lview_19 lview_20
 []

[55] [56]
Overfull \hbox (3.89pt too wide) in paragraph at lines 3704--3704
\OT1/ptm/b/n/12 lr-save_10 lr-save_11 lr-save_12 lr-save_13 lr-save_14 lr-save_
15 lr-save_16 lr-save_17 lr-save_18
 []


Underfull \vbox (badness 1424) has occurred while \output is active []

 [57])
[58] (xint010.tex
File: eps/motif1.eps Graphic file (type eps)
 <eps/motif1.eps>
File: eps/motif2.eps Graphic file (type eps)
 <eps/motif2.eps>) [1


] [2] (geantall.11.bbl)
\openout6 = `geantall.12.aux'.


[3


] (zzzz010.tex [1

] [2] [3] [4] [5] [6] [7] [8] [9] [10] [11] [12] [13]
[14] [15] [16] [17] [18] [19] [20] [21] [22] [23] [24] [25] [26] [27] [28]
[29] [30] [31]) [32] [33] (zzzz999.tex [1


] [2] [3] [4] [5]) [6]
(geantall.12.bbl) (geantall.ind [1


] [2

] [3] [4] [5] [6] [7] [8] [9])
(geantall.aux)

LaTeX Warning: There were multiply-defined labels.

 ) 
Here is how much of TeX's memory you used:
 3250 strings out of 10918
 35442 string characters out of 72190
 104944 words of memory out of 263001
 5773 multiletter control sequences out of 10000+0
 18682 words of font info for 55 fonts, out of 100000 for 500
 16 hyphenation exceptions out of 1000
 32i,21n,27p,478b,746s stack positions out of 300i,100n,500p,30000b,4000s

Output written on geantall.dvi (467 pages, 1489624 bytes).
