This is TeX, Version 3.14159 (Web2C 7.2) (format=latex 1998.10.16)  30 OCT 1998 11:18
**./images.tex
(./images.tex
LaTeX2e <1998/06/01>
Babel <v3.6j> and hyphenation patterns for english, french, german, dumylang, n
ohyphenation, loaded.

(/afs/.cern.ch/project/cnas_doc/sources/minuit/cernman.cls
Document Class: cernman 1994/01/10
(/usr/local/share/texmf.latest/tex/latex/base/report.cls
Document Class: report 1998/05/05 v1.3y Standard LaTeX document class
(/usr/local/share/texmf.latest/tex/latex/base/size11.clo
File: size11.clo 1998/05/05 v1.3y Standard LaTeX file (size option)
)
\c@part=\count79
\c@chapter=\count80
\c@section=\count81
\c@subsection=\count82
\c@subsubsection=\count83
\c@paragraph=\count84
\c@subparagraph=\count85
\c@figure=\count86
\c@table=\count87
\abovecaptionskip=\skip41
\belowcaptionskip=\skip42
\bibindent=\dimen102
) (/usr/local/share/texmf/tex/latex/psnfss/pifont.sty
Package: pifont 1998/01/07 PSNFSS v.7 Pi font support : S Rahtz
LaTeX Font Info:    Try loading font information for U+pzd on input line 59.
(/usr/local/share/texmf/tex/latex/psnfss/upzd.fd
File: upzd.fd 1997/09/30 font definitions for U/pzd.
)
LaTeX Font Info:    Try loading font information for U+psy on input line 60.
(/usr/local/share/texmf/tex/latex/psnfss/upsy.fd
File: upsy.fd 1997/09/30 font definitions for U/psy.
)) (/usr/local/share/texmf.latest/tex/latex/graphics/color.sty
Package: color 1998/05/27 v1.0g Standard LaTeX Color (DPC)
(/usr/local/share/texmf/tex/latex/texlive/color.cfg)
Package color Info: Driver file: dvips.def on input line 130.
(/usr/local/share/texmf.latest/tex/latex/graphics/dvips.def
File: dvips.def 1998/05/03 v3.0f Driver-dependant file (DPC,SPQR)
) (/usr/local/share/texmf.latest/tex/latex/graphics/dvipsnam.def
File: dvipsnam.def 1998/05/03 v3.0f Driver-dependant file (DPC,SPQR)
)) (/usr/local/share/texmf.latest/tex/latex/tools/array.sty
Package: array 1998/05/13 v2.3l Tabular extension package (FMi)
\col@sep=\dimen103
\extrarowheight=\dimen104
\NC@list=\toks14
\extratabsurround=\skip43
\backup@length=\skip44
) (/usr/local/share/texmf.latest/tex/latex/tools/tabularx.sty
Package: tabularx 1998/05/13 v2.06 `tabularx' package (DPC)
\TX@col@width=\dimen105
\TX@old@table=\dimen106
\TX@old@col=\dimen107
\TX@target=\dimen108
\TX@delta=\dimen109
\TX@cols=\count88
\TX@ftn=\toks15
) (/usr/local/share/texmf.latest/tex/latex/tools/verbatim.sty
Package: verbatim 1997/04/30 v1.5k LaTeX2e package for verbatim enhancements
\every@verbatim=\toks16
\verbatim@line=\toks17
\verbatim@in@stream=\read1
) (/usr/local/share/texmf.latest/tex/latex/graphics/graphicx.sty
Package: graphicx 1997/06/09 v1.0d Enhanced LaTeX Graphics (DPC,SPQR)
(/usr/local/share/texmf.latest/tex/latex/graphics/keyval.sty
Package: keyval 1998/06/05 v1.11 key=value parser (DPC)
\KV@toks@=\toks18
) (/usr/local/share/texmf.latest/tex/latex/graphics/graphics.sty
Package: graphics 1998/05/27 v1.0h Standard LaTeX Graphics (DPC,SPQR)
(/usr/local/share/texmf.latest/tex/latex/graphics/trig.sty
Package: trig 1994/10/16 v1.08 sin cos tan (DPC)
) (/usr/local/share/texmf/tex/latex/texlive/graphics.cfg)
Package graphics Info: Driver file: dvips.def on input line 85.
)
\Gin@req@height=\dimen110
\Gin@req@width=\dimen111
) (/usr/local/share/texmf.latest/tex/latex/graphics/epsfig.sty
Package: epsfig 1996/10/04 v1.7 (e)psfig emulation (SPQR)
\epsfxsize=\dimen112
\epsfysize=\dimen113
) (/usr/local/share/texmf.latest/tex/latex/tools/varioref.sty
Package: varioref 1998/05/10 v1.1g package for extended references (FMi)
\c@vrcnt=\count89
) (/usr/local/share/texmf.latest/tex/latex/tools/multicol.sty
Package: multicol 1998/01/19 v1.5q multicolumn formatting (FMi)
\c@tracingmulticols=\count90
\mult@box=\box26
\multicol@leftmargin=\dimen114
\c@unbalance=\count91
\c@collectmore=\count92
\doublecol@number=\count93
\multicoltolerance=\count94
\multicolpretolerance=\count95
\full@width=\dimen115
\page@free=\dimen116
\premulticols=\dimen117
\postmulticols=\dimen118
\multicolsep=\skip45
\multicolbaselineskip=\skip46
\partial@page=\box27
\last@line=\box28
\mult@rightbox=\box29
\mult@grightbox=\box30
\mult@gfirstbox=\box31
\mult@firstbox=\box32
\@tempa=\box33
\@tempa=\box34
\@tempa=\box35
\@tempa=\box36
\@tempa=\box37
\@tempa=\box38
\@tempa=\box39
\@tempa=\box40
\@tempa=\box41
\@tempa=\box42
\@tempa=\box43
\@tempa=\box44
\@tempa=\box45
\@tempa=\box46
\@tempa=\box47
\@tempa=\box48
\@tempa=\box49
\c@columnbadness=\count96
\c@finalcolumnbadness=\count97
\last@try=\dimen119
\multicolovershoot=\dimen120
\multicolundershoot=\dimen121
\mult@nat@firstbox=\box50
) (/usr/local/share/texmf.latest/tex/latex/base/alltt.sty
Package: alltt 1997/06/16 v2.0g defines alltt environment
) (/usr/local/share/texmf/tex/latex/misc/here.sty) (/usr/local/share/texmf.late
st/tex/latex/tools/xspace.sty
Package: xspace 1997/10/13 v1.06 Space after command names (DPC)
) (/usr/local/share/texmf.latest/tex/latex/tools/calc.sty
Package: calc 1998/07/07 v4.1b Infix arithmetic (KKT,FJ)
\calc@Acount=\count98
\calc@Bcount=\count99
\calc@Adimen=\dimen122
\calc@Bdimen=\dimen123
\calc@Askip=\skip47
\calc@Bskip=\skip48
LaTeX Info: Redefining \setlength on input line 51.
LaTeX Info: Redefining \addtolength on input line 52.
\calc@denominator=\count100
) (/usr/local/share/texmf.latest/tex/latex/base/ifthen.sty
Package: ifthen 1997/11/02 v1.0n Standard LaTeX ifthen package (DPC)
) (/usr/local/share/texmf.latest/tex/latex/base/makeidx.sty
Package: makeidx 1995/04/19 v1.0j Standard LaTeX package
)
\@DL@itemwidth=\dimen124
\c@cOL=\count101
\mylen=\skip49
\mybox=\box51
\@PAWout=\write3
) (/usr/local/share/texmf/tex/latex/latex2html/html.sty
Package: html 1998/06/21 v1.31 hypertext commands for latex2html (nd, hws, rrm)

\c@lpart=\count102
\c@lchapter=\count103
\c@lsection=\count104
\c@lsubsection=\count105
\c@lsubsubsection=\count106
\c@lparagraph=\count107
\c@lsubparagraph=\count108
\c@lsubsubparagraph=\count109
\ptrfile=\write4
)
\@indexfile=\write5
\openout5 = `images.idx'.

Writing index file images.idx
\sizebox=\box52
\lthtmlwrite=\write6
(images.aux (/afs/.cern.ch/project/cnas_doc/sources/minuit/minfront.aux) (/afs/
.cern.ch/project/cnas_doc/sources/minuit/minch1.aux) (/afs/.cern.ch/project/cna
s_doc/sources/minuit/minch2.aux) (/afs/.cern.ch/project/cnas_doc/sources/minuit
/minch3.aux) (/afs/.cern.ch/project/cnas_doc/sources/minuit/minch4.aux) (/afs/.
cern.ch/project/cnas_doc/sources/minuit/minch5.aux) (/afs/.cern.ch/project/cnas
_doc/sources/minuit/minch6.aux) (/afs/.cern.ch/project/cnas_doc/sources/minuit/
minerror.aux) (/afs/.cern.ch/project/cnas_doc/sources/minuit/minbibl.aux))
\openout1 = `images.aux'.

LaTeX Font Info:    Checking defaults for OML/cmm/m/it on input line 91.
LaTeX Font Info:    ... okay on input line 91.
LaTeX Font Info:    Checking defaults for T1/cmr/m/n on input line 91.
LaTeX Font Info:    ... okay on input line 91.
LaTeX Font Info:    Checking defaults for OT1/cmr/m/n on input line 91.
LaTeX Font Info:    ... okay on input line 91.
LaTeX Font Info:    Checking defaults for OMS/cmsy/m/n on input line 91.
LaTeX Font Info:    ... okay on input line 91.
LaTeX Font Info:    Checking defaults for OMX/cmex/m/n on input line 91.
LaTeX Font Info:    ... okay on input line 91.
LaTeX Font Info:    Checking defaults for U/cmr/m/n on input line 91.
LaTeX Font Info:    ... okay on input line 91.
LaTeX Font Info:    Try loading font information for OT1+ptm on input line 91.
(/usr/local/share/texmf/tex/latex/psnfss/ot1ptm.fd
File: ot1ptm.fd 1997/09/30 Fontinst v1.6 font definitions for OT1/ptm.
)

latex2htmlLength hsize=349.0pt

latex2htmlLength vsize=749.50153pt

latex2htmlLength hoffset=0.0pt

latex2htmlLength voffset=0.0pt

latex2htmlLength topmargin=0.0pt

latex2htmlLength topskip=0.00003pt

latex2htmlLength headheight=0.0pt

latex2htmlLength headsep=0.0pt

latex2htmlLength parskip=2.79996pt plus 2.0pt minus 2.0pt

latex2htmlLength oddsidemargin=71.13188pt

latex2htmlLength evensidemargin=71.13188pt

LaTeX Font Info:    External font `cmex10' loaded for size
(Font)              <10.95> on input line 122.
LaTeX Font Info:    External font `cmex10' loaded for size
(Font)              <8> on input line 122.
LaTeX Font Info:    External font `cmex10' loaded for size
(Font)              <6> on input line 122.

Overfull \hbox (33.10532pt too wide) detected at line 129
[]
 []

l2hSize :displaymath513:31.87537pt::0.0pt::349.0pt.
[1

\openout3 = `images.KUIP'.



]
l2hSize :tex2html_wrap_inline529:8.7125pt::8.7125pt::75.7235pt.
[2


]
l2hSize :tex2html_wrap_inline531:8.10416pt::8.10416pt::7.31905pt.
[3


]
l2hSize :tex2html_wrap_inline533:9.61946pt::9.61946pt::16.44406pt.
[4


]
l2hSize :displaymath201:31.3999pt::0.0pt::349.0pt.
[5


]
l2hSize :tex2html_wrap_inline535:7.39124pt::0.0pt::7.59279pt.
[6


]
l2hSize :tex2html_wrap_inline537:7.89124pt::7.89124pt::10.19846pt.
[7


]
l2hSize :tex2html_wrap_inline551:7.98248pt::7.98248pt::22.25586pt.
[8


]
l2hSize :tex2html_wrap_inline553:10.07672pt::0.0pt::12.84784pt.
[9


]
l2hSize :tex2html_wrap_inline555:10.17673pt::10.17673pt::66.00056pt.
[10


]
l2hSize :tex2html_wrap_inline563:7.98248pt::7.98248pt::47.1365pt.
[11


]
l2hSize :tex2html_wrap_inline565:7.89124pt::7.89124pt::17.58084pt.
[12


]
l2hSize :tex2html_wrap_inline571:7.89124pt::7.89124pt::17.58084pt.
[13


]
l2hSize :tex2html_wrap_inline1488:7.89124pt::7.89124pt::9.06422pt.
[14


]
l2hSize :tex2html_wrap_inline3911:9.52592pt::9.52592pt::18.09888pt.
[15


]
l2hSize :tex2html_wrap_inline3913:8.7125pt::8.7125pt::44.50288pt.
[16


]
l2hSize :tex2html_wrap_inline3915:8.7125pt::8.7125pt::45.91957pt.
[17


]
l2hSize :displaymath3905:25.16554pt::0.0pt::349.0pt.
[18


]
l2hSize :tex2html_wrap_inline4645:9.62923pt::9.62923pt::12.14891pt.
[19


]
l2hSize :tex2html_wrap_inline4649:7.89124pt::7.89124pt::7.39885pt.
[20


]
l2hSize :displaymath4637:28.37349pt::0.0pt::349.0pt.
[21


]
l2hSize :displaymath4638:30.7549pt::0.0pt::349.0pt.
[22


]
l2hSize :displaymath4639:26.81793pt::0.0pt::349.0pt.
[23


]
l2hSize :displaymath4640:23.22246pt::0.0pt::349.0pt.
[24


]
l2hSize :tex2html_wrap_inline4707:8.7125pt::8.7125pt::85.25804pt.
[25


]
l2hSize :tex2html_wrap_inline4723:7.98248pt::7.98248pt::47.1365pt.
[26


]
File: minoserr.eps Graphic file (type eps)
<minoserr.eps>
l2hSize :makeimage4390:292.57011pt::0.0pt::349.0pt.
[27


]
File: minosco1.eps Graphic file (type eps)
<minosco1.eps>
l2hSize :makeimage4397:352.70906pt::0.0pt::349.0pt.
[28


]
File: minosco2.eps Graphic file (type eps)
<minosco2.eps>
l2hSize :makeimage4424:301.79303pt::0.0pt::349.0pt.
[29


]
File: minosco3.eps Graphic file (type eps)
<minosco3.eps>
l2hSize :makeimage4431:310.12476pt::0.0pt::349.0pt.
[30


]
l2hSize :tex2html_wrap_inline4731:9.62923pt::9.62923pt::73.14766pt.
[31


]
l2hSize :tex2html_wrap_inline4733:8.7125pt::8.7125pt::79.78304pt.
[32


] (images.aux) ) 
Here is how much of TeX's memory you used:
 1850 strings out of 10917
 21440 string characters out of 72079
 73453 words of memory out of 263001
 4749 multiletter control sequences out of 10000+0
 8080 words of font info for 29 fonts, out of 200000 for 1000
 14 hyphenation exceptions out of 1000
 32i,10n,23p,272b,221s stack positions out of 300i,100n,500p,30000b,4000s

Output written on images.dvi (32 pages, 8824 bytes).
