This is TeX, C Version 3.141 (format=lplain 92.10.8)  22 AUG 1994 12:58
**hboomain
(hboomain.tex
LaTeX Version 2.09 <25 March 1992>
(cernman.sty
Style-Option: `cernman' v3.11  <94/03/24> (M.G.)
(/usr/local/lib/tex/macros/report.sty
Standard Document Style `report' <14 Jan 92>.
(/usr/local/lib/tex/macros/rep11.sty)
\descriptionmargin=\dimen99
\c@part=\count79
\c@chapter=\count80
\c@section=\count81
\c@subsection=\count82
\c@subsubsection=\count83
\c@paragraph=\count84
\c@subparagraph=\count85
\c@figure=\count86
\c@table=\count87
 (/usr/local/lib/tex/macros/titlepag.sty
Document Style Option `titlepage' -- Released 16 June 1991.
)) (/usr/local/lib/tex/macros/array.sty
Style-Option: `array' v2.1b  <92/07/06> (F.M.)
English documentation dated  <92/07/18> (F.M.)
\col@sep=\dimen100
\extrarowheight=\dimen101
\NC@list=\toks14
) (/usr/local/lib/tex/macros/subfigure.sty
\c@subfigure=\count88
\@subfigtemp=\count89
)
(/usr/local/lib/tex/macros/subeqnarray.sty
Documentstyle option `subeqnarray' V1.1; Released 22 December 1988
\c@subequation=\count90
) (/usr/local/lib/tex/macros/subeqn.sty
\@stequation=\toks15
)
(/usr/local/lib/tex/macros/fontcmds.sty)
(/usr/local/lib/tex/macros/varioref.sty
\vr@cnt=\count91
)
\c@cOL=\count92
\Length=\dimen102

(/usr/local/lib/tex/macros/verbatim.sty
Style-Option: `verbatim' v1.4d <91/04/24> (RmS)
English Documentation          <91/04/24> (RmS)
\every@verbatim=\toks16
\verbatim@line=\toks17
) (/usr/local/lib/tex/macros/moreverb.sty
\verbatim@out=\write3
\tab@position=\count93
\tab@size=\count94
\verbatimtabsize=\count95
\listing@line=\count96
\listing@step=\count97
\verbtab@in=\read1
))
(/usr/local/lib/tex/macros/longtable.sty
Style-Option: `longtable' v3.04  <92/10/12> (D.P.C.)
English documentation dated  <92/10/12> (D.P.C.)
\LTleft=\skip41
\LTright=\skip42
\LTpre=\skip43
\LTpost=\skip44
\LTchunksize=\count98
\LTcapwidth=\dimen103
\LT@head=\box25
\LT@firsthead=\box26
\LT@foot=\box27
\LT@lastfoot=\box28
\LT@cols=\count99
\LT@rows=\count100
\c@LT@tables=\count101
\LT@p@ftn=\toks18
)
(/usr/local/lib/tex/macros/epsfig.sty
Document style option `epsfig', v1.18 <17.9.93> (edited by SPQR)
\EPS@Height=\count102
\EPS@Width=\count103
\EPS@xscale=\count104
\EPS@yscale=\count105
\ps@dimcent=\dimen104
(/usr/local/lib/tex/macros/epsf.tex
\epsffilein=\read2
\epsfxsize=\dimen105
\epsfysize=\dimen106
\epsftsize=\dimen107
\epsfrsize=\dimen108
\epsftmp=\dimen109
\pspoints=\dimen110
)
\p@intvaluex=\dimen111
\p@intvaluey=\dimen112
) (/usr/local/lib/tex/macros/changebar.sty
Document style option `changebar', v1.18 <17.9.93>
\cb@nextpoint=\count106
\cb@currentpoint=\count107
\cb@page=\count108
\cb@pagecount=\count109
\cb@odd=\dimen113
\cb@even=\dimen114
\changebarwidth=\skip45
\deletebarwidth=\skip46
\changebarsep=\skip47
\c@changebargrey=\count110
\cb@write=\write4
\cb@read=\read3
) (/usr/local/lib/tex/macros/makeidx.sty
Document style option `makeidx' - released 21 Oct 91
)
***
\setlongtables is in force.
If you have edited the file since the last LaTeX run
incorrect column widths, or even errors may be produced.
***
\@indexfile=\write5
Writing index file hboomain.idx 
*** Defining fonts for PostScript Times family at scale 1
Default roman typeface now times
\mathtt@group=\mathgroup5
\mathbf@group=\mathgroup6
(hboomain.aux (hbofront.aux) (hbookch1.aux) (hbookch2.aux) (hbookch3.aux)
(hbookch4.aux) (hbookch5.aux) (hbookch6.aux) (hbookch7.aux) (hbookch8.aux)
(hbookch9.aux) (hbooch10.aux)) (hbofront.tex
</usr/local/lib/tex/ps/cern15.eps>
[0


]
Underfull \hbox (badness 10000) in paragraph at lines 93--96


\hbox(0.0+0.0)x455.24408
.\glue(\rightskip) 0.0

[1] [1] (hboomain.toc [2] [3] [4])
\tf@toc=\write6
 (hboomain.lof)
\tf@lof=\write7
 (hboomain.lot)
\tf@lot=\write8
) [5]
(hbookch1.tex
Chapter 1.
[1



] [2] [3] [4] [5] [6] [7]
<hbbatch.eps>

Overfull \hbox (2.35593pt too wide) in paragraph at lines 703--703
[]      \Localfont 10            -------I                                      
                                           I-II--[] 

\hbox(2.0625+0.05444)x225.34358
.\hbox(0.0+0.0)x0.0
.\penalty 10000
.\glue 1.98
.\penalty 10000
.\glue 1.98
.etc.


Overfull \hbox (2.35593pt too wide) in paragraph at lines 705--705
[]\Localfont CHANNELS 100   0                                                  
                                                1[] 

\hbox(2.0625+0.06764)x225.34358
.\hbox(0.0+0.0)x0.0
.\Localfont C
.\Localfont H
.\Localfont A
.\Localfont N
.etc.


Overfull \hbox (2.35593pt too wide) in paragraph at lines 706--706
[]          \Localfont 10   0        1         2         3         4         5 
        6         7         8         9         0[] 

\hbox(2.0625+0.05444)x225.34358
.\hbox(0.0+0.0)x0.0
.\penalty 10000
.\glue 1.98
.\penalty 10000
.\glue 1.98
.etc.


Overfull \hbox (2.35593pt too wide) in paragraph at lines 707--707
[]           \Localfont 1   123456789012345678901234567890123456789012345678901
2345678901234567890123456789012345678901234567890[] 

\hbox(2.0625+0.05444)x225.34358
.\hbox(0.0+0.0)x0.0
.\penalty 10000
.\glue 1.98
.\penalty 10000
.\glue 1.98
.etc.


Overfull \hbox (2.35593pt too wide) in paragraph at lines 711--711
[]           \Localfont 1.       2234505503848442823060194738307766067499444515
7562761227948358021717653142735611669210337304276[] 

\hbox(2.0625+0.05444)x225.34358
.\hbox(0.0+0.0)x0.0
.\penalty 10000
.\glue 1.98
.\penalty 10000
.\glue 1.98
.etc.


Overfull \hbox (2.35593pt too wide) in paragraph at lines 713--713
[]\Localfont LOW-EDGE   1.            11111111112222222222333333333344444444445
5555555556666666666777777777788888888889999999999[] 

\hbox(2.0625+0.05444)x225.34358
.\hbox(0.0+0.0)x0.0
.\Localfont L
.\Localfont O
.\Localfont W
.\Localfont -
.etc.


Overfull \hbox (2.35593pt too wide) in paragraph at lines 714--714
[]\Localfont *10**  1   0   012345678901234567890123456789012345678901234567890
1234567890123456789012345678901234567890123456789[] 

\hbox(2.0625+0.05444)x225.34358
.\hbox(0.0+0.0)x0.0
.\Localfont *
.\Localfont 1
.\Localfont 0
.\Localfont *
.etc.


Overfull \hbox (2.35593pt too wide) in paragraph at lines 729--729
[]           \Localfont *******************************************************
*************************************************[] 

\hbox(1.96184+0.0)x225.34358
.\hbox(0.0+0.0)x0.0
.\penalty 10000
.\glue 1.98
.\penalty 10000
.\glue 1.98
.etc.


Overfull \hbox (10.27591pt too wide) in paragraph at lines 730--730
[]  \Localfont OVE      *                                                      
                                                * OVE[] 

\hbox(1.96184+0.05444)x225.34358
.\hbox(0.0+0.0)x0.0
.\penalty 10000
.\glue 1.98
.\penalty 10000
.\glue 1.98
.etc.


Overfull \hbox (10.27591pt too wide) in paragraph at lines 731--731
[]     \Localfont .975  *                                                      
                                                *  40[] 

\hbox(2.0625+0.05444)x225.34358
.\hbox(0.0+0.0)x0.0
.\penalty 10000
.\glue 1.98
.\penalty 10000
.\glue 1.98
.etc.


Overfull \hbox (10.27591pt too wide) in paragraph at lines 732--732
[]     \Localfont .95   *                  ++   2   2 2++  +3 +   ++     +  +  
   2+         3 2  + 2++++       + 2    +       *  39[] 

\hbox(2.0625+0.05444)x225.34358
.\hbox(0.0+0.0)x0.0
.\penalty 10000
.\glue 1.98
.\penalty 10000
.\glue 1.98
.etc.


Overfull \hbox (10.27591pt too wide) in paragraph at lines 733--733
[]     \Localfont .925  *           +   +    2  ++ 32+++ +22  22+    +++    +  
     + +    +  22+2+++ +2++   + + +             *  38[] 

\hbox(2.0625+0.05444)x225.34358
.\hbox(0.0+0.0)x0.0
.\penalty 10000
.\glue 1.98
.\penalty 10000
.\glue 1.98
.etc.


Overfull \hbox (10.27591pt too wide) in paragraph at lines 734--734
[]     \Localfont .9    *                   223 +3+ +3 3++333223  +2  2     +  
+    ++2+ +    232+322 2+++  +24+      +        *  37[] 

\hbox(2.0625+0.05444)x225.34358
.\hbox(0.0+0.0)x0.0
.\penalty 10000
.\glue 1.98
.\penalty 10000
.\glue 1.98
.etc.


Overfull \hbox (10.27591pt too wide) in paragraph at lines 735--735
[]     \Localfont .875  *           +   ++ +2++++ 342533 443224++2 2  +   +  ++
23  +  +42+3222233+++3+++2 22+ ++   + + +       *  36[] 

\hbox(2.0625+0.05444)x225.34358
.\hbox(0.0+0.0)x0.0
.\penalty 10000
.\glue 1.98
.\penalty 10000
.\glue 1.98
.etc.


Overfull \hbox (10.27591pt too wide) in paragraph at lines 736--736
[]     \Localfont .85   *               ++  + 5+35+3333483475 65+2+ + ++  +    
+33+3 +2 +2335222+235 522 24+   ++    2         *  35[] 

\hbox(2.0625+0.05444)x225.34358
.\hbox(0.0+0.0)x0.0
.\penalty 10000
.\glue 1.98
.\penalty 10000
.\glue 1.98
.etc.


Overfull \hbox (10.27591pt too wide) in paragraph at lines 737--737
[]     \Localfont .825  *                ++  2+2 558335876736583+ 2 +2+ + +   3
   224+533623+35252+54 32+452++3 332 +++++      *  34[] 

\hbox(2.0625+0.05444)x225.34358
.\hbox(0.0+0.0)x0.0
.\penalty 10000
.\glue 1.98
.\penalty 10000
.\glue 1.98
.etc.


Overfull \hbox (10.27591pt too wide) in paragraph at lines 738--738
[]     \Localfont .8    *            ++   + 532 656562546C8A88936324332+ +2+23 
+332+2236433657234455556+4635+222 +23 +3  +     *  33[] 

\hbox(2.0625+0.05444)x225.34358
.\hbox(0.0+0.0)x0.0
.\penalty 10000
.\glue 1.98
.\penalty 10000
.\glue 1.98
.etc.


Overfull \hbox (10.27591pt too wide) in paragraph at lines 739--739
[]     \Localfont .775  *               +2  33 375B7274C6A66A782+323++2+23  +5+
+3+5222256768365258276374+86334+ 32    +++ +    *  32[] 

\hbox(2.0625+0.05444)x225.34358
.\hbox(0.0+0.0)x0.0
.\penalty 10000
.\glue 1.98
.\penalty 10000
.\glue 1.98
.etc.


Overfull \hbox (10.27591pt too wide) in paragraph at lines 740--740
[]     \Localfont .75   *            + 2+ 2 45523786A79FB98B6AD4855224+  + ++23
323+5755552468283746644543 443324 5223++  2     *  31[] 

\hbox(2.0625+0.05444)x225.34358
.\hbox(0.0+0.0)x0.0
.\penalty 10000
.\glue 1.98
.\penalty 10000
.\glue 1.98
.etc.


Overfull \hbox (10.27591pt too wide) in paragraph at lines 741--741
[]     \Localfont .725  *            + ++4+22+637A785B8BBBA6B4656922++ 2 23 24 
2+5464+435552843286C6246623636+3+ 2 3 2  3+2    *  30[] 

\hbox(2.0625+0.05444)x225.34358
.\hbox(0.0+0.0)x0.0
.\penalty 10000
.\glue 1.98
.\penalty 10000
.\glue 1.98
.etc.


Overfull \hbox (10.27591pt too wide) in paragraph at lines 742--742
[]     \Localfont .7    *       +      22 +2 735ABCA89G8C8A6DA5765+3+322  2+2++
52234445475+355864768724+B74632+23 +3   3+   +  *  29[] 

\hbox(2.0625+0.05444)x225.34358
.\hbox(0.0+0.0)x0.0
.\penalty 10000
.\glue 1.98
.\penalty 10000
.\glue 1.98
.etc.


Overfull \hbox (10.27591pt too wide) in paragraph at lines 743--743
[]     \Localfont .675  *              23 +4+3364HBBAFCFCBB98945C7933++ 2 5+3 +
4225243752 75787896C367+475443+32242422 2 +     *  28[] 

\hbox(2.0625+0.05444)x225.34358
.\hbox(0.0+0.0)x0.0
.\penalty 10000
.\glue 1.98
.\penalty 10000
.\glue 1.98
.etc.


Overfull \hbox (10.27591pt too wide) in paragraph at lines 744--744
[]     \Localfont .65   *           + + ++5+3795498GAC96CB9A79E6645 34 3+3  ++2
4537234424532777657445+4746235+2+3++  4+2 2     *  27[] 

\hbox(2.0625+0.05444)x225.34358
.\hbox(0.0+0.0)x0.0
.\penalty 10000
.\glue 1.98
.\penalty 10000
.\glue 1.98
.etc.


Overfull \hbox (10.27591pt too wide) in paragraph at lines 745--745
[]     \Localfont .625  *           +     3 647774A9CE67G99BAB6B233233 4+ 2 322
 42 44364+657735+735736733+4+23234 +++++2  +    *  26[] 

\hbox(2.0625+0.05444)x225.34358
.\hbox(0.0+0.0)x0.0
.\penalty 10000
.\glue 1.98
.\penalty 10000
.\glue 1.98
.etc.


Overfull \hbox (10.27591pt too wide) in paragraph at lines 746--746
[]     \Localfont .6    *            + ++3+342233874B8C966896565+5242+5 +2+++++
2+5225+42544535456A265357253+2222+ 2+2++ +  +2  *  25[] 

\hbox(2.0625+0.05444)x225.34358
.\hbox(0.0+0.0)x0.0
.\penalty 10000
.\glue 1.98
.\penalty 10000
.\glue 1.98
.etc.


Overfull \hbox (10.27591pt too wide) in paragraph at lines 747--747
[]     \Localfont .575  *           ++  +  +5 74535525677984573453422 +2   ++ 2
  +++4+2 3526525235+4243342+32+  23 2+          *  24[] 

\hbox(2.0625+0.05444)x225.34358
.\hbox(0.0+0.0)x0.0
.\penalty 10000
.\glue 1.98
.\penalty 10000
.\glue 1.98
.etc.


Overfull \hbox (10.27591pt too wide) in paragraph at lines 748--748
[]     \Localfont .55   *               ++ +226+584568349865+433 +2222 +      +
+ +4444352326542332823+444332 +2 2 + +          *  23[] 

\hbox(2.0625+0.05444)x225.34358
.\hbox(0.0+0.0)x0.0
.\penalty 10000
.\glue 1.98
.\penalty 10000
.\glue 1.98
.etc.


Overfull \hbox (10.27591pt too wide) in paragraph at lines 749--749
[]     \Localfont .525  *                 ++++2+65436+3A753535+22+++2+++  ++ + 
++2  +2 ++4++2+ 224224+32 2+ ++++ 2      +      *  22[] 

\hbox(2.0625+0.05444)x225.34358
.\hbox(0.0+0.0)x0.0
.\penalty 10000
.\glue 1.98
.\penalty 10000
.\glue 1.98
.etc.


Overfull \hbox (10.27591pt too wide) in paragraph at lines 750--750
[]     \Localfont .5    *                 22  4+23+6425 84543+++42 +2     +++2 
 2 + 2+2+ 3+ 24++2334223+ 223  +2   +       +   *  21[] 

\hbox(2.0625+0.05444)x225.34358
.\hbox(0.0+0.0)x0.0
.\penalty 10000
.\glue 1.98
.\penalty 10000
.\glue 1.98
.etc.


Overfull \hbox (10.27591pt too wide) in paragraph at lines 751--751
[]     \Localfont .475  *         +             +5334+7333+22  ++2+ +  3+      
2 +4 +32  2 222+2 + 33++ 222 +  +3++     +      *  20[] 

\hbox(2.0625+0.05444)x225.34358
.\hbox(0.0+0.0)x0.0
.\penalty 10000
.\glue 1.98
.\penalty 10000
.\glue 1.98
.etc.


Overfull \hbox (10.27591pt too wide) in paragraph at lines 752--752
[]     \Localfont .45   *                  +  433244397 2++23232+ 24 +2        
++  ++2+ 2+ +2+33  ++4 +3 ++2+3    +  +         *  19[] 

\hbox(2.0625+0.05444)x225.34358
.\hbox(0.0+0.0)x0.0
.\penalty 10000
.\glue 1.98
.\penalty 10000
.\glue 1.98
.etc.


Overfull \hbox (10.27591pt too wide) in paragraph at lines 753--753
[]     \Localfont .425  *           +  ++ 2+ 22+24636432646+5+322 4 +++ + 2++  
++ +22+533+3++3+  +432 +322++2+     2+  ++ +    *  18[] 

\hbox(2.0625+0.05444)x225.34358
.\hbox(0.0+0.0)x0.0
.\penalty 10000
.\glue 1.98
.\penalty 10000
.\glue 1.98
.etc.


Overfull \hbox (10.27591pt too wide) in paragraph at lines 754--754
[]     \Localfont .4    *                +++3237549588A9725H724545++33+33 + + 2
 24  4 +A4633 39 25636343322+82++ ++ + +2+  +   *  17[] 

\hbox(2.0625+0.05444)x225.34358
.\hbox(0.0+0.0)x0.0
.\penalty 10000
.\glue 1.98
.\penalty 10000
.\glue 1.98
.etc.


Overfull \hbox (10.27591pt too wide) in paragraph at lines 755--755
[]     \Localfont .375  *              +++3+374879CCCADLD48996CE54365232 +2+234
2347+563264636547B47925542444434+2+322 2+  +2   *  16[] 

\hbox(2.0625+0.05444)x225.34358
.\hbox(0.0+0.0)x0.0
.\penalty 10000
.\glue 1.98
.\penalty 10000
.\glue 1.98
.etc.


Overfull \hbox (10.27591pt too wide) in paragraph at lines 756--756
[]     \Localfont .35   *            +++ +4637549EC87D8IHDICI9B754655432++23233
+2554368886H68B9667889677A635C+4+223333+22  +   *  15[] 

\hbox(2.0625+0.05444)x225.34358
.\hbox(0.0+0.0)x0.0
.\penalty 10000
.\glue 1.98
.\penalty 10000
.\glue 1.98
.etc.


Overfull \hbox (10.27591pt too wide) in paragraph at lines 757--757
[]     \Localfont .325  *        +  ++++ 2445949CHHDFNHJRHIHKLDD5DC3545422233 2
4564875549A8E7899B4F4BC3CA7E597842+67242+++++   *  14[] 

\hbox(2.0625+0.05444)x225.34358
.\hbox(0.0+0.0)x0.0
.\penalty 10000
.\glue 1.98
.\penalty 10000
.\glue 1.98
.etc.


Overfull \hbox (10.27591pt too wide) in paragraph at lines 758--758
[]     \Localfont .3    *          ++++++2667889EDFEHULQHI*IKFIFA878666336+6+48
526B79777BCCEBBAEEED58E96997A4674763463++++ 2+  *  13[] 

\hbox(2.0625+0.4554)x225.34358
.\hbox(0.0+0.0)x0.0
.\penalty 10000
.\glue 1.98
.\penalty 10000
.\glue 1.98
.etc.


Overfull \hbox (10.27591pt too wide) in paragraph at lines 759--759
[]     \Localfont .275  *        +  ++++ 3546898BEMPNIURPH*NOECDC8958E442+3542+
68554B37466AAGCEEACAC7A476599962365 343++2 +2   *  12[] 

\hbox(2.0625+0.05444)x225.34358
.\hbox(0.0+0.0)x0.0
.\penalty 10000
.\glue 1.98
.\penalty 10000
.\glue 1.98
.etc.


Overfull \hbox (10.27591pt too wide) in paragraph at lines 760--760
[]     \Localfont .25   *        +     2344658A9DAJPLDENQGDHJEEBAA93 +3225322+4
259A576784DA9B98B56A85CD859797A5843523223+ 22   *  11[] 

\hbox(2.0625+0.4554)x225.34358
.\hbox(0.0+0.0)x0.0
.\penalty 10000
.\glue 1.98
.\penalty 10000
.\glue 1.98
.etc.


Overfull \hbox (10.27591pt too wide) in paragraph at lines 761--761
[]     \Localfont .225  *               3 256778BA6CEJGIEAICGCHA4A242+43+++5242
7545466927A78866BB66795655763454656  2 3 +++    *  10[] 

\hbox(2.0625+0.05444)x225.34358
.\hbox(0.0+0.0)x0.0
.\penalty 10000
.\glue 1.98
.\penalty 10000
.\glue 1.98
.etc.


Overfull \hbox (10.27591pt too wide) in paragraph at lines 762--762
[]     \Localfont .2    *                +2++4357A69BC88AAFAA5665432+434 +++ ++
++343233668554584442CA7664745+4++34+++2 + +++   *   9[] 

\hbox(2.0625+0.05444)x225.34358
.\hbox(0.0+0.0)x0.0
.\penalty 10000
.\glue 1.98
.\penalty 10000
.\glue 1.98
.etc.


Overfull \hbox (10.27591pt too wide) in paragraph at lines 763--763
[]     \Localfont .175  *                 + 3  3436344766755264526++3 2+ + ++ +
42  22 2+32345++353562 34 33+++4 +3 +++  +      *   8[] 

\hbox(2.0625+0.05444)x225.34358
.\hbox(0.0+0.0)x0.0
.\penalty 10000
.\glue 1.98
.\penalty 10000
.\glue 1.98
.etc.


Overfull \hbox (10.27591pt too wide) in paragraph at lines 764--764
[]     \Localfont .15   *                  2+ + +3+44+262542+4225 232 ++++   22
2 + 2+  +23+242 32+222 2++342 22    22+ 2  +    *   7[] 

\hbox(2.0625+0.05444)x225.34358
.\hbox(0.0+0.0)x0.0
.\penalty 10000
.\glue 1.98
.\penalty 10000
.\glue 1.98
.etc.


Overfull \hbox (10.27591pt too wide) in paragraph at lines 765--765
[]     \Localfont .125  *              +   +2  +++22+32+ 3+++2                 
   +  +42 +  2+ +   +  2+       + + ++          *   6[] 

\hbox(2.0625+0.05444)x225.34358
.\hbox(0.0+0.0)x0.0
.\penalty 10000
.\glue 1.98
.\penalty 10000
.\glue 1.98
.etc.


Overfull \hbox (10.27591pt too wide) in paragraph at lines 766--766
[]     \Localfont .1    *                           +  +   + +2+     ++        
     +    +2+    +        ++    +++ +           *   5[] 

\hbox(2.0625+0.05444)x225.34358
.\hbox(0.0+0.0)x0.0
.\penalty 10000
.\glue 1.98
.\penalty 10000
.\glue 1.98
.etc.


Overfull \hbox (10.27591pt too wide) in paragraph at lines 767--767
[]     \Localfont .075  *                       + 2  +     +                   
       +                               +        *   4[] 

\hbox(2.0625+0.05444)x225.34358
.\hbox(0.0+0.0)x0.0
.\penalty 10000
.\glue 1.98
.\penalty 10000
.\glue 1.98
.etc.


Overfull \hbox (10.27591pt too wide) in paragraph at lines 768--768
[]     \Localfont .05   *                                      +               
                                                *   3[] 

\hbox(2.0625+0.05444)x225.34358
.\hbox(0.0+0.0)x0.0
.\penalty 10000
.\glue 1.98
.\penalty 10000
.\glue 1.98
.etc.


Overfull \hbox (10.27591pt too wide) in paragraph at lines 769--769
[]     \Localfont .025  *                                                      
                   +                            *   2[] 

\hbox(2.0625+0.05444)x225.34358
.\hbox(0.0+0.0)x0.0
.\penalty 10000
.\glue 1.98
.\penalty 10000
.\glue 1.98
.etc.


Overfull \hbox (10.27591pt too wide) in paragraph at lines 770--770
[]           \Localfont *                                                      
                                                *   1[] 

\hbox(2.0625+0.0)x225.34358
.\hbox(0.0+0.0)x0.0
.\penalty 10000
.\glue 1.98
.\penalty 10000
.\glue 1.98
.etc.


Overfull \hbox (10.27591pt too wide) in paragraph at lines 771--771
[]  \Localfont UND      *                                                      
                                                * UND[] 

\hbox(1.96184+0.05444)x225.34358
.\hbox(0.0+0.0)x0.0
.\penalty 10000
.\glue 1.98
.\penalty 10000
.\glue 1.98
.etc.


Overfull \hbox (2.35593pt too wide) in paragraph at lines 772--772
[]           \Localfont *******************************************************
*************************************************[] 

\hbox(1.96184+0.0)x225.34358
.\hbox(0.0+0.0)x0.0
.\penalty 10000
.\glue 1.98
.\penalty 10000
.\glue 1.98
.etc.

LaTeX Warning: Float larger than \textheight on input line 785.
[8] [9]
Overfull \hbox (8.25383pt too wide) in paragraph at lines 956--956
[]\cmtt/m/n/6 * ENTRIES =    10000            PLOT         -------I--------I---
----[] 

\hbox(3.66666+0.0)x211.68683
.\hbox(0.0+0.0)x0.0
.\cmtt/m/n/6 *
.\penalty 10000
.\glue 3.18755
.\cmtt/m/n/6 E
.etc.


Overfull \hbox (1.87874pt too wide) in paragraph at lines 957--957
[]\cmtt/m/n/6 * SATURATION  AT=          255                  12  I  9936  I   
19[] 

\hbox(3.66666+0.0)x211.68683
.\hbox(0.0+0.0)x0.0
.\cmtt/m/n/6 *
.\penalty 10000
.\glue 3.18755
.\cmtt/m/n/6 S
.etc.


Overfull \hbox (8.25383pt too wide) in paragraph at lines 958--958
[]\cmtt/m/n/6 * SCALE  .,+,2,3,.,., A,B,      STATISTICS   -------I--------I---
----[] 

\hbox(3.66666+0.83333)x211.68683
.\hbox(0.0+0.0)x0.0
.\cmtt/m/n/6 *
.\penalty 10000
.\glue 3.18755
.\cmtt/m/n/6 S
.etc.

[10

] [11] [12]
<hbookc11.eps>
) [13] (hbookch2.tex
Chapter 2.
[14



] [15]) [16] (hbookch3.tex
Chapter 3.
<rwn.eps>
<cwn.eps>
[17



] [18] [19

] [20] [21] [22] [23] [24] [25] [26] [27] [28] [29] [30] [31]
[32] [33] [34] [35] [36] [37] [38] [39] [40] [41] [42] [43] [44] [45] [46]
[47]) [48] (hbookch4.tex
Chapter 4.
[49



] [50] [51] [52]
Overfull \hbox (10.39964pt too wide) in paragraph at lines 335--335
 [] []      \cmtt/m/n/11 COMMON/PAWC/NWPAW,IXPAWC,IHDIV,IXHIGZ,IXKU,FENC(5),LMA
IN,HCV(9989)[] 

\hbox(7.60416+1.52081)x455.24408
.\glue(\leftskip) 51.7382
.\hbox(0.0+0.0)x0.0
.\glue 0.0
.\hbox(0.0+0.0)x0.0
..\glue 0.0
..\glue 0.0
..\glue 0.0
..\hbox(0.0+0.0)x0.0
..\glue 0.0
.\penalty 0
.etc.

[53] [54] [55] [56] [57] [58] [59]
<hlabel.eps>
[60] [61] [62

] [63] [64] [65] [66] [67] [68] [69] [70] [71] [72] [73] [74]
[75] [76] [77

] [78] [79] [80] [81] [82] [83] [84] [85] [86]) [87]
(hbookch5.tex
Chapter 5.
[88



] [89]
Underfull \hbox (badness 10000) detected at line 186
[][] \times/m/n/11 and []

\hbox(10.84053+4.43471)x455.24408
.\hbox(10.84053+4.43471)x0.0
..\rule(10.84053+4.43471)x0.0
.\hbox(7.60416+1.52081)x119.599
..\hbox(7.60416+1.52081)x119.599
...\glue 10.95
...\cmtt/m/n/11 V
...\cmtt/m/n/11 A
...\cmtt/m/n/11 R
...\cmtt/m/n/11 I
...etc.
.\glue 10.95
.\times/m/n/11 a
.\times/m/n/11 n
.etc.


Underfull \hbox (badness 10000) detected at line 207
[][] \times/m/n/11 and []

\hbox(10.84053+4.43471)x455.24408
.\hbox(10.84053+4.43471)x0.0
..\rule(10.84053+4.43471)x0.0
.\hbox(7.60416+1.52081)x122.929
..\hbox(7.60416+1.52081)x122.929
...\glue 10.95
...\cmtt/m/n/11 V
...\cmtt/m/n/11 A
...\cmtt/m/n/11 R
...\cmtt/m/n/11 I
...etc.
.\glue 10.95
.\times/m/n/11 a
.\times/m/n/11 n
.etc.

[90] [91] [92]
Underfull \hbox (badness 10000) detected at line 356
[][] \times/m/n/11 and []

\hbox(10.84053+4.43471)x455.24408
.\hbox(10.84053+4.43471)x0.0
..\rule(10.84053+4.43471)x0.0
.\hbox(7.60416+0.91246)x128.09163
..\hbox(7.60416+0.91246)x128.09163
...\glue 10.95
...\cmtt/m/n/11 V
...\cmtt/m/n/11 A
...\cmtt/m/n/11 R
...\cmtt/m/n/11 I
...etc.
.\glue 10.95
.\times/m/n/11 a
.\times/m/n/11 n
.etc.

[93] [94]) [95] (hbookch6.tex
Chapter 6.
[96



] [97] [98] [99] [100]
Warning: Font/shape `cmtt/bx/n ' undefined on input line 451.
Warning: Using `cmtt/m/n' instead on input line 451.
[101] [102] [103] [104]) [105] (hbookch7.tex
Chapter 7.
[106



] [107] [108]
Underfull \hbox (badness 10000) in paragraph at lines 265--265
[]|\cmtt/m/n/11 (N,NDIM,NVAR,X,Y,EY,FUN,CHOPT,NP,*PAR*,STEP,PMIN,PMAX,SIGPAR*,

\hbox(11.51996+1.52081)x359.88065
.\hbox(0.0+0.0)x0.0
.\rule(11.51996+*)x0.0
.\cmtt/m/n/11 (
.\cmtt/m/n/11 N
.\cmtt/m/n/11 ,
.etc.

[109] [110] [111] [112] [113] [114] [115] [116] [117]
Overfull \hbox (7.76048pt too wide) in paragraph at lines 960--965
[]\times/m/n/11 Use \cmtt/bx/n/11 HFITHN[] \times/m/n/11 in-stead as \cmtt/bx/n
/11 CALL HFITHN(ID,'Pn',' ',NP,PAR,STEP,PMIN,PMAX,SIGPAR,CHI2)\times/m/n/11 , w
here

\hbox(7.60416+1.52751)x455.24408, glue set - 1.0
.\hbox(0.0+0.0)x0.0
.\times/m/n/11 U
.\times/m/n/11 s
.\times/m/n/11 e
.\glue 2.73749 plus 2.18999 minus 1.095
.etc.

[118] [119] [120] [121]
Underfull \vbox (badness 10000) has occurred while \output is active
\vbox(630.0+0.0)x455.24408
.\glue(\topskip) 3.63066
.\hbox(7.36934+2.36519)x409.25455, glue set 170.79695fil, shifted 45.98953
..\hbox(0.0+0.0)x0.0
..\glue 0.0
..\hbox(6.69167+0.0)x0.0
...\glue 0.0
...\glue -22.99477
...\glue 0.0
...\hbox(6.69167+0.0)x22.99477, glue set 17.24608fil []
...\glue 0.0
..\penalty 0
..\times/m/n/11 M
..etc.
.\penalty -51
.\glue 1.0
.\glue(\parskip) 0.0
.etc.

 [122]
[123] [124] [125]
Underfull \hbox (badness 10000) in paragraph at lines 1563--1563
[]|\cmtt/bx/n/11 (ID,CHOPT,MODE,SENSIT,SMOOTH,NSIG*,CHISQ*,NDF*,FMIN*,FMAX*,

\hbox(11.51996+1.52081)x355.03065
.\hbox(0.0+0.0)x0.0
.\rule(11.51996+*)x0.0
.\cmtt/bx/n/11 (
.\cmtt/bx/n/11 I
.\cmtt/bx/n/11 D
.etc.

[126] [127] [128] [129] [130] [131] [132] [133]
Underfull \hbox (badness 10000) in paragraph at lines 2082--2082
[]|\cmtt/bx/n/11 (IDD,IDM,IDW,NSRC,CHOPT,IFIX,FRAC,FLIM,START,

\hbox(11.51996+1.52081)x344.33064
.\hbox(0.0+0.0)x0.0
.\rule(11.51996+*)x0.0
.\cmtt/bx/n/11 (
.\cmtt/bx/n/11 I
.\cmtt/bx/n/11 D
.etc.

[134] [135] [136] [137]
<hmchis.eps>
[138] [139]
Underfull \vbox (badness 10000) has occurred while \output is active
\vbox(630.0+0.0)x455.24408
.\glue(\topskip) 4.75
.\hbox(6.25+1.25)x455.24408, glue set 167.02243fil
..\hbox(0.0+0.0)x0.0
..\penalty 10000
..\glue 4.72495
..\penalty 10000
..\glue 4.72495
..etc.
.\glue(\parskip) 0.0
.\glue(\baselineskip) 5.06252
.\hbox(4.68748+0.0)x455.24408, glue set 450.51913fil
..\hbox(0.0+0.0)x0.0
..\cmtt/m/n/9 *
..\hbox(0.0+0.0)x0.0
..\penalty 10000
..\glue(\parfillskip) 0.0 plus 1.0fil
..etc.
.etc.

 [140]
[141] [142] [143] [144] [145]
Underfull \vbox (badness 10000) has occurred while \output is active
\vbox(630.0+0.0)x455.24408
.\glue(\topskip) 11.0
.\hbox(0.0+0.0)x0.0
.\glue(\baselineskip) 9.5
.\hbox(0.0+0.0)x0.0
.\glue(\parskip) 0.0
.etc.

 [146]
[147] [148] [149] [150] [151]) [152] (hbookch8.tex
Chapter 8.
<pawstor.eps>
[153



]
<hbzebra.eps>
[154] [155] [156] [157] [158] [159] [160] [161] [162] [163]
Warning: Font/shape `times/bx/sc' not available on input line 834.
Warning: Substituting `times/m/sc' instead on input line 834.
[164]
Warning: Font/shape `times/bx/sc' not available on input line 893.
Warning: Substituting `times/m/sc' instead on input line 893.
[165]) [166] (hbookch9.tex
Chapter 9.
[167



] [168]
Overfull \hbox (3.5572pt too wide) in paragraph at lines 168--168
[]\cmtt/bx/n/9 *..............           Create Global section[] 

\hbox(5.49998+0.0)x218.51521
.\hbox(0.0+0.0)x0.0
.\cmtt/bx/n/9 *
.\cmtt/bx/n/9 .
.\cmtt/bx/n/9 .
.\cmtt/bx/n/9 .
.etc.


Overfull \hbox (3.5572pt too wide) in paragraph at lines 169--169
[]      \cmtt/bx/n/9 NPAGES=HCREATEG(GNAME,IPAWC,128*MAXPAGES)[] 

\hbox(6.25+1.25)x218.51521
.\hbox(0.0+0.0)x0.0
.\penalty 10000
.\glue 4.72495
.\penalty 10000
.\glue 4.72495
.etc.


Overfull \hbox (13.0071pt too wide) in paragraph at lines 172--172
[] \cmtt/bx/n/9 1000    FORMAT(' Global Section: ',A,' created')[] 

\hbox(6.25+1.25)x218.51521
.\hbox(0.0+0.0)x0.0
.\penalty 10000
.\glue 4.72495
.\cmtt/bx/n/9 1
.\cmtt/bx/n/9 0
.etc.

<pawglob.eps>

Underfull \hbox (badness 10000) in paragraph at lines 220--222
[]

\hbox(0.0+0.0)x227.62204
.\hbox(0.0+0.0)x0.0
.\glue(\rightskip) 0.0

[169] [170]
<shared.eps>

Underfull \hbox (badness 10000) in paragraph at lines 343--345
[]

\hbox(0.0+0.0)x227.62204
.\hbox(0.0+0.0)x0.0
.\glue(\rightskip) 0.0

[171] [172]
<pawos9.eps>

Underfull \hbox (badness 10000) in paragraph at lines 494--496
[]

\hbox(0.0+0.0)x227.62204
.\hbox(0.0+0.0)x0.0
.\glue(\rightskip) 0.0

) [173] (hbooch10.tex
Chapter 10.

Overfull \hbox (1.57278pt too wide) in alignment at lines 18--22
 [] [] 

\hbox(0.0+0.0)x455.24408
.\glue(\tabskip) 0.0 plus 1.0fill
.\unsetbox(0.0+0.0)x422.3169
.\glue(\tabskip) 0.0
.\unsetbox(0.0+0.0)x34.49997
.\glue(\tabskip) 0.0 plus 1.0fill


Overfull \hbox (1.57278pt too wide) in alignment at lines 22--27
 [] [] 

\hbox(0.0+0.0)x455.24408
.\glue(\tabskip) 0.0 plus 1.0fill
.\unsetbox(0.0+0.0)x422.3169
.\glue(\tabskip) 0.0
.\unsetbox(0.0+0.0)x34.49997
.\glue(\tabskip) 0.0 plus 1.0fill


Overfull \hbox (1.57278pt too wide) in alignment at lines 27--29
 [] [] 

\hbox(0.0+0.0)x455.24408
.\glue(\tabskip) 0.0 plus 1.0fill
.\unsetbox(0.0+0.0)x422.3169
.\glue(\tabskip) 0.0
.\unsetbox(0.0+0.0)x34.49997
.\glue(\tabskip) 0.0 plus 1.0fill


Overfull \hbox (1.57278pt too wide) in alignment at lines 29--71
 [] [] 

\hbox(0.0+0.0)x455.24408
.\glue(\tabskip) 0.0 plus 1.0fill
.\unsetbox(0.0+0.0)x422.3169
.\glue(\tabskip) 0.0
.\unsetbox(0.0+0.0)x34.49997
.\glue(\tabskip) 0.0 plus 1.0fill


Overfull \hbox (1.57278pt too wide) in alignment at lines 71--111
 [] [] 

\hbox(0.0+0.0)x455.24408
.\glue(\tabskip) 0.0 plus 1.0fill
.\unsetbox(0.0+0.0)x422.3169
.\glue(\tabskip) 0.0
.\unsetbox(0.0+0.0)x34.49997
.\glue(\tabskip) 0.0 plus 1.0fill


Underfull \hbox (badness 10000) in paragraph at lines 131--132
[]|\cmtt/bx/n/11 CALL HFITV

\hbox(11.51996+0.0)x409.71689
.\hbox(0.0+0.0)x0.0
.\rule(11.51996+*)x0.0
.\cmtt/bx/n/11 C
.\cmtt/bx/n/11 A
.\cmtt/bx/n/11 L
.etc.


Overfull \hbox (1.57278pt too wide) in alignment at lines 111--151
 [] [] 

\hbox(0.0+0.0)x455.24408
.\glue(\tabskip) 0.0 plus 1.0fill
.\unsetbox(0.0+0.0)x422.3169
.\glue(\tabskip) 0.0
.\unsetbox(0.0+0.0)x34.49997
.\glue(\tabskip) 0.0 plus 1.0fill

[174



]
Overfull \hbox (1.57278pt too wide) in alignment at lines 151--191
 [] [] 

\hbox(0.0+0.0)x455.24408
.\glue(\tabskip) 0.0 plus 1.0fill
.\unsetbox(0.0+0.0)x422.3169
.\glue(\tabskip) 0.0
.\unsetbox(0.0+0.0)x34.49997
.\glue(\tabskip) 0.0 plus 1.0fill


Underfull \hbox (badness 10000) in paragraph at lines 223--224
[]|\cmtt/bx/n/11 CALL HMCMLL

\hbox(11.51996+0.0)x409.71689
.\hbox(0.0+0.0)x0.0
.\rule(11.51996+*)x0.0
.\cmtt/bx/n/11 C
.\cmtt/bx/n/11 A
.\cmtt/bx/n/11 L
.etc.


Overfull \hbox (1.57278pt too wide) in alignment at lines 191--231
 [] [] 

\hbox(0.0+0.0)x455.24408
.\glue(\tabskip) 0.0 plus 1.0fill
.\unsetbox(0.0+0.0)x422.3169
.\glue(\tabskip) 0.0
.\unsetbox(0.0+0.0)x34.49997
.\glue(\tabskip) 0.0 plus 1.0fill

[175]
Overfull \hbox (1.57278pt too wide) in alignment at lines 231--271
 [] [] 

\hbox(0.0+0.0)x455.24408
.\glue(\tabskip) 0.0 plus 1.0fill
.\unsetbox(0.0+0.0)x422.3169
.\glue(\tabskip) 0.0
.\unsetbox(0.0+0.0)x34.49997
.\glue(\tabskip) 0.0 plus 1.0fill


Underfull \hbox (badness 10000) in paragraph at lines 277--278
[]|\cmtt/bx/n/11 CALL HQUAD

\hbox(11.51996+1.52081)x409.71689
.\hbox(0.0+0.0)x0.0
.\rule(11.51996+*)x0.0
.\cmtt/bx/n/11 C
.\cmtt/bx/n/11 A
.\cmtt/bx/n/11 L
.etc.


Overfull \hbox (1.57278pt too wide) in alignment at lines 271--311
 [] [] 

\hbox(0.0+0.0)x455.24408
.\glue(\tabskip) 0.0 plus 1.0fill
.\unsetbox(0.0+0.0)x422.3169
.\glue(\tabskip) 0.0
.\unsetbox(0.0+0.0)x34.49997
.\glue(\tabskip) 0.0 plus 1.0fill

[176]
Overfull \hbox (1.57278pt too wide) in alignment at lines 311--347
 [] [] 

\hbox(0.0+0.0)x455.24408
.\glue(\tabskip) 0.0 plus 1.0fill
.\unsetbox(0.0+0.0)x422.3169
.\glue(\tabskip) 0.0
.\unsetbox(0.0+0.0)x34.49997
.\glue(\tabskip) 0.0 plus 1.0fill

[177]) [178] (hboomain.bbl) (hboomain.ind [179


] [180

] [181] [182] [183]
[184]) (hboomain.aux (hbofront.aux) (hbookch1.aux) (hbookch2.aux)
(hbookch3.aux) (hbookch4.aux) (hbookch5.aux) (hbookch6.aux) (hbookch7.aux)
(hbookch8.aux) (hbookch9.aux) (hbooch10.aux)) ) 
Here is how much of TeX's memory you used:
 1657 strings out of 11620
 16277 string characters out of 73736
 92421 words of memory out of 262141
 3572 multiletter control sequences out of 17000
 30044 words of font info for 90 fonts, out of 120000 for 255
 52 hyphenation exceptions out of 607
 20i,11n,23p,296b,329s stack positions out of 300i,40n,60p,3000b,5000s

Output written on hboomain.dvi (191 pages, 612292 bytes).
