This is TeX, Version 3.14159 (Web2C 7.2) (format=latex 1998.3.26)  19 AUG 1998 15:42
**comimain
(comimain.tex
LaTeX2e <1997/12/01> patch level 2
Babel <v3.6h> and hyphenation patterns for english, french, german, dumylang, n
ohyphenation, loaded.
(cernman.cls
Document Class: cernman 1994/01/10
(/afs/.cern.ch/asis/packages/TeXlive/texmf/tex/latex/base/report.cls
Document Class: report 1997/10/10 v1.3x Standard LaTeX document class
(/afs/.cern.ch/asis/packages/TeXlive/texmf/tex/latex/base/size11.clo
File: size11.clo 1997/10/10 v1.3x Standard LaTeX file (size option)
)
\c@part=\count79
\c@chapter=\count80
\c@section=\count81
\c@subsection=\count82
\c@subsubsection=\count83
\c@paragraph=\count84
\c@subparagraph=\count85
\c@figure=\count86
\c@table=\count87
\abovecaptionskip=\skip41
\belowcaptionskip=\skip42
\bibindent=\dimen102
)
(/afs/.cern.ch/asis/packages/TeXlive/texmf/tex/latex/psnfss/pifont.sty
Package: pifont 1998/01/07 PSNFSS v.7 Pi font support : S Rahtz
LaTeX Font Info:    Try loading font information for U+pzd on input line 59.

(/afs/.cern.ch/asis/packages/TeXlive/texmf/tex/latex/psnfss/upzd.fd
File: upzd.fd 1997/09/30 font definitions for U/pzd.
)
LaTeX Font Info:    Try loading font information for U+psy on input line 60.

(/afs/.cern.ch/asis/packages/TeXlive/texmf/tex/latex/psnfss/upsy.fd
File: upsy.fd 1997/09/30 font definitions for U/psy.
))
(/afs/.cern.ch/asis/packages/TeXlive/texmf/tex/latex/graphics/color.sty
Package: color 1997/09/09 v1.0f Standard LaTeX Color (DPC)

(/afs/.cern.ch/asis/packages/TeXlive/texmf/tex/latex/texlive/color.cfg)
Package color Info: Driver file: dvips.def on input line 129.

(/afs/.cern.ch/asis/packages/TeXlive/texmf/tex/latex/graphics/dvips.def
File: dvips.def 1997/09/09 v3.0e Driver-dependant file (DPC,SPQR)
)
(/afs/.cern.ch/asis/packages/TeXlive/texmf/tex/latex/graphics/dvipsnam.def
File: dvipsnam.def 1997/09/09 v3.0e Driver-dependant file (DPC,SPQR)
))
(/afs/.cern.ch/asis/packages/TeXlive/texmf/tex/latex/tools/array.sty
Package: array 1997/12/19 v2.3i Tabular extension package (FMi)
\col@sep=\dimen103
\extrarowheight=\dimen104
\NC@list=\toks14
\extratabsurround=\skip43
\backup@length=\skip44
)
(/afs/.cern.ch/asis/packages/TeXlive/texmf/tex/latex/tools/tabularx.sty
Package: tabularx 1997/09/18 v2.05 `tabularx' package (DPC)
\TX@col@width=\dimen105
\TX@old@table=\dimen106
\TX@old@col=\dimen107
\TX@target=\dimen108
\TX@delta=\dimen109
\TX@cols=\count88
\TX@ftn=\toks15
)
(/afs/.cern.ch/asis/packages/TeXlive/texmf/tex/latex/tools/verbatim.sty
Package: verbatim 1997/04/30 v1.5k LaTeX2e package for verbatim enhancements
\every@verbatim=\toks16
\verbatim@line=\toks17
\verbatim@in@stream=\read1
)
(/afs/.cern.ch/asis/packages/TeXlive/texmf/tex/latex/graphics/graphicx.sty
Package: graphicx 1997/06/09 v1.0d Enhanced LaTeX Graphics (DPC,SPQR)

(/afs/.cern.ch/asis/packages/TeXlive/texmf/tex/latex/graphics/keyval.sty
Package: keyval 1997/11/10 v1.10 key=value parser (DPC)
\KV@toks@=\toks18
)
(/afs/.cern.ch/asis/packages/TeXlive/texmf/tex/latex/graphics/graphics.sty
Package: graphics 1997/09/09 v1.0f Standard LaTeX Graphics (DPC,SPQR)

(/afs/.cern.ch/asis/packages/TeXlive/texmf/tex/latex/graphics/trig.sty
Package: trig 1994/10/16 v1.08 sin cos tan (DPC)
)
(/afs/.cern.ch/asis/packages/TeXlive/texmf/tex/latex/texlive/graphics.cfg)
Package graphics Info: Driver file: dvips.def on input line 84.
)
\Gin@req@height=\dimen110
\Gin@req@width=\dimen111
)
(/afs/.cern.ch/asis/packages/TeXlive/texmf/tex/latex/graphics/epsfig.sty
Package: epsfig 1996/10/04 v1.7 (e)psfig emulation (SPQR)
\epsfxsize=\dimen112
\epsfysize=\dimen113
)
(/afs/.cern.ch/asis/packages/TeXlive/texmf/tex/latex/tools/varioref.sty
Package: varioref 1997/12/06 v1.1d package for extended references (FMi)
\c@vrcnt=\count89
)
(/afs/.cern.ch/asis/packages/TeXlive/texmf/tex/latex/tools/multicol.sty
Package: multicol 1997/12/16 v1.5p multicolumn formatting (FMi)
\c@tracingmulticols=\count90
\mult@box=\box26
\multicol@leftmargin=\dimen114
\c@unbalance=\count91
\c@collectmore=\count92
\doublecol@number=\count93
\multicoltolerance=\count94
\multicolpretolerance=\count95
\full@width=\dimen115
\page@free=\dimen116
\premulticols=\dimen117
\postmulticols=\dimen118
\multicolsep=\skip45
\multicolbaselineskip=\skip46
\partial@page=\box27
\last@line=\box28
\mult@rightbox=\box29
\mult@grightbox=\box30
\mult@gfirstbox=\box31
\mult@firstbox=\box32
\@tempa=\box33
\@tempa=\box34
\@tempa=\box35
\@tempa=\box36
\@tempa=\box37
\@tempa=\box38
\@tempa=\box39
\@tempa=\box40
\@tempa=\box41
\@tempa=\box42
\@tempa=\box43
\@tempa=\box44
\@tempa=\box45
\@tempa=\box46
\@tempa=\box47
\@tempa=\box48
\@tempa=\box49
\c@columnbadness=\count96
\c@finalcolumnbadness=\count97
\last@try=\dimen119
\multicolovershoot=\dimen120
\multicolundershoot=\dimen121
\mult@nat@firstbox=\box50
)
(/afs/.cern.ch/asis/packages/TeXlive/texmf/tex/latex/misc/here.sty)
(/afs/.cern.ch/asis/packages/TeXlive/texmf/tex/latex/tools/xspace.sty
Package: xspace 1997/10/13 v1.06 Space after command names (DPC)
)
(/afs/.cern.ch/asis/packages/TeXlive/texmf/tex/latex/tools/calc.sty
Package: calc 1998/06/07 v4.1a Infix arithmetic (KKT,FJ)
\calc@Acount=\count98
\calc@Bcount=\count99
\calc@Adimen=\dimen122
\calc@Bdimen=\dimen123
\calc@Askip=\skip47
\calc@Bskip=\skip48
LaTeX Info: Redefining \setlength on input line 51.
LaTeX Info: Redefining \addtolength on input line 52.
\calc@denominator=\count100
)
(/afs/.cern.ch/asis/packages/TeXlive/texmf/tex/latex/base/ifthen.sty
Package: ifthen 1997/11/02 v1.0n Standard LaTeX ifthen package (DPC)
)
(/afs/.cern.ch/asis/packages/TeXlive/texmf/tex/latex/base/makeidx.sty
Package: makeidx 1995/04/19 v1.0j Standard LaTeX package
)
\@DL@itemwidth=\dimen124
\c@cOL=\count101
\mylen=\skip49
\mybox=\box51
\@PAWout=\write3
)
(/afs/.cern.ch/asis/src/TeX/archive/latex2html/texinputs/html.sty
Package: html 1998/06/21 v1.31 hypertext commands for latex2html (nd, hws, rrm)

\c@lpart=\count102
\c@lchapter=\count103
\c@lsection=\count104
\c@lsubsection=\count105
\c@lsubsubsection=\count106
\c@lparagraph=\count107
\c@lsubparagraph=\count108
\c@lsubsubparagraph=\count109
\ptrfile=\write4
)
(/afs/.cern.ch/asis/packages/TeXlive/texmf/tex/latex/base/alltt.sty
Package: alltt 1997/06/16 v2.0g defines alltt environment
)
\@indexfile=\write5
\openout5 = `comimain.idx'.


Writing index file comimain.idx
(comimain.aux (comfront.aux) (comisch1.aux) (comisch2.aux) (comisch3.aux)
(comisch4.aux) (comisch5.aux) (comisap1.aux) (comisap3.aux) (comisap4.aux))
\openout1 = `comimain.aux'.

LaTeX Font Info:    Checking defaults for OML/cmm/m/it on input line 29.
LaTeX Font Info:    ... okay on input line 29.
LaTeX Font Info:    Checking defaults for T1/cmr/m/n on input line 29.
LaTeX Font Info:    ... okay on input line 29.
LaTeX Font Info:    Checking defaults for OT1/cmr/m/n on input line 29.
LaTeX Font Info:    ... okay on input line 29.
LaTeX Font Info:    Checking defaults for OMS/cmsy/m/n on input line 29.
LaTeX Font Info:    ... okay on input line 29.
LaTeX Font Info:    Checking defaults for OMX/cmex/m/n on input line 29.
LaTeX Font Info:    ... okay on input line 29.
LaTeX Font Info:    Checking defaults for U/cmr/m/n on input line 29.
LaTeX Font Info:    ... okay on input line 29.
LaTeX Font Info:    Try loading font information for OT1+ptm on input line 29.

(/afs/.cern.ch/asis/packages/TeXlive/texmf/tex/latex/psnfss/ot1ptm.fd
File: ot1ptm.fd 1997/09/30 Fontinst v1.6 font definitions for OT1/ptm.
)
\openout2 = `comfront.aux'.


(comfront.tex
File: cern15.eps Graphic file (type eps)
 <cern15.eps>
LaTeX Font Info:    Font shape `OT1/ptm/bx/n' in size <14.4> not available
(Font)              Font shape `OT1/ptm/b/n' tried instead on input line 26.
File: cnastit.eps Graphic file (type eps)
 <cnastit.eps> [1

\openout3 = `comimain.KUIP'.


]
LaTeX Font Info:    Font shape `OT1/ptm/bx/n' in size <10.95> not available
(Font)              Font shape `OT1/ptm/b/n' tried instead on input line 103.
LaTeX Font Info:    Try loading font information for OMS+ptm on input line 103.


(/afs/.cern.ch/asis/packages/TeXlive/texmf/tex/latex/psnfss/omsptm.fd
File: omsptm.fd 
)
LaTeX Font Info:    Font shape `OMS/ptm/m/n' in size <10.95> not available
(Font)              Font shape `OMS/cmsy/m/n' tried instead on input line 103.
LaTeX Font Info:    External font `cmex10' loaded for size
(Font)              <10.95> on input line 103.
LaTeX Font Info:    External font `cmex10' loaded for size
(Font)              <8> on input line 103.
LaTeX Font Info:    External font `cmex10' loaded for size
(Font)              <6> on input line 103.

Underfull \hbox (badness 10000) in paragraph at lines 103--117

 []

[2]
LaTeX Font Info:    Font shape `OT1/ptm/bx/n' in size <12> not available
(Font)              Font shape `OT1/ptm/b/n' tried instead on input line 145.
LaTeX Font Info:    External font `cmex10' loaded for size
(Font)              <9> on input line 171.
LaTeX Font Info:    External font `cmex10' loaded for size
(Font)              <5> on input line 171.
 [1] (comimain.toc
LaTeX Font Info:    Font shape `OT1/cmtt/bx/n' in size <10.95> not available
(Font)              Font shape `OT1/cmtt/m/n' tried instead on input line 5.
)
\tf@toc=\write6
\openout6 = `comimain.toc'.

) [2]
\openout2 = `comisch1.aux'.

 (comisch1.tex
Chapter 1.
LaTeX Font Info:    Font shape `OT1/cmtt/bx/n' in size <12> not available
(Font)              Font shape `OT1/cmtt/m/n' tried instead on input line 18.
[1




] [2]) [3]
\openout2 = `comisch2.aux'.

 (comisch2.tex
Chapter 2.
LaTeX Font Info:    Font shape `OT1/cmtt/bx/n' in size <14.4> not available
(Font)              Font shape `OT1/cmtt/m/n' tried instead on input line 14.
[4



] [5] [6] [7] [8] [9]) [10]
\openout2 = `comisch3.aux'.

 (comisch3.tex
Chapter 3.
LaTeX Font Info:    Font shape `OT1/ptm/bx/n' in size <10> not available
(Font)              Font shape `OT1/ptm/b/n' tried instead on input line 25.
[11



] [12] [13]
Overfull \hbox (1.51894pt too wide) in paragraph at lines 256--260
[]\OT1/ptm/m/n/10.95 where ``\OT1/cmtt/m/n/10.95 name\OT1/ptm/m/n/10.95 '' is t
he name of the \OT1/cmtt/m/n/10.95 comis[] \OT1/ptm/m/n/10.95 rou-tine which is
 called; ``\OT1/cmtt/m/n/10.95 (parameters types description)\OT1/ptm/m/n/10.95
 ''
 []

[14] [15]) [16]
\openout2 = `comisch4.aux'.

 (comisch4.tex
Chapter 4.
[17



]
Overfull \hbox (1.98994pt too wide) in paragraph at lines 94--96
[]\OT1/ptm/m/n/10.95 This di-rec-tive re-moves from the in-ter-nal \OT1/cmtt/m/
n/10.95 comis[] \OT1/ptm/m/n/10.95 mem-ory the comis rou-tine with name \OT1/cm
tt/m/n/10.95 cs_routine_name\OT1/ptm/m/n/10.95 . 
 []

) [18]
\openout2 = `comisch5.aux'.

 (comisch5.tex
Chapter 5.
) [19



]
\openout2 = `comisap1.aux'.

 (comisap1.tex
Appendix A.
) [20



]
\openout2 = `comisap3.aux'.

 (comisap3.tex
Appendix B.

Overfull \hbox (67.8865pt too wide) in paragraph at lines 64--64
[] \OT1/cmtt/m/n/10.95 COMMON/CSWPAR/LORN,IREP,NPAR,ITPAR,MDPAR,JRESP,JCHPAR,NC
HPAR,IVPAR,RVPAR,DVPAR,JCHVP,NCHVP[] 
 []

[21



]
Overfull \hbox (23.96684pt too wide) in paragraph at lines 122--122
[]  \OT1/cmtt/m/n/10.95 LORN=1  K=1  S=SUM(A(I,K)*B(K,J),K,M) END \OT1/ptm/m/n/
10.95 pro-duces the \OT1/cmtt/m/n/10.95 (I,J)th \OT1/ptm/m/n/10.95 in-ner prod-
uct of \OT1/cmtt/m/n/10.95 A \OT1/ptm/m/n/10.95 and \OT1/cmtt/m/n/10.95 B.[] 
 []

) [22] [23]
\openout2 = `comisap4.aux'.

 (comisap4.tex
Appendix C.
) [24



] (comimain.ind [25


] [26] [27

]) (comimain.aux (comfront.aux) (comisch1.aux) (comisch2.aux) (comisch3.aux) (c
omisch4.aux) (comisch5.aux) (comisap1.aux)
(comisap3.aux) (comisap4.aux)) ) 
Here is how much of TeX's memory you used:
 1844 strings out of 10923
 21744 string characters out of 72751
 76641 words of memory out of 263001
 4721 multiletter control sequences out of 10000+0
 14996 words of font info for 45 fonts, out of 200000 for 1000
 14 hyphenation exceptions out of 1000
 32i,9n,29p,230b,585s stack positions out of 300i,100n,500p,30000b,4000s

Output written on comimain.dvi (31 pages, 78200 bytes).
