This is TeX, C Version 3.141 (format=lplain 92.10.8)  23 SEP 1994 09:43
**art
(art.tex
LaTeX Version 2.09 <25 March 1992>
(/usr/local/lib/tex/macros/article.sty
Standard Document Style `article' <14 Jan 92>.
(/usr/local/lib/tex/macros/art10.sty)
\c@part=\count79
\c@section=\count80
\c@subsection=\count81
\c@subsubsection=\count82
\c@paragraph=\count83
\c@subparagraph=\count84
\c@figure=\count85
\c@table=\count86
) (/usr/local/lib/tex/macros/a4.sty
Style option `A4' 1.2a <30 Nov 90> (NP and JLB)
English documentation   <26 Feb 90> (JLB)
)
(/usr/local/lib/tex/macros/verbatim.sty
Style-Option: `verbatim' v1.4d <91/04/24> (RmS)
English Documentation          <91/04/24> (RmS)
\every@verbatim=\toks14
\verbatim@line=\toks15
) (art.aux) [1

] [2] [3] [4] [5] [6] [7] [8] [9] [10] [11] [12] [13] [14]
[15] [16] [17] [18] [19] [20] [21] [22] [23] [24] [25]
Overfull \hbox (26.50194pt too wide) in paragraph at lines 1991--1991
 []\cmtt/m/n/10 $ link/nomap/exe=NEW:nypatchy  P5LIB/INC=npatch/LIB,KERNLIB/LIB
,SYS$LIBRARY:VAXCRTL/LIB[] 

\hbox(6.94444+2.22223)x455.24408
.\glue(\leftskip) 25.0
.\hbox(0.0+0.0)x0.0
.\cmtt/m/n/10 $
.\penalty 10000
.\glue 5.24995
.etc.


Overfull \hbox (26.50194pt too wide) in paragraph at lines 1992--1992
 []\cmtt/m/n/10 $ link/nomap/exe=NEW:nyindex   P5LIB/INC=nindex/LIB,KERNLIB/LIB
,SYS$LIBRARY:VAXCRTL/LIB[] 

\hbox(6.94444+2.22223)x455.24408
.\glue(\leftskip) 25.0
.\hbox(0.0+0.0)x0.0
.\cmtt/m/n/10 $
.\penalty 10000
.\glue 5.24995
.etc.


Overfull \hbox (21.25198pt too wide) in paragraph at lines 1993--1993
 []\cmtt/m/n/10 $ link/nomap/exe=NEW:nylist    P5LIB/INC=nlist/LIB,KERNLIB/LIB,
SYS$LIBRARY:VAXCRTL/LIB[] 

\hbox(6.94444+2.22223)x455.24408
.\glue(\leftskip) 25.0
.\hbox(0.0+0.0)x0.0
.\cmtt/m/n/10 $
.\penalty 10000
.\glue 5.24995
.etc.


Overfull \hbox (26.50194pt too wide) in paragraph at lines 1994--1994
 []\cmtt/m/n/10 $ link/nomap/exe=NEW:nyshell   P5LIB/INC=nshell/LIB,KERNLIB/LIB
,SYS$LIBRARY:VAXCRTL/LIB[] 

\hbox(6.94444+2.22223)x455.24408
.\glue(\leftskip) 25.0
.\hbox(0.0+0.0)x0.0
.\cmtt/m/n/10 $
.\penalty 10000
.\glue 5.24995
.etc.

[26] (art.aux) ) 
Here is how much of TeX's memory you used:
 222 strings out of 11620
 2206 string characters out of 73736
 36582 words of memory out of 262141
 2462 multiletter control sequences out of 17000
 16694 words of font info for 63 fonts, out of 120000 for 255
 52 hyphenation exceptions out of 607
 16i,6n,15p,160b,275s stack positions out of 300i,40n,60p,3000b,5000s

Output written on art.dvi (26 pages, 78280 bytes).
