This is TeX, C Version 3.141 (format=lplain 92.10.8)  21 SEP 1994 10:52
**patchy5notes.tex
(patchy5notes.tex
LaTeX Version 2.09 <25 March 1992>
(/usr/local/lib/tex/macros/article.sty
Standard Document Style `article' <14 Jan 92>.
(/usr/local/lib/tex/macros/art10.sty)
\c@part=\count79
\c@section=\count80
\c@subsection=\count81
\c@subsubsection=\count82
\c@paragraph=\count83
\c@subparagraph=\count84
\c@figure=\count85
\c@table=\count86
) (/usr/local/lib/tex/macros/a4.sty
Style option `A4' 1.2a <30 Nov 90> (NP and JLB)
English documentation   <26 Feb 90> (JLB)
)
(patchy5notes.aux) [1

] [2] [3] [4] (patchy5notes.aux) ) 
Here is how much of TeX's memory you used:
 197 strings out of 11620
 1933 string characters out of 73736
 34224 words of memory out of 262141
 2439 multiletter control sequences out of 17000
 16694 words of font info for 63 fonts, out of 120000 for 255
 52 hyphenation exceptions out of 607
 16i,6n,15p,173b,199s stack positions out of 300i,40n,60p,3000b,5000s

Output written on patchy5notes.dvi (4 pages, 12716 bytes).
