This is TeX, Version 3.14159 (Web2C 7.2) (format=latex 1998.10.16)  16 JUN 1999 17:59
**a
(a.tex
LaTeX2e <1998/06/01>
Babel <v3.6j> and hyphenation patterns for english, french, german, dumylang, n
ohyphenation, loaded.
(/usr/local/share/texmf.latest/tex/latex/base/article.cls
Document Class: article 1998/05/05 v1.3y Standard LaTeX document class
(/usr/local/share/texmf.latest/tex/latex/base/size10.clo
File: size10.clo 1998/05/05 v1.3y Standard LaTeX file (size option)
)
\c@part=\count79
\c@section=\count80
\c@subsection=\count81
\c@subsubsection=\count82
\c@paragraph=\count83
\c@subparagraph=\count84
\c@figure=\count85
\c@table=\count86
\abovecaptionskip=\skip41
\belowcaptionskip=\skip42
\bibindent=\dimen102
)
(/usr/local/share/texmf.latest/tex/latex/base/alltt.sty
Package: alltt 1997/06/16 v2.0g defines alltt environment
) (a.aux)
\openout1 = `a.aux'.

LaTeX Font Info:    Checking defaults for OML/cmm/m/it on input line 23.
LaTeX Font Info:    ... okay on input line 23.
LaTeX Font Info:    Checking defaults for T1/cmr/m/n on input line 23.
LaTeX Font Info:    ... okay on input line 23.
LaTeX Font Info:    Checking defaults for OT1/cmr/m/n on input line 23.
LaTeX Font Info:    ... okay on input line 23.
LaTeX Font Info:    Checking defaults for OMS/cmsy/m/n on input line 23.
LaTeX Font Info:    ... okay on input line 23.
LaTeX Font Info:    Checking defaults for OMX/cmex/m/n on input line 23.
LaTeX Font Info:    ... okay on input line 23.
LaTeX Font Info:    Checking defaults for U/cmr/m/n on input line 23.
LaTeX Font Info:    ... okay on input line 23.
 [1

] (a.aux) ) 
Here is how much of TeX's memory you used:
 216 strings out of 10917
 2164 string characters out of 72079
 45193 words of memory out of 263001
 3203 multiletter control sequences out of 10000+0
 4413 words of font info for 17 fonts, out of 200000 for 1000
 14 hyphenation exceptions out of 1000
 23i,4n,18p,125b,164s stack positions out of 300i,100n,500p,30000b,4000s

Output written on a.dvi (1 page, 504 bytes).
