This is TeX, Version 3.14159 (Web2C 7.3) (format=latex 1999.5.30)  13 DEC 1999 12:52
**hboomain
(hboomain.tex
LaTeX2e <1998/12/01> patch level 1
Babel <v3.6x> and hyphenation patterns for english, french, german, ngerman, du
mylang, nohyphenation, loaded.
(/usr/local/share/texmf-cern/tex/latex/cern/cernman.cls
Document Class: cernman 1994/01/10
(/usr/local/share/texmf/tex/latex/base/report.cls
Document Class: report 1999/01/07 v1.4a Standard LaTeX document class
(/usr/local/share/texmf/tex/latex/base/size11.clo
File: size11.clo 1999/01/07 v1.4a Standard LaTeX file (size option)
)
\c@part=\count79
\c@chapter=\count80
\c@section=\count81
\c@subsection=\count82
\c@subsubsection=\count83
\c@paragraph=\count84
\c@subparagraph=\count85
\c@figure=\count86
\c@table=\count87
\abovecaptionskip=\skip41
\belowcaptionskip=\skip42
\bibindent=\dimen102
)
(/usr/local/share/texmf/tex/latex/psnfss/pifont.sty
Package: pifont 1999/03/29 PSNFSS v.7.2 Pi font support : S Rahtz
LaTeX Font Info:    Try loading font information for U+pzd on input line 63.

(/usr/local/share/texmf/tex/latex/psnfss/upzd.fd
File: upzd.fd 1998/11/05 font definitions for U/pzd.
)
LaTeX Font Info:    Try loading font information for U+psy on input line 64.

(/usr/local/share/texmf/tex/latex/psnfss/upsy.fd
File: upsy.fd 1998/11/05 font definitions for U/psy.
))
(/usr/local/share/texmf/tex/latex/graphics/color.sty
Package: color 1999/02/16 v1.0i Standard LaTeX Color (DPC)

(/usr/local/share/texmf/tex/latex/texlive/color.cfg)
Package color Info: Driver file: dvips.def on input line 125.

(/usr/local/share/texmf/tex/latex/graphics/dvips.def
File: dvips.def 1999/02/16 v3.0i Driver-dependant file (DPC,SPQR)
)
(/usr/local/share/texmf/tex/latex/graphics/dvipsnam.def
File: dvipsnam.def 1999/02/16 v3.0i Driver-dependant file (DPC,SPQR)
))
(/usr/local/share/texmf/tex/latex/tools/array.sty
Package: array 1998/05/13 v2.3m Tabular extension package (FMi)
\col@sep=\dimen103
\extrarowheight=\dimen104
\NC@list=\toks14
\extratabsurround=\skip43
\backup@length=\skip44
)
(/usr/local/share/texmf/tex/latex/tools/tabularx.sty
Package: tabularx 1999/01/07 v2.07 `tabularx' package (DPC)
\TX@col@width=\dimen105
\TX@old@table=\dimen106
\TX@old@col=\dimen107
\TX@target=\dimen108
\TX@delta=\dimen109
\TX@cols=\count88
\TX@ftn=\toks15
)
(/usr/local/share/texmf/tex/latex/tools/verbatim.sty
Package: verbatim 1997/04/30 v1.5k LaTeX2e package for verbatim enhancements
\every@verbatim=\toks16
\verbatim@line=\toks17
\verbatim@in@stream=\read1
)
(/usr/local/share/texmf/tex/latex/graphics/graphicx.sty
Package: graphicx 1999/02/16 v1.0f Enhanced LaTeX Graphics (DPC,SPQR)

(/usr/local/share/texmf/tex/latex/graphics/keyval.sty
Package: keyval 1999/03/16 v1.13 key=value parser (DPC)
\KV@toks@=\toks18
)
(/usr/local/share/texmf/tex/latex/graphics/graphics.sty
Package: graphics 1999/02/16 v1.0l Standard LaTeX Graphics (DPC,SPQR)

(/usr/local/share/texmf/tex/latex/graphics/trig.sty
Package: trig 1999/03/16 v1.09 sin cos tan (DPC)
)
(/usr/local/share/texmf/tex/latex/texlive/graphics.cfg)
Package graphics Info: Driver file: dvips.def on input line 80.
)
\Gin@req@height=\dimen110
\Gin@req@width=\dimen111
)
(/usr/local/share/texmf/tex/latex/graphics/epsfig.sty
Package: epsfig 1999/02/16 v1.7a (e)psfig emulation (SPQR)
\epsfxsize=\dimen112
\epsfysize=\dimen113
)
(/usr/local/share/texmf/tex/latex/tools/varioref.sty
Package: varioref 1999/02/24 v1.2a package for extended references (FMi)
\c@vrcnt=\count89
)
(/usr/local/share/texmf/tex/latex/tools/multicol.sty
Package: multicol 1999/03/22 v1.5t multicolumn formatting (FMi)
\c@tracingmulticols=\count90
\mult@box=\box26
\multicol@leftmargin=\dimen114
\c@unbalance=\count91
\c@collectmore=\count92
\doublecol@number=\count93
\multicoltolerance=\count94
\multicolpretolerance=\count95
\full@width=\dimen115
\page@free=\dimen116
\premulticols=\dimen117
\postmulticols=\dimen118
\multicolsep=\skip45
\multicolbaselineskip=\skip46
\partial@page=\box27
\last@line=\box28
\mult@rightbox=\box29
\mult@grightbox=\box30
\mult@gfirstbox=\box31
\mult@firstbox=\box32
\@tempa=\box33
\@tempa=\box34
\@tempa=\box35
\@tempa=\box36
\@tempa=\box37
\@tempa=\box38
\@tempa=\box39
\@tempa=\box40
\@tempa=\box41
\@tempa=\box42
\@tempa=\box43
\@tempa=\box44
\@tempa=\box45
\@tempa=\box46
\@tempa=\box47
\@tempa=\box48
\@tempa=\box49
\c@columnbadness=\count96
\c@finalcolumnbadness=\count97
\last@try=\dimen119
\multicolovershoot=\dimen120
\multicolundershoot=\dimen121
\mult@nat@firstbox=\box50
)
(/usr/local/share/texmf/tex/latex/ltxmisc/here.sty)
(/usr/local/share/texmf/tex/latex/tools/xspace.sty
Package: xspace 1997/10/13 v1.06 Space after command names (DPC)
)
(/usr/local/share/texmf/tex/latex/tools/calc.sty
Package: calc 1998/07/07 v4.1b Infix arithmetic (KKT,FJ)
\calc@Acount=\count98
\calc@Bcount=\count99
\calc@Adimen=\dimen122
\calc@Bdimen=\dimen123
\calc@Askip=\skip47
\calc@Bskip=\skip48
LaTeX Info: Redefining \setlength on input line 49.
LaTeX Info: Redefining \addtolength on input line 50.
\calc@denominator=\count100
)
(/usr/local/share/texmf/tex/latex/base/ifthen.sty
Package: ifthen 1999/01/07 v1.1a Standard LaTeX ifthen package (DPC)
)
(/usr/local/share/texmf/tex/latex/base/makeidx.sty
Package: makeidx 1998/08/17 v1.0k Standard LaTeX package
)
\@DL@itemwidth=\dimen124
\c@cOL=\count101
\mylen=\skip49
\mybox=\box51
\@PAWout=\write3
) (html.sty
Package: html 1998/06/21 v1.31 hypertext commands for latex2html (nd, hws, rrm)

\c@lpart=\count102
\c@lchapter=\count103
\c@lsection=\count104
\c@lsubsection=\count105
\c@lsubsubsection=\count106
\c@lparagraph=\count107
\c@lsubparagraph=\count108
\c@lsubsubparagraph=\count109
\ptrfile=\write4
)
(/usr/local/share/texmf/tex/latex/base/alltt.sty
Package: alltt 1997/06/16 v2.0g defines alltt environment
) (hyperref/hyperref.sty
Package: hyperref 1999/11/24 v6.67f Hypertext links for LaTeX
\@linkdim=\dimen125
\Hy@linkcounter=\count110
\Hy@pagecounter=\count111

(hyperref/pd1enc.def
File: pd1enc.def 1999/10/05 v0.6 PDFDocEncoding (Heiko Oberdiek)
)
Package hyperref Info: Option `colorlinks' set `true' on input line 1361.
Package hyperref Info: Bookmarks ON on input line 1410.
Package hyperref Info: Hyper figures OFF on input line 1429.
Package hyperref Info: Link nesting OFF on input line 1434.
Package hyperref Info: Hyper index ON on input line 1437.
Package hyperref Info: Plain pages ON on input line 1442.
Package hyperref Info: Backreferencing ON on input line 1447.

Implicit mode ON; LaTeX internals redefined
(hyperref/backref.sty
Package: backref 1999/10/07 v1.19 Bibliographical back referencing
) (/usr/local/share/texmf/tex/latex/latex2html/url.sty
Package: url 1996/02/06  ver 1.1  Verb mode for urls, email addresses, and file
 names
)
\Fld@menulength=\count112
\Field@Width=\dimen126
\Fld@charsize=\dimen127
\Choice@toks=\toks19
\Field@toks=\toks20
Package hyperref Info: Hyper figures OFF on input line 2058.
Package hyperref Info: Link nesting OFF on input line 2063.
Package hyperref Info: Hyper index ON on input line 2066.
Package hyperref Info: backreferencing ON on input line 2071.
Package hyperref Info: Link coloring ON on input line 2076.
\c@Item=\count113
\c@Hfootnote=\count114
)
*hyperref using driver hdvips*
(hyperref/hdvips.def (hyperref/pdfmark.def
\pdf@docset=\toks21
\pdf@box=\box52
\pdf@toks=\toks22
\pdf@defaulttoks=\toks23
\Fld@listcount=\count115
\@outlinefile=\write5
))
(/usr/local/share/texmf/tex/latex/tools/longtable.sty
Package: longtable 1998/05/13 v4.09 Multi-page Table package (DPC)
\LTleft=\skip50
\LTright=\skip51
\LTpre=\skip52
\LTpost=\skip53
\LTchunksize=\count116
\LTcapwidth=\dimen128
\LT@head=\box53
\LT@firsthead=\box54
\LT@foot=\box55
\LT@lastfoot=\box56
\LT@cols=\count117
\LT@rows=\count118
\c@LT@tables=\count119
\c@LT@chunks=\count120
\LT@p@ftn=\toks24
)
\@indexfile=\write6
\openout6 = `hboomain.idx'.


Writing index file hboomain.idx
(hboomain.aux (hbofront.aux) (hbookch1.aux) (hbookch2.aux) (hbookch3.aux)
(hbookch4.aux) (hbookch5.aux) (hbookch6.aux) (hbookch7.aux) (hbookch8.aux)
(hbookch9.aux) (hbooch10.aux))
\openout1 = `hboomain.aux'.

LaTeX Font Info:    Checking defaults for OML/cmm/m/it on input line 54.
LaTeX Font Info:    ... okay on input line 54.
LaTeX Font Info:    Checking defaults for T1/cmr/m/n on input line 54.
LaTeX Font Info:    ... okay on input line 54.
LaTeX Font Info:    Checking defaults for OT1/cmr/m/n on input line 54.
LaTeX Font Info:    ... okay on input line 54.
LaTeX Font Info:    Checking defaults for OMS/cmsy/m/n on input line 54.
LaTeX Font Info:    ... okay on input line 54.
LaTeX Font Info:    Checking defaults for OMX/cmex/m/n on input line 54.
LaTeX Font Info:    ... okay on input line 54.
LaTeX Font Info:    Checking defaults for U/cmr/m/n on input line 54.
LaTeX Font Info:    ... okay on input line 54.
LaTeX Font Info:    Checking defaults for PD1/pdf/m/n on input line 54.
LaTeX Font Info:    ... okay on input line 54.
LaTeX Font Info:    Try loading font information for OT1+ptm on input line 54.

(/usr/local/share/texmf/tex/latex/psnfss/ot1ptm.fd
File: ot1ptm.fd 1998/11/05 Fontinst v1.800 font definitions for OT1/ptm.
)
Package hyperref Info: Link coloring ON on input line 54.
 (hyperref/nameref.sty
Package: nameref 1999/10/07 v2.17 Cross-referencing by name of section
\c@section@level=\count121
)
(hboomain.out) (hboomain.out)
\openout5 = `hboomain.out'.

LaTeX Info: Redefining \ref on input line 54.
LaTeX Info: Redefining \pageref on input line 54.
\openout2 = `hbofront.aux'.

 (hbofront.tex
File: cern15.eps Graphic file (type eps)
 <cern15.eps>
LaTeX Font Info:    Font shape `OT1/ptm/bx/n' in size <14.4> not available
(Font)              Font shape `OT1/ptm/b/n' tried instead on input line 26.
File: ../cnasall/cnastit.eps Graphic file (type eps)

<../cnasall/cnastit.eps> [1

\openout3 = `hboomain.KUIP'.


]
LaTeX Font Info:    Font shape `OT1/ptm/bx/n' in size <10.95> not available
(Font)              Font shape `OT1/ptm/b/n' tried instead on input line 103.
LaTeX Font Info:    Try loading font information for OMS+ptm on input line 103.

 (/usr/local/share/texmf/tex/latex/psnfss/omsptm.fd
File: omsptm.fd 
)
LaTeX Font Info:    Font shape `OMS/ptm/m/n' in size <10.95> not available
(Font)              Font shape `OMS/cmsy/m/n' tried instead on input line 103.
LaTeX Font Info:    External font `cmex10' loaded for size
(Font)              <10.95> on input line 103.
LaTeX Font Info:    External font `cmex10' loaded for size
(Font)              <8> on input line 103.
LaTeX Font Info:    External font `cmex10' loaded for size
(Font)              <6> on input line 103.

Underfull \hbox (badness 10000) in paragraph at lines 103--117

 []

[2]
LaTeX Font Info:    Font shape `OT1/ptm/bx/n' in size <12> not available
(Font)              Font shape `OT1/ptm/b/n' tried instead on input line 147.
LaTeX Font Info:    External font `cmex10' loaded for size
(Font)              <9> on input line 155.
LaTeX Font Info:    External font `cmex10' loaded for size
(Font)              <5> on input line 155.
 [1

] (hboomain.toc [2] [3] [4])
\tf@toc=\write7
\openout7 = `hboomain.toc'.

 (hboomain.lof)
\tf@lof=\write8
\openout8 = `hboomain.lof'.

 (hboomain.lot)
\tf@lot=\write9
\openout9 = `hboomain.lot'.

 [5] [6

])
\openout2 = `hbookch1.aux'.


(hbookch1.tex
Chapter 1.
[1



]
Overfull \hbox (1.97946pt too wide) in paragraph at lines 187--190
[]\OT1/ptm/m/n/10.95 This is the only in-ter-face be-tween a For-tran pro-gram 
and the dy-namic data struc-ture man-aged by HBOOK,
 []

[2] [3] [4]
LaTeX Font Info:    Font shape `OT1/ptm/bx/n' in size <9> not available
(Font)              Font shape `OT1/ptm/b/n' tried instead on input line 377.
 [5] [6]
Underfull \vbox (badness 10000) has occurred while \output is active []

 [7]
File: hbbatch.eps Graphic file (type eps)

<hbbatch.eps> [8]
Overfull \hbox (2.35593pt too wide) in paragraph at lines 709--709
[]      \Localfont 10            -------I                                      
                                           I-II--[] 
 []


Overfull \hbox (2.35593pt too wide) in paragraph at lines 711--711
[]\Localfont CHANNELS 100   0                                                  
                                                1[] 
 []


Overfull \hbox (2.35593pt too wide) in paragraph at lines 712--712
[]          \Localfont 10   0        1         2         3         4         5 
        6         7         8         9         0[] 
 []


Overfull \hbox (2.35593pt too wide) in paragraph at lines 713--713
[]           \Localfont 1   123456789012345678901234567890123456789012345678901
2345678901234567890123456789012345678901234567890[] 
 []


Overfull \hbox (2.35593pt too wide) in paragraph at lines 717--717
[]           \Localfont 1.       2234505503848442823060194738307766067499444515
7562761227948358021717653142735611669210337304276[] 
 []


Overfull \hbox (2.35593pt too wide) in paragraph at lines 719--719
[]\Localfont LOW-EDGE   1.            11111111112222222222333333333344444444445
5555555556666666666777777777788888888889999999999[] 
 []


Overfull \hbox (2.35593pt too wide) in paragraph at lines 720--720
[]\Localfont *10**  1   0   012345678901234567890123456789012345678901234567890
1234567890123456789012345678901234567890123456789[] 
 []


Overfull \hbox (2.35593pt too wide) in paragraph at lines 735--735
[]           \Localfont *******************************************************
*************************************************[] 
 []


Overfull \hbox (10.27591pt too wide) in paragraph at lines 736--736
[]  \Localfont OVE      *                                                      
                                                * OVE[] 
 []


Overfull \hbox (10.27591pt too wide) in paragraph at lines 737--737
[]     \Localfont .975  *                                                      
                                                *  40[] 
 []


Overfull \hbox (10.27591pt too wide) in paragraph at lines 738--738
[]     \Localfont .95   *                  ++   2   2 2++  +3 +   ++     +  +  
   2+         3 2  + 2++++       + 2    +       *  39[] 
 []


Overfull \hbox (10.27591pt too wide) in paragraph at lines 739--739
[]     \Localfont .925  *           +   +    2  ++ 32+++ +22  22+    +++    +  
     + +    +  22+2+++ +2++   + + +             *  38[] 
 []


Overfull \hbox (10.27591pt too wide) in paragraph at lines 740--740
[]     \Localfont .9    *                   223 +3+ +3 3++333223  +2  2     +  
+    ++2+ +    232+322 2+++  +24+      +        *  37[] 
 []


Overfull \hbox (10.27591pt too wide) in paragraph at lines 741--741
[]     \Localfont .875  *           +   ++ +2++++ 342533 443224++2 2  +   +  ++
23  +  +42+3222233+++3+++2 22+ ++   + + +       *  36[] 
 []


Overfull \hbox (10.27591pt too wide) in paragraph at lines 742--742
[]     \Localfont .85   *               ++  + 5+35+3333483475 65+2+ + ++  +    
+33+3 +2 +2335222+235 522 24+   ++    2         *  35[] 
 []


Overfull \hbox (10.27591pt too wide) in paragraph at lines 743--743
[]     \Localfont .825  *                ++  2+2 558335876736583+ 2 +2+ + +   3
   224+533623+35252+54 32+452++3 332 +++++      *  34[] 
 []


Overfull \hbox (10.27591pt too wide) in paragraph at lines 744--744
[]     \Localfont .8    *            ++   + 532 656562546C8A88936324332+ +2+23 
+332+2236433657234455556+4635+222 +23 +3  +     *  33[] 
 []


Overfull \hbox (10.27591pt too wide) in paragraph at lines 745--745
[]     \Localfont .775  *               +2  33 375B7274C6A66A782+323++2+23  +5+
+3+5222256768365258276374+86334+ 32    +++ +    *  32[] 
 []


Overfull \hbox (10.27591pt too wide) in paragraph at lines 746--746
[]     \Localfont .75   *            + 2+ 2 45523786A79FB98B6AD4855224+  + ++23
323+5755552468283746644543 443324 5223++  2     *  31[] 
 []


Overfull \hbox (10.27591pt too wide) in paragraph at lines 747--747
[]     \Localfont .725  *            + ++4+22+637A785B8BBBA6B4656922++ 2 23 24 
2+5464+435552843286C6246623636+3+ 2 3 2  3+2    *  30[] 
 []


Overfull \hbox (10.27591pt too wide) in paragraph at lines 748--748
[]     \Localfont .7    *       +      22 +2 735ABCA89G8C8A6DA5765+3+322  2+2++
52234445475+355864768724+B74632+23 +3   3+   +  *  29[] 
 []


Overfull \hbox (10.27591pt too wide) in paragraph at lines 749--749
[]     \Localfont .675  *              23 +4+3364HBBAFCFCBB98945C7933++ 2 5+3 +
4225243752 75787896C367+475443+32242422 2 +     *  28[] 
 []


Overfull \hbox (10.27591pt too wide) in paragraph at lines 750--750
[]     \Localfont .65   *           + + ++5+3795498GAC96CB9A79E6645 34 3+3  ++2
4537234424532777657445+4746235+2+3++  4+2 2     *  27[] 
 []


Overfull \hbox (10.27591pt too wide) in paragraph at lines 751--751
[]     \Localfont .625  *           +     3 647774A9CE67G99BAB6B233233 4+ 2 322
 42 44364+657735+735736733+4+23234 +++++2  +    *  26[] 
 []


Overfull \hbox (10.27591pt too wide) in paragraph at lines 752--752
[]     \Localfont .6    *            + ++3+342233874B8C966896565+5242+5 +2+++++
2+5225+42544535456A265357253+2222+ 2+2++ +  +2  *  25[] 
 []


Overfull \hbox (10.27591pt too wide) in paragraph at lines 753--753
[]     \Localfont .575  *           ++  +  +5 74535525677984573453422 +2   ++ 2
  +++4+2 3526525235+4243342+32+  23 2+          *  24[] 
 []


Overfull \hbox (10.27591pt too wide) in paragraph at lines 754--754
[]     \Localfont .55   *               ++ +226+584568349865+433 +2222 +      +
+ +4444352326542332823+444332 +2 2 + +          *  23[] 
 []


Overfull \hbox (10.27591pt too wide) in paragraph at lines 755--755
[]     \Localfont .525  *                 ++++2+65436+3A753535+22+++2+++  ++ + 
++2  +2 ++4++2+ 224224+32 2+ ++++ 2      +      *  22[] 
 []


Overfull \hbox (10.27591pt too wide) in paragraph at lines 756--756
[]     \Localfont .5    *                 22  4+23+6425 84543+++42 +2     +++2 
 2 + 2+2+ 3+ 24++2334223+ 223  +2   +       +   *  21[] 
 []


Overfull \hbox (10.27591pt too wide) in paragraph at lines 757--757
[]     \Localfont .475  *         +             +5334+7333+22  ++2+ +  3+      
2 +4 +32  2 222+2 + 33++ 222 +  +3++     +      *  20[] 
 []


Overfull \hbox (10.27591pt too wide) in paragraph at lines 758--758
[]     \Localfont .45   *                  +  433244397 2++23232+ 24 +2        
++  ++2+ 2+ +2+33  ++4 +3 ++2+3    +  +         *  19[] 
 []


Overfull \hbox (10.27591pt too wide) in paragraph at lines 759--759
[]     \Localfont .425  *           +  ++ 2+ 22+24636432646+5+322 4 +++ + 2++  
++ +22+533+3++3+  +432 +322++2+     2+  ++ +    *  18[] 
 []


Overfull \hbox (10.27591pt too wide) in paragraph at lines 760--760
[]     \Localfont .4    *                +++3237549588A9725H724545++33+33 + + 2
 24  4 +A4633 39 25636343322+82++ ++ + +2+  +   *  17[] 
 []


Overfull \hbox (10.27591pt too wide) in paragraph at lines 761--761
[]     \Localfont .375  *              +++3+374879CCCADLD48996CE54365232 +2+234
2347+563264636547B47925542444434+2+322 2+  +2   *  16[] 
 []


Overfull \hbox (10.27591pt too wide) in paragraph at lines 762--762
[]     \Localfont .35   *            +++ +4637549EC87D8IHDICI9B754655432++23233
+2554368886H68B9667889677A635C+4+223333+22  +   *  15[] 
 []


Overfull \hbox (10.27591pt too wide) in paragraph at lines 763--763
[]     \Localfont .325  *        +  ++++ 2445949CHHDFNHJRHIHKLDD5DC3545422233 2
4564875549A8E7899B4F4BC3CA7E597842+67242+++++   *  14[] 
 []


Overfull \hbox (10.27591pt too wide) in paragraph at lines 764--764
[]     \Localfont .3    *          ++++++2667889EDFEHULQHI*IKFIFA878666336+6+48
526B79777BCCEBBAEEED58E96997A4674763463++++ 2+  *  13[] 
 []


Overfull \hbox (10.27591pt too wide) in paragraph at lines 765--765
[]     \Localfont .275  *        +  ++++ 3546898BEMPNIURPH*NOECDC8958E442+3542+
68554B37466AAGCEEACAC7A476599962365 343++2 +2   *  12[] 
 []


Overfull \hbox (10.27591pt too wide) in paragraph at lines 766--766
[]     \Localfont .25   *        +     2344658A9DAJPLDENQGDHJEEBAA93 +3225322+4
259A576784DA9B98B56A85CD859797A5843523223+ 22   *  11[] 
 []


Overfull \hbox (10.27591pt too wide) in paragraph at lines 767--767
[]     \Localfont .225  *               3 256778BA6CEJGIEAICGCHA4A242+43+++5242
7545466927A78866BB66795655763454656  2 3 +++    *  10[] 
 []


Overfull \hbox (10.27591pt too wide) in paragraph at lines 768--768
[]     \Localfont .2    *                +2++4357A69BC88AAFAA5665432+434 +++ ++
++343233668554584442CA7664745+4++34+++2 + +++   *   9[] 
 []


Overfull \hbox (10.27591pt too wide) in paragraph at lines 769--769
[]     \Localfont .175  *                 + 3  3436344766755264526++3 2+ + ++ +
42  22 2+32345++353562 34 33+++4 +3 +++  +      *   8[] 
 []


Overfull \hbox (10.27591pt too wide) in paragraph at lines 770--770
[]     \Localfont .15   *                  2+ + +3+44+262542+4225 232 ++++   22
2 + 2+  +23+242 32+222 2++342 22    22+ 2  +    *   7[] 
 []


Overfull \hbox (10.27591pt too wide) in paragraph at lines 771--771
[]     \Localfont .125  *              +   +2  +++22+32+ 3+++2                 
   +  +42 +  2+ +   +  2+       + + ++          *   6[] 
 []


Overfull \hbox (10.27591pt too wide) in paragraph at lines 772--772
[]     \Localfont .1    *                           +  +   + +2+     ++        
     +    +2+    +        ++    +++ +           *   5[] 
 []


Overfull \hbox (10.27591pt too wide) in paragraph at lines 773--773
[]     \Localfont .075  *                       + 2  +     +                   
       +                               +        *   4[] 
 []


Overfull \hbox (10.27591pt too wide) in paragraph at lines 774--774
[]     \Localfont .05   *                                      +               
                                                *   3[] 
 []


Overfull \hbox (10.27591pt too wide) in paragraph at lines 775--775
[]     \Localfont .025  *                                                      
                   +                            *   2[] 
 []


Overfull \hbox (10.27591pt too wide) in paragraph at lines 776--776
[]           \Localfont *                                                      
                                                *   1[] 
 []


Overfull \hbox (10.27591pt too wide) in paragraph at lines 777--777
[]  \Localfont UND      *                                                      
                                                * UND[] 
 []


Overfull \hbox (2.35593pt too wide) in paragraph at lines 778--778
[]           \Localfont *******************************************************
*************************************************[] 
 []


LaTeX Warning: Float too large for page by 29.18082pt on input line 791.

[9] [10]
Overfull \hbox (8.25383pt too wide) in paragraph at lines 962--962
[]\OT1/cmtt/m/n/6 * ENTRIES =    10000            PLOT         -------I--------
I-------[] 
 []


Overfull \hbox (1.87874pt too wide) in paragraph at lines 963--963
[]\OT1/cmtt/m/n/6 * SATURATION  AT=          255                  12  I  9936  
I   19[] 
 []


Overfull \hbox (8.25383pt too wide) in paragraph at lines 964--964
[]\OT1/cmtt/m/n/6 * SCALE  .,+,2,3,.,., A,B,      STATISTICS   -------I--------
I-------[] 
 []

[11

]
Underfull \vbox (badness 10000) has occurred while \output is active []

 [12]
[13] [14]
File: hbookc11.eps Graphic file (type eps)
 <hbookc11.eps>
Underfull \hbox (badness 10000) in paragraph at lines 1114--1116

 []

) [15]
\openout2 = `hbookch2.aux'.

 (hbookch2.tex
Chapter 2.
LaTeX Font Info:    Font shape `OT1/ptm/bx/n' in size <10> not available
(Font)              Font shape `OT1/ptm/b/n' tried instead on input line 23.
[16



] [17] [18]) [19]
\openout2 = `hbookch3.aux'.

 (hbookch3.tex
Chapter 3.
File: rwn.eps Graphic file (type eps)
<rwn.eps>
File: cwn.eps Graphic file (type eps)
 <cwn.eps>
LaTeX Font Info:    External font `cmex10' loaded for size
(Font)              <7> on input line 139.
 [20



] [21] [22

] [23]
LaTeX Font Info:    Font shape `OT1/cmtt/bx/n' in size <10.95> not available
(Font)              Font shape `OT1/cmtt/m/n' tried instead on input line 365.
 [24]
Overfull \hbox (1.94562pt too wide) in paragraph at lines 406--411
[]\OT1/ptm/m/n/10.95 For ex-am-ple, the ar-ray def-i-ni-tion \OT1/cmtt/m/n/10.9
5 NHITS(NTRACK) \OT1/ptm/m/n/10.95 de-fines \OT1/cmtt/m/n/10.95 NHITS \OT1/ptm/
m/n/10.95 to de-pend on the in-dex vari-able \OT1/cmtt/m/n/10.95 NTRACK\OT1/ptm
/m/n/10.95 .
 []

[25] [26]
Overfull \hbox (0.77426pt too wide) in paragraph at lines 579--581
[]\OT1/ptm/m/n/10.95 To set the ad-dresses in which to write the val-ues of all
 vari-ables in block \OT1/cmtt/m/n/10.95 CHBLOK\OT1/ptm/m/n/10.95 . 
 []

[27] [28]
LaTeX Font Info:    Font shape `OT1/cmtt/bx/n' in size <12> not available
(Font)              Font shape `OT1/cmtt/m/n' tried instead on input line 715.
 [29] [30] [31] [32] [33]
Overfull \hbox (5.93262pt too wide) in paragraph at lines 1006--1008
[]\OT1/ptm/m/n/10.95 Identifier of 1-dimensional his-togram, which must have be
en pre-vi-ously booked with HBOOK1[]. 
 []

[34] [35] [36] [37] [38] [39] [40] [41] [42] [43] [44] [45] [46]
Underfull \vbox (badness 10000) has occurred while \output is active []

 [47]
[48] [49] [50] [51] [52]) [53]
\openout2 = `hbookch4.aux'.

 (hbookch4.tex
Chapter 4.
[54



] [55] [56] [57] [58]
Overfull \hbox (10.39964pt too wide) in paragraph at lines 438--438
 []      \OT1/cmtt/m/n/10.95 COMMON/PAWC/NWPAW,IXPAWC,IHDIV,IXHIGZ,IXKU,FENC(5)
,LMAIN,HCV(9989)[] 
 []

[59] [60] [61] [62] [63] [64] [65]
File: hlabel.eps Graphic file (type eps)
 <hlabel.eps> [66] [67] [68

] [69] [70]
Underfull \vbox (badness 10000) has occurred while \output is active []

 [71]
[72] [73] [74]
Underfull \vbox (badness 10000) has occurred while \output is active []

 [75]
Underfull \vbox (badness 10000) has occurred while \output is active []

 [76]
[77] [78] [79] [80] [81] [82] [83] [84] [85] [86] [87] [88] [89] [90]
Underfull \vbox (badness 10000) has occurred while \output is active []

 [91])
[92]
\openout2 = `hbookch5.aux'.

 (hbookch5.tex
Chapter 5.
[93



]
Underfull \vbox (badness 1997) has occurred while \output is active []

 [94]
Overfull \hbox (0.86154pt too wide) in paragraph at lines 188--190
[]\OT1/ptm/m/n/10.95 the 2-dimensional his-togram it-self. De-fault \OT1/cmtt/m
/n/10.95 CHOICE=' ' \OT1/ptm/m/n/10.95 is equiv-a-lent to \OT1/cmtt/m/n/10.95 '
HIST'\OT1/ptm/m/n/10.95 . 
 []

[95] [96] [97] [98] [99] [100]) [101]
\openout2 = `hbookch6.aux'.

 (hbookch6.tex
Chapter 6.
[102



] [103] [104] [105] [106] [107]

Package hyperref Warning: Token not allowed in a PDFDocEncoded string,
(hyperref)                removing `\begingroup' on input line 487.


Package hyperref Warning: Token not allowed in a PDFDocEncoded string,
(hyperref)                removing `\catcode' on input line 487.


Package hyperref Warning: Token not allowed in a PDFDocEncoded string,
(hyperref)                removing `\catcode' on input line 487.


Package hyperref Warning: Token not allowed in a PDFDocEncoded string,
(hyperref)                removing `\catcode' on input line 487.


Package hyperref Warning: Token not allowed in a PDFDocEncoded string,
(hyperref)                removing `\catcode' on input line 487.


Package hyperref Warning: Token not allowed in a PDFDocEncoded string,
(hyperref)                removing `\catcode' on input line 487.


Package hyperref Warning: Token not allowed in a PDFDocEncoded string,
(hyperref)                removing `\catcode' on input line 487.


Package hyperref Warning: Token not allowed in a PDFDocEncoded string,
(hyperref)                removing `\catcode' on input line 487.


Package hyperref Warning: Token not allowed in a PDFDocEncoded string,
(hyperref)                removing `\<def>-command' on input line 487.


Package hyperref Warning: Token not allowed in a PDFDocEncoded string,
(hyperref)                removing `\f@family' on input line 487.


Package hyperref Warning: Token not allowed in a PDFDocEncoded string,
(hyperref)                removing `\<def>-command' on input line 487.


Package hyperref Warning: Token not allowed in a PDFDocEncoded string,
(hyperref)                removing `\font@name' on input line 487.


Package hyperref Warning: Token not allowed in a PDFDocEncoded string,
(hyperref)                removing `\OT1/cmtt/bx/n/12' on input line 487.


Package hyperref Warning: Token not allowed in a PDFDocEncoded string,
(hyperref)                removing `\endgroup' on input line 487.


Package hyperref Warning: Glyph not defined in PD1 encoding,
(hyperref)                removing `\textcircumflex+1' on input line 487.


Package hyperref Warning: Glyph not defined in PD1 encoding,
(hyperref)                removing `\texttilde+1' on input line 487.

[108] [109] [110]) [111]
\openout2 = `hbookch7.aux'.

 (hbookch7.tex
Chapter 7.

Overfull \hbox (12.60046pt too wide) in paragraph at lines 55--58
[]\OT1/ptm/m/n/10.95 Number of chan-nels (cells) in the 1-dimensional or 2-dime
nsional his-togram (HFITH[], HFITHN[])
 []

[112



] [113] [114]
Underfull \hbox (badness 10000) in paragraph at lines 265--265
[]|\OT1/cmtt/m/n/10.95 (N,NDIM,NVAR,X,Y,EY,FUN,CHOPT,NP,*PAR*,STEP,PMIN,PMAX,SI
GPAR*,
 []

[115] [116] [117]
Overfull \hbox (4.73776pt too wide) in paragraph at lines 454--462
[] \OT1/ptm/m/n/10.95 (\OT1/cmtt/m/n/10.95 paw[]\OT1/ptm/m/n/10.95 ) or the rou
-tine HFITH[] are in-voked. It is called HFCNV[] when the com-mand []
 []

[118] [119] [120] [121] [122] [123] [124] [125] [126] [127] [128] [129]
[130]
Overfull \hbox (8.0014pt too wide) in paragraph at lines 1404--1409
[]\OT1/ptm/m/n/10.95 This pa-ram-e-ter in-di-cates the log-i-cal unit for writ-
ing the For-tran code of the func-tion []FPARAM(X).
 []

[131] [132]
Underfull \hbox (badness 10000) in paragraph at lines 1564--1564
[]|\OT1/cmtt/m/n/10.95 (ID,CHOPT,MODE,SENSIT,SMOOTH,NSIG*,CHISQ*,NDF*,FMIN*,FMA
X*,
 []

[133] [134] [135] [136] [137] [138] [139] [140]
Underfull \hbox (badness 10000) in paragraph at lines 2094--2094
[]|\OT1/cmtt/m/n/10.95 (IDD,IDM,IDW,NSRC,CHOPT,IFIX,FRAC,FLIM,START,
 []

[141] [142] [143]
File: hmchis.eps Graphic file (type eps)
 <hmchis.eps> [144]
Underfull \vbox (badness 7777) has occurred while \output is active []

 [145]
Underfull \vbox (badness 10000) has occurred while \output is active []

 [146]
Underfull \vbox (badness 10000) has occurred while \output is active []

 [147]
[148] [149] [150] [151]
Underfull \vbox (badness 10000) has occurred while \output is active []

 [152]
[153] [154] [155]) [156]
\openout2 = `hbookch8.aux'.

 (hbookch8.tex
Chapter 8.
File: pawstor.eps Graphic file (type eps)
<pawstor.eps> [157



]
File: hbzebra.eps Graphic file (type eps)
 <hbzebra.eps> [158] [159] [160] [161] [162] [163] [164]
[165] [166] [167] [168]
Underfull \hbox (badness 10000) in paragraph at lines 764--776
[]\OT1/ptm/m/n/10.95 Cycle num-ber. If \OT1/cmtt/m/n/10.95 ICYCLE=0 \OT1/ptm/m/
n/10.95 then the low-est cy-cle is read.
 []

[169] [170] [171]
LaTeX Font Info:    Font shape `OT1/cmtt/bx/n' in size <9> not available
(Font)              Font shape `OT1/cmtt/m/n' tried instead on input line 965.
 [172]) [173]
\openout2 = `hbookch9.aux'.

 (hbookch9.tex
Chapter 9.

Overfull \hbox (2.6027pt too wide) in paragraph at lines 81--83
[]\OT1/ptm/m/n/10.95 Offset of newly cre-ated his-togram(s), i.e. new his-togra
m(s) will have iden-ti-fier(s) \OT1/cmtt/m/n/10.95 ID+IOFSET\OT1/ptm/m/n/10.95 
. 
 []

[174



]
Overfull \hbox (3.5572pt too wide) in paragraph at lines 168--168
[]\OT1/cmtt/m/n/9 *..............           Create Global section[] 
 []


Overfull \hbox (3.5572pt too wide) in paragraph at lines 169--169
[]      \OT1/cmtt/m/n/9 NPAGES=HCREATEG(GNAME,IPAWC,128*MAXPAGES)[] 
 []


Overfull \hbox (13.0071pt too wide) in paragraph at lines 172--172
[] \OT1/cmtt/m/n/9 1000    FORMAT(' Global Section: ',A,' created')[] 
 []

File: pawglob.eps Graphic file (type eps)
<pawglob.eps> [175] [176] [177]
File: shared.eps Graphic file (type eps)
 <shared.eps> [178] [179]
File: pawos9.eps Graphic file (type eps)
 <pawos9.eps>) [180]
\openout2 = `hbooch10.aux'.


(hbooch10.tex
Chapter 10.

Overfull \hbox (1.57266pt too wide) in alignment at lines 18--22
 [] [] 
 []


Overfull \hbox (1.57266pt too wide) in alignment at lines 22--27
 [] [] 
 []


Overfull \hbox (1.57266pt too wide) in alignment at lines 27--29
 [] [] 
 []


Overfull \hbox (1.57266pt too wide) in alignment at lines 29--71
 [] [] 
 []


Underfull \vbox (badness 10000) detected at line 71
 []


Overfull \hbox (1.57266pt too wide) in alignment at lines 71--111
 [] [] 
 []


Overfull \hbox (1.57266pt too wide) in alignment at lines 111--151
 [] [] 
 []

[181



]
Overfull \hbox (1.57266pt too wide) in alignment at lines 151--191
 [] [] 
 []


Overfull \hbox (1.57266pt too wide) in alignment at lines 191--231
 [] [] 
 []

[182]
Overfull \hbox (1.57266pt too wide) in alignment at lines 231--271
 [] [] 
 []


Overfull \hbox (1.57266pt too wide) in alignment at lines 271--311
 [] [] 
 []

[183]
Overfull \hbox (1.57266pt too wide) in alignment at lines 311--351
 [] [] 
 []


Overfull \hbox (1.57266pt too wide) in alignment at lines 351--375
 [] [] 
 []

[184]) [185] (hboomain.bbl (hboomain.brf)
\tf@brf=\write10
\openout10 = `hboomain.brf'.

) (hboomain.ind [186


] [187] [188

]
[189] [190]
Overfull \hbox (3.44469pt too wide) in paragraph at lines 356--357
[]\OT1/cmtt/m/n/10.95 IQUEST \OT1/ptm/m/n/10.95 com-mu-ni-ca-tion vec-tor, 21, 
99, 100, 146--
 []


Overfull \hbox (2.99097pt too wide) in paragraph at lines 392--394
[]| \OT1/ptm/m/n/10.95 Column-Wise-Ntuple, 17, 18, 21--25, 27, 28,
 []

[191] [192] [193

]) (hboomain.aux (hbofront.aux) (hbookch1.aux) (hbookch2.aux)
(hbookch3.aux) (hbookch4.aux) (hbookch5.aux) (hbookch6.aux) (hbookch7.aux)
(hbookch8.aux) (hbookch9.aux) (hbooch10.aux)) ) 
Here is how much of TeX's memory you used:
 3799 strings out of 10905
 45906 string characters out of 72475
 169563 words of memory out of 263001
 6640 multiletter control sequences out of 10000+0
 17504 words of font info for 53 fonts, out of 200000 for 1000
 14 hyphenation exceptions out of 1000
 32i,10n,41p,341b,526s stack positions out of 300i,100n,500p,30000b,4000s

Output written on hboomain.dvi (201 pages, 993624 bytes).
