This is TeX, Version 3.1415 (C version 6.1) (format=latex 95.1.5)  6 FEB 1995 14:06
**vaxmain
(vaxmain.tex
LaTeX2e <1994/12/01>
(/usr/local/lib/texmf/tex/latex/base/latex209.def
File: latex209.def 1994/11/28 v0.39 Standard LaTeX file

Entering LaTeX 2.09 compatibility mode.
\footheight=\dimen102
\@maxsep=\dimen103
\@dblmaxsep=\dimen104
(/usr/local/lib/texmf/tex/latex/base/tracefnt.sty
Package: tracefnt 1994/11/18 v2.3m Standard LaTeX package (font tracing)
\tracingfonts=\count82
LaTeX Info: Redefining \selectfont on input line 101.
)
\symbold=\mathgroup4
\symsans=\mathgroup5
\symtypewriter=\mathgroup6
\symitalic=\mathgroup7
\symsmallcaps=\mathgroup8
\symslanted=\mathgroup9
LaTeX Font Info:    Redeclaring math alphabet \mathbf on input line 200.
LaTeX Font Info:    Redeclaring math alphabet \mathsf on input line 201.
LaTeX Font Info:    Redeclaring math alphabet \mathtt on input line 202.
LaTeX Font Info:    Redeclaring math alphabet \mathit on input line 208.
LaTeX Info: Redefining \em on input line 218.

(/usr/local/lib/texmf/tex/latex/base/latexsym.sty
Package: latexsym 1994/09/25 v2.1f Standard LaTeX package (lasy symbols)
\symlasy=\mathgroup10
LaTeX Font Info:    Overwriting symbol font `lasy' in version `bold'
(Font)                  U/lasy/m/n --> U/lasy/b/n on input line 47.
)
LaTeX Font Info:    Redeclaring math delimiter \lgroup on input line 283.
LaTeX Font Info:    Redeclaring math delimiter \rgroup on input line 285.
LaTeX Font Info:    Redeclaring math delimiter \bracevert on input line 287.
)
(/afs/cern.ch/project/cnas_doc/sources/cnasall/cernman.cls
Document Class: cernman 1994/01/10
(/usr/local/lib/texmf/tex/latex/base/report.cls
Document Class: report 1994/12/09 v1.2x Standard LaTeX document class
(/usr/local/lib/texmf/tex/latex/base/size11.clo
File: size11.clo 1994/12/09 v1.2x Standard LaTeX file (size option)
)
\c@part=\count83
\c@chapter=\count84
\c@section=\count85
\c@subsection=\count86
\c@subsubsection=\count87
\c@paragraph=\count88
\c@subparagraph=\count89
\c@figure=\count90
\c@table=\count91
\abovecaptionskip=\skip41
\belowcaptionskip=\skip42
Compatibility mode: definition of \rm ignored.
Compatibility mode: definition of \sf ignored.
Compatibility mode: definition of \tt ignored.
Compatibility mode: definition of \bf ignored.
Compatibility mode: definition of \it ignored.
Compatibility mode: definition of \sl ignored.
Compatibility mode: definition of \sc ignored.
LaTeX Info: Redefining \cal on input line 515.
LaTeX Info: Redefining \mit on input line 516.
\bibindent=\dimen105
)
(/usr/local/lib/texmf/tex/latex/psnfss/pifont.sty
Package: pifont 94/11/11 4.2 Pi font PSNFSS2e package
LaTeX Font Info:    Try loading font information for U+pzd on input line 57.

(/usr/local/lib/texmf/tex/psfonts/Upzd.fd)
LaTeX Font Info:    Try loading font information for U+psy on input line 58.

(/usr/local/lib/texmf/tex/psfonts/Upsy.fd))
(/usr/local/lib/texmf/tex/latex/graphics/color.sty
Package: color 1994/11/22 v0.3h Standard LaTeX Color (DPC)

(/usr/local/lib/texmf/tex/latex/graphics/color.cfg)
Package color Info: Driver file: dvips.def on input line 131.

(/usr/local/lib/texmf/tex/latex/graphics/dvips.def
File: dvips.def 1994/12/12 v2.6 Driver-dependant file (DPC,SPQR)
)
(/usr/local/lib/texmf/tex/latex/graphics/dvipsnam.def
File: dvipsnam.def 1994/12/12 v2.6 Driver-dependant file (DPC,SPQR)
))
(/usr/local/lib/texmf/tex/latex/tools/array.sty
Package: array 1994/12/08 v2.3b Tabular extension package (FMi)
\col@sep=\dimen106
\extrarowheight=\dimen107
\NC@list=\toks14
\extratabsurround=\skip43
\backup@length=\skip44
)
(/usr/local/lib/texmf/tex/latex/tools/tabularx.sty
Package: tabularx 1994/05/22 v2.01 `tabularx' package (DPC)
\TX@col@width=\dimen108
\TX@old@table=\dimen109
\TX@old@col=\dimen110
\TX@target=\dimen111
\TX@delta=\dimen112
\TX@cols=\count92
\TX@ftn=\toks15
)
(/usr/local/lib/texmf/tex/latex/tools/verbatim.sty
Package: verbatim 1994/10/25 v1.5f LaTeX2e package for verbatim enhancements
\every@verbatim=\toks16
\verbatim@line=\toks17
\verbatim@in@stream=\read1
)
(/usr/local/lib/texmf/tex/latex/graphics/graphicx.sty
Package: graphicx 1994/11/29 v0.5a Enhanced LaTeX Graphics (DPC,SPQR)

(/usr/local/lib/texmf/tex/latex/graphics/keyval.sty
Package: keyval 1994/09/12 v1.08 key=value parser (DPC)
)
(/usr/local/lib/texmf/tex/latex/graphics/graphics.sty
Package: graphics 1994/12/15 v0.6c Standard LaTeX Graphics (DPC,SPQR)

(/usr/local/lib/texmf/tex/latex/graphics/trig.sty
Package: trig 1994/10/16 v1.08 sin cos tan (DPC)
)
(/usr/local/lib/texmf/tex/latex/graphics/graphics.cfg)
Package graphics Info: Driver file: dvips.def on input line 88.
)
\Gin@req@height=\dimen113
\Gin@req@width=\dimen114
)
(/usr/local/lib/texmf/tex/latex/graphics/epsfig.sty
Package: epsfig 1994/06/07 1.3 (SPQR)
\epsfxsize=\dimen115
\epsfysize=\dimen116
)
(/usr/local/lib/texmf/tex/latex/tools/varioref.sty
Package: varioref 1994/09/27 v1.0o package for extended references (FMi)
\c@vrcnt=\count93
)
(/usr/local/lib/texmf/tex/latex/tools/multicol.sty
Package: multicol 1994/10/02 v1.5i multicolum formatting
\c@tracingmulticols=\count94
\mult@box=\box26
\multicol@leftmargin=\dimen117
\c@unbalance=\count95
\c@collectmore=\count96
\doublecol@number=\count97
\multicoltolerance=\count98
\multicolpretolerance=\count99
\full@width=\dimen118
\page@free=\dimen119
\premulticols=\dimen120
\postmulticols=\dimen121
\multicolsep=\skip45
\multicolbaselineskip=\skip46
\partial@page=\box27
\last@line=\box28
\mult@rightbox=\box29
\mult@grightbox=\box30
\mult@gfirstbox=\box31
\mult@firstbox=\box32
\@tempa=\box33
\@tempa=\box34
\@tempa=\box35
\@tempa=\box36
\@tempa=\box37
\@tempa=\box38
\@tempa=\box39
\@tempa=\box40
\@tempa=\box41
\@tempa=\box42
\@tempa=\box43
\@tempa=\box44
\@tempa=\box45
\@tempa=\box46
\@tempa=\box47
\@tempa=\box48
\@tempa=\box49
\c@columnbadness=\count100
\c@finalcolumnbadness=\count101
\last@try=\dimen122
\multicolovershoot=\dimen123
\multicolundershoot=\dimen124
\mult@nat@firstbox=\box50
)
(/usr/local/lib/texmf/tex/latex/misc/here.sty)
(/usr/local/lib/texmf/tex/latex/tools/xspace.sty
Package: xspace 1994/11/15 v1.03 Space after command names (DPC)
)
(/usr/local/lib/texmf/tex/latex/misc/calc.sty
Style Option: `calc' 3.7 <1993/09/26 19:56:43> (KKT and FJ)
\global@count=\count102
\local@count=\count103
\global@dimen=\dimen125
\local@dimen=\dimen126
\global@skip=\skip47
\local@skip=\skip48
\global@muskip=\muskip10
\local@muskip=\muskip11
\ratio@count=\count104
) (/usr/local/lib/texmf/tex/latex/base/ifthen.sty
Package: ifthen 1994/11/15 v1.0j Standard LaTeX ifthen package (DPC)
)
(/usr/local/lib/texmf/tex/latex/base/makeidx.sty
Package: makeidx 1994/11/11 v1.0i Standard LaTeX package
)
\@DL@itemwidth=\dimen127
\c@cOL=\count105
\mylen=\skip49
\mybox=\box51
\@PAWout=\write3
)
(/usr/local/lib/texmf/tex/latex/tools/longtable.sty
Package: longtable 1994/12/08 v3.13 Multi-page Table package (DPC)
\LTleft=\skip50
\LTright=\skip51
\LTpre=\skip52
\LTpost=\skip53
\LTchunksize=\count106
\LTcapwidth=\dimen128
\LT@head=\box52
\LT@firsthead=\box53
\LT@foot=\box54
\LT@lastfoot=\box55
\LT@cols=\count107
\LT@rows=\count108
\c@LT@tables=\count109
\LT@p@ftn=\toks18
)

Package longtable Warning: \setlongtables is in force.
(longtable)                If you have edited the file since the last
(longtable)                LaTeX run, incorrect column widths, or even
(longtable)                errors, may be produced.

(vaxmain.aux (vaxfront.aux) (vaxover.aux) (vaxuser.aux) (vaxinst.aux))
LaTeX Font Info:    Checking defaults for OML/cmm/m/it on input line 20.
LaTeX Font Info:    ... okay on input line 20.
LaTeX Font Info:    Checking defaults for T1/cmr/m/n on input line 20.
LaTeX Font Info:    ... okay on input line 20.
LaTeX Font Info:    Checking defaults for OT1/cmr/m/n on input line 20.
LaTeX Font Info:    ... okay on input line 20.
LaTeX Font Info:    Checking defaults for OMS/cmsy/m/n on input line 20.
LaTeX Font Info:    ... okay on input line 20.
LaTeX Font Info:    Checking defaults for OMX/cmex/m/n on input line 20.
LaTeX Font Info:    ... okay on input line 20.
LaTeX Font Info:    Checking defaults for U/cmr/m/n on input line 20.
LaTeX Font Info:    ... okay on input line 20.
LaTeX Font Info:    Try loading font information for OT1+ptm on input line 20.

(/usr/local/lib/texmf/tex/psfonts/OT1ptm.fd) (vaxfront.tex
File: /usr/local/lib/tex/ps/cern15.eps Graphic file (type eps)

</usr/local/lib/tex/ps/cern15.eps>
LaTeX Font Info:    Font shape `OT1/ptm/bx/n' in size <14.4> not available
(Font)              Font shape `OT1/ptm/b/n' tried instead on input line 15.
File: /user/goossens/cnasall/cnastit.eps Graphic file (type eps)
 </user/goossens/cnasall/cnastit.eps>
[0


]
LaTeX Font Info:    Font shape `OT1/ptm/bx/n' in size <10.95> not available
(Font)              Font shape `OT1/ptm/b/n' tried instead on input line 72.
LaTeX Font Info:    External font `cmex10' loaded for size
(Font)              <10.95> on input line 72.
LaTeX Font Info:    External font `cmex10' loaded for size
(Font)              <8> on input line 72.
LaTeX Font Info:    External font `cmex10' loaded for size
(Font)              <6> on input line 72.
LaTeX Font Info:    Try loading font information for U+lasy on input line 72.
 (/usr/local/lib/texmf/tex/latex/base/Ulasy.fd
File: Ulasy.fd 1994/09/25 v2.1fLaTeX symbol font definitions
) [1]
LaTeX Font Info:    Font shape `OT1/ptm/bx/n' in size <12> not available
(Font)              Font shape `OT1/ptm/b/n' tried instead on input line 93.


LaTeX Warning: Citation `bib-POST' on page i undefined on input line 117.

[1] (vaxmain.toc [2])
\tf@toc=\write4
 (vaxmain.lof)
\tf@lof=\write5
 (vaxmain.lot)
\tf@lot=\write6
) [3]
LaTeX Font Info:    Font shape `OT1/ptm/bx/n' in size <20.74> not available
(Font)              Font shape `OT1/ptm/b/n' tried instead on input line 26.
LaTeX Font Info:    Font shape `OT1/ptm/bx/n' in size <24.88> not available
(Font)              Font shape `OT1/ptm/b/n' tried instead on input line 26.
 [1


] [2] (vaxover.tex
Chapter 1.
) [3


] [4


] [5] [6] (vaxuser.tex
Chapter 2.
[7


] [8]
Underfull \vbox (badness 10000) has occurred while \output is active []

 [9]
Underfull \vbox (badness 10000) has occurred while \output is active []

 [10]
Underfull \vbox (badness 10000) has occurred while \output is active []

 [11]
[12]
Underfull \vbox (badness 10000) has occurred while \output is active []

 [13]
Underfull \vbox (badness 10000) has occurred while \output is active []

 [14]
Underfull \vbox (badness 10000) has occurred while \output is active []

 [15]
Underfull \vbox (badness 10000) has occurred while \output is active []

 [16]
Underfull \vbox (badness 10000) has occurred while \output is active []

 [17]
[18] [19] [20]
Chapter 3.
[21

] [22]
Underfull \vbox (badness 10000) has occurred while \output is active []

 [23]
[24]
Underfull \vbox (badness 10000) has occurred while \output is active []

 [25]
Underfull \vbox (badness 10000) has occurred while \output is active []

 [26]
Underfull \vbox (badness 10000) has occurred while \output is active []

 [27]
Underfull \vbox (badness 10000) has occurred while \output is active []

 [28]
Underfull \vbox (badness 10000) has occurred while \output is active []

 [29]
[30] [31] [32]) [33] [34


] [35] [36] (vaxinst.tex
Chapter 4.
[37


]
Underfull \vbox (badness 10000) has occurred while \output is active []

 [38]
Overfull \hbox (3.04166pt too wide) in paragraph at lines 152--154
[][]\OT1/ptm/m/n/10.95 List of users for whom the check on generic de-vice name
 against
 []

[39]
Underfull \vbox (badness 10000) has occurred while \output is active []

 [40]
[41]
Underfull \vbox (badness 10000) has occurred while \output is active []

 [42]
[43]
Overfull \hbox (18.05377pt too wide) in paragraph at lines 456--458
\OT1/ptm/m/n/10.95 The log files from the stag-ing jobs are writ-ten to the di-
rec-tory de-fined by the sys-tem log-i-cal name \OT1/cmtt/m/n/10.95 STAGE_LOGS\
OT1/ptm/m/n/10.95 . 
 []

[44] [45] [46]) [47] (vaxmain.bbl) (vaxmain.ind) [48


] (vaxmain.aux
(vaxfront.aux) (vaxover.aux) (vaxuser.aux) (vaxinst.aux))

LaTeX Warning: There were undefined references.

 ) 
Here is how much of TeX's memory you used:
 1823 strings out of 10955
 19209 string characters out of 73510
 71659 words of memory out of 262141
 4442 multiletter control sequences out of 9500
 19277 words of font info for 64 fonts, out of 100000 for 255
 14 hyphenation exceptions out of 607
 32i,8n,23p,216b,323s stack positions out of 300i,40n,60p,3000b,4000s

Output written on vaxmain.dvi (53 pages, 111356 bytes).
