This is TeX, C Version 3.141 (format=lplain 92.10.8)  22 JUN 1993 19:29
**vaxtaphtml
(vaxtaphtml.tex
LaTeX Version 2.09 <25 March 1992>
(/user/goossens/cnasall/cernman.sty
Style-Option: `cernman' v3.06  <93/06/21> (M.G.)
(/usr/local/lib/tex/macros/report.sty
Standard Document Style `report' <14 Jan 92>.
(/usr/local/lib/tex/macros/rep11.sty)
\descriptionmargin=\dimen99
\c@part=\count79
\c@chapter=\count80
\c@section=\count81
\c@subsection=\count82
\c@subsubsection=\count83
\c@paragraph=\count84
\c@subparagraph=\count85
\c@figure=\count86
\c@table=\count87
 (/usr/local/lib/tex/macros/titlepag.sty
Document Style Option `titlepage' -- Released 16 June 1991.
)) (/usr/local/lib/tex/macros/array.sty
Style-Option: `array' v2.1b  <92/07/06> (F.M.)
English documentation dated  <92/07/18> (F.M.)
\col@sep=\dimen100
\extrarowheight=\dimen101
\NC@list=\toks14
) (/usr/local/lib/tex/macros/subfigure.sty
\c@subfigure=\count88
\@subfigtemp=\count89
)
(/usr/local/lib/tex/macros/subeqnarray.sty
Documentstyle option `subeqnarray' V1.1; Released 22 December 1988
\c@subequation=\count90
) (/usr/local/lib/tex/macros/subeqn.sty
\@stequation=\toks15
) (/user/goossens/cnasall/fontcmds.sty)
(/user/goossens/cnasall/varioref.sty
\vr@cnt=\count91
)
\c@cOL=\count92
\Length=\dimen102
 (/usr/local/lib/tex/macros/verbatim.sty
Style-Option: `verbatim' v1.4d <91/04/24> (RmS)
English Documentation          <91/04/24> (RmS)
\every@verbatim=\toks16
\verbatim@line=\toks17
)) (/usr/local/lib/tex/macros/longtable.sty
Style-Option: `longtable' v3.04  <92/10/12> (D.P.C.)
English documentation dated  <92/10/12> (D.P.C.)
\LTleft=\skip41
\LTright=\skip42
\LTpre=\skip43
\LTpost=\skip44
\LTchunksize=\count93
\LTcapwidth=\dimen103
\LT@head=\box25
\LT@firsthead=\box26
\LT@foot=\box27
\LT@lastfoot=\box28
\LT@cols=\count94
\LT@rows=\count95
\c@LT@tables=\count96
\LT@p@ftn=\toks18
)
(/usr/local/lib/tex/macros/tabularx.sty
Style-Option: `tabularx' v1.04  <92/09/02> (D.P.C.)
English documentation dated  <92/09/02> (D.P.C.)
\TX@col@width=\dimen104
\TX@old@table=\dimen105
\TX@old@col=\dimen106
\TX@target=\dimen107
\TX@delta=\dimen108
\TX@cols=\count97
\TX@ftn=\toks19
) (/user/goossens/cnasall/epsfig.sty
Document style option `epsfig', v1.5 <31 Jan 92> (edited by SPQR)
(/usr/local/lib/tex/macros/epsf.sty (/usr/local/lib/tex/macros/epsf.tex
\epsffilein=\read1
\epsfxsize=\dimen109
\epsfysize=\dimen110
\epsftsize=\dimen111
\epsfrsize=\dimen112
\epsftmp=\dimen113
\pspoints=\dimen114
))
\p@intvaluex=\dimen115
\p@intvaluey=\dimen116
)
(/usr/local/lib/tex/macros/makeidx.sty
Document style option `makeidx' - released 21 Oct 91
) (/user/goossens/cnasall/cerndoc.sty (/user/goossens/cnasall/screen.sty
Document style option `Screen', 8 Apr 1993 MG/AS
\hquant=\dimen117
\vquant=\dimen118
\along@h=\count98
\along@v=\count99
\cc@tmp=\count100
\col@number=\count101
\@tempdimc=\dimen119
)
\wwwy=\count102
\wwwm=\count103
\wwwd=\count104
\wwwc=\count105
\wwwt=\count106
\wwws=\count107
 (/usr/local/lib/tex/macros/version.sty))
(/user/goossens/cnasall/cernhtml.sty
Style-Option: `cernhtml' v1.06  <93/06/22> (M.G.)
(/usr/local/lib/tex/macros/newopt.sty) (/usr/local/lib/tex/macros/ifthen.sty
Document Style Option 'ifthen' -- Released 16 June 1991.
)
\cPRE=\count108
\c@Index=\count109
)
***
\setlongtables is in force.
If you have edited the file since the last LaTeX run
incorrect column widths, or even errors may be produced.
***
\@indexfile=\write3
Writing index file vaxtaphtml.idx 
***
\setlongtables is in force.
If you have edited the file since the last LaTeX run
incorrect column widths, or even errors may be produced.
***
(vaxtaphtml.aux (vaxfront.aux) (vaxover.aux) (vaxuser.aux) (vaxinst.aux))
[1

] (vaxfront.tex
Overfull \hbox (68.43562pt too wide) in paragraph at lines 30--30
 [][] 

\hbox(106.39627+0.0)x388.49661
.\glue(\leftskip) 0.0 plus 1.0fil
.\hbox(0.0+0.0)x0.0
.\hbox(106.39627+0.0)x456.93224
..\special{ps: /Printstring (VAXTAP) def}
..\glue(\spaceskip) 5.24995
..\vbox(106.39627+0.0)x451.68228, glue set 106.39627fil
...\glue 0.0 plus 1.0fil
...\hbox(0.0+0.0)x451.68228, glue set 451.68228fil []
.\penalty 10000
.\glue(\parfillskip) 0.0
.etc.

[2

]
Underfull \hbox (badness 10000) in paragraph at lines 97--97
[]\doc/m/n/11 Copyright and any other appropriate legal protection of these com
puter

\hbox(6.11111+2.22223)x372.95935
.\hbox(0.0+0.0)x0.0
.\doc/m/n/11 C
.\doc/m/n/11 o
.\doc/m/n/11 p
.\doc/m/n/11 y
.etc.


Underfull \hbox (badness 10000) in paragraph at lines 97--97
\doc/m/n/11 programs and associated documentation reserved in all countries of 
the

\hbox(6.11111+2.22223)x372.95935
.\doc/m/n/11 p
.\doc/m/n/11 r
.\doc/m/n/11 o
.\doc/m/n/11 g
.\doc/m/n/11 r
.etc.


Underfull \hbox (badness 10000) in paragraph at lines 97--97
[]\doc/m/n/11 These programs or documentation may not be reproduced by any meth
od

\hbox(6.11111+2.22223)x372.95935
.\hbox(0.0+0.0)x0.0
.\doc/m/n/11 T
.\doc/m/n/11 h
.\doc/m/n/11 e
.\doc/m/n/11 s
.etc.


Underfull \hbox (badness 10000) in paragraph at lines 97--97
\doc/m/n/11 without prior written consent of the Director-General of CERN or hi
s

\hbox(6.11111+2.22223)x372.95935
.\doc/m/n/11 w
.\doc/m/n/11 i
.\doc/m/n/11 t
.\doc/m/n/11 h
.\doc/m/n/11 o
.etc.


Underfull \hbox (badness 10000) in paragraph at lines 97--97
[]\doc/m/n/11 Permission for the usage of any programs described herein is gran
ted

\hbox(6.11111+2.22223)x372.95935
.\hbox(0.0+0.0)x0.0
.\doc/m/n/11 P
.\doc/m/n/11 e
.\doc/m/n/11 r
.\doc/m/n/11 m
.etc.


Underfull \hbox (badness 10000) in paragraph at lines 97--97
\doc/m/n/11 apriori to those scientific institutes associated with the CERN

\hbox(6.11111+2.22223)x372.95935
.\doc/m/n/11 a
.\doc/m/n/11 p
.\doc/m/n/11 r
.\doc/m/n/11 i
.\doc/m/n/11 o
.etc.


Underfull \hbox (badness 10000) in paragraph at lines 97--97
\doc/m/n/11 experimental program or with whom CERN has concluded a scientific

\hbox(6.11111+2.22223)x372.95935
.\doc/m/n/11 e
.\doc/m/n/11 x
.\doc/m/n/11 p
.\doc/m/n/11 e
.\doc/m/n/11 r
.etc.

[3]
Overfull \hbox (36.74965pt too wide) in paragraph at lines 103--108
[][]  

\hbox(55.77538+50.77536)x388.49661
.\hbox(0.0+0.0)x0.0
.\hbox(55.77538+50.77536)x425.24626
..\mathon
..\vbox(55.77538+50.77536)x425.24626
...\hbox(11.51996+6.9253)x425.24626 []
...\glue(\lineskip) 0.0
...\hbox(11.51996+60.98553)x425.24626 []
...\glue(\lineskip) 0.0
...\hbox(11.51996+4.08003)x425.24626 []
..\mathoff
.\penalty 10000
.\glue(\parfillskip) 0.0 plus 1.0fil
.\glue(\rightskip) 0.0 plus 1.0fil

[4]
Underfull \hbox (badness 10000) in paragraph at lines 135--135
[]\doc/m/n/11 Throughout this manual, commands to be <B>entered</B> are

\hbox(6.94444+2.22223)x341.43306
.\hbox(0.0+0.0)x0.0
.\doc/m/n/11 T
.\doc/m/n/11 h
.\doc/m/n/11 r
.\doc/m/n/11 o
.etc.

[1]) [2] (VAXTAP/vaxover.tex) [3


] (VAXTAP/vaxuser.tex [4


]
Overfull \hbox (15.74986pt too wide) in paragraph at lines 67--67
[] \doc/m/n/11 new versions of the LABELDUMP command. If specified, extra debug
 information[] 

\hbox(6.11111+2.22223)x388.49661
.\hbox(0.0+0.0)x0.0
.\penalty 10000
.\glue(\spaceskip) 5.24995
.\doc/m/n/11 n
.\doc/m/n/11 e
.etc.

[5]
Overfull \hbox (5.24995pt too wide) in paragraph at lines 102--102
[]      \doc/m/n/11 SETUP [(volume-label|VSN)] [(visual-identifier|VID)] [(logi
cal-name)][] 

\hbox(6.94444+2.22223)x388.49661
.\hbox(0.0+0.0)x0.0
.\penalty 10000
.\glue(\spaceskip) 5.24995
.\penalty 10000
.\glue(\spaceskip) 5.24995
.etc.


Overfull \hbox (15.74986pt too wide) in paragraph at lines 111--111
[]  \doc/m/n/11 The volume-label parameter is  always required. If your tape is
 unlabelled,[] 

\hbox(6.11111+2.22223)x388.49661
.\hbox(0.0+0.0)x0.0
.\penalty 10000
.\glue(\spaceskip) 5.24995
.\penalty 10000
.\glue(\spaceskip) 5.24995
.etc.

[6] [7] [8]
Overfull \hbox (10.49991pt too wide) in paragraph at lines 247--247
[]\doc/m/n/11 $ ON ERROR THEN GOTO ABEND        ! Protect against problems with
 SETUP etc.[] 

\hbox(6.94444+2.22223)x388.49661
.\hbox(0.0+0.0)x0.0
.\doc/m/n/11 $
.\penalty 10000
.\glue(\spaceskip) 5.24995
.\doc/m/n/11 O
.etc.

[9]
Overfull \hbox (5.24995pt too wide) in paragraph at lines 304--304
[]\doc/m/n/11 The volume-label parameter is  always required. If your tape is u
nlabelled,[] 

\hbox(6.11111+2.22223)x388.49661
.\hbox(0.0+0.0)x0.0
.\doc/m/n/11 T
.\doc/m/n/11 h
.\doc/m/n/11 e
.\penalty 10000
.etc.

[10] [11] [12]
Overfull \hbox (26.24977pt too wide) in paragraph at lines 406--406
[]\doc/m/n/11 This qualifier invokes output tape staging and is equivalent to a
 STAGE/APPEND,[] 

\hbox(6.94444+2.22223)x388.49661
.\hbox(0.0+0.0)x0.0
.\doc/m/n/11 T
.\doc/m/n/11 h
.\doc/m/n/11 i
.\doc/m/n/11 s
.etc.


Overfull \hbox (5.24995pt too wide) in paragraph at lines 434--434
[]\doc/m/n/11 Use the /REPLACE qualifier to request that existing staged data b
e replaced[] 

\hbox(6.94444+2.22223)x388.49661
.\hbox(0.0+0.0)x0.0
.\doc/m/n/11 U
.\doc/m/n/11 s
.\doc/m/n/11 e
.\penalty 10000
.etc.

[13]
Overfull \hbox (31.49973pt too wide) in paragraph at lines 466--466
[]\doc/m/n/11 %STAGE-I-TAPEINFO, file 1 from tape JDS001 (VSN JDS001), label ty
pe ASCII , file[] 

\hbox(6.94444+2.22223)x388.49661
.\hbox(0.0+0.0)x0.0
.\doc/m/n/11 %
.\doc/m/n/11 S
.\doc/m/n/11 T
.\doc/m/n/11 A
.etc.


Overfull \hbox (5.24995pt too wide) in paragraph at lines 481--481
[]\doc/m/n/11 Use the STAGE command to initiate input tape staging of a single 
tape file.[] 

\hbox(6.11111+2.22223)x388.49661
.\hbox(0.0+0.0)x0.0
.\doc/m/n/11 U
.\doc/m/n/11 s
.\doc/m/n/11 e
.\penalty 10000
.etc.

[14]
Overfull \hbox (10.49991pt too wide) in paragraph at lines 497--497
[]\doc/m/n/11 STAGE assigns a logical name to the disk file, by which you shoul
d reference[] 

\hbox(6.11111+2.22223)x388.49661
.\hbox(0.0+0.0)x0.0
.\doc/m/n/11 S
.\doc/m/n/11 T
.\doc/m/n/11 A
.\doc/m/n/11 G
.etc.


Overfull \hbox (5.24995pt too wide) in paragraph at lines 506--506
[]\doc/m/n/11 The preferred method of managing your staged data is through the 
STAGE/LIST[] 

\hbox(6.94444+2.22223)x388.49661
.\hbox(0.0+0.0)x0.0
.\doc/m/n/11 T
.\doc/m/n/11 h
.\doc/m/n/11 e
.\penalty 10000
.etc.

[15] [16] [17]
Overfull \hbox (5.24995pt too wide) in paragraph at lines 668--668
[]\doc/m/n/11 If you do not know the tape labels of either input or output tape
s, use the[] 

\hbox(6.11111+2.22223)x388.49661
.\hbox(0.0+0.0)x0.0
.\doc/m/n/11 I
.\doc/m/n/11 f
.\penalty 10000
.\glue(\spaceskip) 5.24995
.etc.

[18]
Overfull \hbox (31.49973pt too wide) in paragraph at lines 685--685
[]\doc/m/n/11 Job COPY_XIN103_TO_CUT215 (queue CLU$TAPES, entry 43) started on 
VXCRNA_SYS$TAPE[] 

\hbox(6.94444+2.22223)x388.49661
.\hbox(0.0+0.0)x0.0
.\doc/m/n/11 J
.\doc/m/n/11 o
.\doc/m/n/11 b
.\penalty 10000
.etc.


Overfull \hbox (15.74986pt too wide) in paragraph at lines 697--697
[]  \doc/m/n/11 For all other qualifiers, see the description of the STAGE /OUT
PUT command.[] 

\hbox(6.94444+2.22223)x388.49661
.\hbox(0.0+0.0)x0.0
.\penalty 10000
.\glue(\spaceskip) 5.24995
.\penalty 10000
.\glue(\spaceskip) 5.24995
.etc.


Overfull \hbox (26.24977pt too wide) in paragraph at lines 703--703
[]\doc/m/n/11 The above command writes file MYDATA.DAT to file 3 of the tape wi
th VID CUT123.[] 

\hbox(6.11111+2.22223)x388.49661
.\hbox(0.0+0.0)x0.0
.\doc/m/n/11 T
.\doc/m/n/11 h
.\doc/m/n/11 e
.\penalty 10000
.etc.

[19] [20] [21]
Overfull \hbox (15.74986pt too wide) in paragraph at lines 819--819
[] \doc/m/n/11 new versions of the LABELDUMP command. If specified, extra debug
 information[] 

\hbox(6.11111+2.22223)x388.49661
.\hbox(0.0+0.0)x0.0
.\penalty 10000
.\glue(\spaceskip) 5.24995
.\doc/m/n/11 n
.\doc/m/n/11 e
.etc.

[22]
Overfull \hbox (5.24995pt too wide) in paragraph at lines 864--864
[]      \doc/m/n/11 SETUP [(volume-label|VSN)] [(visual-identifier|VID)] [(logi
cal-name)][] 

\hbox(6.94444+2.22223)x388.49661
.\hbox(0.0+0.0)x0.0
.\penalty 10000
.\glue(\spaceskip) 5.24995
.\penalty 10000
.\glue(\spaceskip) 5.24995
.etc.


Overfull \hbox (15.74986pt too wide) in paragraph at lines 873--873
[]  \doc/m/n/11 The volume-label parameter is  always required. If your tape is
 unlabelled,[] 

\hbox(6.11111+2.22223)x388.49661
.\hbox(0.0+0.0)x0.0
.\penalty 10000
.\glue(\spaceskip) 5.24995
.\penalty 10000
.\glue(\spaceskip) 5.24995
.etc.

[23] [24]
Overfull \hbox (10.49991pt too wide) in paragraph at lines 964--964
[]\doc/m/n/11 $ ON ERROR THEN GOTO ABEND        ! Protect against problems with
 SETUP etc.[] 

\hbox(6.94444+2.22223)x388.49661
.\hbox(0.0+0.0)x0.0
.\doc/m/n/11 $
.\penalty 10000
.\glue(\spaceskip) 5.24995
.\doc/m/n/11 O
.etc.

[25] [26]
Overfull \hbox (5.24995pt too wide) in paragraph at lines 1015--1015
[]\doc/m/n/11 The volume-label parameter is  always required. If your tape is u
nlabelled,[] 

\hbox(6.11111+2.22223)x388.49661
.\hbox(0.0+0.0)x0.0
.\doc/m/n/11 T
.\doc/m/n/11 h
.\doc/m/n/11 e
.\penalty 10000
.etc.

[27]
Overfull \hbox (26.24977pt too wide) in paragraph at lines 1094--1094
[]\doc/m/n/11 This qualifier invokes output tape staging and is equivalent to a
 STAGE/APPEND,[] 

\hbox(6.94444+2.22223)x388.49661
.\hbox(0.0+0.0)x0.0
.\doc/m/n/11 T
.\doc/m/n/11 h
.\doc/m/n/11 i
.\doc/m/n/11 s
.etc.

[28]
Overfull \hbox (5.24995pt too wide) in paragraph at lines 1122--1122
[]\doc/m/n/11 Use the /REPLACE qualifier to request that existing staged data b
e replaced[] 

\hbox(6.94444+2.22223)x388.49661
.\hbox(0.0+0.0)x0.0
.\doc/m/n/11 U
.\doc/m/n/11 s
.\doc/m/n/11 e
.\penalty 10000
.etc.


Overfull \hbox (31.49973pt too wide) in paragraph at lines 1154--1154
[]\doc/m/n/11 %STAGE-I-TAPEINFO, file 1 from tape JDS001 (VSN JDS001), label ty
pe ASCII , file[] 

\hbox(6.94444+2.22223)x388.49661
.\hbox(0.0+0.0)x0.0
.\doc/m/n/11 %
.\doc/m/n/11 S
.\doc/m/n/11 T
.\doc/m/n/11 A
.etc.

[29]
Overfull \hbox (5.24995pt too wide) in paragraph at lines 1169--1169
[]\doc/m/n/11 Use the STAGE command to initiate input tape staging of a single 
tape file.[] 

\hbox(6.11111+2.22223)x388.49661
.\hbox(0.0+0.0)x0.0
.\doc/m/n/11 U
.\doc/m/n/11 s
.\doc/m/n/11 e
.\penalty 10000
.etc.


Overfull \hbox (10.49991pt too wide) in paragraph at lines 1185--1185
[]\doc/m/n/11 STAGE assigns a logical name to the disk file, by which you shoul
d reference[] 

\hbox(6.11111+2.22223)x388.49661
.\hbox(0.0+0.0)x0.0
.\doc/m/n/11 S
.\doc/m/n/11 T
.\doc/m/n/11 A
.\doc/m/n/11 G
.etc.


Overfull \hbox (5.24995pt too wide) in paragraph at lines 1194--1194
[]\doc/m/n/11 The preferred method of managing your staged data is through the 
STAGE/LIST[] 

\hbox(6.94444+2.22223)x388.49661
.\hbox(0.0+0.0)x0.0
.\doc/m/n/11 T
.\doc/m/n/11 h
.\doc/m/n/11 e
.\penalty 10000
.etc.

[30] [31] [32] [33] [34]
Overfull \hbox (15.74986pt too wide) in paragraph at lines 1380--1380
[]  \doc/m/n/11 to display the current labeltype (SL=labels encoded in EBCDIC, 
(IBM format)[] 

\hbox(6.94444+2.22223)x388.49661
.\hbox(0.0+0.0)x0.0
.\penalty 10000
.\glue(\spaceskip) 5.24995
.\penalty 10000
.\glue(\spaceskip) 5.24995
.etc.


Overfull \hbox (15.74986pt too wide) in paragraph at lines 1381--1381
[]                                    \doc/m/n/11 AL=labels encoded in ASCII,  
(VAX format)[] 

\hbox(6.94444+1.38887)x388.49661
.\hbox(0.0+0.0)x0.0
.\penalty 10000
.\glue(\spaceskip) 5.24995
.\penalty 10000
.\glue(\spaceskip) 5.24995
.etc.


Overfull \hbox (15.74986pt too wide) in paragraph at lines 1387--1387
[]  \doc/m/n/11 For all other qualifiers, see the description of the STAGE /OUT
PUT command.[] 

\hbox(6.94444+2.22223)x388.49661
.\hbox(0.0+0.0)x0.0
.\penalty 10000
.\glue(\spaceskip) 5.24995
.\penalty 10000
.\glue(\spaceskip) 5.24995
.etc.


Overfull \hbox (26.24977pt too wide) in paragraph at lines 1393--1393
[]\doc/m/n/11 The above command writes file MYDATA.DAT to file 3 of the tape wi
th VID CUT123.[] 

\hbox(6.11111+2.22223)x388.49661
.\hbox(0.0+0.0)x0.0
.\doc/m/n/11 T
.\doc/m/n/11 h
.\doc/m/n/11 e
.\penalty 10000
.etc.

[35]) [36] (VAXTAP/vaxinst.tex [37


] [38] [39] [40]
Overfull \hbox (26.24977pt too wide) in paragraph at lines 172--172
[] []\doc/m/n/11 $ !-----------------------------------------------------------
----------------*[] 

\hbox(6.94444+0.83333)x388.49661
.\hbox(0.0+0.0)x0.0
.\glue 0.0
.\hbox(0.0+0.0)x0.0
..\glue 0.0
..\glue 0.0
..\glue -5.24995
..\hbox(0.0+0.0)x0.0
..\glue 5.24995
.\penalty 0
.\doc/m/n/11 $
.etc.


Overfull \hbox (26.24977pt too wide) in paragraph at lines 176--176
[]\doc/m/n/11 $ !--------------------------------------------------------------
-------------*[] 

\hbox(6.94444+0.83333)x388.49661
.\hbox(0.0+0.0)x0.0
.\doc/m/n/11 $
.\penalty 10000
.\glue(\spaceskip) 5.24995
.\doc/m/n/11 !
.etc.

[41]
Overfull \hbox (31.49973pt too wide) in paragraph at lines 208--208
[]\doc/m/n/11 $ !      Disallow specific users from using tapes (useful to stop
 troublemakers)[] 

\hbox(6.94444+2.22223)x388.49661
.\hbox(0.0+0.0)x0.0
.\doc/m/n/11 $
.\penalty 10000
.\glue(\spaceskip) 5.24995
.\doc/m/n/11 !
.etc.


Overfull \hbox (10.49991pt too wide) in paragraph at lines 222--222
[]\doc/m/n/11 $        define/system setup_exabytes setup_8200s ! Can also have
 aliases...[] 

\hbox(6.94444+2.22223)x388.49661
.\hbox(0.0+0.0)x0.0
.\doc/m/n/11 $
.\penalty 10000
.\glue(\spaceskip) 5.24995
.\penalty 10000
.etc.

[42] [43] [44]
Overfull \hbox (10.49991pt too wide) in paragraph at lines 359--359
[]\doc/m/n/11 "Type any character to reenter a staging group, or return to acce
pt ''uic' "[] 

\hbox(6.11111+2.22223)x388.49661
.\hbox(0.0+0.0)x0.0
.\doc/m/n/11 "
.\doc/m/n/11 T
.\doc/m/n/11 y
.\doc/m/n/11 p
.etc.


Overfull \hbox (31.49973pt too wide) in paragraph at lines 372--372
[]\doc/m/n/11 $ set file/acl=(id=id$_'uic',options=default,access=read+write+de
lete+execute) -[] 

\hbox(6.94444+2.22223)x388.49661
.\hbox(0.0+0.0)x0.0
.\doc/m/n/11 $
.\penalty 10000
.\glue(\spaceskip) 5.24995
.\doc/m/n/11 s
.etc.

[45]
Overfull \hbox (31.49973pt too wide) in paragraph at lines 376--376
[]\doc/m/n/11 $ set file/acl=(id=id$_'uic',options=default,access=read+write+de
lete+execute) -[] 

\hbox(6.94444+2.22223)x388.49661
.\hbox(0.0+0.0)x0.0
.\doc/m/n/11 $
.\penalty 10000
.\glue(\spaceskip) 5.24995
.\doc/m/n/11 s
.etc.

[46] [47] [48] [49]
Overfull \hbox (5.24995pt too wide) in paragraph at lines 548--548
[]\doc/m/n/11 (IDENTIFIER=owner,OPTIONS=DEFAULT,ACCESS=READ+WRITE+EXECUTE+DELET
E+CONTROL)[] 

\hbox(6.94444+1.38887)x388.49661
.\hbox(0.0+0.0)x0.0
.\doc/m/n/11 (
.\doc/m/n/11 I
.\doc/m/n/11 D
.\doc/m/n/11 E
.etc.


Overfull \hbox (65.3094pt too wide) in paragraph at lines 568--568
[] []\doc/m/n/11 Stage request for vsn[]vid.fseq[]labeltype issued at yymmdd hh
mm by user on node nodename[] 

\hbox(6.11111+2.22223)x388.49661
.\hbox(0.0+0.0)x0.0
.\glue 0.0
.\hbox(0.0+0.0)x0.0
..\glue 0.0
..\glue 0.0
..\glue -5.24995
..\hbox(0.0+0.0)x0.0
..\glue 5.24995
.\penalty 0
.\doc/m/n/11 S
.etc.

[50] [51]
Overfull \hbox (10.49991pt too wide) in paragraph at lines 650--650
[]\doc/m/n/11 $ !    time. If this is greater than the current expiry date then
 the expiry[] 

\hbox(6.94444+2.22223)x388.49661
.\hbox(0.0+0.0)x0.0
.\doc/m/n/11 $
.\penalty 10000
.\glue(\spaceskip) 5.24995
.\doc/m/n/11 !
.etc.

) [52] (vaxmain.bbl) [53

] (vaxtaphtml.aux (vaxfront.aux) (vaxover.aux)
(vaxuser.aux) (vaxinst.aux)) ) 
Here is how much of TeX's memory you used:
 1090 strings out of 11620
 10008 string characters out of 73736
 50920 words of memory out of 262141
 3198 multiletter control sequences out of 17000
 16347 words of font info for 59 fonts, out of 120000 for 255
 52 hyphenation exceptions out of 607
 18i,11n,23p,231b,242s stack positions out of 300i,40n,60p,3000b,5000s

Output written on vaxtaphtml.dvi (57 pages, 86492 bytes).
