This is TeX, Version 3.1415 (C version 6.1) (format=latex 95.1.5)  27 JUN 1995 13:59
**fatmain
(fatmain.tex
LaTeX2e <1994/12/01>
(/afs/cern.ch/project/cnas_doc/sources/cnasall/cernman.cls
Document Class: cernman 1994/01/10
(/usr/local/lib/texmf/tex/latex/base/report.cls
Document Class: report 1994/12/09 v1.2x Standard LaTeX document class
(/usr/local/lib/texmf/tex/latex/base/size11.clo
File: size11.clo 1994/12/09 v1.2x Standard LaTeX file (size option)
)
\c@part=\count82
\c@chapter=\count83
\c@section=\count84
\c@subsection=\count85
\c@subsubsection=\count86
\c@paragraph=\count87
\c@subparagraph=\count88
\c@figure=\count89
\c@table=\count90
\abovecaptionskip=\skip41
\belowcaptionskip=\skip42
LaTeX Info: Redefining \cal on input line 515.
LaTeX Info: Redefining \mit on input line 516.
\bibindent=\dimen102
)
(/usr/local/lib/texmf/tex/latex/psnfss/pifont.sty
Package: pifont 94/11/11 4.2 Pi font PSNFSS2e package
LaTeX Font Info:    Try loading font information for U+pzd on input line 57.

(/usr/local/lib/texmf/tex/psfonts/Upzd.fd)
LaTeX Font Info:    Try loading font information for U+psy on input line 58.

(/usr/local/lib/texmf/tex/psfonts/Upsy.fd))
(/usr/local/lib/texmf/tex/latex/graphics/color.sty
Package: color 1994/11/22 v0.3h Standard LaTeX Color (DPC)

(/usr/local/lib/texmf/tex/latex/graphics/color.cfg)
Package color Info: Driver file: dvips.def on input line 131.

(/usr/local/lib/texmf/tex/latex/graphics/dvips.def
File: dvips.def 1994/12/12 v2.6 Driver-dependant file (DPC,SPQR)
)
(/usr/local/lib/texmf/tex/latex/graphics/dvipsnam.def
File: dvipsnam.def 1994/12/12 v2.6 Driver-dependant file (DPC,SPQR)
))
(/usr/local/lib/texmf/tex/latex/tools/array.sty
Package: array 1994/12/08 v2.3b Tabular extension package (FMi)
\col@sep=\dimen103
\extrarowheight=\dimen104
\NC@list=\toks14
\extratabsurround=\skip43
\backup@length=\skip44
)
(/usr/local/lib/texmf/tex/latex/tools/tabularx.sty
Package: tabularx 1994/05/22 v2.01 `tabularx' package (DPC)
\TX@col@width=\dimen105
\TX@old@table=\dimen106
\TX@old@col=\dimen107
\TX@target=\dimen108
\TX@delta=\dimen109
\TX@cols=\count91
\TX@ftn=\toks15
)
(/usr/local/lib/texmf/tex/latex/tools/verbatim.sty
Package: verbatim 1994/10/25 v1.5f LaTeX2e package for verbatim enhancements
\every@verbatim=\toks16
\verbatim@line=\toks17
\verbatim@in@stream=\read1
)
(/usr/local/lib/texmf/tex/latex/graphics/graphicx.sty
Package: graphicx 1994/11/29 v0.5a Enhanced LaTeX Graphics (DPC,SPQR)

(/usr/local/lib/texmf/tex/latex/graphics/keyval.sty
Package: keyval 1994/09/12 v1.08 key=value parser (DPC)
)
(/usr/local/lib/texmf/tex/latex/graphics/graphics.sty
Package: graphics 1994/12/15 v0.6c Standard LaTeX Graphics (DPC,SPQR)

(/usr/local/lib/texmf/tex/latex/graphics/trig.sty
Package: trig 1994/10/16 v1.08 sin cos tan (DPC)
)
(/usr/local/lib/texmf/tex/latex/graphics/graphics.cfg)
Package graphics Info: Driver file: dvips.def on input line 88.
)
\Gin@req@height=\dimen110
\Gin@req@width=\dimen111
)
(/usr/local/lib/texmf/tex/latex/graphics/epsfig.sty
Package: epsfig 1994/06/07 1.3 (SPQR)
\epsfxsize=\dimen112
\epsfysize=\dimen113
)
(/usr/local/lib/texmf/tex/latex/tools/varioref.sty
Package: varioref 1994/09/27 v1.0o package for extended references (FMi)
\c@vrcnt=\count92
)
(/usr/local/lib/texmf/tex/latex/tools/multicol.sty
Package: multicol 1994/10/02 v1.5i multicolum formatting
\c@tracingmulticols=\count93
\mult@box=\box26
\multicol@leftmargin=\dimen114
\c@unbalance=\count94
\c@collectmore=\count95
\doublecol@number=\count96
\multicoltolerance=\count97
\multicolpretolerance=\count98
\full@width=\dimen115
\page@free=\dimen116
\premulticols=\dimen117
\postmulticols=\dimen118
\multicolsep=\skip45
\multicolbaselineskip=\skip46
\partial@page=\box27
\last@line=\box28
\mult@rightbox=\box29
\mult@grightbox=\box30
\mult@gfirstbox=\box31
\mult@firstbox=\box32
\@tempa=\box33
\@tempa=\box34
\@tempa=\box35
\@tempa=\box36
\@tempa=\box37
\@tempa=\box38
\@tempa=\box39
\@tempa=\box40
\@tempa=\box41
\@tempa=\box42
\@tempa=\box43
\@tempa=\box44
\@tempa=\box45
\@tempa=\box46
\@tempa=\box47
\@tempa=\box48
\@tempa=\box49
\c@columnbadness=\count99
\c@finalcolumnbadness=\count100
\last@try=\dimen119
\multicolovershoot=\dimen120
\multicolundershoot=\dimen121
\mult@nat@firstbox=\box50
)
(/usr/local/lib/texmf/tex/latex/misc/here.sty)
(/usr/local/lib/texmf/tex/latex/tools/xspace.sty
Package: xspace 1994/11/15 v1.03 Space after command names (DPC)
)
(/usr/local/lib/texmf/tex/latex/misc/calc.sty
Package: calc 95/02/09 v4.0b (TEST)

Package: `calc' v4.0b (TEST) <95/02/09> (KKT and FJ)
\calc@Acount=\count101
\calc@Bcount=\count102
\calc@Adimen=\dimen122
\calc@Bdimen=\dimen123
\calc@Askip=\skip47
\calc@Bskip=\skip48
LaTeX Info: Redefining \setlength on input line 45.
LaTeX Info: Redefining \addtolength on input line 46.
\calc@denominator=\count103
) (/usr/local/lib/texmf/tex/latex/base/ifthen.sty
Package: ifthen 1994/11/15 v1.0j Standard LaTeX ifthen package (DPC)
)
(/usr/local/lib/texmf/tex/latex/base/makeidx.sty
Package: makeidx 1994/11/11 v1.0i Standard LaTeX package
)
\@DL@itemwidth=\dimen124
\c@cOL=\count104
\mylen=\skip49
\mybox=\box51
\@PAWout=\write3
)
(/usr/local/lib/texmf/tex/latex/tools/longtable.sty
Package: longtable 1994/12/08 v3.13 Multi-page Table package (DPC)
\LTleft=\skip50
\LTright=\skip51
\LTpre=\skip52
\LTpost=\skip53
\LTchunksize=\count105
\LTcapwidth=\dimen125
\LT@head=\box52
\LT@firsthead=\box53
\LT@foot=\box54
\LT@lastfoot=\box55
\LT@cols=\count106
\LT@rows=\count107
\c@LT@tables=\count108
\LT@p@ftn=\toks18
)

Package longtable Warning: \setlongtables is in force.
(longtable)                If you have edited the file since the last
(longtable)                LaTeX run, incorrect column widths, or even
(longtable)                errors, may be produced.

\@indexfile=\write4
Writing index file fatmain.idx
(fatmain.aux (fatfront.aux) (fatover.aux) (fattutr.aux) (fatuser.aux)
(fatinst.aux) (fatappen.aux))
LaTeX Font Info:    Checking defaults for OML/cmm/m/it on input line 30.
LaTeX Font Info:    ... okay on input line 30.
LaTeX Font Info:    Checking defaults for T1/cmr/m/n on input line 30.
LaTeX Font Info:    ... okay on input line 30.
LaTeX Font Info:    Checking defaults for OT1/cmr/m/n on input line 30.
LaTeX Font Info:    ... okay on input line 30.
LaTeX Font Info:    Checking defaults for OMS/cmsy/m/n on input line 30.
LaTeX Font Info:    ... okay on input line 30.
LaTeX Font Info:    Checking defaults for OMX/cmex/m/n on input line 30.
LaTeX Font Info:    ... okay on input line 30.
LaTeX Font Info:    Checking defaults for U/cmr/m/n on input line 30.
LaTeX Font Info:    ... okay on input line 30.
LaTeX Font Info:    Try loading font information for OT1+ptm on input line 30.
 (/usr/local/lib/texmf/tex/psfonts/OT1ptm.fd)
(fatfront.tex
File: /usr/local/lib/tex/ps/cern15.eps Graphic file (type eps)
 </usr/local/lib/tex/ps/cern15.eps>
LaTeX Font Info:    Font shape `OT1/ptm/bx/n' in size <14.4> not available
(Font)              Font shape `OT1/ptm/b/n' tried instead on input line 22.
File: cnastit.eps Graphic file (type eps)
 <cnastit.eps> [1


]
LaTeX Font Info:    Font shape `OT1/ptm/bx/n' in size <10.95> not available
(Font)              Font shape `OT1/ptm/b/n' tried instead on input line 86.
LaTeX Font Info:    Try loading font information for OMS+ptm on input line 86.

No file OMSptm.fd.

LaTeX Font Warning: Font shape `OMS/ptm/m/n ' undefined
(Font)              using `OMS/cmsy/m/n' instead on input line 86.

LaTeX Font Info:    External font `cmex10' loaded for size
(Font)              <10.95> on input line 86.
LaTeX Font Info:    External font `cmex10' loaded for size
(Font)              <8> on input line 86.
LaTeX Font Info:    External font `cmex10' loaded for size
(Font)              <6> on input line 86.
[1]
LaTeX Font Info:    Font shape `OT1/ptm/bx/n' in size <12> not available
(Font)              Font shape `OT1/ptm/b/n' tried instead on input line 107.

Overfull \hbox (4.04259pt too wide) in paragraph at lines 109--113
\OT1/ptm/m/n/10.95 This \OT1/ptm/b/n/10.95 Com-plete Ref-er-ence \OT1/ptm/m/n/1
0.95 of the FAT-MEN sys-tem (for \OT1/ptm/b/n/10.95 F\OT1/ptm/m/n/10.95 ile \OT
1/ptm/b/n/10.95 a\OT1/ptm/m/n/10.95 nd \OT1/ptm/b/n/10.95 T\OT1/ptm/m/n/10.95 a
pe \OT1/ptm/b/n/10.95 M\OT1/ptm/m/n/10.95 anagement: \OT1/ptm/b/n/10.95 E\OT1/p
tm/m/n/10.95 xperimental \OT1/ptm/b/n/10.95 N\OT1/ptm/m/n/10.95 eeds),
 []

LaTeX Font Info:    External font `cmex10' loaded for size
(Font)              <9> on input line 156.
LaTeX Font Info:    External font `cmex10' loaded for size
(Font)              <5> on input line 156.
[1] [2] (fatmain.toc [3] [4] [5] [6] [7] [8] [9])
\tf@toc=\write5
 [10] (fatmain.lof)
\tf@lof=\write6

(fatmain.lot)
\tf@lot=\write7
) [11]
LaTeX Font Info:    Font shape `OT1/ptm/bx/n' in size <20.74> not available
(Font)              Font shape `OT1/ptm/b/n' tried instead on input line 36.
LaTeX Font Info:    Font shape `OT1/ptm/bx/n' in size <24.88> not available
(Font)              Font shape `OT1/ptm/b/n' tried instead on input line 36.
 [1


] (fatover.tex
Chapter 1.
[2


] [3] [4]
Chapter 2.
[5

]
Chapter 3.
LaTeX Font Info:    Font shape `OT1/ptm/bx/n' in size <9> not available
(Font)              Font shape `OT1/ptm/b/n' tried instead on input line 271.
[6

] [7] [8]
File: fatfig0.eps Graphic file (type eps)
 <fatfig0.eps>

LaTeX Warning: Float too large for page by 57.03667pt on input line 475.

File: fatfig1.eps Graphic file (type eps)
<fatfig1.eps>
File: fatfig2.eps Graphic file (type eps)
 <fatfig2.eps>
Overfull \hbox (14.45195pt too wide) in paragraph at lines 506--509
[]\OT1/ptm/m/n/10.95 Remote FAT-MEN cat-a-logues are cur-rently in use on sev-e
ral IBM sys-tems, such as LEP-ICS, IN2P3, SACLAY
 []

[9] [10] [11]
Chapter 4.
[12

]) [13] [14


] (fattutr.tex
Chapter 5.
[15


] [16]
Overfull \hbox (7.74081pt too wide) in paragraph at lines 188--193
\OT1/ptm/m/n/10.95 per-i-ment. This will cre-ate a file called \OT1/cmtt/m/n/10
.95 MUSIC.FATRZ \OT1/ptm/m/n/10.95 and all generic names will start \OT1/cmtt/m
/n/10.95 //MUSIC/CLASSICAL\OT1/ptm/m/n/10.95 . 
 []


Overfull \hbox (3.0737pt too wide) in paragraph at lines 204--213
\OT1/ptm/m/n/10.95 then have very read-able generic-names, e.g. \OT1/cmtt/m/n/1
0.95 //MUSIC/CLASSICAL/BEETHOVEN/SYMPHONIES/NUMBER9\OT1/ptm/m/n/10.95 ,
 []

[17] [18] [19] [20]
Underfull \vbox (badness 10000) has occurred while \output is active []

 [21]
[22]

LaTeX Font Warning: Font shape `OT1/cmtt/bx/n' in size <9> not available
(Font)              Font shape `OT1/cmtt/m/n' tried instead on input line 588.

[23]
Overfull \hbox (22.01569pt too wide) in paragraph at lines 640--644
\OT1/ptm/m/n/10.95 The FMADDD[] and FMADDT[] rou-tines pro-vide the same func-t
ion-al-ity as the shell ADD/DISK and ADD/TAPE
 []

[24] [25]
Underfull \vbox (badness 10000) has occurred while \output is active []

 [26]
Overfull \hbox (17.216pt too wide) in paragraph at lines 812--818
[][]\OT1/ptm/m/n/10.95 On VM sys-tems, a FILEDEF on unit FT11F001 point-ing to 
the dataset ref-er-enced by //cern/cndiv/jamie.
 []

[27]
Overfull \hbox (13.86026pt too wide) in paragraph at lines 919--921
\OT1/ptm/m/n/10.95 An en-try for the cor-re-spond-ing de-vice must ex-ist in th
e file \OT1/cmtt/m/n/10.95 /etc/shift.conf \OT1/ptm/m/n/10.95 or in the file \O
T1/cmtt/m/n/10.95 /etc/TPCONFIG\OT1/ptm/m/n/10.95 . 
 []

[28] [29] [30] [31] [32]
Underfull \vbox (badness 10000) has occurred while \output is active []

 [33]
[34] [35] [36] [37] [38] [39]
Overfull \hbox (0.24463pt too wide) in paragraph at lines 1566--1571
[]\OT1/ptm/m/n/10.95 The fol-low-ing ex-am-ple finds all generic-names that mat
ch a pat-tern con-tain-ing wild cards, and then deletes
 []

[40]
Underfull \vbox (badness 10000) has occurred while \output is active []

 [41]
Underfull \vbox (badness 10000) has occurred while \output is active []

 [42]
[43]
Underfull \vbox (badness 10000) has occurred while \output is active []

 [44]
[45] [46] [47]
Underfull \vbox (badness 10000) has occurred while \output is active []

 [48])
[49] [50


] (fatuser.tex
Chapter 6.
[51


]
Overfull \hbox (21.82051pt too wide) in paragraph at lines 108--116
\OT1/ptm/m/n/10.95 Given the generic name \OT1/cmtt/m/n/10.95 //CERN/DELPHI/P01
_ALLD/CDST/S2PR/Y91V02/E091.3/L0678/R023808F01C1
 []

[52]
Chapter 7.
LaTeX Font Info:    Font shape `OT1/ptm/bx/n' in size <10> not available
(Font)              Font shape `OT1/ptm/b/n' tried instead on input line 124.

Overfull \hbox (4.83228pt too wide) in paragraph at lines 173--175
[][]\OT1/ptm/m/n/10.95 Character vari-able to spec-ify the re-quired op-tions, 
as for the rou-tine FMOPEN[] (see on Page 71[].) 
 []

[53

]
Overfull \hbox (4.22998pt too wide) in paragraph at lines 195--197
[][]\OT1/ptm/m/n/10.95 Character vari-able to spec-ify the re-quired op-tions, 
as for the rou-tine FM-C-LOS[] (see on Page 73[].) 
 []


Underfull \hbox (badness 10000) in paragraph at lines 209--209
[]|\OT1/cmtt/m/n/10.95 (GENAM,VSN,VID,FSEQ,DSN,FFORM,CPLEV,HOST,RECFM,LRECL,LBL
OCK,
 []


Overfull \hbox (20.36687pt too wide) in paragraph at lines 215--219
\OT1/ptm/m/n/10.95 which the file re-sides. This field may also be given in the
 'ex-tended VID' form, e.g. IN2P3.EP1234
 []

[54]
Underfull \hbox (badness 10000) in paragraph at lines 271--271
[]|\OT1/cmtt/m/n/10.95 (GENAM,DSN,FFORM,CPLEV,HOST,RECFM,LRECL,LBLOCK,
 []

[55] [56]
Overfull \hbox (43.07314pt too wide) in paragraph at lines 382--384
[]\OT1/ptm/m/n/10.95 This rou-tine copies the vec-tor IVECT into the FAT-MEN ba
nk re-served for ma-nip-u-la-tion with FMADDD[]/FMADDT[],
 []

[57] [58] [59]

LaTeX Font Warning: Font shape `OT1/cmtt/bx/n' in size <10.95> not available
(Font)              Font shape `OT1/cmtt/m/n' tried instead on input line 591.

[60]
Overfull \hbox (10.10364pt too wide) in paragraph at lines 674--687
[]\OT1/ptm/m/n/10.95 This rou-tine en-ters the in-for-ma-tion in the bank with 
ad-dress LBANK for the spec-i-fied generic name GENAM
 []

[61] [62] [63] [64] [65] [66]
Overfull \hbox (11.42766pt too wide) in paragraph at lines 1017--1022
[]\OT1/ptm/m/n/10.95 This rou-tine re-turns char-ac-ter in-for-ma-tion from the
 FAT-MEN bank at ad-dress LBANK in the string STRING.
 []

[67] [68] [69] [70]
Overfull \hbox (7.82991pt too wide) in paragraph at lines 1273--1276
[][]\OT1/ptm/m/n/10.95 Stage wHole tape. This op-tion is ig-nored un-less run-n
ing on a VAX/VMS sys-tem us-ing the \OT1/cmtt/m/n/10.95 VAXTAP \OT1/ptm/m/n/10.
95 [[]]
 []

[71] [72]
Overfull \hbox (7.81166pt too wide) in paragraph at lines 1343--1351
\OT1/ptm/m/n/10.95 ZE-BRA FZ files is via the XY-OPEN[]/XYREAD[] in-ter-face to
 \OT1/ptm/b/n/10.95 RFIO\OT1/ptm/m/n/10.95 . FAT-MEN calls the FZ rou-tine FZHO
OK[]
 []


Overfull \hbox (7.38127pt too wide) in paragraph at lines 1394--1398
[][]\OT1/ptm/m/n/10.95 Call the ap-pro-pri-ate Ze-bra ter-mi-na-tion rou-tine f
or this file. If the file was opened via a call to FMOPEN[],
 []

[73] [74]
Overfull \hbox (16.79315pt too wide) in paragraph at lines 1460--1467
\OT1/ptm/b/n/10.95 N.B.\OT1/ptm/m/n/10.95 The FM-COPY[] rou-tine al-lo-cates FO
R-TRAN log-i-cal units to per-form the copy us-ing the rou-tine FMGLUN[]
 []

[75]
Overfull \hbox (5.9311pt too wide) in paragraph at lines 1532--1539
[]\OT1/ptm/m/n/10.95 This rou-tine re-turns the num-ber of oc-cu-rances of the 
in-put generic name GENAM in the FAT-MEN database.
 []

[76] [77]
Overfull \hbox (5.3626pt too wide) in paragraph at lines 1639--1645
[]\OT1/ptm/m/n/10.95 This rou-tine dis-plays the con-tents of the FAT-MEN bank 
cor-re-spond-ing to the in-put generic names GENAM,
 []

[78] [79] [80] [81] [82] [83] [84] [85] [86] [87] [88]
Overfull \hbox (17.10187pt too wide) in paragraph at lines 2323--2325
[][]\OT1/ptm/m/n/10.95 Integer vari-able(s) to re-turn the ad-dresses of the ba
nks cor-re-spond-ing to GENAM1 and GENAM2. 
 []

[89] [90] [91] [92] [93] [94] [95]
Overfull \hbox (3.73175pt too wide) in paragraph at lines 2760--2763
[][]\OT1/ptm/m/n/10.95 Integer vari-able to re-turn the me-dia type of the file
 cor-re-spond-ing to the generic name GENAM. 
 []

[96] [97]
Underfull \vbox (badness 10000) has occurred while \output is active []

 [98]
[99]
Overfull \hbox (1.05437pt too wide) in paragraph at lines 2996--2999
[][]\OT1/ptm/m/n/10.95 Character ar-ray of length NMEDIA spec-i-fy-ing the de-f
ault mount type (M=manual, R=robotic)
 []


Overfull \hbox (3.48407pt too wide) in paragraph at lines 3000--3002
[][]\OT1/ptm/m/n/10.95 Character ar-ray of length NMEDIA spec-i-fy-ing the de-f
ault la-bel type (SL=IBM la-bels, AL=ansi
 []

[100] [101] [102]
Overfull \hbox (1.05437pt too wide) in paragraph at lines 3115--3118
[][]\OT1/ptm/m/n/10.95 Character ar-ray of length NMEDIA spec-i-fy-ing the de-f
ault mount type (M=manual, R=robotic)
 []


Overfull \hbox (3.48407pt too wide) in paragraph at lines 3119--3121
[][]\OT1/ptm/m/n/10.95 Character ar-ray of length NMEDIA spec-i-fy-ing the de-f
ault la-bel type (SL=IBM la-bels, AL=ansi
 []

[103] [104] [105] [106] [107]
Overfull \hbox (28.08534pt too wide) in paragraph at lines 3405--3408
[]\OT1/ptm/m/n/10.95 FMMEDT[] is au-to-mat-i-cally called by the rou-tine FMINI
T[] upon ini-tial-i-sa-tion. It looks for a file \OT1/ptm/b/n/10.95 fat-men.med
types
 []

[108]
Overfull \hbox (4.61786pt too wide) in paragraph at lines 3504--3510
[]\OT1/ptm/m/n/10.95 This rou-tine searches in the spec-i-fied or de-fault name
s file for the generic name and de-scrip-tion that matches
 []

[109] [110]
Underfull \vbox (badness 10000) has occurred while \output is active []

 [111]
Underfull \vbox (badness 10000) has occurred while \output is active []

 [112]
Underfull \vbox (badness 10000) has occurred while \output is active []

 [113]
[114] [115] [116] [117] [118] [119]
Overfull \hbox (4.04836pt too wide) in paragraph at lines 4113--4115
[][]\OT1/ptm/m/n/10.95 Character ar-ray of max-i-mum length 255 and di-men-sion
 MAXDIR to re-turn the di-rec-tory names
 []

[120] [121] [122] [123] [124] [125]
Underfull \vbox (badness 10000) has occurred while \output is active []

 [126]
[127]
Chapter 8.

Overfull \hbox (6.26924pt too wide) in paragraph at lines 4553--4559
\OT1/ptm/m/n/10.95 READ on VM etc). For in-stance, to ob-tain a di-rec-tory lis
t-ing of \OT1/cmtt/m/n/10.95 //cern/electra/rawdata/p1b90/run1
 []


Underfull \hbox (badness 10000) in paragraph at lines 4564--4564
[]|\OT1/cmtt/m/n/10.95 POOL LIBRARY GNAME DSN FFORM CPLEV HOSTN [COMM] [RECFM] 
[LRECL]
 []


Underfull \hbox (badness 10000) in paragraph at lines 4586--4586
[]|\OT1/cmtt/m/n/10.95 GNAME DSN FFORM CPLEV HOSTN [COMM] [RECFM] [LRECL] [BLOC
K] [FSIZE]
 []


Underfull \hbox (badness 10000) in paragraph at lines 4586--4586
\OT1/cmtt/m/n/10.95 [LOCCOD] [USER1] [USER2] [USER3] [USER4] [USER5] [USER6] [U
SER7]
 []

[128

]
Underfull \hbox (badness 10000) in paragraph at lines 4614--4614
[]|\OT1/cmtt/m/n/10.95 VSN VID FSEQ GNAME DSN FFORM CPLEV HOSTN [COMM] [RECFM] 
[LRECL]
 []


Underfull \hbox (badness 10000) in paragraph at lines 4614--4614
\OT1/cmtt/m/n/10.95 [BLOCK] [FSIZE] [MEDIA] [LOCCOD] [USER1] [USER2] [USER3] [U
SER4]
 []

[129] [130]
Overfull \hbox (33.1315pt too wide) in paragraph at lines 4727--4732
\OT1/ptm/m/n/10.95 must pre-vi-ously have been set us-ing the SET/SOURCE[] and 
SET/DESTINATION[]
 []

[131] [132] [133] [134]
Overfull \hbox (19.32288pt too wide) in paragraph at lines 4914--4916
[]\OT1/ptm/m/n/10.95 FATMEN au-to-mat-i-cally looks for and ex-e-cutes the file
s \OT1/cmtt/m/n/10.95 FATSYS.KUMAC, FATGRP.KUMAC, FATUSER.KUMAC
 []

[135] [136]
Underfull \hbox (badness 10000) in paragraph at lines 5034--5034
[]|\OT1/cmtt/m/n/10.95 CHSRCE CHTRGT [CHCOMM] [IW1] [IW2] [IW3] [IW4] [IW5] [IW
6] [IW7] [IW8]
 []

[137]
Overfull \hbox (16.9467pt too wide) in paragraph at lines 5114--5117
[][]\OT1/ptm/m/n/10.95 Displays if the as-so-ci-ated vol-ume is in an ac-tive l
i-brary, i.e. not archived,
 []

[138]
Overfull \hbox (12.12547pt too wide) in paragraph at lines 5152--5154
[]\OT1/ptm/m/n/10.95 If the file-name be-gins with a $, then it is treated as a
n en-vi-ron-men-tal vari-able and trans-lated us-ing GETENVF[]. 
 []

[139] [140]
Underfull \hbox (badness 10000) in paragraph at lines 5267--5267
[]|\OT1/cmtt/m/n/10.95 GNAME [KSN] [LOCCOD] [DATREP] [MEDTYP] [FFORM] [RECFM] [
RECL]
 []

[141] [142] [143]
Underfull \hbox (badness 10000) in paragraph at lines 5440--5440
[]|\OT1/cmtt/m/n/10.95 GNAME [DSN] [HOST] [VID] [USER] [OUTPUT] [NMATCH] [CREAT
ED]
 []

[144]
Overfull \hbox (16.9467pt too wide) in paragraph at lines 5489--5492
[][]\OT1/ptm/m/n/10.95 Displays if the as-so-ci-ated vol-ume is in an ac-tive l
i-brary, i.e. not archived,
 []

[145] [146]
Underfull \hbox (badness 10000) in paragraph at lines 5591--5591
[]|\OT1/cmtt/m/n/10.95 GNAME [NLEVELS] [DSN] [HOST] [VID] [USER] [OUTPUT] [NMAT
CH] [CREATED]
 []

[147]
Overfull \hbox (16.9467pt too wide) in paragraph at lines 5644--5647
[][]\OT1/ptm/m/n/10.95 Displays if the as-so-ci-ated vol-ume is in an ac-tive l
i-brary, i.e. not archived,
 []

[148] [149] [150]
Underfull \hbox (badness 10000) in paragraph at lines 5814--5814
[]|\OT1/cmtt/m/n/10.95 [UWORD1] [UWORD2] [UWORD3] [UWORD4] [UWORD5] [UWORD6]
 []

[151] [152] [153] [154] [155] [156] [157] [158] [159] [160]) [161] [162


]
(fatinst.tex
Chapter 9.
[163


] [164]
Chapter 10.
[165

] [166]
Overfull \hbox (0.18951pt too wide) in paragraph at lines 264--269
\OT1/ptm/m/n/10.95 Upon ini-tial-i-sa-tion, the client looks for a file in the 
di-rec-tory spec-i-fied by the sym-bol FM-group, e.g. FML3.
 []

[167] [168] [169]
Chapter 11.
[170

] [171]
Chapter 12.

Overfull \hbox (7.08589pt too wide) in paragraph at lines 528--534
\OT1/ptm/m/n/10.95 names file. On non-VM sys-tems, these files are pro-cessed u
s-ing the FOR-TRAN callable rou-tine, NAMEFD,
 []


Overfull \hbox (9.41478pt too wide) in paragraph at lines 582--592
\OT1/ptm/m/n/10.95 server de-fined by the name FAT-CAT, whereas only up-dates r
e-fer-ring to names be-gin-ning //CERN/SMC/DST
 []

[172

] [173]
Overfull \hbox (17.8285pt too wide) in paragraph at lines 694--698
[]\OT1/ptm/m/n/10.95 If a sub-di-rec-tory TOVM ex-ists, the FAT-MEN server will
 at-tempt to send all up-dates via In-ter-link to CERNVM.
 []

[174]
Chapter 13.
[175

] [176]
Chapter 14.

Overfull \hbox (8.63535pt too wide) in paragraph at lines 806--809
\OT1/ptm/m/n/10.95 FATMEN in-ter-faces to the CERN Pro-gram Li-brary pack-age V
AX-TAP to pro-vide tape sup-port on VAX/VMS
 []

[177

] [178]
Chapter 15.
[179

]
Overfull \hbox (45.6001pt too wide) in paragraph at lines 978--978
[]\OT1/cmtt/m/n/9 12:45:19 * MSG FROM FMCHARM2: LABEL  VDEV M STAT CYL TYPE BLK
SIZE FILES  BLKS USED-(%) BLKS LEFT BLK TOTAL[] 
 []


Overfull \hbox (45.6001pt too wide) in paragraph at lines 979--979
[]\OT1/cmtt/m/n/9 12:45:19 * MSG FROM FMCHARM2: CHARM2 191  A R/W   20 3380    
4096     6       35-01         2961      3000[] 
 []


LaTeX Warning: `h' float specifier changed to `ht'.


Overfull \hbox (1.16342pt too wide) in paragraph at lines 1039--1045
\OT1/ptm/m/n/10.95 The OR-A-CLE ta-bles for the new group are cre-ated by edit-
ting the SQL state-ments be-low, re-plac-ing \OT1/ptm/b/n/10.95 throng
 []

[180]
Overfull \hbox (6.63023pt too wide) in paragraph at lines 1055--1055
[]\OT1/cmtt/m/n/9 REM ***         2) TMS later substitutes Volumes_[] 
 []


Overfull \hbox (30.25496pt too wide) in paragraph at lines 1057--1057
[]\OT1/cmtt/m/n/9 CREATE TABLE GNames_throng ( GName CHAR(240) NOT NULL,[] 
 []


Overfull \hbox (6.63023pt too wide) in paragraph at lines 1058--1058
[]                             \OT1/cmtt/m/n/9 GN# NUMBER NOT NULL)[] 
 []


Overfull \hbox (11.35518pt too wide) in paragraph at lines 1060--1060
[]\OT1/cmtt/m/n/9 CREATE TABLE Files_throng ( File# NUMBER NOT NULL,[] 
 []


Overfull \hbox (1.90529pt too wide) in paragraph at lines 1061--1061
[]                            \OT1/cmtt/m/n/9 GN# NUMBER NOT NULL,[] 
 []


Overfull \hbox (44.4298pt too wide) in paragraph at lines 1062--1062
[]                            \OT1/cmtt/m/n/9 Copylevel NUMBER(2) NOT NULL,[] 
 []


Overfull \hbox (25.53001pt too wide) in paragraph at lines 1063--1063
[]                            \OT1/cmtt/m/n/9 Location NUMBER NOT NULL,[] 
 []


Overfull \hbox (30.25496pt too wide) in paragraph at lines 1064--1064
[]                            \OT1/cmtt/m/n/9 Hostname CHAR(8) NOT NULL,[] 
 []


Overfull \hbox (39.70485pt too wide) in paragraph at lines 1065--1065
[]                            \OT1/cmtt/m/n/9 Fullname CHAR(240) NOT NULL,[] 
 []


Overfull \hbox (39.70485pt too wide) in paragraph at lines 1068--1068
[]                            \OT1/cmtt/m/n/9 Fileformat CHAR(4) NOT NULL,[] 
 []


Overfull \hbox (20.80507pt too wide) in paragraph at lines 1080--1080
[]                            \OT1/cmtt/m/n/9 Active CHAR(1) NOT NULL,[] 
 []


Overfull \hbox (1.90529pt too wide) in paragraph at lines 1081--1081
[]                            \OT1/cmtt/m/n/9 Creatorname CHAR(8),[] 
 []


Overfull \hbox (16.08012pt too wide) in paragraph at lines 1082--1082
[]                            \OT1/cmtt/m/n/9 Creatoraccount CHAR(8),[] 
 []


Overfull \hbox (1.90529pt too wide) in paragraph at lines 1083--1083
[]                            \OT1/cmtt/m/n/9 Creatornode CHAR(8),[] 
 []


Overfull \hbox (6.63023pt too wide) in paragraph at lines 1085--1085
[]                            \OT1/cmtt/m/n/9 Protection NUMBER(2),[] 
 []


Overfull \hbox (1.90529pt too wide) in paragraph at lines 1113--1113
[]\OT1/cmtt/m/n/9 CREATE TABLE FXV_throng ( File# NUMBER NOT NULL,[] 
 []


Overfull \hbox (16.08012pt too wide) in paragraph at lines 1114--1114
[]                          \OT1/cmtt/m/n/9 Fileseq# NUMBER NOT NULL,[] 
 []


Overfull \hbox (16.08012pt too wide) in paragraph at lines 1118--1118
[]\OT1/cmtt/m/n/9 CREATE TABLE Volumes_throng ( Vol# NUMBER NOT NULL,[] 
 []


Overfull \hbox (16.08012pt too wide) in paragraph at lines 1119--1119
[]                              \OT1/cmtt/m/n/9 VSN CHAR(6) NOT NULL,[] 
 []


Overfull \hbox (16.08012pt too wide) in paragraph at lines 1120--1120
[]                              \OT1/cmtt/m/n/9 VID CHAR(6) NOT NULL,[] 
 []


Underfull \vbox (badness 10000) has occurred while \output is active []

 [181]
Overfull \hbox (47.33476pt too wide) in paragraph at lines 1143--1143
[]\OT1/cmtt/m/n/9 CREATE TABLE GNames_throng ( GName CHAR(240) NOT NULL,   -[] 

 []


Overfull \hbox (9.5352pt too wide) in paragraph at lines 1144--1144
[]                             \OT1/cmtt/m/n/9 GN# INTEGER NOT NULL)[] 
 []


Overfull \hbox (47.33476pt too wide) in paragraph at lines 1145--1145
[]\OT1/cmtt/m/n/9 CREATE TABLE Files_throng ( File# INTEGER NOT NULL,      -[] 

 []


Overfull \hbox (47.33476pt too wide) in paragraph at lines 1146--1146
[]                            \OT1/cmtt/m/n/9 GN# INTEGER NOT NULL,        -[] 

 []


Overfull \hbox (47.33476pt too wide) in paragraph at lines 1147--1147
[]                            \OT1/cmtt/m/n/9 Copylevel INTEGER NOT NULL,  -[] 

 []


Overfull \hbox (47.33476pt too wide) in paragraph at lines 1148--1148
[]                            \OT1/cmtt/m/n/9 Location INTEGER NOT NULL,   -[] 

 []


Overfull \hbox (47.33476pt too wide) in paragraph at lines 1149--1149
[]                            \OT1/cmtt/m/n/9 Hostname CHAR(8) NOT NULL,   -[] 

 []


Overfull \hbox (47.33476pt too wide) in paragraph at lines 1150--1150
[]                            \OT1/cmtt/m/n/9 Fullname CHAR(240) NOT NULL, -[] 

 []


Overfull \hbox (47.33476pt too wide) in paragraph at lines 1151--1151
[]                            \OT1/cmtt/m/n/9 Hosttype CHAR(16),           -[] 

 []


Overfull \hbox (47.33476pt too wide) in paragraph at lines 1152--1152
[]                            \OT1/cmtt/m/n/9 Opersys CHAR(12),            -[] 

 []


Overfull \hbox (47.33476pt too wide) in paragraph at lines 1153--1153
[]                            \OT1/cmtt/m/n/9 Fileformat CHAR(4) NOT NULL, -[] 

 []


Overfull \hbox (47.33476pt too wide) in paragraph at lines 1154--1154
[]                            \OT1/cmtt/m/n/9 Userformat CHAR(4),          -[] 

 []


Overfull \hbox (47.33476pt too wide) in paragraph at lines 1155--1155
[]                            \OT1/cmtt/m/n/9 Startrec# INTEGER,           -[] 

 []


Overfull \hbox (47.33476pt too wide) in paragraph at lines 1156--1156
[]                            \OT1/cmtt/m/n/9 Endrec# INTEGER,             -[] 

 []


Overfull \hbox (47.33476pt too wide) in paragraph at lines 1157--1157
[]                            \OT1/cmtt/m/n/9 Startblk# INTEGER,           -[] 

 []


Overfull \hbox (47.33476pt too wide) in paragraph at lines 1158--1158
[]                            \OT1/cmtt/m/n/9 Endblk# INTEGER,             -[] 

 []


Overfull \hbox (47.33476pt too wide) in paragraph at lines 1159--1159
[]                            \OT1/cmtt/m/n/9 Recformat CHAR(4),           -[] 

 []


Overfull \hbox (47.33476pt too wide) in paragraph at lines 1160--1160
[]                            \OT1/cmtt/m/n/9 Reclength INTEGER,           -[] 

 []


Overfull \hbox (47.33476pt too wide) in paragraph at lines 1161--1161
[]                            \OT1/cmtt/m/n/9 Blklength INTEGER,           -[] 

 []


Overfull \hbox (47.33476pt too wide) in paragraph at lines 1162--1162
[]                            \OT1/cmtt/m/n/9 Creation DATE,               -[] 

 []


Overfull \hbox (47.33476pt too wide) in paragraph at lines 1163--1163
[]                            \OT1/cmtt/m/n/9 Catalogation DATE,           -[] 

 []


Overfull \hbox (47.33476pt too wide) in paragraph at lines 1164--1164
[]                            \OT1/cmtt/m/n/9 Lastaccess DATE,             -[] 

 []


Overfull \hbox (47.33476pt too wide) in paragraph at lines 1165--1165
[]                            \OT1/cmtt/m/n/9 Active CHAR(1) NOT NULL      -[] 

 []


Overfull \hbox (47.33476pt too wide) in paragraph at lines 1166--1166
[]                            \OT1/cmtt/m/n/9 Creatorname CHAR(8),         -[] 

 []


Overfull \hbox (47.33476pt too wide) in paragraph at lines 1167--1167
[]                            \OT1/cmtt/m/n/9 Creatoraccount CHAR(8),      -[] 

 []


Overfull \hbox (47.33476pt too wide) in paragraph at lines 1168--1168
[]                            \OT1/cmtt/m/n/9 Creatornode CHAR(8),         -[] 

 []


Overfull \hbox (47.33476pt too wide) in paragraph at lines 1169--1169
[]                            \OT1/cmtt/m/n/9 Creatorjob CHAR(8),          -[] 

 []


Overfull \hbox (9.5352pt too wide) in paragraph at lines 1170--1170
[]                            \OT1/cmtt/m/n/9 Protection INTEGER(2))[] 
 []


Overfull \hbox (212.70784pt too wide) in paragraph at lines 1175--1175
[][]\OT1/cmtt/m/n/9 Alter table files_throng add (Userword0 INTEGER,         - 
                                 -[] 
 []


Overfull \hbox (47.33476pt too wide) in paragraph at lines 1176--1176
[]                              \OT1/cmtt/m/n/9 Userword1 INTEGER,         -[] 

 []


Overfull \hbox (47.33476pt too wide) in paragraph at lines 1177--1177
[]                              \OT1/cmtt/m/n/9 Userword2 INTEGER,         -[] 

 []


Overfull \hbox (47.33476pt too wide) in paragraph at lines 1178--1178
[]                              \OT1/cmtt/m/n/9 Userword3 INTEGER,         -[] 

 []


Overfull \hbox (47.33476pt too wide) in paragraph at lines 1179--1179
[]                              \OT1/cmtt/m/n/9 Userword4 INTEGER,         -[] 

 []


Overfull \hbox (47.33476pt too wide) in paragraph at lines 1180--1180
[]                              \OT1/cmtt/m/n/9 Userword5 INTEGER,         -[] 

 []


Overfull \hbox (47.33476pt too wide) in paragraph at lines 1181--1181
[]                              \OT1/cmtt/m/n/9 Userword6 INTEGER,         -[] 

 []


Overfull \hbox (47.33476pt too wide) in paragraph at lines 1182--1182
[]                              \OT1/cmtt/m/n/9 Userword7 INTEGER,         -[] 

 []


Overfull \hbox (47.33476pt too wide) in paragraph at lines 1183--1183
[]                              \OT1/cmtt/m/n/9 Userword8 INTEGER,         -[] 

 []


Overfull \hbox (47.33476pt too wide) in paragraph at lines 1184--1184
[]                              \OT1/cmtt/m/n/9 Userword9 INTEGER,         -[] 

 []


Overfull \hbox (47.33476pt too wide) in paragraph at lines 1185--1185
[]                              \OT1/cmtt/m/n/9 Sysword0 INTEGER,          -[] 

 []


Overfull \hbox (47.33476pt too wide) in paragraph at lines 1186--1186
[]                              \OT1/cmtt/m/n/9 Sysword1 INTEGER,          -[] 

 []


Overfull \hbox (47.33476pt too wide) in paragraph at lines 1187--1187
[]                              \OT1/cmtt/m/n/9 Sysword2 INTEGER,          -[] 

 []


Overfull \hbox (47.33476pt too wide) in paragraph at lines 1188--1188
[]                              \OT1/cmtt/m/n/9 Sysword3 INTEGER,          -[] 

 []


Overfull \hbox (47.33476pt too wide) in paragraph at lines 1189--1189
[]                              \OT1/cmtt/m/n/9 Sysword4 INTEGER,          -[] 

 []


Overfull \hbox (47.33476pt too wide) in paragraph at lines 1190--1190
[]                              \OT1/cmtt/m/n/9 Sysword5 INTEGER,          -[] 

 []


Overfull \hbox (47.33476pt too wide) in paragraph at lines 1191--1191
[]                              \OT1/cmtt/m/n/9 Sysword6 INTEGER,          -[] 

 []


Overfull \hbox (47.33476pt too wide) in paragraph at lines 1192--1192
[]                              \OT1/cmtt/m/n/9 Sysword7 INTEGER,          -[] 

 []


Overfull \hbox (47.33476pt too wide) in paragraph at lines 1193--1193
[]                              \OT1/cmtt/m/n/9 Sysword8 INTEGER,          -[] 

 []


Overfull \hbox (47.33476pt too wide) in paragraph at lines 1194--1194
[]                              \OT1/cmtt/m/n/9 Sysword9 INTEGER,          -[] 

 []


Overfull \hbox (47.33476pt too wide) in paragraph at lines 1195--1195
[]                              \OT1/cmtt/m/n/9 Comments CHAR(80),         -[] 

 []


Overfull \hbox (47.33476pt too wide) in paragraph at lines 1197--1197
[]\OT1/cmtt/m/n/9 CREATE TABLE FXV_throng ( File# INTEGER NOT NULL,        -[] 

 []


Overfull \hbox (47.33476pt too wide) in paragraph at lines 1198--1198
[]                          \OT1/cmtt/m/n/9 Fileseq# INTEGER NOT NULL,     -[] 

 []


Overfull \hbox (47.33476pt too wide) in paragraph at lines 1199--1199
[]                          \OT1/cmtt/m/n/9 Vol# INTEGER NOT NULL,         -[] 

 []


Overfull \hbox (47.33476pt too wide) in paragraph at lines 1201--1201
[]\OT1/cmtt/m/n/9 CREATE TABLE Volumes_throng ( Vol# INTEGER NOT NULL,     -[] 

 []


Overfull \hbox (47.33476pt too wide) in paragraph at lines 1202--1202
[]                              \OT1/cmtt/m/n/9 VSN CHAR(6) NOT NULL,      -[] 

 []


Overfull \hbox (47.33476pt too wide) in paragraph at lines 1203--1203
[]                              \OT1/cmtt/m/n/9 VID CHAR(6) NOT NULL,      -[] 

 []


Overfull \hbox (47.33476pt too wide) in paragraph at lines 1204--1204
[]                              \OT1/cmtt/m/n/9 VIDprefix INTEGER,         -[] 

 []


Underfull \vbox (badness 10000) has occurred while \output is active []

 [182]
[183]
Chapter 16.
[184

]
Chapter 17.

Overfull \hbox (9.26949pt too wide) in paragraph at lines 1256--1288
\OT1/ptm/m/n/10.95 pam-file. In gen-eral, it is suf-fi-cient to \OT1/cmtt/m/n/1
0.95 +USE \OT1/ptm/m/n/10.95 the pi-lot patch plus the tar-get ma-chine, e.g. +
USE,*FATLIB,IBM.
 []

[185

] [186] [187] [188]
Underfull \vbox (badness 10000) has occurred while \output is active []

 [189]
[190] [191] [192]
Chapter 18.

Overfull \hbox (2.42763pt too wide) in paragraph at lines 1722--1725
[]\OT1/ptm/m/n/10.95 This in-for-ma-tion can be his-togrammed with the ex-am-pl
e pro-gram \OT1/cmtt/m/n/10.95 FATPLOT\OT1/ptm/m/n/10.95 , in-cluded in the \OT
1/cmtt/m/n/10.95 FATMEN \OT1/ptm/m/n/10.95 source
 []

[193

]
Underfull \vbox (badness 10000) has occurred while \output is active []

 [194]
[195] [196]) [197] (fatappen.tex
Appendix A.
[198



] [199]
Underfull \vbox (badness 10000) has occurred while \output is active []

 [200]
[201]
Appendix B.
[202

]
Missing character: There is no ^^df in font cmtt9!
Missing character: There is no ^^e0 in font cmtt9!

Overfull \hbox (45.6001pt too wide) in paragraph at lines 290--290
[]              \OT1/cmtt/m/n/9 0            1         3835           47       
     0            1         1030           10[] 
 []


Overfull \hbox (45.6001pt too wide) in paragraph at lines 291--291
[]     \OT1/cmtt/m/n/9 1297762113   1378951200   -538967201            0       
    19    981191424        12309       930127[] 
 []


Overfull \hbox (45.6001pt too wide) in paragraph at lines 292--292
[]           \OT1/cmtt/m/n/9 1428          180            0         1019       
   644          645          646          647[] 
 []


Overfull \hbox (45.6001pt too wide) in paragraph at lines 293--293
[]            \OT1/cmtt/m/n/9 648          649          650          651       
   652          653          654          655[] 
 []


Overfull \hbox (45.6001pt too wide) in paragraph at lines 294--294
[]            \OT1/cmtt/m/n/9 656          657         3742         3836       
   203          204          205          206[] 
 []


Overfull \hbox (45.6001pt too wide) in paragraph at lines 295--295
[]       \OT1/cmtt/m/n/9 00000000     00000001     00000EFB     0000002F     00
000000     00000001     00000406     0000000A[] 
 []


Overfull \hbox (45.6001pt too wide) in paragraph at lines 296--296
[]       \OT1/cmtt/m/n/9 4D5A4741     52312020     DFE0035F     00000000     00
000013     3A7BCB00     00003015     000E314F[] 
 []


Overfull \hbox (45.6001pt too wide) in paragraph at lines 297--297
[]       \OT1/cmtt/m/n/9 00000594     000000B4     00000000     000003FB     00
000284     00000285     00000286     00000287[] 
 []


Overfull \hbox (45.6001pt too wide) in paragraph at lines 298--298
[]       \OT1/cmtt/m/n/9 00000288     00000289     0000028A     0000028B     00
00028C     0000028D     0000028E     0000028F[] 
 []


Overfull \hbox (45.6001pt too wide) in paragraph at lines 299--299
[]       \OT1/cmtt/m/n/9 00000290     00000291     00000E9E     00000EFC     00
0000CB     000000CC     000000CD     000000CE[] 
 []


Overfull \hbox (18.90344pt too wide) in paragraph at lines 311--314
[]\OT1/ptm/m/n/10.95 In the above ex-am-ple, we clearly see that there are prob
-lems in the di-rec-tory \OT1/cmtt/m/n/10.95 //CERN/L3/PROD/DATA/SDRETT
 []

[203]
Overfull \hbox (88.1246pt too wide) in paragraph at lines 348--348
[] \OT1/cmtt/m/n/9 Key serial number =   1670 filename = CC02HJ66             d
ata repr. =   0 media type =  2 location code =      1[] 
 []

[204] [205]
Underfull \vbox (badness 10000) has occurred while \output is active []

 [206]
Underfull \vbox (badness 10000) has occurred while \output is active []

 [207]
[208] [209]
Appendix C.
[210

] [211] [212]
Appendix D.

Underfull \hbox (badness 10000) in paragraph at lines 834--834
[]|\OT1/cmtt/m/n/10.95 (GENAME, CFQNFA,CHSNFA,ICPLFA,IMTPFA,ILOCFA,CHSTFA,CHOSF
A,
 []


Underfull \hbox (badness 10000) in paragraph at lines 834--834
\OT1/cmtt/m/n/10.95 CVSNFA,CVIDFA,IVIPFA,IDENFA,IVSQFA,IFSQFA,ISRDFA,
 []


Underfull \hbox (badness 10000) in paragraph at lines 834--834
\OT1/cmtt/m/n/10.95 IERDFA,ISBLFA,IEBLFA,CRFMFA,IRLNFA,IBLNFA,CFLFFA,
 []


Underfull \hbox (badness 10000) in paragraph at lines 834--834
\OT1/cmtt/m/n/10.95 CFUTFA,ICRTFA,ICTTFA,ILATFA,CCURFA,CCIDFA,CCNIFA,
 []


Overfull \hbox (1.02687pt too wide) in paragraph at lines 850--852
[][]\OT1/ptm/m/n/10.95 Character vari-able of max-i-mum length 12 spec-i-fy-ing
 the op-er-a-tion sys-tem of the host on which
 []

[213

]
Underfull \hbox (badness 10000) in paragraph at lines 897--897
[]|\OT1/cmtt/m/n/10.95 (GENAME, CFQNFA,CHSNFA,ICPLFA,IMTPFA,ILOCFA,CHSTFA,CHOSF
A,
 []


Underfull \hbox (badness 10000) in paragraph at lines 897--897
\OT1/cmtt/m/n/10.95 CVSNFA,CVIDFA,IVIPFA,IDENFA,IVSQFA,IFSQFA,ISRDFA,
 []


Underfull \hbox (badness 10000) in paragraph at lines 897--897
\OT1/cmtt/m/n/10.95 IERDFA,ISBLFA,IEBLFA,CRFMFA,IRLNFA,IBLNFA,CFLFFA,
 []


Underfull \hbox (badness 10000) in paragraph at lines 897--897
\OT1/cmtt/m/n/10.95 CFUTFA,ICRTFA,ICTTFA,ILATFA,CCURFA,CCIDFA,CCNIFA,
 []


Overfull \hbox (1.02687pt too wide) in paragraph at lines 913--915
[][]\OT1/ptm/m/n/10.95 Character vari-able of max-i-mum length 12 spec-i-fy-ing
 the op-er-a-tion sys-tem of the host on which
 []

[214] [215]
Appendix E.

Overfull \hbox (7.23001pt too wide) in paragraph at lines 976--980
\OT1/ptm/m/n/10.95 If such re-stric-tions are re-quired, they must be per-forme
d at the file sys-tem level. For ex-am-ple, on VAX/VMS
 []

[216

] [217] [218]
Appendix F.
[219

] [220] [221]
Underfull \vbox (badness 10000) has occurred while \output is active []

 [222]
Underfull \vbox (badness 10000) has occurred while \output is active []

 [223]
Underfull \vbox (badness 10000) has occurred while \output is active []

 [224]
Underfull \vbox (badness 10000) has occurred while \output is active []

 [225]
Underfull \vbox (badness 10000) has occurred while \output is active []

 [226]
Underfull \vbox (badness 10000) has occurred while \output is active []

 [227]
Underfull \vbox (badness 10000) has occurred while \output is active []

 [228]
Underfull \vbox (badness 10000) has occurred while \output is active []

 [229]
Underfull \vbox (badness 10000) has occurred while \output is active []

 [230]
Underfull \vbox (badness 10000) has occurred while \output is active []

 [231]
Underfull \vbox (badness 10000) has occurred while \output is active []

 [232]
Underfull \vbox (badness 10000) has occurred while \output is active []

 [233]
Underfull \vbox (badness 10000) has occurred while \output is active []

 [234]
Underfull \vbox (badness 10000) has occurred while \output is active []

 [235]
[236]
Appendix G.
[237

]
Overfull \hbox (1.57265pt too wide) in alignment at lines 2056--2062
 [] [] 
 []


Overfull \hbox (1.57265pt too wide) in alignment at lines 2062--2068
 [] [] 
 []


Overfull \hbox (1.57265pt too wide) in alignment at lines 2068--2070
 [] [] 
 []


Overfull \hbox (1.57265pt too wide) in alignment at lines 2070--2091
 [] [] 
 []


Overfull \hbox (1.57265pt too wide) in alignment at lines 2091--2111
 [] [] 
 []


Overfull \hbox (1.57265pt too wide) in alignment at lines 2111--2131
 [] [] 
 []


Overfull \hbox (1.57265pt too wide) in alignment at lines 2131--2151
 [] [] 
 []

[238

]
Overfull \hbox (1.57265pt too wide) in alignment at lines 2151--2171
 [] [] 
 []


Overfull \hbox (1.57265pt too wide) in alignment at lines 2171--2191
 [] [] 
 []

[239]
Overfull \hbox (1.57265pt too wide) in alignment at lines 2191--2211
 [] [] 
 []


Overfull \hbox (1.57265pt too wide) in alignment at lines 2211--2221
 [] [] 
 []

[240] [241]
\Tonecol=\skip54
\myla=\skip55
\mylb=\skip56

Overfull \hbox (7.6pt too wide) in alignment at lines 2238--2245
 [] [] [] 
 []


Overfull \hbox (7.6pt too wide) in alignment at lines 2245--2252
 [] [] [] 
 []


Overfull \hbox (7.6pt too wide) in alignment at lines 2252--2254
 [] [] [] 
 []


Underfull \hbox (badness 4266) in paragraph at lines 2267--2272
[]|\OT1/ptm/m/n/10.95 The 'copy level', where 0=orig-i-nal, 1=copy, 2=copy
 []


Underfull \hbox (badness 3646) in paragraph at lines 2267--2272
\OT1/ptm/m/n/10.95 of a copy etc. Some ex-per-i-ments pre-fer to use the
 []


Underfull \hbox (badness 10000) in paragraph at lines 2284--2284
[]|\OT1/ptm/b/n/10.95 Generic file
 []


Underfull \hbox (badness 1735) in paragraph at lines 2314--2316
[]|\OT1/ptm/m/n/10.95 The host op-er-at-ing sys-tem, such as \OT1/cmtt/m/n/10.9
5 VM/XA CMS 5.5.
 []


Underfull \hbox (badness 10000) in paragraph at lines 2317--2317
[]|\OT1/ptm/b/n/10.95 Tape
 []


Underfull \hbox (badness 6575) in paragraph at lines 2332--2334
[]|\OT1/ptm/m/n/10.95 The vol-ume se-quence num-ber, only used for multi-
 []


Overfull \hbox (7.6pt too wide) in alignment at lines 2254--2343
 [] [] [] 
 []


Underfull \hbox (badness 10000) in paragraph at lines 2348--2348
[]|\OT1/ptm/b/n/10.95 Logical
 []


Underfull \hbox (badness 10000) in paragraph at lines 2376--2376
[]|\OT1/ptm/b/n/10.95 Physical
 []


Underfull \hbox (badness 10000) in paragraph at lines 2401--2401
[]|\OT1/ptm/b/n/10.95 Creator
 []


Overfull \hbox (7.6pt too wide) in alignment at lines 2343--2425
 [] [] [] 
 []

[242

]
LaTeX Font Info:    External font `cmex10' loaded for size
(Font)              <7> on input line 2451.

Overfull \hbox (7.6pt too wide) in alignment at lines 2425--2452
 [] [] [] 
 []

[243] [244] [245] [246

]
Overfull \hbox (13.50214pt too wide) in paragraph at lines 2573--2575
\OT1/ptm/m/n/10.95 This is ob-tained through QUERY USERID on VM/CMS sys-tems, t
he $GETJPI sys-tem ser-vice on VAX/VMS
 []

[247]
Overfull \hbox (20.36903pt too wide) in paragraph at lines 2578--2581
\OT1/ptm/m/n/10.95 This is ob-tained through JOB-NAM (CERN Pro-gram Li-brary En
-try Z100) on VM/CMS sys-tems, the $GETQUI
 []

) [248] (fatmain.bbl) (fatmain.ind [249


] [250

] [251] [252] [253] [254] [255])
(fatmain.aux (fatfront.aux) (fatover.aux) (fattutr.aux) (fatuser.aux)
(fatinst.aux) (fatappen.aux))

LaTeX Font Warning: Some font shapes were not available, defaults substituted.

 ) 
Here is how much of TeX's memory you used:
 1947 strings out of 10955
 19997 string characters out of 73510
 89673 words of memory out of 262141
 4550 multiletter control sequences out of 9500
 15805 words of font info for 51 fonts, out of 100000 for 255
 14 hyphenation exceptions out of 607
 32i,11n,26p,235b,523s stack positions out of 300i,40n,60p,3000b,4000s

Output written on fatmain.dvi (268 pages, 825932 bytes).
