This is TeX, C Version 3.141 (format=lplain 92.10.8)  10 MAY 1994 13:25
**fatmen_cms.tex
(fatmen_cms.tex
LaTeX Version 2.09 <25 March 1992>
(/usr/local/lib/tex/macros/seminar.sty
Document Style: `seminar' v1.0 <93/04/01> (tvz)
\slidewidth=\dimen99
\slideheight=\dimen100
(/usr/local/lib/tex/macros/article.sty
Standard Document Style `article' <14 Jan 92>.
(/usr/local/lib/tex/macros/art12.sty)
\c@part=\count79
\c@section=\count80
\c@subsection=\count81
\c@subsubsection=\count82
\c@paragraph=\count83
\c@subparagraph=\count84
\c@figure=\count85
\c@table=\count86
) (/usr/local/lib/tex/macros/sem-page.sty)
\before@document=\toks14
\after@document=\toks15
\before@enddocument=\toks16
\c@slide=\count87
\slide@count=\count88
\@slidebox=\box25
\not@slidebox=\box26
\slide@hook=\toks17
\after@slide=\toks18
\slide@footins=\insert234
\slide@listdepth=\count89
\saved@specials=\box27
\before@newslide=\toks19
\after@slidepage=\toks20
\slidesep=\skip41
\c@note=\count90
\slideframewidth=\dimen101
\slideframesep=\dimen102
\semin=\dimen103
\semcm=\dimen104
) (/usr/local/lib/tex/macros/seminar.con
(/usr/local/lib/tex/macros/semcolor.sty
Style Option: `semcolor' for doc style `seminar' 1.0 <93/04/01> (tvz)
(/usr/local/lib/tex/macros/pstricks.tex
`PSTricks' v0.93  <93/03/03> (tvz)
\pst@dima=\dimen105
\pst@dimb=\dimen106
\pst@dimc=\dimen107
\pst@dimd=\dimen108
\pst@dimg=\dimen109
\pst@dimh=\dimen110
\pst@hbox=\box28
\pst@boxg=\box29
\pst@cnta=\count91
\pst@cntb=\count92
\pst@cntc=\count93
\pst@cntd=\count94
\pst@cntg=\count95
\pst@cnth=\count96
(/usr/local/lib/tex/macros/pstricks.con)
\psunit=\dimen111
\psxunit=\dimen112
\psyunit=\dimen113
\pslinewidth=\dimen114
\pst@customdefs=\toks21
\pslinearc=\dimen115
\everypsbox=\toks22
\psframesep=\dimen116
\pslabelsep=\dimen117
\theoverlaybox=\box30
))
(/usr/local/lib/tex/macros/fancybox.sty
Style option: `fancybox' v1.0 <93/02/10> (tvz)
\@fancybox=\box31
\@tempdimc=\dimen118
\shadowsize=\dimen119
\@Sbox=\box32
\do@VerbBox=\toks23
\the@fancyput=\toks24
\this@fancyput=\toks25
\EndVerbatimTokens=\toks26
\Verbatim@Outfile=\write3
\Verbatim@Infile=\read1
) (/usr/local/lib/tex/macros/sem-page.sty)
\@inchap=\count97

(/usr/local/lib/tex/macros/slidesec.sty
File `slidesec.sty' v0.9  92/05/07  <tvz>
\@temptokenb=\toks27
\c@slidesection=\count98
\c@slidesubsection=\count99
)) (/usr/local/lib/tex/macros/epsfig.sty
Document style option `epsfig', v1.18 <17.9.93> (edited by SPQR)
\EPS@Height=\count100
\EPS@Width=\count101
\EPS@xscale=\count102
\EPS@yscale=\count103
\ps@dimcent=\dimen120
(/usr/local/lib/tex/macros/epsf.tex
\epsffilein=\read2
\epsfxsize=\dimen121
\epsfysize=\dimen122
\epsftsize=\dimen123
\epsfrsize=\dimen124
\epsftmp=\dimen125
\pspoints=\dimen126
)
\p@intvaluex=\dimen127
\p@intvaluey=\dimen128
) (fatmen_cms.aux)
<cernlogo.eps>
[1


]
<cernlogo.eps>
[2

]
<cernlogo.eps>
[3

]
<cernlogo.eps>
[4

]
<cernlogo.eps>
[5

]
<cernlogo.eps>
[6

]
<cernlogo.eps>
[7

]
<cernlogo.eps>
[8

]
Overfull \hbox (0.45816pt too wide) in paragraph at lines 161--161
[] []\cmtt/m/n/11 GENAME = '//CERN/DELPHI/DST/PHYS/Y93V01/SUMT/C01'[] 

\hbox(7.60416+0.91246)x281.22754
.\hbox(0.0+0.0)x0.0
.\glue 0.0
.\hbox(0.0+0.0)x0.0
..\glue 0.0
..\glue 0.0
..\glue -5.87494
..\hbox(0.0+0.0)x0.0
..\glue 5.87494
.\penalty 0
.\cmtt/m/n/11 G
.etc.

<cernlogo.eps>
[9

]
<cernlogo.eps>
[10

]
LaTeX Warning: Slide 11 overfull by 2.64926pt on input line 190.
<cernlogo.eps>
[11

]
<cernlogo.eps>
[12

]
<cernlogo.eps>
[13

]
<cernlogo.eps>
[14

]
<cernlogo.eps>
[15

]
<cernlogo.eps>
[16

]
<cernlogo.eps>
[17

]
<cernlogo.eps>
[18

]
<cernlogo.eps>
[19

]
<cernlogo.eps>
[20

]
Overfull \hbox (49.51958pt too wide) in paragraph at lines 317--317
[] []\cmtt/m/n/10 Node FNALE of the FNALD VAX Cluster - Authorized Personnel On
ly[] 

\hbox(6.11111+2.22223)x281.22754
.\hbox(0.0+0.0)x0.0
.\glue 0.0
.\hbox(0.0+0.0)x0.0
..\glue 0.0
..\glue 0.0
..\glue -5.87494
..\hbox(0.0+0.0)x0.0
..\glue 5.87494
.\penalty 0
.\cmtt/m/n/10 N
.etc.


Overfull \hbox (33.76971pt too wide) in paragraph at lines 317--317
[]  \cmtt/m/n/10 VAX/VMS version V5.5-2 on node FNALE - Authorized Use Only[] 

\hbox(6.94444+2.22223)x281.22754
.\hbox(0.0+0.0)x0.0
.\penalty 10000
.\glue 5.24995
.\penalty 10000
.\glue 5.24995
.etc.


Overfull \hbox (18.01985pt too wide) in paragraph at lines 317--317
[]    \cmtt/m/n/10 Last interactive login on Thursday, 31-MAR-1994 04:53[] 

\hbox(6.11111+2.22223)x281.22754
.\hbox(0.0+0.0)x0.0
.\penalty 10000
.\glue 5.24995
.\penalty 10000
.\glue 5.24995
.etc.


Overfull \hbox (39.01967pt too wide) in paragraph at lines 317--317
[]    \cmtt/m/n/10 Last non-interactive login on Thursday, 22-OCT-1992 03:14[] 


\hbox(6.11111+2.22223)x281.22754
.\hbox(0.0+0.0)x0.0
.\penalty 10000
.\glue 5.24995
.\penalty 10000
.\glue 5.24995
.etc.


Overfull \hbox (75.76935pt too wide) in paragraph at lines 317--317
[]\cmtt/m/n/10 System login completed at 05:14:45, JAMIE's LOGIN.COM now execut
ing.[] 

\hbox(6.11111+2.22223)x281.22754
.\hbox(0.0+0.0)x0.0
.\cmtt/m/n/10 S
.\cmtt/m/n/10 y
.\cmtt/m/n/10 s
.\cmtt/m/n/10 t
.etc.

LaTeX Warning: Slide 21 overfull by 8.17245pt on input line 319.
<cernlogo.eps>
[21

]
Overfull \hbox (70.5194pt too wide) in paragraph at lines 341--341
[]\cmtt/m/n/10 >>> executing CDFK$ROOT1:[FATMEN.DEVELOPMENT.LIBRARY]FATGRP.KUMA
C;1[] 

\hbox(6.94444+2.22223)x281.22754
.\hbox(0.0+0.0)x0.0
.\cmtt/m/n/10 >
.\cmtt/m/n/10 >
.\cmtt/m/n/10 >
.\penalty 10000
.etc.


Overfull \hbox (44.26962pt too wide) in paragraph at lines 341--341
[]\cmtt/m/n/10 FATMEN   1.85/01 931021 08:50 CERN PROGRAM LIBRARY FATMEN=Q123[]
 

\hbox(6.94444+1.38887)x281.22754
.\hbox(0.0+0.0)x0.0
.\cmtt/m/n/10 F
.\cmtt/m/n/10 A
.\cmtt/m/n/10 T
.\cmtt/m/n/10 M
.etc.


Overfull \hbox (39.01967pt too wide) in paragraph at lines 341--341
[]         \cmtt/m/n/10 This version created on       931022 at         1317[] 


\hbox(6.11111+0.0)x281.22754
.\hbox(0.0+0.0)x0.0
.\penalty 10000
.\glue 5.24995
.\penalty 10000
.\glue 5.24995
.etc.

LaTeX Warning: Slide 22 overfull by 8.17245pt on input line 343.
<cernlogo.eps>
[22

]
<cernlogo.eps>
[23

]
<cernlogo.eps>
[24

]
<cernlogo.eps>
[25

]
Overfull \hbox (18.01985pt too wide) in paragraph at lines 401--401
[] []\cmtt/m/n/10 fmln //CERN/NA44/RAWD/1991/PROT/450GEV/PB/HOR-3/RUN0631 3[] 

\hbox(6.94444+0.8333)x281.22754
.\hbox(0.0+0.0)x0.0
.\glue 0.0
.\hbox(0.0+0.0)x0.0
..\glue 0.0
..\glue 0.0
..\glue -5.87494
..\hbox(0.0+0.0)x0.0
..\glue 5.87494
.\penalty 0
.\cmtt/m/n/10 f
.etc.

<cernlogo.eps>
[26

]
<cernlogo.eps>
[27

]
<cernlogo.eps>
[28

]
<cernlogo.eps>
[29

]
<cernlogo.eps>
[30

]
LaTeX Warning: Slide 31 overfull by 4.98257pt on input line 494.
<cernlogo.eps>
[31

]
<cernlogo.eps>
[32]
<cernlogo.eps>
[33

]
<cernlogo.eps>
[34

]
LaTeX Warning: Slide 35 overfull by 4.98257pt on input line 542.
<cernlogo.eps>
[35

]
<cernlogo.eps>
[36]
LaTeX Warning: Slide 37 overfull by 10.81593pt on input line 573.
<cernlogo.eps>
[37

]
<cernlogo.eps>
[38]
LaTeX Warning: Slide 39 overfull by 9.36595pt on input line 594.
<cernlogo.eps>
[39

]
<cernlogo.eps>
[40] (fatmen_cms.aux) ) 
Here is how much of TeX's memory you used:
 1962 strings out of 11620
 20625 string characters out of 73736
 65796 words of memory out of 262141
 4013 multiletter control sequences out of 17000
 17003 words of font info for 64 fonts, out of 120000 for 255
 52 hyphenation exceptions out of 607
 18i,10n,20p,208b,540s stack positions out of 300i,40n,60p,3000b,5000s

Output written on fatmen_cms.dvi (40 pages, 44396 bytes).
