This is TeX, C Version 3.141 (format=lplain 92.9.3)  8 SEP 1992 15:56
**nagnew
(nagnew.tex
LaTeX Version 2.09 <25 March 1992>
(/user/goossens/cnasall/cernman.sty
Style-Option: `cernman' v3.03  <92/06/25> (M.G.)
(/usr/local/lib/tex/macros/report.sty
Standard Document Style `report' <14 Jan 92>.
(/usr/local/lib/tex/macros/rep11.sty)
\descriptionmargin=\dimen99
\c@part=\count79
\c@chapter=\count80
\c@section=\count81
\c@subsection=\count82
\c@subsubsection=\count83
\c@paragraph=\count84
\c@subparagraph=\count85
\c@figure=\count86
\c@table=\count87
 (/usr/local/lib/tex/macros/titlepag.sty
Document Style Option `titlepage' -- Released 16 June 1991.
)) (/usr/local/lib/tex/macros/array.sty
Style-Option: `array' v2.1b  <92/07/06> (F.M.)
English documentation dated  <92/07/18> (F.M.)
\col@sep=\dimen100
\extrarowheight=\dimen101
\NC@list=\toks14
)
\Fwidth=\dimen102
\Length=\dimen103
\Lengthl=\dimen104
\Lengthr=\dimen105
\Tonecol=\dimen106
\Width=\dimen107
\Colme=\count88
\Colmt=\count89
\Colm=\count90
 (/usr/local/lib/tex/macros/subfigure.sty
\c@subfigure=\count91
\@subfigtemp=\count92
)
(/usr/local/lib/tex/macros/subeqnarray.sty
Documentstyle option `subeqnarray' V1.1; Released 22 December 1988
\c@subequation=\count93
) (/usr/local/lib/tex/macros/subeqn.sty
\@stequation=\toks15
)
\c@cOL=\count94
\Length=\dimen108

(/usr/local/lib/tex/macros/verbatim.sty
Style-Option: `verbatim' v1.4d <91/04/24> (RmS)
English Documentation          <91/04/24> (RmS)
\every@verbatim=\toks16
\verbatim@line=\toks17
)
\codeindent=\dimen109
\codewidthmin=\dimen110
) (/usr/local/lib/tex/macros/epsfig.sty
Document style option `epsfig', v1.5 <31 Jan 92> (edited by SPQR)
(/usr/local/lib/tex/macros/epsf.sty
\epsffilein=\read1
\epsfxsize=\dimen111
\epsfysize=\dimen112
\epsftsize=\dimen113
\epsfrsize=\dimen114
\epsftmp=\dimen115
\pspoints=\dimen116
)
\p@intvaluex=\dimen117
\p@intvaluey=\dimen118
)
*** Defining fonts for PostScript Times family at scale 1
\aadimen=\dimen119
Default roman typeface now times
\@indexfile=\write3
Writing index file nagnew.idx 
(nagnew.aux (nagfront.aux)) (nagfront.tex
</usr/local/lib/tex/ps/cern15.eps>
[0


]
Overfull \hbox (53.80717pt too wide) in paragraph at lines 82--91
[][] 

\hbox(39.628+34.15303)x455.24408
.\hbox(0.0+0.0)x0.0
.\hbox(39.628+34.15303)x509.05125
..\mathon
..\vbox(39.628+34.15303)x509.05125
...\hbox(11.51996+6.9253)x509.05125 []
...\glue(\lineskip) 0.0
...\hbox(11.51996+4.08003)x509.05125 []
...\glue(\lineskip) 0.0
...\hbox(11.51996+12.61584)x509.05125 []
...etc.
..\mathoff
.\penalty 10000
.\glue(\parfillskip) 0.0 plus 1.0fil
.\glue(\rightskip) 0.0

[1] [1] (nagnew.toc)
\tf@toc=\write4
) [2] (nagch1.tex
Chapter 1.
) [1




] (nagch2.tex
Chapter 2.
[2



] [3]) [4] (nagch3.tex
Chapter 3.
[5



] [6]
Underfull \vbox (badness 10000) has occurred while \output is active
\vbox(630.0+0.0)x455.24408
.\glue(\topskip) 4.30833
.\hbox(6.69167+1.52081)x455.24408, glue set 52.83594fil
..\hbox(0.0+0.0)x0.0
..\penalty 10000
..\glue 5.74869
..\penalty 10000
..\glue 5.74869
..etc.
.\penalty 0
.\glue(\parskip) 0.0
.\glue(\baselineskip) 5.38753
.etc.

 [7]
[8]) [9] (nagap1.tex
Appendix A.

Underfull \vbox (badness 10000) has occurred while \output is active
\vbox(630.0+0.0)x455.24408
.\write-{}
.\write-{}
.\write-{}
.\write2{\@writefile{toc}{\string\contentsline\space {chapter}{\string\numberl\
ETC.}
.\mark{{Appendix\ A. \ Summary table of NAG products available at CERN}{}}
.etc.

 [10



]
Underfull \vbox (badness 10000) has occurred while \output is active
\vbox(630.0+0.0)x455.24408
.\glue(\topskip) 11.0
.\hbox(0.0+0.0)x455.24408, glue set 455.24408fil
..\hbox(0.0+0.0)x0.0
..\hbox(0.0+0.0)x0.0
..\penalty 10000
..\glue(\parfillskip) 0.0 plus 1.0fil
..\glue(\rightskip) 0.0
.\penalty 0
.\glue(\parskip) 0.0
.\glue(\baselineskip) 5.99585
.etc.

 [11])
[12] (nagap2.tex
Appendix B.
[13



]
Underfull \vbox (badness 10000) has occurred while \output is active
\vbox(630.0+0.0)x455.24408
.\glue(\topskip) 11.0
.\hbox(0.0+0.0)x455.24408, glue set 455.24408fil
..\hbox(0.0+0.0)x0.0
..\hbox(0.0+0.0)x0.0
..\penalty 10000
..\glue(\parfillskip) 0.0 plus 1.0fil
..\glue(\rightskip) 0.0
.\penalty 0
.\glue(\parskip) 0.0
.\glue(\baselineskip) 6.90834
.etc.

 [14]
Underfull \vbox (badness 10000) has occurred while \output is active
\vbox(630.0+0.0)x455.24408
.\glue(\topskip) 11.0
.\hbox(0.0+0.0)x455.24408, glue set 455.24408fil
..\hbox(0.0+0.0)x0.0
..\hbox(0.0+0.0)x0.0
..\penalty 10000
..\glue(\parfillskip) 0.0 plus 1.0fil
..\glue(\rightskip) 0.0
.\penalty 0
.\glue(\parskip) 0.0
.\glue(\baselineskip) 5.99585
.etc.

 [15]
Underfull \vbox (badness 10000) has occurred while \output is active
\vbox(630.0+0.0)x455.24408
.\glue(\topskip) 3.39584
.\hbox(7.60416+2.43333)x455.24408, glue set 58.58463fil
..\hbox(0.0+0.0)x0.0
..\penalty 10000
..\glue 5.74869
..\penalty 10000
..\glue 5.74869
..etc.
.\penalty 0
.\glue(\parskip) 0.0
.\glue(\baselineskip) 3.56252
.etc.

 [16]
Underfull \vbox (badness 10000) has occurred while \output is active
\vbox(630.0+0.0)x455.24408
.\glue(\topskip) 4.30833
.\hbox(6.69167+2.43333)x455.24408, glue set 139.06625fil
..\hbox(0.0+0.0)x0.0
..\penalty 10000
..\glue 5.74869
..\penalty 10000
..\glue 5.74869
..etc.
.\penalty 0
.\glue(\parskip) 0.0
.\glue(\baselineskip) 3.56252
.etc.

 [17]
Underfull \vbox (badness 10000) has occurred while \output is active
\vbox(630.0+0.0)x455.24408
.\glue(\topskip) 4.30833
.\hbox(6.69167+1.52081)x455.24408, glue set 52.83594fil
..\hbox(0.0+0.0)x0.0
..\penalty 10000
..\glue 5.74869
..\penalty 10000
..\glue 5.74869
..etc.
.\penalty 0
.\glue(\parskip) 0.0
.\glue(\baselineskip) 5.38753
.etc.

 [18]
Underfull \vbox (badness 10000) has occurred while \output is active
\vbox(630.0+0.0)x455.24408
.\glue(\topskip) 4.30833
.\hbox(6.69167+2.43333)x455.24408, glue set 41.33856fil
..\hbox(0.0+0.0)x0.0
..\penalty 10000
..\glue 5.74869
..\penalty 10000
..\glue 5.74869
..etc.
.\penalty 0
.\glue(\parskip) 0.0
.\glue(\baselineskip) 3.56252
.etc.

 [19]
Underfull \vbox (badness 10000) has occurred while \output is active
\vbox(630.0+0.0)x455.24408
.\glue(\topskip) 3.39584
.\hbox(7.60416+2.43333)x455.24408, glue set 52.83594fil
..\hbox(0.0+0.0)x0.0
..\penalty 10000
..\glue 5.74869
..\penalty 10000
..\glue 5.74869
..etc.
.\penalty 0
.\glue(\parskip) 0.0
.\glue(\baselineskip) 3.56252
.etc.

 [20]
Underfull \vbox (badness 10000) has occurred while \output is active
\vbox(630.0+0.0)x455.24408
.\glue(\topskip) 11.0
.\hbox(0.0+0.0)x455.24408, glue set 455.24408fil
..\hbox(0.0+0.0)x0.0
..\hbox(0.0+0.0)x0.0
..\penalty 10000
..\glue(\parfillskip) 0.0 plus 1.0fil
..\glue(\rightskip) 0.0
.\penalty 0
.\glue(\parskip) 0.0
.\glue(\baselineskip) 6.90834
.etc.

 [21]
Underfull \vbox (badness 10000) has occurred while \output is active
\vbox(630.0+0.0)x455.24408
.\glue(\topskip) 4.30833
.\hbox(6.69167+2.43333)x455.24408, glue set 340.27032fil
..\hbox(0.0+0.0)x0.0
..\penalty 10000
..\glue 5.74869
..\penalty 10000
..\glue 5.74869
..etc.
.\penalty 0
.\glue(\parskip) 0.0
.\glue(\baselineskip) 4.475
.etc.

 [22]
Underfull \vbox (badness 10000) has occurred while \output is active
\vbox(630.0+0.0)x455.24408
.\glue(\topskip) 11.0
.\hbox(0.0+0.0)x455.24408, glue set 455.24408fil
..\hbox(0.0+0.0)x0.0
..\hbox(0.0+0.0)x0.0
..\penalty 10000
..\glue(\parfillskip) 0.0 plus 1.0fil
..\glue(\rightskip) 0.0
.\penalty 0
.\glue(\parskip) 0.0
.\glue(\baselineskip) 6.90834
.etc.

 [23]
Underfull \vbox (badness 10000) has occurred while \output is active
\vbox(630.0+0.0)x455.24408
.\glue(\topskip) 11.0
.\hbox(0.0+0.0)x455.24408, glue set 455.24408fil
..\hbox(0.0+0.0)x0.0
..\hbox(0.0+0.0)x0.0
..\penalty 10000
..\glue(\parfillskip) 0.0 plus 1.0fil
..\glue(\rightskip) 0.0
.\penalty 0
.\glue(\parskip) 0.0
.\glue(\baselineskip) 6.90834
.etc.

 [24]
Underfull \vbox (badness 10000) has occurred while \output is active
\vbox(630.0+0.0)x455.24408
.\glue(\topskip) 4.30833
.\hbox(6.69167+2.43333)x455.24408, glue set 81.57938fil
..\hbox(0.0+0.0)x0.0
..\penalty 10000
..\glue 5.74869
..\penalty 10000
..\glue 5.74869
..etc.
.\penalty 0
.\glue(\parskip) 0.0
.\glue(\baselineskip) 3.56252
.etc.

 [25]
Underfull \vbox (badness 10000) has occurred while \output is active
\vbox(630.0+0.0)x455.24408
.\glue(\topskip) 4.30833
.\hbox(6.69167+2.43333)x455.24408, glue set 58.58463fil
..\hbox(0.0+0.0)x0.0
..\penalty 10000
..\glue 5.74869
..\penalty 10000
..\glue 5.74869
..etc.
.\penalty 0
.\glue(\parskip) 0.0
.\glue(\baselineskip) 4.475
.etc.

 [26]
Underfull \vbox (badness 10000) has occurred while \output is active
\vbox(630.0+0.0)x455.24408
.\glue(\topskip) 4.30833
.\hbox(6.69167+2.43333)x455.24408, glue set 81.57938fil
..\hbox(0.0+0.0)x0.0
..\penalty 10000
..\glue 5.74869
..\penalty 10000
..\glue 5.74869
..etc.
.\penalty 0
.\glue(\parskip) 0.0
.\glue(\baselineskip) 11.16667
.etc.

 [27]
Underfull \vbox (badness 10000) has occurred while \output is active
\vbox(630.0+0.0)x455.24408
.\glue(\topskip) 11.0
.\hbox(0.0+0.0)x455.24408, glue set 455.24408fil
..\hbox(0.0+0.0)x0.0
..\hbox(0.0+0.0)x0.0
..\penalty 10000
..\glue(\parfillskip) 0.0 plus 1.0fil
..\glue(\rightskip) 0.0
.\penalty 0
.\glue(\parskip) 0.0
.\glue(\baselineskip) 6.90834
.etc.

 [28]
[29]) [30] (nagap3.tex
Appendix C.

Underfull \vbox (badness 10000) has occurred while \output is active
\vbox(630.0+0.0)x455.24408
.\write-{}
.\write-{}
.\write-{}
.\write2{\@writefile{toc}{\string\contentsline\space {chapter}{\string\numberl\
ETC.}
.\mark{{Appendix\ C. \ NAG Graphics Library concise summary}{}}
.etc.

 [31



]
Underfull \vbox (badness 10000) has occurred while \output is active
\vbox(630.0+0.0)x455.24408
.\glue(\topskip) 11.0
.\hbox(0.0+0.0)x455.24408, glue set 455.24408fil
..\hbox(0.0+0.0)x0.0
..\hbox(0.0+0.0)x0.0
..\penalty 10000
..\glue(\parfillskip) 0.0 plus 1.0fil
..\glue(\rightskip) 0.0
.\penalty 0
.\glue(\parskip) 0.0
.\glue(\baselineskip) 6.90834
.etc.

 [32]
Underfull \vbox (badness 10000) has occurred while \output is active
\vbox(630.0+0.0)x455.24408
.\glue(\topskip) 4.30833
.\hbox(6.69167+0.0)x455.24408, glue set 202.30182fil
..\hbox(0.0+0.0)x0.0
..\penalty 10000
..\glue 5.74869
..\penalty 10000
..\glue 5.74869
..etc.
.\penalty 0
.\glue(\parskip) 0.0
.\glue(\baselineskip) 13.6
.etc.

 [33])
[34] (nagap4.tex
Appendix D.
<j06aaf.eps>
<j06abf.eps>
<j06acf.eps>
<j06adf.eps>
<j06aef.eps>
<j06aff.eps>
<j06agf.eps>
<j06ahf.eps>
<j06ajf.eps>
<j06akf.eps>
<j06alf.eps>
<j06amf.eps>
<j06anf.eps>
<j06apf.eps>
<j06aqf.eps>
<j06baf.eps>
<j06bbf.eps>
<j06bcf.eps>
<j06byf.eps>
<j06bzf.eps>
<j06caf1.eps>
<j06caf2.eps>
<j06cbf1.eps>
<j06cbf2.eps>
<j06ccf1.eps>
<j06ccf2.eps>
<j06cdf1.eps>
<j06cdf2.eps>
<j06daf.eps>
<j06eaf.eps>
<j06ebf.eps>
<j06ecf.eps>
<j06faf.eps>
<j06fbf.eps>
<j06gaf.eps>
<j06gbf.eps>
<j06gcf.eps>
<j06gdf.eps>
<j06gef.eps>
<j06gff.eps>
<j06ggf.eps>
<j06gyf.eps>
<j06gzf.eps>
<j06haf.eps>
<j06hbf.eps>
<j06hcf.eps>
<j06hdf.eps>
<j06hef.eps>
<j06hff.eps>
<j06hgf.eps>
<j06hhf.eps>
<j06hjf.eps>
<j06hkf.eps>
<j06hlf.eps>
<j06jaf.eps>
<j06jbf1.eps>
<j06jbf2.eps>
<j06jcf.eps>
<j06jdf.eps>
<j06jef1.eps>
<j06jef2.eps>
<j06jff.eps>
<j06jgf.eps>
<j06jhf.eps>
<j06jkf.eps>
<j06jlf.eps>
<j06jmf.eps>
<j06jnf.eps>
<j06jpf.eps>
<j06jyf.eps>
<j06jzf.eps>
<j06kaf.eps>
<j06kbf.eps>
<j06kcf.eps>
<j06kdf.eps>
<j06saf.eps>
<j06sbf.eps>
<j06scf.eps>
<j06sdf.eps>
<j06sef.eps>
) [35



] [36] [37] [38] [39] [40] [41] [42] [43] [44] [45] [46] [47] [48]
(nagnew.aux (nagfront.aux) (nagch1.aux) (nagch2.aux) (nagch3.aux) (nagap1.aux)
(nagap2.aux) (nagap3.aux) (nagap4.aux)) ) 
Here is how much of TeX's memory you used:
 1201 strings out of 11665
 10787 string characters out of 74211
 51173 words of memory out of 262141
 2976 multiletter control sequences out of 17000
 24009 words of font info for 75 fonts, out of 120000 for 255
 14 hyphenation exceptions out of 607
 18i,11n,23p,294b,248s stack positions out of 300i,40n,60p,3000b,5000s

Output written on nagnew.dvi (52 pages, 90116 bytes).
