This is TeX, C Version 3.141 (format=lplain 92.9.3)  14 SEP 1992 12:50
**hboomain
(/usr/local/lib/tex/macros/null.tex
LaTeX Version 2.09 <25 March 1992>
)
*
(Please type a command or say `\end')
*\end

*
Runaway argument?
! Paragraph ended before \end was complete.
<to be read again> 
                   \par 
<*> 
    
? x
 
Here is how much of TeX's memory you used:
 4 strings out of 11665
 54 string characters out of 74211
 25595 words of memory out of 262141
 2270 multiletter control sequences out of 17000
 15846 words of font info for 55 fonts, out of 120000 for 255
 14 hyphenation exceptions out of 607
 4i,0n,1p,86b,7s stack positions out of 300i,40n,60p,3000b,5000s
No pages of output.
