This is TeX, C Version 3.141 (format=lplain 92.10.8)  9 MAY 1994 09:43
**tmsmain
(tmsmain.tex
LaTeX Version 2.09 <25 March 1992>
(/asis/share/usr.local/lib/tex/macros/cernman.sty
Style-Option: `cernman' v3.08  <93/08/04> (M.G.)
(/asis/share/usr.local/lib/tex/macros/report.sty
Standard Document Style `report' <14 Jan 92>.
(/asis/share/usr.local/lib/tex/macros/rep11.sty)
\descriptionmargin=\dimen99
\c@part=\count79
\c@chapter=\count80
\c@section=\count81
\c@subsection=\count82
\c@subsubsection=\count83
\c@paragraph=\count84
\c@subparagraph=\count85
\c@figure=\count86
\c@table=\count87

(/asis/share/usr.local/lib/tex/macros/titlepag.sty
Document Style Option `titlepage' -- Released 16 June 1991.
)) (/asis/share/usr.local/lib/tex/macros/array.sty
Style-Option: `array' v2.1b  <92/07/06> (F.M.)
English documentation dated  <92/07/18> (F.M.)
\col@sep=\dimen100
\extrarowheight=\dimen101
\NC@list=\toks14
) (/asis/share/usr.local/lib/tex/macros/subfigure.sty
\c@subfigure=\count88
\@subfigtemp=\count89
)
(/asis/share/usr.local/lib/tex/macros/subeqnarray.sty
Documentstyle option `subeqnarray' V1.1; Released 22 December 1988
\c@subequation=\count90
) (/asis/share/usr.local/lib/tex/macros/subeqn.sty
\@stequation=\toks15
)
(/asis/share/usr.local/lib/tex/macros/fontcmds.sty)
(/asis/share/usr.local/lib/tex/macros/varioref.sty
\vr@cnt=\count91
)
\c@cOL=\count92
\Length=\dimen102

(/asis/share/usr.local/lib/tex/macros/verbatim.sty
Style-Option: `verbatim' v1.4d <91/04/24> (RmS)
English Documentation          <91/04/24> (RmS)
\every@verbatim=\toks16
\verbatim@line=\toks17
)) (/asis/share/usr.local/lib/tex/macros/longtable.sty
Style-Option: `longtable' v3.04  <92/10/12> (D.P.C.)
English documentation dated  <92/10/12> (D.P.C.)
\LTleft=\skip41
\LTright=\skip42
\LTpre=\skip43
\LTpost=\skip44
\LTchunksize=\count93
\LTcapwidth=\dimen103
\LT@head=\box25
\LT@firsthead=\box26
\LT@foot=\box27
\LT@lastfoot=\box28
\LT@cols=\count94
\LT@rows=\count95
\c@LT@tables=\count96
\LT@p@ftn=\toks18
)
(/asis/share/usr.local/lib/tex/macros/epsfig.sty
Document style option `epsfig', v1.18 <17.9.93> (edited by SPQR)
\EPS@Height=\count97
\EPS@Width=\count98
\EPS@xscale=\count99
\EPS@yscale=\count100
\ps@dimcent=\dimen104
(/asis/share/usr.local/lib/tex/macros/epsf.tex
\epsffilein=\read1
\epsfxsize=\dimen105
\epsfysize=\dimen106
\epsftsize=\dimen107
\epsfrsize=\dimen108
\epsftmp=\dimen109
\pspoints=\dimen110
)
\p@intvaluex=\dimen111
\p@intvaluey=\dimen112
)
(/asis/share/usr.local/lib/tex/macros/makeidx.sty
Document style option `makeidx' - released 21 Oct 91
)
***
\setlongtables is in force.
If you have edited the file since the last LaTeX run
incorrect column widths, or even errors may be produced.
***
\@indexfile=\write3
Writing index file tmsmain.idx 
*** Defining fonts for PostScript Times family at scale 1
Default roman typeface now times
(tmsmain.aux (tmsfront.aux) (tmsover.aux) (tmsuser.aux)) (tmsfront.tex
</usr/local/lib/tex/ps/cern15.eps>
[0


] [1] (tmsmain.toc)
\tf@toc=\write4
 [1] (tmsmain.lot)
\tf@lot=\write5
) [2] [1


] [2] (tmsover.tex
Chapter 1.
) [3


] [4


] [5] [6] (tmsuser.tex
Chapter 2.
) [7


] [8


] [9] [10]
No file tmserrors.tex.
No file tmsmain.bbl.
(tmsmain.ind [11




]) (tmsmain.aux (tmsfront.aux) (tmsover.aux) (tmsuser.aux)
(tmserrors.aux)) ) 
Here is how much of TeX's memory you used:
 1010 strings out of 11620
 10780 string characters out of 73736
 50296 words of memory out of 262141
 3120 multiletter control sequences out of 17000
 28180 words of font info for 85 fonts, out of 120000 for 255
 52 hyphenation exceptions out of 607
 18i,11n,23p,295b,246s stack positions out of 300i,40n,60p,3000b,5000s

Output written on tmsmain.dvi (15 pages, 7116 bytes).
