This is TeX, C Version 3.141 (format=latex2e 94.2.25)  4 MAR 1994 11:49
**&/afs/cern.ch/asis/src/tex/latex2e-formats/latex2e 9253_images.tex
(9253_images.tex
LaTeX2e <1994/02/03> PRELIMINARY TEST RELEASE

(/afs/cern.ch/asis/src/tex/latex2e-macros/latex209.def
Entering LaTeX 2.09 compatibility mode <1994/02/10>.
\footheight=\dimen104
\@maxsep=\dimen105
\@dblmaxsep=\dimen106
(/afs/cern.ch/asis/src/tex/latex2e-macros/tracefnt.sty
Package: `tracefnt' v2.3c <1994/01/26> (FMi and RmS)
English Documentation      <1994/01/17> (FMi and RmS)
\tracingfonts=\count83
)
\symbold=\mathgroup4
\symsans=\mathgroup5
\symtypewriter=\mathgroup6
\symitalic=\mathgroup7
\symsmallcaps=\mathgroup8
\symslanted=\mathgroup9

Font Info: Redeclaring math alphabet \mathbf on input line 130.


Font Info: Redeclaring math alphabet \mathsf on input line 131.


Font Info: Redeclaring math alphabet \mathtt on input line 132.


Font Info: Redeclaring math alphabet \mathit on input line 138.

(/afs/cern.ch/asis/src/tex/latex2e-macros/latexsym.sty
Package: `latexsym' v2.1a  <93/12/06> (FMi)
English Documentation      <93/12/06> (FMi)
\symlasy=\mathgroup10
Font Note: Overwriting symbol font `lasy' in version `bold'
Font           U/lasy/m/n --> U/lasy/b/n on input line 52.
)
Font Note: Redeclaring math delimiter \lgroup on input line 196.
Font Note: Redeclaring math delimiter \rgroup on input line 198.
Font Note: Redeclaring math delimiter \bracevert on input line 200.
) (/afs/cern.ch/asis/src/tex/latex2e-macros/cernman.cls (/afs/cern.ch/asis/src/
tex/latex2e-macros/report.cls
Standard Document Class `report' <1994/02/03>.
(/afs/cern.ch/asis/src/tex/latex2e-macros/size11.clo)
\c@part=\count84
\c@chapter=\count85
\c@section=\count86
\c@subsection=\count87
\c@subsubsection=\count88
\c@paragraph=\count89
\c@subparagraph=\count90
\c@figure=\count91
\c@table=\count92
\abovecaptionskip=\skip41
\belowcaptionskip=\skip42
Compatibility mode: redefinition of \rm ignored.
Compatibility mode: redefinition of \sf ignored.
Compatibility mode: redefinition of \tt ignored.
Compatibility mode: redefinition of \bf ignored.
Compatibility mode: redefinition of \it ignored.
Compatibility mode: redefinition of \sl ignored.
Compatibility mode: redefinition of \sc ignored.
\bibindent=\dimen107
) (/afs/cern.ch/asis/src/tex/latex2e-macros/pifont.sty
Font Note: Try loading font information for U+pzd on input line 58.
(/afs/cern.ch/asis/src/tex/latex2e-macros/Upzd.fd
Fontdef file produced from: psfonts.dtx 1.3 1994/03/01 SPQR
File Upzd.fd loading Adobe ZapfDingbats
)
Font Note: Try loading font information for U+psy on input line 59.
(/afs/cern.ch/asis/src/tex/latex2e-macros/Upsy.fd
Fontdef file produced from: psfonts.dtx 1.3 1994/03/01 SPQR
File Upsy.fd loading Adobe Symbol
)) (/afs/cern.ch/asis/src/tex/latex2e-macros/times.sty) (/usr/local/lib/tex/mac
ros/psboxit.sty
\gray@box=\box25
\gray@space=\dimen108
) (/usr/local/lib/tex/macros/array.sty
Style-Option: `array' v2.1b  <92/07/06> (F.M.)
English documentation dated  <92/07/18> (F.M.)
\col@sep=\dimen109
\extrarowheight=\dimen110
\NC@list=\toks15
) (/usr/local/lib/tex/macros/verbatim.sty
Style-Option: `verbatim' v1.4d <91/04/24> (RmS)
English Documentation          <91/04/24> (RmS)
\every@verbatim=\toks16
\verbatim@line=\toks17
) (/afs/cern.ch/asis/src/tex/latex2e-macros/epsfig.sty
Package: epsfig 1994/02/25 (SPQR)
(/afs/cern.ch/asis/src/tex/latex2e-macros/graphics.sty
Package: graphics 1994/03/01 v0.3b (DPC,SPQR)
(/afs/cern.ch/asis/src/tex/latex2e-macros/trig.sty) (/afs/cern.ch/asis/src/tex/
latex2e-macros/dvips.def)) (/afs/cern.ch/asis/src/tex/latex2e-macros/keyval.sty
Package: keyval.sty 1994/02/01 v1.06 (DPC)
)
\Gin@req@width=\dimen111
\Gin@req@height=\dimen112
) (/afs/cern.ch/asis/src/tex/latex2e-macros/ifthen.sty
Package: `ifthen' v0.1e <1994/01/24> (DPC)
English documentation     <1994/02/11> (DPC)
) (/afs/cern.ch/asis/src/tex/latex2e-macros/varioref.sty
Package: `varioref' v1.0c <94/02/10> (FMi)
English documentation     <94/01/31> (FMi)
\c@vrcnt=\count93
) (/usr/local/lib/tex/macros/here.sty)
\@DL@itemwidth=\dimen113
\c@cOL=\count94
\Length=\dimen114
) (/afs/cern.ch/asis/src/tex/latex2e-macros/screen.sty
Screen package
Font Note: Try loading font information for OT1+doc on input line 16.
(/afs/cern.ch/asis/src/tex/latex2e-macros/OT1doc.fd
File OT1doc.fd loading monospaced doc font
)
\hquant=\dimen115
\vquant=\dimen116
 quant is 5.24995pt by 14.0pt
\along@h=\count95
\along@v=\count96
\cc@tmp=\count97
\col@number=\count98
\@tempdimc=\dimen117
) (/afs/cern.ch/asis/src/tex/latex2e-macros/makeidx.sty
Standard package `makeidx' <1994/02/11>.
) (/afs/cern.ch/asis/src/tex/latex2e-macros/calc.sty
Style Option: `calc' 3.7 <1993/09/26 19:56:43> (KKT and FJ)
\global@count=\count99
\local@count=\count100
\global@dimen=\dimen118
\local@dimen=\dimen119
\global@skip=\skip43
\local@skip=\skip44
\global@muskip=\muskip10
\local@muskip=\muskip11
\ratio@count=\count101
) (/afs/cern.ch/asis/src/tex/latex2e-macros/dingbat.sty)
File `optarg.sty' not found.
New name (default extension: sty) or <RETURN>?
Enter file name: 
! Emergency stop.
<read *> 
         
l.3 \makeatletter
                 ^^M
*** (cannot \read from terminal in nonstop modes)

 
Here is how much of TeX's memory you used:
 1239 strings out of 11431
 12250 string characters out of 78574
 58191 words of memory out of 262141
 3600 multiletter control sequences out of 17000
 4813 words of font info for 18 fonts, out of 120000 for 255
 14 hyphenation exceptions out of 607
 32i,0n,24p,271b,87s stack positions out of 300i,40n,60p,3000b,5000s
No pages of output.
