<![CDATA[TYPE       : Histo1D
TITLE      : Histo1: parabolic function
BIN COUNT  : 20
BIN WIDTH  : 1
                           7.39e+03                        2.12e+05 Y
X POSITION   BIN       VALUE|--------------------------------------------------->
 0.000e+00   0     2.120e+05|XXXXXXXXXXXXXXXXXXXXXXXXXXXXXXXXXXXXXXXXXXXXXXXXXXX
 1.000e+00   1     1.710e+05|XXXXXXXXXXXXXXXXXXXXXXXXXXXXXXXXXXXXXXXX
 2.000e+00   2     1.347e+05|XXXXXXXXXXXXXXXXXXXXXXXXXXXXXXX
 3.000e+00   3     1.029e+05|XXXXXXXXXXXXXXXXXXXXXXX
 4.000e+00   4     7.558e+04|XXXXXXXXXXXXXXXXX
 5.000e+00   5     5.285e+04|XXXXXXXXXXX
 6.000e+00   6     3.466e+04|XXXXXX
 7.000e+00   7     2.103e+04|XXX
 8.000e+00   8     1.193e+04|X
 9.000e+00   9     7.387e+03|
 1.000e+01   10    7.387e+03|
 1.100e+01   11    1.193e+04|X
 1.200e+01   12    2.103e+04|XXX
 1.300e+01   13    3.466e+04|XXXXXX
 1.400e+01   14    5.285e+04|XXXXXXXXXXX
 1.500e+01   15    7.554e+04|XXXXXXXXXXXXXXXX
 1.600e+01   16    1.028e+05|XXXXXXXXXXXXXXXXXXXXXXX
 1.700e+01   17    1.346e+05|XXXXXXXXXXXXXXXXXXXXXXXXXXXXXXX
 1.800e+01   18    1.710e+05|XXXXXXXXXXXXXXXXXXXXXXXXXXXXXXXXXXXXXXXX
 1.900e+01   19    2.119e+05|XXXXXXXXXXXXXXXXXXXXXXXXXXXXXXXXXXXXXXXXXXXXXXXXXX
                         X |
                           V
UNDERFLOW :  2.574e+05 OVERFLOW :  2.573e+05
 IN RANGE :      45455 EXTRA    :       4545
 MEAN B.C.:  9.499e+00 RMS B.C. :  7.580e+00
TYPE       : Histo1D
TITLE      : Histo2: a clone of Histo1
BIN COUNT  : 20
BIN WIDTH  : 1.000e+00
                           7.39e+03                        2.12e+05 Y
X POSITION   BIN       VALUE|--------------------------------------------------->
 0.000e+00   0     2.120e+05|XXXXXXXXXXXXXXXXXXXXXXXXXXXXXXXXXXXXXXXXXXXXXXXXXXX
 1.000e+00   1     1.710e+05|XXXXXXXXXXXXXXXXXXXXXXXXXXXXXXXXXXXXXXXX
 2.000e+00   2     1.347e+05|XXXXXXXXXXXXXXXXXXXXXXXXXXXXXXX
 3.000e+00   3     1.029e+05|XXXXXXXXXXXXXXXXXXXXXXX
 4.000e+00   4     7.558e+04|XXXXXXXXXXXXXXXXX
 5.000e+00   5     5.285e+04|XXXXXXXXXXX
 6.000e+00   6     3.466e+04|XXXXXX
 7.000e+00   7     2.103e+04|XXX
 8.000e+00   8     1.193e+04|X
 9.000e+00   9     7.387e+03|
 1.000e+01   10    7.387e+03|
 1.100e+01   11    1.193e+04|X
 1.200e+01   12    2.103e+04|XXX
 1.300e+01   13    3.466e+04|XXXXXX
 1.400e+01   14    5.285e+04|XXXXXXXXXXX
 1.500e+01   15    7.554e+04|XXXXXXXXXXXXXXXX
 1.600e+01   16    1.028e+05|XXXXXXXXXXXXXXXXXXXXXXX
 1.700e+01   17    1.346e+05|XXXXXXXXXXXXXXXXXXXXXXXXXXXXXXX
 1.800e+01   18    1.710e+05|XXXXXXXXXXXXXXXXXXXXXXXXXXXXXXXXXXXXXXXX
 1.900e+01   19    2.119e+05|XXXXXXXXXXXXXXXXXXXXXXXXXXXXXXXXXXXXXXXXXXXXXXXXXX
                         X |
                           V
UNDERFLOW :  2.574e+05 OVERFLOW :  2.573e+05
 IN RANGE :      45455 EXTRA    :       4545
 MEAN B.C.:  9.499e+00 RMS B.C. :  7.580e+00
TYPE       : Histo1D
TITLE      : Histo2 =  Histo2+Histo1 = 2*Histo1
BIN COUNT  : 20
BIN WIDTH  : 1.000e+00
                           1.48e+04                        4.24e+05 Y
X POSITION   BIN       VALUE|--------------------------------------------------->
 0.000e+00   0     4.239e+05|XXXXXXXXXXXXXXXXXXXXXXXXXXXXXXXXXXXXXXXXXXXXXXXXXXX
 1.000e+00   1     3.421e+05|XXXXXXXXXXXXXXXXXXXXXXXXXXXXXXXXXXXXXXXX
 2.000e+00   2     2.694e+05|XXXXXXXXXXXXXXXXXXXXXXXXXXXXXXX
 3.000e+00   3     2.057e+05|XXXXXXXXXXXXXXXXXXXXXXX
 4.000e+00   4     1.512e+05|XXXXXXXXXXXXXXXXX
 5.000e+00   5     1.057e+05|XXXXXXXXXXX
 6.000e+00   6     6.933e+04|XXXXXX
 7.000e+00   7     4.205e+04|XXX
 8.000e+00   8     2.387e+04|X
 9.000e+00   9     1.477e+04|
 1.000e+01   10    1.477e+04|
 1.100e+01   11    2.387e+04|X
 1.200e+01   12    4.205e+04|XXX
 1.300e+01   13    6.933e+04|XXXXXX
 1.400e+01   14    1.057e+05|XXXXXXXXXXX
 1.500e+01   15    1.511e+05|XXXXXXXXXXXXXXXX
 1.600e+01   16    2.056e+05|XXXXXXXXXXXXXXXXXXXXXXX
 1.700e+01   17    2.692e+05|XXXXXXXXXXXXXXXXXXXXXXXXXXXXXXX
 1.800e+01   18    3.419e+05|XXXXXXXXXXXXXXXXXXXXXXXXXXXXXXXXXXXXXXXX
 1.900e+01   19    4.237e+05|XXXXXXXXXXXXXXXXXXXXXXXXXXXXXXXXXXXXXXXXXXXXXXXXXX
                         X |
                           V
UNDERFLOW :  5.148e+05 OVERFLOW :  5.146e+05
 IN RANGE :      90910 EXTRA    :       9090
 MEAN B.C.:  9.499e+00 RMS B.C. :  7.580e+00
TYPE       : Histo1D
TITLE      : Histo3: -(Histo2 - Histo1) = -Histo1
BIN COUNT  : 20
BIN WIDTH  : 1.000e+00
                           -2.12e+05                        -7.39e+03 Y
X POSITION   BIN       VALUE|--------------------------------------------------->
 0.000e+00   0    -2.120e+05|
 1.000e+00   1    -1.710e+05|XXXXXXXXXX
 2.000e+00   2    -1.347e+05|XXXXXXXXXXXXXXXXXXX
 3.000e+00   3    -1.029e+05|XXXXXXXXXXXXXXXXXXXXXXXXXXX
 4.000e+00   4    -7.558e+04|XXXXXXXXXXXXXXXXXXXXXXXXXXXXXXXXXX
 5.000e+00   5    -5.285e+04|XXXXXXXXXXXXXXXXXXXXXXXXXXXXXXXXXXXXXXX
 6.000e+00   6    -3.466e+04|XXXXXXXXXXXXXXXXXXXXXXXXXXXXXXXXXXXXXXXXXXXX
 7.000e+00   7    -2.103e+04|XXXXXXXXXXXXXXXXXXXXXXXXXXXXXXXXXXXXXXXXXXXXXXX
 8.000e+00   8    -1.193e+04|XXXXXXXXXXXXXXXXXXXXXXXXXXXXXXXXXXXXXXXXXXXXXXXXX
 9.000e+00   9    -7.387e+03|XXXXXXXXXXXXXXXXXXXXXXXXXXXXXXXXXXXXXXXXXXXXXXXXXXX
 1.000e+01   10   -7.387e+03|XXXXXXXXXXXXXXXXXXXXXXXXXXXXXXXXXXXXXXXXXXXXXXXXXXX
 1.100e+01   11   -1.193e+04|XXXXXXXXXXXXXXXXXXXXXXXXXXXXXXXXXXXXXXXXXXXXXXXXX
 1.200e+01   12   -2.103e+04|XXXXXXXXXXXXXXXXXXXXXXXXXXXXXXXXXXXXXXXXXXXXXXX
 1.300e+01   13   -3.466e+04|XXXXXXXXXXXXXXXXXXXXXXXXXXXXXXXXXXXXXXXXXXXX
 1.400e+01   14   -5.285e+04|XXXXXXXXXXXXXXXXXXXXXXXXXXXXXXXXXXXXXXX
 1.500e+01   15   -7.554e+04|XXXXXXXXXXXXXXXXXXXXXXXXXXXXXXXXXX
 1.600e+01   16   -1.028e+05|XXXXXXXXXXXXXXXXXXXXXXXXXXX
 1.700e+01   17   -1.346e+05|XXXXXXXXXXXXXXXXXXX
 1.800e+01   18   -1.710e+05|XXXXXXXXXX
 1.900e+01   19   -2.119e+05|
                         X |
                           V
UNDERFLOW : -2.574e+05 OVERFLOW : -2.573e+05
 IN RANGE :     136365 EXTRA    :      13635
 MEAN B.C.:  9.499e+00 RMS B.C. :  7.580e+00]]>
