<![CDATA[Histo name: Histo1DVar
Bin count : 9 from 0 to 20
Entries count: 50000 with IN_RANGE: 45455 EXTRA: 4545
MEAN (B.C.): 9.49851
RMS  (B.C.): 7.53709
. UNDERFLOW: 257417
.  0:    211957 +/- 4445.79
.  1:    408572 +/- 5050.21
.  2:         0 +/-    0
.  3:    128424 +/- 1934.33
.  4:   67621.8 +/- 886.424
.  5:   7387.25 +/- 154.947
.  6:    127856 +/- 1427.74
.  7:    483936 +/- 5292
.  8:    211864 +/- 4444.81
. OVERFLOW: 257304
TOTAL IN_RANGE: 1.64762e+06
TYPE       : Histo1D
TITLE      : Histo1DVar
BIN COUNT  : 9
BIN WIDTH  : 1
                           0.00e+00                        4.84e+05 Y
X POSITION   BIN       VALUE|--------------------------------------------------->
 0.000e+00   0     2.120e+05|XXXXXXXXXXXXXXXXXXXXXX
 1.000e+00   1     4.086e+05|XXXXXXXXXXXXXXXXXXXXXXXXXXXXXXXXXXXXXXXXXXX
 3.500e+00   2     0.000e+00|
 4.000e+00   3     1.284e+05|XXXXXXXXXXXXX
 5.500e+00   4     6.762e+04|XXXXXXX
 9.000e+00   5     7.387e+03|
 1.000e+01   6     1.279e+05|XXXXXXXXXXXXX
 1.500e+01   7     4.839e+05|XXXXXXXXXXXXXXXXXXXXXXXXXXXXXXXXXXXXXXXXXXXXXXXXXXX
 1.900e+01   8     2.119e+05|XXXXXXXXXXXXXXXXXXXXXX
                         X |
                           V
UNDERFLOW :  2.574e+05 OVERFLOW :  2.573e+05
 IN RANGE :      45455 EXTRA    :       4545
 MEAN B.C.:  9.499e+00 RMS B.C. :  7.537e+00]]>
