<![CDATA[Histo name: Histo2DVar
X: Bin count : 9 from 0 to 20
Y: Bin count : 9 from 0 to 20
Entries count: 100000 with IN_RANGE: 123 EXTRA: 99877
In Range values: 61.5
(U,O): 12469 (I,O): 0 (O,O): 12469
(U,I): 0 (I,I): XXXXXX (O,I): 0.5
(U,U): 12500 (I,U): 0 (O,U): 12500
bin(0,0): 3.5 -/+ 1.32288
bin(8,0): 3 -/+ 1.22474
bin(1,1): 2.5 -/+ 1.11803
bin(7,1): 2.5 -/+ 1.11803
bin(1,2): 2 -/+ 1
bin(2,2): 0.5 -/+ 0.5
bin(7,2): 2.5 -/+ 1.11803
bin(3,3): 2.5 -/+ 1.11803
bin(4,3): 0.5 -/+ 0.5
bin(6,3): 1 -/+ 0.707107
bin(7,3): 2 -/+ 1
bin(4,4): 4.5 -/+ 1.5
bin(6,4): 4.5 -/+ 1.5
bin(4,5): 1 -/+ 0.707107
bin(5,5): 3 -/+ 1.22474
bin(6,5): 4 -/+ 1.41421
bin(4,6): 3.5 -/+ 1.32288
bin(6,6): 3.5 -/+ 1.32288
bin(1,7): 0.5 -/+ 0.5
bin(2,7): 1 -/+ 0.707107
bin(3,7): 3 -/+ 1.22474
bin(6,7): 1.5 -/+ 0.866025
bin(7,7): 3 -/+ 1.22474
bin(0,8): 2.5 -/+ 1.11803
bin(1,8): 0.5 -/+ 0.5
bin(7,8): 0.5 -/+ 0.5
bin(8,8): 2.5 -/+ 1.11803
TYPE     : Histo2D
TITLE    : Histo2DVar
X:  BINS :     9  WIDTH  : 1.000e+00  MIN    : 0.000e+00  MAX    : 2.000e+01
Y:  BINS :     9  WIDTH  : 1.000e+00  MIN    : 0.000e+00  MAX    : 2.000e+01
         012345678  
        ***********
       *           *
   0  *  B.......9  *
   1  *  .8.....8.  *
   2  *  .6+....8.  *
   3  *  ...8+.36.  *
   4  *  ....F.F..  *
   5  *  ....39D..  *
   6  *  ....B.B..  *
   7  *  .+39..49.  *
   8  *  8+.....+8  *
       *           *
        ***********
ENTRIES  :     100000   Z MIN    :          0
TOTAL C. :       61.5   Z STEP   :        0.3
Z SCALE  : .+23456789ABCDE
      1.25e+04 |          0 |   1.25e+04
    -----------|------------|-----------
             0 |       61.5 |        0.5
    -----------|------------|-----------
      1.25e+04 |          0 |   1.25e+04]]>
