<![CDATA[Histo name: Profile
Bin count : 20 from 0 to 1
Entries count: 50000 with IN_RANGE: 50000 EXTRA: 0
MEAN (B.C.): 0.666225
RMS  (B.C.): 0.235584
. UNDERFLOW: 0
.  0: 0.0246313 Error 0.000303054 Spread Error 0.0145213
.  1: 0.0752091 Error 0.000286633 Spread Error 0.0142972
.  2:   0.12533 Error 0.000282329 Spread Error 0.01436
.  3:   0.17502 Error 0.000290731 Spread Error 0.014452
.  4:  0.225639 Error 0.000283451 Spread Error 0.0142967
.  5:   0.27498 Error 0.000289269 Spread Error 0.0143677
.  6:  0.324899 Error 0.000285322 Spread Error 0.0143287
.  7:  0.374806 Error 0.000288683 Spread Error 0.0146092
.  8:  0.425111 Error 0.000286534 Spread Error 0.0143953
.  9:  0.474468 Error 0.000288799 Spread Error 0.0143995
. 10:  0.525262 Error 0.000283128 Spread Error 0.0142945
. 11:  0.574666 Error 0.000292235 Spread Error 0.0145297
. 12:  0.625178 Error 0.000283092 Spread Error 0.0144016
. 13:  0.675176 Error 0.000286276 Spread Error 0.0145325
. 14:  0.724437 Error 0.000294247 Spread Error 0.0144061
. 15:  0.774756 Error 0.000290449 Spread Error 0.0144584
. 16:  0.824792 Error 0.000286015 Spread Error 0.0143863
. 17:  0.874996 Error 0.00028511 Spread Error 0.0142641
. 18:  0.924813 Error 0.000288151 Spread Error 0.014318
. 19:  0.975295 Error 0.000288324 Spread Error 0.0143902
. OVERFLOW: 0
TOTAL IN_RANGE: 9.99947]]>
