<![CDATA[Histo name: Histo_2D
X: Bin count : 10 from 5 to 15
Y: Bin count : 10 from 5 to 15
Entries count: 100000 with IN_RANGE: 58 EXTRA: 99942
In Range values: 29
(U,O): 12475 (I,O): 0 (O,O): 12475
(U,I): 0 (I,I): XXXXXX (O,I): 0
(U,U): 12510.5 (I,U): 0 (O,U): 12510.5
bin(0,0): 1 -/+ 0.707107
bin(9,0): 1 -/+ 0.707107
bin(1,1): 2 -/+ 1
bin(8,1): 2 -/+ 1
bin(2,2): 2 -/+ 1
bin(7,2): 2 -/+ 1
bin(3,3): 0.5 -/+ 0.5
bin(6,3): 0.5 -/+ 0.5
bin(4,4): 1 -/+ 0.707107
bin(5,4): 1 -/+ 0.707107
bin(4,5): 2 -/+ 1
bin(5,5): 2 -/+ 1
bin(3,6): 1 -/+ 0.707107
bin(6,6): 1 -/+ 0.707107
bin(2,7): 2 -/+ 1
bin(7,7): 2 -/+ 1
bin(1,8): 1.5 -/+ 0.866025
bin(8,8): 1.5 -/+ 0.866025
bin(0,9): 1.5 -/+ 0.866025
bin(9,9): 1.5 -/+ 0.866025
TYPE     : Histo2D
TITLE    : Histo_2D
X:  BINS :    10  WIDTH  : 1.000e+00  MIN    : 5.000e+00  MAX    : 1.500e+01
Y:  BINS :    10  WIDTH  : 1.000e+00  MIN    : 5.000e+00  MAX    : 1.500e+01
         0           
         0123456789  
        ************
       *            *
   0  *  7........7  *
   1  *  .F......F.  *
   2  *  ..F....F..  *
   3  *  ...3..3...  *
   4  *  ....77....  *
   5  *  ....FF....  *
   6  *  ...7..7...  *
   7  *  ..F....F..  *
   8  *  .B......B.  *
   9  *  B........B  *
       *            *
        ************
ENTRIES  :     100000   Z MIN    :          0
TOTAL C. :         29   Z STEP   :      0.133
Z SCALE  : .+23456789ABCDE
      1.25e+04 |          0 |   1.25e+04
    -----------|------------|-----------
             0 |         29 |          0
    -----------|------------|-----------
      1.25e+04 |          0 |   1.25e+04]]>
