<![CDATA[Graphical Histogram Printout
TYPE       : Histo1D
TITLE      :  Random Numbers 
BIN COUNT  : 40
BIN WIDTH  : 0.5
                           2.37e+03                        2.61e+03 Y
X POSITION   BIN       VALUE|--------------------------------------------------->
 0.000e+00   0     2.442e+03|XXXXXXXXXXXXXXX
 5.000e-01   1     2.452e+03|XXXXXXXXXXXXXXXXX
 1.000e+00   2     2.443e+03|XXXXXXXXXXXXXXX
 1.500e+00   3     2.531e+03|XXXXXXXXXXXXXXXXXXXXXXXXXXXXXXXXXX
 2.000e+00   4     2.600e+03|XXXXXXXXXXXXXXXXXXXXXXXXXXXXXXXXXXXXXXXXXXXXXXXXX
 2.500e+00   5     2.535e+03|XXXXXXXXXXXXXXXXXXXXXXXXXXXXXXXXXXX
 3.000e+00   6     2.503e+03|XXXXXXXXXXXXXXXXXXXXXXXXXXXX
 3.500e+00   7     2.453e+03|XXXXXXXXXXXXXXXXX
 4.000e+00   8     2.605e+03|XXXXXXXXXXXXXXXXXXXXXXXXXXXXXXXXXXXXXXXXXXXXXXXXXX
 4.500e+00   9     2.608e+03|XXXXXXXXXXXXXXXXXXXXXXXXXXXXXXXXXXXXXXXXXXXXXXXXXXX
 5.000e+00   10    2.535e+03|XXXXXXXXXXXXXXXXXXXXXXXXXXXXXXXXXXX
 5.500e+00   11    2.529e+03|XXXXXXXXXXXXXXXXXXXXXXXXXXXXXXXXX
 6.000e+00   12    2.435e+03|XXXXXXXXXXXXX
 6.500e+00   13    2.513e+03|XXXXXXXXXXXXXXXXXXXXXXXXXXXXXX
 7.000e+00   14    2.440e+03|XXXXXXXXXXXXXX
 7.500e+00   15    2.432e+03|XXXXXXXXXXXX
 8.000e+00   16    2.561e+03|XXXXXXXXXXXXXXXXXXXXXXXXXXXXXXXXXXXXXXXX
 8.500e+00   17    2.497e+03|XXXXXXXXXXXXXXXXXXXXXXXXXXX
 9.000e+00   18    2.602e+03|XXXXXXXXXXXXXXXXXXXXXXXXXXXXXXXXXXXXXXXXXXXXXXXXX
 9.500e+00   19    2.533e+03|XXXXXXXXXXXXXXXXXXXXXXXXXXXXXXXXXX
 1.000e+01   20    2.451e+03|XXXXXXXXXXXXXXXXX
 1.050e+01   21    2.582e+03|XXXXXXXXXXXXXXXXXXXXXXXXXXXXXXXXXXXXXXXXXXXXX
 1.100e+01   22    2.533e+03|XXXXXXXXXXXXXXXXXXXXXXXXXXXXXXXXXX
 1.150e+01   23    2.427e+03|XXXXXXXXXXX
 1.200e+01   24    2.480e+03|XXXXXXXXXXXXXXXXXXXXXXX
 1.250e+01   25    2.495e+03|XXXXXXXXXXXXXXXXXXXXXXXXXX
 1.300e+01   26    2.480e+03|XXXXXXXXXXXXXXXXXXXXXXX
 1.350e+01   27    2.413e+03|XXXXXXXX
 1.400e+01   28    2.460e+03|XXXXXXXXXXXXXXXXXXX
 1.450e+01   29    2.475e+03|XXXXXXXXXXXXXXXXXXXXXX
 1.500e+01   30    2.490e+03|XXXXXXXXXXXXXXXXXXXXXXXXX
 1.550e+01   31    2.480e+03|XXXXXXXXXXXXXXXXXXXXXXX
 1.600e+01   32    2.481e+03|XXXXXXXXXXXXXXXXXXXXXXX
 1.650e+01   33    2.510e+03|XXXXXXXXXXXXXXXXXXXXXXXXXXXXX
 1.700e+01   34    2.372e+03|
 1.750e+01   35    2.555e+03|XXXXXXXXXXXXXXXXXXXXXXXXXXXXXXXXXXXXXXX
 1.800e+01   36    2.484e+03|XXXXXXXXXXXXXXXXXXXXXXXX
 1.850e+01   37    2.515e+03|XXXXXXXXXXXXXXXXXXXXXXXXXXXXXX
 1.900e+01   38    2.502e+03|XXXXXXXXXXXXXXXXXXXXXXXXXXXX
 1.950e+01   39    2.566e+03|XXXXXXXXXXXXXXXXXXXXXXXXXXXXXXXXXXXXXXXXX
                         X |
                           V
UNDERFLOW :  0.000e+00 OVERFLOW :  0.000e+00
 IN RANGE :     100000 EXTRA    :          0
 MEAN B.C.:  9.985e+00 RMS B.C. :  5.772e+00
TYPE       : Histo1D
TITLE      : Two Gaussians
BIN COUNT  : 40
BIN WIDTH  : 5.000e-01
                           0.00e+00                        1.39e+04 Y
X POSITION   BIN       VALUE|--------------------------------------------------->
 0.000e+00   0     1.750e+02|
 5.000e-01   1     3.800e+02|X
 1.000e+00   2     8.020e+02|XX
 1.500e+00   3     1.586e+03|XXXXX
 2.000e+00   4     2.834e+03|XXXXXXXXXX
 2.500e+00   5     4.641e+03|XXXXXXXXXXXXXXXXX
 3.000e+00   6     6.915e+03|XXXXXXXXXXXXXXXXXXXXXXXXX
 3.500e+00   7     9.047e+03|XXXXXXXXXXXXXXXXXXXXXXXXXXXXXXXXX
 4.000e+00   8     1.104e+04|XXXXXXXXXXXXXXXXXXXXXXXXXXXXXXXXXXXXXXXX
 4.500e+00   9     1.227e+04|XXXXXXXXXXXXXXXXXXXXXXXXXXXXXXXXXXXXXXXXXXXX
 5.000e+00   10    1.237e+04|XXXXXXXXXXXXXXXXXXXXXXXXXXXXXXXXXXXXXXXXXXXXX
 5.500e+00   11    1.127e+04|XXXXXXXXXXXXXXXXXXXXXXXXXXXXXXXXXXXXXXXXX
 6.000e+00   12    9.228e+03|XXXXXXXXXXXXXXXXXXXXXXXXXXXXXXXXX
 6.500e+00   13    6.804e+03|XXXXXXXXXXXXXXXXXXXXXXXX
 7.000e+00   14    4.687e+03|XXXXXXXXXXXXXXXXX
 7.500e+00   15    2.864e+03|XXXXXXXXXX
 8.000e+00   16    1.584e+03|XXXXX
 8.500e+00   17    8.010e+02|XX
 9.000e+00   18    3.860e+02|X
 9.500e+00   19    1.460e+02|
 1.000e+01   20    6.500e+01|
 1.050e+01   21    1.700e+01|
 1.100e+01   22    7.000e+00|
 1.150e+01   23    0.000e+00|
 1.200e+01   24    5.000e-01|
 1.250e+01   25    4.400e+01|
 1.300e+01   26    3.340e+02|X
 1.350e+01   27    1.770e+03|XXXXXX
 1.400e+01   28    5.772e+03|XXXXXXXXXXXXXXXXXXXXX
 1.450e+01   29    1.153e+04|XXXXXXXXXXXXXXXXXXXXXXXXXXXXXXXXXXXXXXXXXX
 1.500e+01   30    1.391e+04|XXXXXXXXXXXXXXXXXXXXXXXXXXXXXXXXXXXXXXXXXXXXXXXXXXX
 1.550e+01   31    1.033e+04|XXXXXXXXXXXXXXXXXXXXXXXXXXXXXXXXXXXXX
 1.600e+01   32    4.760e+03|XXXXXXXXXXXXXXXXX
 1.650e+01   33    1.296e+03|XXXX
 1.700e+01   34    2.370e+02|
 1.750e+01   35    2.350e+01|
 1.800e+01   36    1.500e+00|
 1.850e+01   37    0.000e+00|
 1.900e+01   38    0.000e+00|
 1.950e+01   39    0.000e+00|
                         X |
                           V
UNDERFLOW :  8.600e+01 OVERFLOW :  0.000e+00
 IN RANGE :     199914 EXTRA    :         86
 MEAN B.C.:  8.407e+00 RMS B.C. :  4.991e+00
Graphical Histogram Printout of xhist2 after operations
TYPE       : Histo1D
TITLE      : Two Gaussians + Random divided by 2
BIN COUNT  : 40
BIN WIDTH  : 5.000e-01
                           1.21e+03                        8.20e+03 Y
X POSITION   BIN       VALUE|--------------------------------------------------->
 0.000e+00   0     1.308e+03|
 5.000e-01   1     1.416e+03|X
 1.000e+00   2     1.622e+03|XX
 1.500e+00   3     2.058e+03|XXXXXX
 2.000e+00   4     2.717e+03|XXXXXXXXXX
 2.500e+00   5     3.588e+03|XXXXXXXXXXXXXXXXX
 3.000e+00   6     4.709e+03|XXXXXXXXXXXXXXXXXXXXXXXXX
 3.500e+00   7     5.750e+03|XXXXXXXXXXXXXXXXXXXXXXXXXXXXXXXXX
 4.000e+00   8     6.821e+03|XXXXXXXXXXXXXXXXXXXXXXXXXXXXXXXXXXXXXXXX
 4.500e+00   9     7.438e+03|XXXXXXXXXXXXXXXXXXXXXXXXXXXXXXXXXXXXXXXXXXXXX
 5.000e+00   10    7.452e+03|XXXXXXXXXXXXXXXXXXXXXXXXXXXXXXXXXXXXXXXXXXXXX
 5.500e+00   11    6.900e+03|XXXXXXXXXXXXXXXXXXXXXXXXXXXXXXXXXXXXXXXXX
 6.000e+00   12    5.832e+03|XXXXXXXXXXXXXXXXXXXXXXXXXXXXXXXXX
 6.500e+00   13    4.658e+03|XXXXXXXXXXXXXXXXXXXXXXXXX
 7.000e+00   14    3.564e+03|XXXXXXXXXXXXXXXXX
 7.500e+00   15    2.648e+03|XXXXXXXXXX
 8.000e+00   16    2.072e+03|XXXXXX
 8.500e+00   17    1.649e+03|XXX
 9.000e+00   18    1.494e+03|XX
 9.500e+00   19    1.340e+03|
 1.000e+01   20    1.258e+03|
 1.050e+01   21    1.300e+03|
 1.100e+01   22    1.270e+03|
 1.150e+01   23    1.214e+03|
 1.200e+01   24    1.240e+03|
 1.250e+01   25    1.270e+03|
 1.300e+01   26    1.407e+03|X
 1.350e+01   27    2.092e+03|XXXXXX
 1.400e+01   28    4.116e+03|XXXXXXXXXXXXXXXXXXXXX
 1.450e+01   29    7.000e+03|XXXXXXXXXXXXXXXXXXXXXXXXXXXXXXXXXXXXXXXXXX
 1.500e+01   30    8.200e+03|XXXXXXXXXXXXXXXXXXXXXXXXXXXXXXXXXXXXXXXXXXXXXXXXXXX
 1.550e+01   31    6.404e+03|XXXXXXXXXXXXXXXXXXXXXXXXXXXXXXXXXXXXX
 1.600e+01   32    3.620e+03|XXXXXXXXXXXXXXXXX
 1.650e+01   33    1.903e+03|XXXXX
 1.700e+01   34    1.304e+03|
 1.750e+01   35    1.289e+03|
 1.800e+01   36    1.243e+03|
 1.850e+01   37    1.258e+03|
 1.900e+01   38    1.251e+03|
 1.950e+01   39    1.283e+03|
                         X |
                           V
UNDERFLOW :  4.300e+01 OVERFLOW :  0.000e+00
 IN RANGE :     299914 EXTRA    :         86
 MEAN B.C.:  9.039e+00 RMS B.C. :  5.373e+00]]>
