<![CDATA[TYPE       : Histo1D
TITLE      : Histo-2
BIN COUNT  : 20
BIN WIDTH  : 1
                           6.88e+04                        2.73e+05 Y
X POSITION   BIN       VALUE|--------------------------------------------------->
 0.000e+00   0     2.733e+05|XXXXXXXXXXXXXXXXXXXXXXXXXXXXXXXXXXXXXXXXXXXXXXXXXXX
 1.000e+00   1     2.324e+05|XXXXXXXXXXXXXXXXXXXXXXXXXXXXXXXXXXXXXXXX
 2.000e+00   2     1.960e+05|XXXXXXXXXXXXXXXXXXXXXXXXXXXXXXX
 3.000e+00   3     1.642e+05|XXXXXXXXXXXXXXXXXXXXXXX
 4.000e+00   4     1.369e+05|XXXXXXXXXXXXXXXXX
 5.000e+00   5     1.142e+05|XXXXXXXXXXX
 6.000e+00   6     9.603e+04|XXXXXX
 7.000e+00   7     8.240e+04|XXX
 8.000e+00   8     7.330e+04|X
 9.000e+00   9     6.876e+04|
 1.000e+01   10    6.876e+04|
 1.100e+01   11    7.330e+04|X
 1.200e+01   12    8.240e+04|XXX
 1.300e+01   13    9.603e+04|XXXXXX
 1.400e+01   14    1.142e+05|XXXXXXXXXXX
 1.500e+01   15    1.369e+05|XXXXXXXXXXXXXXXX
 1.600e+01   16    1.642e+05|XXXXXXXXXXXXXXXXXXXXXXX
 1.700e+01   17    1.960e+05|XXXXXXXXXXXXXXXXXXXXXXXXXXXXXXX
 1.800e+01   18    2.323e+05|XXXXXXXXXXXXXXXXXXXXXXXXXXXXXXXXXXXXXXXX
 1.900e+01   19    2.732e+05|XXXXXXXXXXXXXXXXXXXXXXXXXXXXXXXXXXXXXXXXXXXXXXXXXX
                         X |
                           V
UNDERFLOW :  3.188e+05 OVERFLOW :  3.186e+05
 IN RANGE :      45455 EXTRA    :       4545
 MEAN B.C.:  9.499e+00 RMS B.C. :  6.865e+00
TYPE       : Histo1D
TITLE      : Histo-1
BIN COUNT  : 20
BIN WIDTH  : 1.000e+00
                           7.39e+03                        2.12e+05 Y
X POSITION   BIN       VALUE|--------------------------------------------------->
 0.000e+00   0     2.120e+05|XXXXXXXXXXXXXXXXXXXXXXXXXXXXXXXXXXXXXXXXXXXXXXXXXXX
 1.000e+00   1     1.710e+05|XXXXXXXXXXXXXXXXXXXXXXXXXXXXXXXXXXXXXXXX
 2.000e+00   2     1.347e+05|XXXXXXXXXXXXXXXXXXXXXXXXXXXXXXX
 3.000e+00   3     1.029e+05|XXXXXXXXXXXXXXXXXXXXXXX
 4.000e+00   4     7.558e+04|XXXXXXXXXXXXXXXXX
 5.000e+00   5     5.285e+04|XXXXXXXXXXX
 6.000e+00   6     3.466e+04|XXXXXX
 7.000e+00   7     2.103e+04|XXX
 8.000e+00   8     1.193e+04|X
 9.000e+00   9     7.387e+03|
 1.000e+01   10    7.387e+03|
 1.100e+01   11    1.193e+04|X
 1.200e+01   12    2.103e+04|XXX
 1.300e+01   13    3.466e+04|XXXXXX
 1.400e+01   14    5.285e+04|XXXXXXXXXXX
 1.500e+01   15    7.554e+04|XXXXXXXXXXXXXXXX
 1.600e+01   16    1.028e+05|XXXXXXXXXXXXXXXXXXXXXXX
 1.700e+01   17    1.346e+05|XXXXXXXXXXXXXXXXXXXXXXXXXXXXXXX
 1.800e+01   18    1.710e+05|XXXXXXXXXXXXXXXXXXXXXXXXXXXXXXXXXXXXXXXX
 1.900e+01   19    2.119e+05|XXXXXXXXXXXXXXXXXXXXXXXXXXXXXXXXXXXXXXXXXXXXXXXXXX
                         X |
                           V
UNDERFLOW :  2.574e+05 OVERFLOW :  2.573e+05
 IN RANGE :      45455 EXTRA    :       4545
 MEAN B.C.:  9.499e+00 RMS B.C. :  7.580e+00]]>
