<![CDATA[Start scanning. Looking for Histo-2
Found: Histo2 =  Histo2+Histo1 = 2*Histo1
Found: Histo2 =  Histo2+Histo1 = 2*Histo1
Found: Histo2 =  Histo2+Histo1 = 2*Histo1
Found: Histo2 =  Histo2+Histo1 = 2*Histo1
Found: Histo2 =  Histo2+Histo1 = 2*Histo1
Found: Histo2 =  Histo2+Histo1 = 2*Histo1
Found: Histo2 =  Histo2+Histo1 = 2*Histo1
Found: Histo_1D
Found: Histo_1D
Found: Histo1: parabolic function
Found: Histo3: -(Histo2 - Histo1) = -Histo1
Found: Histo-1
Found: Histo-2
TYPE       : Histo1D
TITLE      : Histo-2
BIN COUNT  : 20
BIN WIDTH  : 1
                           6.88e+04                        2.73e+05 Y
X POSITION   BIN       VALUE|--------------------------------------------------->
 0.000e+00   0     2.733e+05|XXXXXXXXXXXXXXXXXXXXXXXXXXXXXXXXXXXXXXXXXXXXXXXXXXX
 1.000e+00   1     2.324e+05|XXXXXXXXXXXXXXXXXXXXXXXXXXXXXXXXXXXXXXXX
 2.000e+00   2     1.960e+05|XXXXXXXXXXXXXXXXXXXXXXXXXXXXXXX
 3.000e+00   3     1.642e+05|XXXXXXXXXXXXXXXXXXXXXXX
 4.000e+00   4     1.369e+05|XXXXXXXXXXXXXXXXX
 5.000e+00   5     1.142e+05|XXXXXXXXXXX
 6.000e+00   6     9.603e+04|XXXXXX
 7.000e+00   7     8.240e+04|XXX
 8.000e+00   8     7.330e+04|X
 9.000e+00   9     6.876e+04|
 1.000e+01   10    6.876e+04|
 1.100e+01   11    7.330e+04|X
 1.200e+01   12    8.240e+04|XXX
 1.300e+01   13    9.603e+04|XXXXXX
 1.400e+01   14    1.142e+05|XXXXXXXXXXX
 1.500e+01   15    1.369e+05|XXXXXXXXXXXXXXXX
 1.600e+01   16    1.642e+05|XXXXXXXXXXXXXXXXXXXXXXX
 1.700e+01   17    1.960e+05|XXXXXXXXXXXXXXXXXXXXXXXXXXXXXXX
 1.800e+01   18    2.323e+05|XXXXXXXXXXXXXXXXXXXXXXXXXXXXXXXXXXXXXXXX
 1.900e+01   19    2.732e+05|XXXXXXXXXXXXXXXXXXXXXXXXXXXXXXXXXXXXXXXXXXXXXXXXXX
                         X |
                           V
UNDERFLOW :  3.188e+05 OVERFLOW :  3.186e+05
 IN RANGE :      45455 EXTRA    :       4545
 MEAN B.C.:  9.499e+00 RMS B.C. :  6.865e+00
Found: Histo-3
Found: Histo_1D
Found: Histo1: parabolic function
Found: Histo3: -(Histo2 - Histo1) = -Histo1
Found: Histo-1
Found: Histo-2
TYPE       : Histo1D
TITLE      : Histo-2
BIN COUNT  : 20
BIN WIDTH  : 1.000e+00
                           6.88e+04                        2.73e+05 Y
X POSITION   BIN       VALUE|--------------------------------------------------->
 0.000e+00   0     2.733e+05|XXXXXXXXXXXXXXXXXXXXXXXXXXXXXXXXXXXXXXXXXXXXXXXXXXX
 1.000e+00   1     2.324e+05|XXXXXXXXXXXXXXXXXXXXXXXXXXXXXXXXXXXXXXXX
 2.000e+00   2     1.960e+05|XXXXXXXXXXXXXXXXXXXXXXXXXXXXXXX
 3.000e+00   3     1.642e+05|XXXXXXXXXXXXXXXXXXXXXXX
 4.000e+00   4     1.369e+05|XXXXXXXXXXXXXXXXX
 5.000e+00   5     1.142e+05|XXXXXXXXXXX
 6.000e+00   6     9.603e+04|XXXXXX
 7.000e+00   7     8.240e+04|XXX
 8.000e+00   8     7.330e+04|X
 9.000e+00   9     6.876e+04|
 1.000e+01   10    6.876e+04|
 1.100e+01   11    7.330e+04|X
 1.200e+01   12    8.240e+04|XXX
 1.300e+01   13    9.603e+04|XXXXXX
 1.400e+01   14    1.142e+05|XXXXXXXXXXX
 1.500e+01   15    1.369e+05|XXXXXXXXXXXXXXXX
 1.600e+01   16    1.642e+05|XXXXXXXXXXXXXXXXXXXXXXX
 1.700e+01   17    1.960e+05|XXXXXXXXXXXXXXXXXXXXXXXXXXXXXXX
 1.800e+01   18    2.323e+05|XXXXXXXXXXXXXXXXXXXXXXXXXXXXXXXXXXXXXXXX
 1.900e+01   19    2.732e+05|XXXXXXXXXXXXXXXXXXXXXXXXXXXXXXXXXXXXXXXXXXXXXXXXXX
                         X |
                           V
UNDERFLOW :  3.188e+05 OVERFLOW :  3.186e+05
 IN RANGE :      45455 EXTRA    :       4545
 MEAN B.C.:  9.499e+00 RMS B.C. :  6.865e+00
Found: Histo-3
Found: Histo_1D
Found: Histo1: parabolic function
Found: Histo3: -(Histo2 - Histo1) = -Histo1
Found: Histo-1
Found: Histo-2
TYPE       : Histo1D
TITLE      : Histo-2
BIN COUNT  : 20
BIN WIDTH  : 1.000e+00
                           6.88e+04                        2.73e+05 Y
X POSITION   BIN       VALUE|--------------------------------------------------->
 0.000e+00   0     2.733e+05|XXXXXXXXXXXXXXXXXXXXXXXXXXXXXXXXXXXXXXXXXXXXXXXXXXX
 1.000e+00   1     2.324e+05|XXXXXXXXXXXXXXXXXXXXXXXXXXXXXXXXXXXXXXXX
 2.000e+00   2     1.960e+05|XXXXXXXXXXXXXXXXXXXXXXXXXXXXXXX
 3.000e+00   3     1.642e+05|XXXXXXXXXXXXXXXXXXXXXXX
 4.000e+00   4     1.369e+05|XXXXXXXXXXXXXXXXX
 5.000e+00   5     1.142e+05|XXXXXXXXXXX
 6.000e+00   6     9.603e+04|XXXXXX
 7.000e+00   7     8.240e+04|XXX
 8.000e+00   8     7.330e+04|X
 9.000e+00   9     6.876e+04|
 1.000e+01   10    6.876e+04|
 1.100e+01   11    7.330e+04|X
 1.200e+01   12    8.240e+04|XXX
 1.300e+01   13    9.603e+04|XXXXXX
 1.400e+01   14    1.142e+05|XXXXXXXXXXX
 1.500e+01   15    1.369e+05|XXXXXXXXXXXXXXXX
 1.600e+01   16    1.642e+05|XXXXXXXXXXXXXXXXXXXXXXX
 1.700e+01   17    1.960e+05|XXXXXXXXXXXXXXXXXXXXXXXXXXXXXXX
 1.800e+01   18    2.323e+05|XXXXXXXXXXXXXXXXXXXXXXXXXXXXXXXXXXXXXXXX
 1.900e+01   19    2.732e+05|XXXXXXXXXXXXXXXXXXXXXXXXXXXXXXXXXXXXXXXXXXXXXXXXXX
                         X |
                           V
UNDERFLOW :  3.188e+05 OVERFLOW :  3.186e+05
 IN RANGE :      45455 EXTRA    :       4545
 MEAN B.C.:  9.499e+00 RMS B.C. :  6.865e+00
Found: Histo-3
Found: Histo_1D
Found: Histo1: parabolic function
Found: Histo3: -(Histo2 - Histo1) = -Histo1
Found: Histo-1
Found: Histo-2
TYPE       : Histo1D
TITLE      : Histo-2
BIN COUNT  : 20
BIN WIDTH  : 1.000e+00
                           6.88e+04                        2.73e+05 Y
X POSITION   BIN       VALUE|--------------------------------------------------->
 0.000e+00   0     2.733e+05|XXXXXXXXXXXXXXXXXXXXXXXXXXXXXXXXXXXXXXXXXXXXXXXXXXX
 1.000e+00   1     2.324e+05|XXXXXXXXXXXXXXXXXXXXXXXXXXXXXXXXXXXXXXXX
 2.000e+00   2     1.960e+05|XXXXXXXXXXXXXXXXXXXXXXXXXXXXXXX
 3.000e+00   3     1.642e+05|XXXXXXXXXXXXXXXXXXXXXXX
 4.000e+00   4     1.369e+05|XXXXXXXXXXXXXXXXX
 5.000e+00   5     1.142e+05|XXXXXXXXXXX
 6.000e+00   6     9.603e+04|XXXXXX
 7.000e+00   7     8.240e+04|XXX
 8.000e+00   8     7.330e+04|X
 9.000e+00   9     6.876e+04|
 1.000e+01   10    6.876e+04|
 1.100e+01   11    7.330e+04|X
 1.200e+01   12    8.240e+04|XXX
 1.300e+01   13    9.603e+04|XXXXXX
 1.400e+01   14    1.142e+05|XXXXXXXXXXX
 1.500e+01   15    1.369e+05|XXXXXXXXXXXXXXXX
 1.600e+01   16    1.642e+05|XXXXXXXXXXXXXXXXXXXXXXX
 1.700e+01   17    1.960e+05|XXXXXXXXXXXXXXXXXXXXXXXXXXXXXXX
 1.800e+01   18    2.323e+05|XXXXXXXXXXXXXXXXXXXXXXXXXXXXXXXXXXXXXXXX
 1.900e+01   19    2.732e+05|XXXXXXXXXXXXXXXXXXXXXXXXXXXXXXXXXXXXXXXXXXXXXXXXXX
                         X |
                           V
UNDERFLOW :  3.188e+05 OVERFLOW :  3.186e+05
 IN RANGE :      45455 EXTRA    :       4545
 MEAN B.C.:  9.499e+00 RMS B.C. :  6.865e+00
Found: Histo-3
Found: Histo_1D
Found: Histo1: parabolic function
Found: Histo3: -(Histo2 - Histo1) = -Histo1
Found: Histo-1
Found: Histo-2
TYPE       : Histo1D
TITLE      : Histo-2
BIN COUNT  : 20
BIN WIDTH  : 1.000e+00
                           6.88e+04                        2.73e+05 Y
X POSITION   BIN       VALUE|--------------------------------------------------->
 0.000e+00   0     2.733e+05|XXXXXXXXXXXXXXXXXXXXXXXXXXXXXXXXXXXXXXXXXXXXXXXXXXX
 1.000e+00   1     2.324e+05|XXXXXXXXXXXXXXXXXXXXXXXXXXXXXXXXXXXXXXXX
 2.000e+00   2     1.960e+05|XXXXXXXXXXXXXXXXXXXXXXXXXXXXXXX
 3.000e+00   3     1.642e+05|XXXXXXXXXXXXXXXXXXXXXXX
 4.000e+00   4     1.369e+05|XXXXXXXXXXXXXXXXX
 5.000e+00   5     1.142e+05|XXXXXXXXXXX
 6.000e+00   6     9.603e+04|XXXXXX
 7.000e+00   7     8.240e+04|XXX
 8.000e+00   8     7.330e+04|X
 9.000e+00   9     6.876e+04|
 1.000e+01   10    6.876e+04|
 1.100e+01   11    7.330e+04|X
 1.200e+01   12    8.240e+04|XXX
 1.300e+01   13    9.603e+04|XXXXXX
 1.400e+01   14    1.142e+05|XXXXXXXXXXX
 1.500e+01   15    1.369e+05|XXXXXXXXXXXXXXXX
 1.600e+01   16    1.642e+05|XXXXXXXXXXXXXXXXXXXXXXX
 1.700e+01   17    1.960e+05|XXXXXXXXXXXXXXXXXXXXXXXXXXXXXXX
 1.800e+01   18    2.323e+05|XXXXXXXXXXXXXXXXXXXXXXXXXXXXXXXXXXXXXXXX
 1.900e+01   19    2.732e+05|XXXXXXXXXXXXXXXXXXXXXXXXXXXXXXXXXXXXXXXXXXXXXXXXXX
                         X |
                           V
UNDERFLOW :  3.188e+05 OVERFLOW :  3.186e+05
 IN RANGE :      45455 EXTRA    :       4545
 MEAN B.C.:  9.499e+00 RMS B.C. :  6.865e+00
Found: Histo-3
Found: Histo_1D
Found: Histo_1D
Found: Histo_1D
Found: Histo1: parabolic function
Found: Histo3: -(Histo2 - Histo1) = -Histo1
Found: Histo-1
Found: Histo-2
TYPE       : Histo1D
TITLE      : Histo-2
BIN COUNT  : 20
BIN WIDTH  : 1.000e+00
                           6.88e+04                        2.73e+05 Y
X POSITION   BIN       VALUE|--------------------------------------------------->
 0.000e+00   0     2.733e+05|XXXXXXXXXXXXXXXXXXXXXXXXXXXXXXXXXXXXXXXXXXXXXXXXXXX
 1.000e+00   1     2.324e+05|XXXXXXXXXXXXXXXXXXXXXXXXXXXXXXXXXXXXXXXX
 2.000e+00   2     1.960e+05|XXXXXXXXXXXXXXXXXXXXXXXXXXXXXXX
 3.000e+00   3     1.642e+05|XXXXXXXXXXXXXXXXXXXXXXX
 4.000e+00   4     1.369e+05|XXXXXXXXXXXXXXXXX
 5.000e+00   5     1.142e+05|XXXXXXXXXXX
 6.000e+00   6     9.603e+04|XXXXXX
 7.000e+00   7     8.240e+04|XXX
 8.000e+00   8     7.330e+04|X
 9.000e+00   9     6.876e+04|
 1.000e+01   10    6.876e+04|
 1.100e+01   11    7.330e+04|X
 1.200e+01   12    8.240e+04|XXX
 1.300e+01   13    9.603e+04|XXXXXX
 1.400e+01   14    1.142e+05|XXXXXXXXXXX
 1.500e+01   15    1.369e+05|XXXXXXXXXXXXXXXX
 1.600e+01   16    1.642e+05|XXXXXXXXXXXXXXXXXXXXXXX
 1.700e+01   17    1.960e+05|XXXXXXXXXXXXXXXXXXXXXXXXXXXXXXX
 1.800e+01   18    2.323e+05|XXXXXXXXXXXXXXXXXXXXXXXXXXXXXXXXXXXXXXXX
 1.900e+01   19    2.732e+05|XXXXXXXXXXXXXXXXXXXXXXXXXXXXXXXXXXXXXXXXXXXXXXXXXX
                         X |
                           V
UNDERFLOW :  3.188e+05 OVERFLOW :  3.186e+05
 IN RANGE :      45455 EXTRA    :       4545
 MEAN B.C.:  9.499e+00 RMS B.C. :  6.865e+00
Found: Histo-3
Found: Histo_1D
Found: Histo1: parabolic function
Found: Histo3: -(Histo2 - Histo1) = -Histo1
Found: Histo-1
Found: Histo-2
TYPE       : Histo1D
TITLE      : Histo-2
BIN COUNT  : 20
BIN WIDTH  : 1.000e+00
                           6.88e+04                        2.73e+05 Y
X POSITION   BIN       VALUE|--------------------------------------------------->
 0.000e+00   0     2.733e+05|XXXXXXXXXXXXXXXXXXXXXXXXXXXXXXXXXXXXXXXXXXXXXXXXXXX
 1.000e+00   1     2.324e+05|XXXXXXXXXXXXXXXXXXXXXXXXXXXXXXXXXXXXXXXX
 2.000e+00   2     1.960e+05|XXXXXXXXXXXXXXXXXXXXXXXXXXXXXXX
 3.000e+00   3     1.642e+05|XXXXXXXXXXXXXXXXXXXXXXX
 4.000e+00   4     1.369e+05|XXXXXXXXXXXXXXXXX
 5.000e+00   5     1.142e+05|XXXXXXXXXXX
 6.000e+00   6     9.603e+04|XXXXXX
 7.000e+00   7     8.240e+04|XXX
 8.000e+00   8     7.330e+04|X
 9.000e+00   9     6.876e+04|
 1.000e+01   10    6.876e+04|
 1.100e+01   11    7.330e+04|X
 1.200e+01   12    8.240e+04|XXX
 1.300e+01   13    9.603e+04|XXXXXX
 1.400e+01   14    1.142e+05|XXXXXXXXXXX
 1.500e+01   15    1.369e+05|XXXXXXXXXXXXXXXX
 1.600e+01   16    1.642e+05|XXXXXXXXXXXXXXXXXXXXXXX
 1.700e+01   17    1.960e+05|XXXXXXXXXXXXXXXXXXXXXXXXXXXXXXX
 1.800e+01   18    2.323e+05|XXXXXXXXXXXXXXXXXXXXXXXXXXXXXXXXXXXXXXXX
 1.900e+01   19    2.732e+05|XXXXXXXXXXXXXXXXXXXXXXXXXXXXXXXXXXXXXXXXXXXXXXXXXX
                         X |
                           V
UNDERFLOW :  3.188e+05 OVERFLOW :  3.186e+05
 IN RANGE :      45455 EXTRA    :       4545
 MEAN B.C.:  9.499e+00 RMS B.C. :  6.865e+00
Found: Histo-3]]>
