<![CDATA[2D histogram content
bin(0,0): 1 -/+ 0.707107
bin(1,0): 0 -/+ 0
bin(2,0): 0 -/+ 0
bin(3,0): 0 -/+ 0
bin(4,0): 0 -/+ 0
bin(5,0): 0 -/+ 0
bin(6,0): 0 -/+ 0
bin(7,0): 0 -/+ 0
bin(8,0): 0 -/+ 0
bin(9,0): 1 -/+ 0.707107
bin(0,1): 0 -/+ 0
bin(1,1): 2 -/+ 1
bin(2,1): 0 -/+ 0
bin(3,1): 0 -/+ 0
bin(4,1): 0 -/+ 0
bin(5,1): 0 -/+ 0
bin(6,1): 0 -/+ 0
bin(7,1): 0 -/+ 0
bin(8,1): 2 -/+ 1
bin(9,1): 0 -/+ 0
bin(0,2): 0 -/+ 0
bin(1,2): 0 -/+ 0
bin(2,2): 2 -/+ 1
bin(3,2): 0 -/+ 0
bin(4,2): 0 -/+ 0
bin(5,2): 0 -/+ 0
bin(6,2): 0 -/+ 0
bin(7,2): 2 -/+ 1
bin(8,2): 0 -/+ 0
bin(9,2): 0 -/+ 0
bin(0,3): 0 -/+ 0
bin(1,3): 0 -/+ 0
bin(2,3): 0 -/+ 0
bin(3,3): 0.5 -/+ 0.5
bin(4,3): 0 -/+ 0
bin(5,3): 0 -/+ 0
bin(6,3): 0.5 -/+ 0.5
bin(7,3): 0 -/+ 0
bin(8,3): 0 -/+ 0
bin(9,3): 0 -/+ 0
bin(0,4): 0 -/+ 0
bin(1,4): 0 -/+ 0
bin(2,4): 0 -/+ 0
bin(3,4): 0 -/+ 0
bin(4,4): 1 -/+ 0.707107
bin(5,4): 1 -/+ 0.707107
bin(6,4): 0 -/+ 0
bin(7,4): 0 -/+ 0
bin(8,4): 0 -/+ 0
bin(9,4): 0 -/+ 0
bin(0,5): 0 -/+ 0
bin(1,5): 0 -/+ 0
bin(2,5): 0 -/+ 0
bin(3,5): 0 -/+ 0
bin(4,5): 2 -/+ 1
bin(5,5): 2 -/+ 1
bin(6,5): 0 -/+ 0
bin(7,5): 0 -/+ 0
bin(8,5): 0 -/+ 0
bin(9,5): 0 -/+ 0
bin(0,6): 0 -/+ 0
bin(1,6): 0 -/+ 0
bin(2,6): 0 -/+ 0
bin(3,6): 1 -/+ 0.707107
bin(4,6): 0 -/+ 0
bin(5,6): 0 -/+ 0
bin(6,6): 1 -/+ 0.707107
bin(7,6): 0 -/+ 0
bin(8,6): 0 -/+ 0
bin(9,6): 0 -/+ 0
bin(0,7): 0 -/+ 0
bin(1,7): 0 -/+ 0
bin(2,7): 2 -/+ 1
bin(3,7): 0 -/+ 0
bin(4,7): 0 -/+ 0
bin(5,7): 0 -/+ 0
bin(6,7): 0 -/+ 0
bin(7,7): 2 -/+ 1
bin(8,7): 0 -/+ 0
bin(9,7): 0 -/+ 0
bin(0,8): 0 -/+ 0
bin(1,8): 1.5 -/+ 0.866025
bin(2,8): 0 -/+ 0
bin(3,8): 0 -/+ 0
bin(4,8): 0 -/+ 0
bin(5,8): 0 -/+ 0
bin(6,8): 0 -/+ 0
bin(7,8): 0 -/+ 0
bin(8,8): 1.5 -/+ 0.866025
bin(9,8): 0 -/+ 0
bin(0,9): 1.5 -/+ 0.866025
bin(1,9): 0 -/+ 0
bin(2,9): 0 -/+ 0
bin(3,9): 0 -/+ 0
bin(4,9): 0 -/+ 0
bin(5,9): 0 -/+ 0
bin(6,9): 0 -/+ 0
bin(7,9): 0 -/+ 0
bin(8,9): 0 -/+ 0
bin(9,9): 1.5 -/+ 0.866025
First slice
.  0:         1 +/- 0.707107
.  1:         0 +/-    0
.  2:         0 +/-    0
.  3:         0 +/-    0
.  4:         0 +/-    0
.  5:         0 +/-    0
.  6:         0 +/-    0
.  7:         0 +/-    0
.  8:         0 +/-    0
.  9:         1 +/- 0.707107
Second slice
.  0:         1 +/- 0.707107
.  1:         0 +/-    0
.  2:         0 +/-    0
.  3:         0 +/-    0
.  4:         0 +/-    0
.  5:         0 +/-    0
.  6:         0 +/-    0
.  7:         0 +/-    0
.  8:         0 +/-    0
.  9:       1.5 +/- 0.866025
First projection
.  0:         2 +/-    1
.  1:         4 +/- 1.41421
.  2:         4 +/- 1.41421
.  3:         1 +/- 0.707107
.  4:         2 +/-    1
.  5:         4 +/- 1.41421
.  6:         2 +/-    1
.  7:         4 +/- 1.41421
.  8:         3 +/- 1.22474
.  9:         3 +/- 1.22474
Second projection
.  0:       2.5 +/- 1.11803
.  1:       3.5 +/- 1.32288
.  2:         4 +/- 1.41421
.  3:       1.5 +/- 0.866025
.  4:         3 +/- 1.22474
.  5:         3 +/- 1.22474
.  6:       1.5 +/- 0.866025
.  7:         4 +/- 1.41421
.  8:       3.5 +/- 1.32288
.  9:       2.5 +/- 1.11803]]>
