This is TeX, C Version 3.141 (format=lplain 92.10.8)  8 APR 1993 19:19
**l501ldoc
(d501ldoc.tex
LaTeX Version 2.09 <25 March 1992>
(/user/goossens/cnasall/cernman.sty
Style-Option: `cernman' v3.05  <93/03/04> (M.G.)
(/usr/local/lib/tex/macros/report.sty
Standard Document Style `report' <14 Jan 92>.
(/usr/local/lib/tex/macros/rep11.sty)
\descriptionmargin=\dimen99
\c@part=\count79
\c@chapter=\count80
\c@section=\count81
\c@subsection=\count82
\c@subsubsection=\count83
\c@paragraph=\count84
\c@subparagraph=\count85
\c@figure=\count86
\c@table=\count87
 (/usr/local/lib/tex/macros/titlepag.sty
Document Style Option `titlepage' -- Released 16 June 1991.
)) (/usr/local/lib/tex/macros/array.sty
Style-Option: `array' v2.1b  <92/07/06> (F.M.)
English documentation dated  <92/07/18> (F.M.)
\col@sep=\dimen100
\extrarowheight=\dimen101
\NC@list=\toks14
) (/usr/local/lib/tex/macros/subfigure.sty
\c@subfigure=\count88
\@subfigtemp=\count89
)
(/usr/local/lib/tex/macros/subeqnarray.sty
Documentstyle option `subeqnarray' V1.1; Released 22 December 1988
\c@subequation=\count90
) (/usr/local/lib/tex/macros/subeqn.sty
\@stequation=\toks15
)
\c@cOL=\count91
\Length=\dimen102

(/usr/local/lib/tex/macros/verbatim.sty
Style-Option: `verbatim' v1.4d <91/04/24> (RmS)
English Documentation          <91/04/24> (RmS)
\every@verbatim=\toks16
\verbatim@line=\toks17
)) (/usr/local/lib/tex/macros/epsfig.sty
Document style option `epsfig', v1.8 <26 Sep 92> (edited by SPQR)
\ps@dimcent=\dimen103
(/usr/local/lib/tex/macros/epsf.tex
\epsffilein=\read1
\epsfxsize=\dimen104
\epsfysize=\dimen105
\epsftsize=\dimen106
\epsfrsize=\dimen107
\epsftmp=\dimen108
\pspoints=\dimen109
)
\p@intvaluex=\dimen110
\p@intvaluey=\dimen111
) (/user/goossens/cnasall/cerndoc.sty
(/user/goossens/cnasall/screen.sty
Document style option `Screen', 8 Apr 1993 MG/AS
\hquant=\dimen112
\vquant=\dimen113
\along@h=\count92
\along@v=\count93
\cc@tmp=\count94
\col@number=\count95
\@tempdimc=\dimen114
)
\wwwy=\count96
\wwwm=\count97
\wwwd=\count98
\wwwc=\count99
\wwwt=\count100
\wwws=\count101
 (/usr/local/lib/tex/macros/version.sty))
\mathtt@group=\mathgroup5
\mathbf@group=\mathgroup6
 (d501ldoc.aux)
<(draft only) /usr/local/lib/tex/ps/cern15.eps>
[0

]
Underfull \hbox (badness 10000) in paragraph at lines 97--97
\doc/m/n/11 LEAMAX -- Constrained Non-Linear Least Squares and Maximum

\hbox(6.11111+2.22223)x361.299
.\doc/m/n/11 L
.\doc/m/n/11 E
.\doc/m/n/11 A
.\doc/m/n/11 M
.\doc/m/n/11 A
.etc.


Underfull \hbox (badness 10000) in paragraph at lines 97--97
[]\doc/m/n/11 Copyright and any other appropriate legal protection of these

\hbox(6.11111+2.22223)x361.299
.\hbox(0.0+0.0)x0.0
.\doc/m/n/11 C
.\doc/m/n/11 o
.\doc/m/n/11 p
.\doc/m/n/11 y
.etc.


Underfull \hbox (badness 10000) in paragraph at lines 97--97
\doc/m/n/11 computer programs and associated documentation reserved in all

\hbox(6.11111+2.22223)x361.299
.\doc/m/n/11 c
.\doc/m/n/11 o
.\doc/m/n/11 m
.\doc/m/n/11 p
.\doc/m/n/11 u
.etc.


Underfull \hbox (badness 10000) in paragraph at lines 97--97
[]\doc/m/n/11 These programs or documentation may not be reproduced by any meth
od

\hbox(6.11111+2.22223)x361.299
.\hbox(0.0+0.0)x0.0
.\doc/m/n/11 T
.\doc/m/n/11 h
.\doc/m/n/11 e
.\doc/m/n/11 s
.etc.


Underfull \hbox (badness 10000) in paragraph at lines 97--97
\doc/m/n/11 without prior written consent of the Director-General of CERN or hi
s

\hbox(6.11111+2.22223)x361.299
.\doc/m/n/11 w
.\doc/m/n/11 i
.\doc/m/n/11 t
.\doc/m/n/11 h
.\doc/m/n/11 o
.etc.


Underfull \hbox (badness 10000) in paragraph at lines 97--97
[]\doc/m/n/11 Permission for the usage of any programs described herein is gran
ted

\hbox(6.11111+2.22223)x361.299
.\hbox(0.0+0.0)x0.0
.\doc/m/n/11 P
.\doc/m/n/11 e
.\doc/m/n/11 r
.\doc/m/n/11 m
.etc.


Underfull \hbox (badness 10000) in paragraph at lines 97--97
\doc/m/n/11 apriori to those scientific institutes associated with the CERN

\hbox(6.11111+2.22223)x361.299
.\doc/m/n/11 a
.\doc/m/n/11 p
.\doc/m/n/11 r
.\doc/m/n/11 i
.\doc/m/n/11 o
.etc.


Underfull \hbox (badness 10000) in paragraph at lines 97--97
\doc/m/n/11 experimental program or with whom CERN has concluded a scientific

\hbox(6.11111+2.22223)x361.299
.\doc/m/n/11 e
.\doc/m/n/11 x
.\doc/m/n/11 p
.\doc/m/n/11 e
.\doc/m/n/11 r
.etc.


Overfull \hbox (26.24974pt too wide) in paragraph at lines 102--107
[][]  

\hbox(41.549+36.54898)x388.49661
.\hbox(0.0+0.0)x0.0
.\hbox(41.549+36.54898)x414.74635
..\mathon
..\vbox(41.549+36.54898)x414.74635
...\hbox(11.51996+6.9253)x414.74635 []
...\glue(\lineskip) 0.0
...\hbox(11.51996+32.53278)x414.74635 []
...\glue(\lineskip) 0.0
...\hbox(11.51996+4.08003)x414.74635 []
..\mathoff
.\penalty 10000
.\glue(\parfillskip) 0.0 plus 1.0fil
.\glue(\rightskip) 0.0 plus 1.0fil

[1] [2] (d501ldoc.toc)
\tf@toc=\write3
 [1] [2]
Chapter 1.

Overfull \hbox (88.08614pt too wide) in alignment at lines 156--159
 [] [] [] [] 

\hbox(0.0+0.0)x388.49661
.\glue(\tabskip) 0.0 plus 1000.0
.\unsetbox(0.0+0.0)x434.58311
.\glue(\tabskip) 0.0
.\unsetbox(0.0+0.0)x20.99982
.\glue(\tabskip) 0.0
.etc.

[1


] [2]
Chapter 2.

Overfull \hbox (31.49889pt too wide) in alignment at lines 226--229
 [] [] [] [] 

\hbox(0.0+0.0)x388.49661
.\glue(\tabskip) 0.0 plus 1000.0
.\unsetbox(0.0+0.0)x377.99586
.\glue(\tabskip) 0.0
.\unsetbox(0.0+0.0)x20.99982
.\glue(\tabskip) 0.0
.etc.


Overfull \hbox (43.66583pt too wide) in alignment at lines 239--242
 [] [] [] [] 

\hbox(0.0+0.0)x388.49661
.\glue(\tabskip) 0.0 plus 1000.0
.\unsetbox(0.0+0.0)x390.16281
.\glue(\tabskip) 0.0
.\unsetbox(0.0+0.0)x20.99982
.\glue(\tabskip) 0.0
.etc.

[3

]
Overfull \hbox (663.32672pt too wide) in alignment at lines 264--272
 [] [] [] [] 

\hbox(0.0+0.0)x356.9969
.\glue(\tabskip) 0.0 plus 1000.0
.\unsetbox(0.0+0.0)x245.24783
.\glue(\tabskip) 0.0
.\unsetbox(0.0+0.0)x26.24977
.\glue(\tabskip) 0.0
.etc.


Overfull \hbox (200.1643pt too wide) in alignment at lines 278--289
 [] [] [] [] 

\hbox(0.0+0.0)x356.9969
.\glue(\tabskip) 0.0 plus 1000.0
.\unsetbox(0.0+0.0)x20.99982
.\glue(\tabskip) 0.0
.\unsetbox(0.0+0.0)x31.49973
.\glue(\tabskip) 0.0
.etc.

[4]
Overfull \hbox (281.91306pt too wide) in alignment at lines 317--321
 [] [] [] [] 

\hbox(0.0+0.0)x356.9969
.\glue(\tabskip) 0.0 plus 1000.0
.\unsetbox(0.0+0.0)x160.24857
.\glue(\tabskip) 0.0
.\unsetbox(0.0+0.0)x26.24977
.\glue(\tabskip) 0.0
.etc.

[5]
Overfull \hbox (729.07626pt too wide) in alignment at lines 329--341
 [] [] [] [] 

\hbox(0.0+0.0)x356.9969
.\glue(\tabskip) 0.0 plus 1000.0
.\unsetbox(0.0+0.0)x245.24783
.\glue(\tabskip) 0.0
.\unsetbox(0.0+0.0)x26.24977
.\glue(\tabskip) 0.0
.etc.


Overfull \hbox (366.24586pt too wide) in alignment at lines 356--364
 [] [] [] [] 

\hbox(0.0+0.0)x356.9969
.\glue(\tabskip) 0.0 plus 1000.0
.\unsetbox(0.0+0.0)x20.99982
.\glue(\tabskip) 0.0
.\unsetbox(0.0+0.0)x31.49973
.\glue(\tabskip) 0.0
.etc.

[6]
Overfull \hbox (3.4158pt too wide) in alignment at lines 403--407
 [] [] [] [] 

\hbox(0.0+0.0)x388.49661
.\glue(\tabskip) 0.0 plus 1000.0
.\unsetbox(0.0+0.0)x31.49973
.\glue(\tabskip) 0.0
.\unsetbox(0.0+0.0)x31.49973
.\glue(\tabskip) 0.0
.etc.

[7] [8] [9]
Overfull \hbox (15.83272pt too wide) detected at line 503
[][]\doc/m/n/11 (a)  =  ((1)/ (2))[(a[] + 10 a[])[] + 5 (a[]- a[])[] + (a[]- 2 
a[])[] + 10 (a[]- a[])[]],

\hbox(18.1111+11.99998)x356.9969, glue set - 1.0
.\hbox(6.11111+2.22223)x31.49973
..\doc/m/n/11 v
..\doc/m/n/11 a
..\doc/m/n/11 r
..\doc/m/n/11 p
..\doc/m/n/11 h
..etc.
.\hbox(6.11111+0.0)x5.74995, shifted 11.99998
..\doc/m/n/11 S
.\doc/m/n/11 (
.\doc/m/n/11 a
.\doc/m/n/11 )
.etc.

[10]
Overfull \hbox (15.74986pt too wide) in paragraph at lines 518--518
[]      \doc/m/n/11 DATA AL,AU,A / 1D0,-2D0,-1D30,1D0, 3D0,0D0,1D30,3D0, 3D0,-1
D0,0D0,1D0 /[] 

\hbox(6.94444+1.38887)x388.49661
.\hbox(0.0+0.0)x0.0
.\penalty 10000
.\glue(\spaceskip) 5.24995
.\penalty 10000
.\glue(\spaceskip) 5.24995
.etc.

[11] [12]
Overfull \hbox (20.99982pt too wide) in paragraph at lines 611--611
[]      \doc/m/n/11 DATA Y / 0.14D0, 0.18D0, 0.22D0, 0.25D0, 0.29D0, 0.32D0, 0.
35D0, 0.39D0,[] 

\hbox(6.94444+1.38887)x388.49661
.\hbox(0.0+0.0)x0.0
.\penalty 10000
.\glue(\spaceskip) 5.24995
.\penalty 10000
.\glue(\spaceskip) 5.24995
.etc.

[13] [14] [15]
Overfull \hbox (59.66562pt too wide) detected at line 664
[][]\doc/m/n/11 (a)  = - []  [] {((1)/ (a[]sqrt([])))  [][- ((1)/ (2))(((x[]- 1
)/ (a[])))[]]},

\hbox(27.47058+22.5484)x356.9969, glue set - 1.0
.\hbox(6.11111+2.22223)x31.49973
..\doc/m/n/11 v
..\doc/m/n/11 a
..\doc/m/n/11 r
..\doc/m/n/11 p
..\doc/m/n/11 h
..etc.
.\hbox(6.11111+0.0)x5.74995, shifted 11.99998
..\doc/m/n/11 M
.\doc/m/n/11 (
.\doc/m/n/11 a
.\doc/m/n/11 )
.etc.

[16] [17]
Chapter 3.
[18

] [19

] (d501ldoc.aux) ) 
Here is how much of TeX's memory you used:
 781 strings out of 11620
 7204 string characters out of 73736
 48237 words of memory out of 262141
 2976 multiletter control sequences out of 17000
 16347 words of font info for 59 fonts, out of 120000 for 255
 52 hyphenation exceptions out of 607
 18i,12n,21p,197b,242s stack positions out of 300i,40n,60p,3000b,5000s

Output written on d501ldoc.dvi (24 pages, 34948 bytes).
