This is TeX, C Version 3.141 (format=lplain 92.10.8)  8 APR 1993 19:01
**d501l
(d501l.tex
LaTeX Version 2.09 <25 March 1992>
(/user/goossens/cnasall/cernman.sty
Style-Option: `cernman' v3.05  <93/03/04> (M.G.)
(/usr/local/lib/tex/macros/report.sty
Standard Document Style `report' <14 Jan 92>.
(/usr/local/lib/tex/macros/rep11.sty)
\descriptionmargin=\dimen99
\c@part=\count79
\c@chapter=\count80
\c@section=\count81
\c@subsection=\count82
\c@subsubsection=\count83
\c@paragraph=\count84
\c@subparagraph=\count85
\c@figure=\count86
\c@table=\count87
 (/usr/local/lib/tex/macros/titlepag.sty
Document Style Option `titlepage' -- Released 16 June 1991.
)) (/usr/local/lib/tex/macros/array.sty
Style-Option: `array' v2.1b  <92/07/06> (F.M.)
English documentation dated  <92/07/18> (F.M.)
\col@sep=\dimen100
\extrarowheight=\dimen101
\NC@list=\toks14
) (/usr/local/lib/tex/macros/subfigure.sty
\c@subfigure=\count88
\@subfigtemp=\count89
)
(/usr/local/lib/tex/macros/subeqnarray.sty
Documentstyle option `subeqnarray' V1.1; Released 22 December 1988
\c@subequation=\count90
) (/usr/local/lib/tex/macros/subeqn.sty
\@stequation=\toks15
)
\c@cOL=\count91
\Length=\dimen102

(/usr/local/lib/tex/macros/verbatim.sty
Style-Option: `verbatim' v1.4d <91/04/24> (RmS)
English Documentation          <91/04/24> (RmS)
\every@verbatim=\toks16
\verbatim@line=\toks17
)) (/usr/local/lib/tex/macros/epsfig.sty
Document style option `epsfig', v1.8 <26 Sep 92> (edited by SPQR)
\ps@dimcent=\dimen103
(/usr/local/lib/tex/macros/epsf.tex
\epsffilein=\read1
\epsfxsize=\dimen104
\epsfysize=\dimen105
\epsftsize=\dimen106
\epsfrsize=\dimen107
\epsftmp=\dimen108
\pspoints=\dimen109
)
\p@intvaluex=\dimen110
\p@intvaluey=\dimen111
)
*** Defining fonts for PostScript Times family at scale 1
Default roman typeface now times
\mathtt@group=\mathgroup5
\mathbf@group=\mathgroup6
(d501l.aux)
</usr/local/lib/tex/ps/cern15.eps>
[0

] [1] (d501l.toc)
\tf@toc=\write3
 [1] [2]
Chapter 1.

Underfull \hbox (badness 10000) in paragraph at lines 171--174


\hbox(0.0+0.0)x422.39412
.\glue(\rightskip) 0.0


Underfull \hbox (badness 10000) in paragraph at lines 179--186


\hbox(0.0+0.0)x422.39412
.\glue(\rightskip) 0.0

[1


]
Chapter 2.
[2

] [3] [4]
Underfull \hbox (badness 10000) in paragraph at lines 457--465


\hbox(0.0+0.0)x455.24408
.\glue(\rightskip) 0.0

[5]
Underfull \hbox (badness 10000) in paragraph at lines 503--507


\hbox(0.0+0.0)x422.39412
.\glue(\rightskip) 0.0

Warning: Font/shape `cmtt/bx/n ' undefined on input line 509.
Warning: Using `cmtt/m/n' instead on input line 509.
[6] [7]
Underfull \hbox (badness 10000) in paragraph at lines 594--600


\hbox(0.0+0.0)x422.39412
.\glue(\rightskip) 0.0

[8] [9] [10]
Chapter 3.
[11

] [12

] (d501l.aux) ) 
Here is how much of TeX's memory you used:
 780 strings out of 11620
 8599 string characters out of 73736
 51547 words of memory out of 262141
 2976 multiletter control sequences out of 17000
 28072 words of font info for 89 fonts, out of 120000 for 255
 52 hyphenation exceptions out of 607
 18i,13n,21p,293b,246s stack positions out of 300i,40n,60p,3000b,5000s

Output written on d501l.dvi (16 pages, 42164 bytes).
