This is TeX, Version 3.14159 (Web2C 7.2) (format=latex 1998.10.16)  23 APR 1999 10:02
**minmain
(minmain.tex
LaTeX2e <1998/06/01>
Babel <v3.6j> and hyphenation patterns for english, french, german, dumylang, n
ohyphenation, loaded.
(cernman.cls
Document Class: cernman 1994/01/10
(/usr/local/share/texmf.latest/tex/latex/base/report.cls
Document Class: report 1998/05/05 v1.3y Standard LaTeX document class
(/usr/local/share/texmf.latest/tex/latex/base/size11.clo
File: size11.clo 1998/05/05 v1.3y Standard LaTeX file (size option)
)
\c@part=\count79
\c@chapter=\count80
\c@section=\count81
\c@subsection=\count82
\c@subsubsection=\count83
\c@paragraph=\count84
\c@subparagraph=\count85
\c@figure=\count86
\c@table=\count87
\abovecaptionskip=\skip41
\belowcaptionskip=\skip42
\bibindent=\dimen102
)
(/usr/local/share/texmf/tex/latex/psnfss/pifont.sty
Package: pifont 1998/01/07 PSNFSS v.7 Pi font support : S Rahtz
LaTeX Font Info:    Try loading font information for U+pzd on input line 59.

(/usr/local/share/texmf/tex/latex/psnfss/upzd.fd
File: upzd.fd 1997/09/30 font definitions for U/pzd.
)
LaTeX Font Info:    Try loading font information for U+psy on input line 60.

(/usr/local/share/texmf/tex/latex/psnfss/upsy.fd
File: upsy.fd 1997/09/30 font definitions for U/psy.
))
(/usr/local/share/texmf.latest/tex/latex/graphics/color.sty
Package: color 1998/05/27 v1.0g Standard LaTeX Color (DPC)

(/usr/local/share/texmf/tex/latex/texlive/color.cfg)
Package color Info: Driver file: dvips.def on input line 130.

(/usr/local/share/texmf.latest/tex/latex/graphics/dvips.def
File: dvips.def 1998/05/03 v3.0f Driver-dependant file (DPC,SPQR)
)
(/usr/local/share/texmf.latest/tex/latex/graphics/dvipsnam.def
File: dvipsnam.def 1998/05/03 v3.0f Driver-dependant file (DPC,SPQR)
))
(/usr/local/share/texmf.latest/tex/latex/tools/array.sty
Package: array 1998/05/13 v2.3l Tabular extension package (FMi)
\col@sep=\dimen103
\extrarowheight=\dimen104
\NC@list=\toks14
\extratabsurround=\skip43
\backup@length=\skip44
)
(/usr/local/share/texmf.latest/tex/latex/tools/tabularx.sty
Package: tabularx 1998/05/13 v2.06 `tabularx' package (DPC)
\TX@col@width=\dimen105
\TX@old@table=\dimen106
\TX@old@col=\dimen107
\TX@target=\dimen108
\TX@delta=\dimen109
\TX@cols=\count88
\TX@ftn=\toks15
)
(/usr/local/share/texmf.latest/tex/latex/tools/verbatim.sty
Package: verbatim 1997/04/30 v1.5k LaTeX2e package for verbatim enhancements
\every@verbatim=\toks16
\verbatim@line=\toks17
\verbatim@in@stream=\read1
)
(/usr/local/share/texmf.latest/tex/latex/graphics/graphicx.sty
Package: graphicx 1997/06/09 v1.0d Enhanced LaTeX Graphics (DPC,SPQR)

(/usr/local/share/texmf.latest/tex/latex/graphics/keyval.sty
Package: keyval 1998/06/05 v1.11 key=value parser (DPC)
\KV@toks@=\toks18
)
(/usr/local/share/texmf.latest/tex/latex/graphics/graphics.sty
Package: graphics 1998/05/27 v1.0h Standard LaTeX Graphics (DPC,SPQR)

(/usr/local/share/texmf.latest/tex/latex/graphics/trig.sty
Package: trig 1994/10/16 v1.08 sin cos tan (DPC)
)
(/usr/local/share/texmf/tex/latex/texlive/graphics.cfg)
Package graphics Info: Driver file: dvips.def on input line 85.
)
\Gin@req@height=\dimen110
\Gin@req@width=\dimen111
)
(/usr/local/share/texmf.latest/tex/latex/graphics/epsfig.sty
Package: epsfig 1996/10/04 v1.7 (e)psfig emulation (SPQR)
\epsfxsize=\dimen112
\epsfysize=\dimen113
)
(/usr/local/share/texmf.latest/tex/latex/tools/varioref.sty
Package: varioref 1998/05/10 v1.1g package for extended references (FMi)
\c@vrcnt=\count89
)
(/usr/local/share/texmf.latest/tex/latex/tools/multicol.sty
Package: multicol 1998/01/19 v1.5q multicolumn formatting (FMi)
\c@tracingmulticols=\count90
\mult@box=\box26
\multicol@leftmargin=\dimen114
\c@unbalance=\count91
\c@collectmore=\count92
\doublecol@number=\count93
\multicoltolerance=\count94
\multicolpretolerance=\count95
\full@width=\dimen115
\page@free=\dimen116
\premulticols=\dimen117
\postmulticols=\dimen118
\multicolsep=\skip45
\multicolbaselineskip=\skip46
\partial@page=\box27
\last@line=\box28
\mult@rightbox=\box29
\mult@grightbox=\box30
\mult@gfirstbox=\box31
\mult@firstbox=\box32
\@tempa=\box33
\@tempa=\box34
\@tempa=\box35
\@tempa=\box36
\@tempa=\box37
\@tempa=\box38
\@tempa=\box39
\@tempa=\box40
\@tempa=\box41
\@tempa=\box42
\@tempa=\box43
\@tempa=\box44
\@tempa=\box45
\@tempa=\box46
\@tempa=\box47
\@tempa=\box48
\@tempa=\box49
\c@columnbadness=\count96
\c@finalcolumnbadness=\count97
\last@try=\dimen119
\multicolovershoot=\dimen120
\multicolundershoot=\dimen121
\mult@nat@firstbox=\box50
)
(/usr/local/share/texmf.latest/tex/latex/base/alltt.sty
Package: alltt 1997/06/16 v2.0g defines alltt environment
)
(/usr/local/share/texmf/tex/latex/misc/here.sty)
(/usr/local/share/texmf.latest/tex/latex/tools/xspace.sty
Package: xspace 1997/10/13 v1.06 Space after command names (DPC)
)
(/usr/local/share/texmf.latest/tex/latex/tools/calc.sty
Package: calc 1998/07/07 v4.1b Infix arithmetic (KKT,FJ)
\calc@Acount=\count98
\calc@Bcount=\count99
\calc@Adimen=\dimen122
\calc@Bdimen=\dimen123
\calc@Askip=\skip47
\calc@Bskip=\skip48
LaTeX Info: Redefining \setlength on input line 51.
LaTeX Info: Redefining \addtolength on input line 52.
\calc@denominator=\count100
)
(/usr/local/share/texmf.latest/tex/latex/base/ifthen.sty
Package: ifthen 1997/11/02 v1.0n Standard LaTeX ifthen package (DPC)
)
(/usr/local/share/texmf.latest/tex/latex/base/makeidx.sty
Package: makeidx 1995/04/19 v1.0j Standard LaTeX package
)
\@DL@itemwidth=\dimen124
\c@cOL=\count101
\mylen=\skip49
\mybox=\box51
\@PAWout=\write3
)
(/usr/local/share/texmf/tex/latex/latex2html/html.sty
Package: html 1998/06/21 v1.31 hypertext commands for latex2html (nd, hws, rrm)

\c@lpart=\count102
\c@lchapter=\count103
\c@lsection=\count104
\c@lsubsection=\count105
\c@lsubsubsection=\count106
\c@lparagraph=\count107
\c@lsubparagraph=\count108
\c@lsubsubparagraph=\count109
\ptrfile=\write4
)
\@indexfile=\write5
\openout5 = `minmain.idx'.


Writing index file minmain.idx
(minmain.aux (minfront.aux) (minch1.aux) (minch2.aux) (minch3.aux) (minch4.aux)
(minch5.aux) (minch6.aux) (minerror.aux) (minbibl.aux))
\openout1 = `minmain.aux'.

LaTeX Font Info:    Checking defaults for OML/cmm/m/it on input line 36.
LaTeX Font Info:    ... okay on input line 36.
LaTeX Font Info:    Checking defaults for T1/cmr/m/n on input line 36.
LaTeX Font Info:    ... okay on input line 36.
LaTeX Font Info:    Checking defaults for OT1/cmr/m/n on input line 36.
LaTeX Font Info:    ... okay on input line 36.
LaTeX Font Info:    Checking defaults for OMS/cmsy/m/n on input line 36.
LaTeX Font Info:    ... okay on input line 36.
LaTeX Font Info:    Checking defaults for OMX/cmex/m/n on input line 36.
LaTeX Font Info:    ... okay on input line 36.
LaTeX Font Info:    Checking defaults for U/cmr/m/n on input line 36.
LaTeX Font Info:    ... okay on input line 36.
LaTeX Font Info:    Try loading font information for OT1+ptm on input line 36.

(/usr/local/share/texmf/tex/latex/psnfss/ot1ptm.fd
File: ot1ptm.fd 1997/09/30 Fontinst v1.6 font definitions for OT1/ptm.
)
\openout2 = `minfront.aux'.

 (minfront.tex
File: cern15.eps Graphic file (type eps)
 <cern15.eps>
LaTeX Font Info:    Font shape `OT1/ptm/bx/n' in size <14.4> not available
(Font)              Font shape `OT1/ptm/b/n' tried instead on input line 26.
File: cnastit.eps Graphic file (type eps)

<cnastit.eps> [1

\openout3 = `minmain.KUIP'.


]
LaTeX Font Info:    Font shape `OT1/ptm/bx/n' in size <10.95> not available
(Font)              Font shape `OT1/ptm/b/n' tried instead on input line 109.
LaTeX Font Info:    Try loading font information for OMS+ptm on input line 109.

 (/usr/local/share/texmf/tex/latex/psnfss/omsptm.fd
File: omsptm.fd 
)
LaTeX Font Info:    Font shape `OMS/ptm/m/n' in size <10.95> not available
(Font)              Font shape `OMS/cmsy/m/n' tried instead on input line 109.
LaTeX Font Info:    External font `cmex10' loaded for size
(Font)              <10.95> on input line 109.
LaTeX Font Info:    External font `cmex10' loaded for size
(Font)              <8> on input line 109.
LaTeX Font Info:    External font `cmex10' loaded for size
(Font)              <6> on input line 109.

Underfull \hbox (badness 10000) in paragraph at lines 109--125

 []

[2]
LaTeX Font Info:    Font shape `OT1/ptm/bx/n' in size <12> not available
(Font)              Font shape `OT1/ptm/b/n' tried instead on input line 155.
LaTeX Font Info:    External font `cmex10' loaded for size
(Font)              <9> on input line 203.
LaTeX Font Info:    External font `cmex10' loaded for size
(Font)              <5> on input line 203.
 [1

] (minmain.toc [2])
\tf@toc=\write6
\openout6 = `minmain.toc'.

 (minmain.lof)
\tf@lof=\write7
\openout7 = `minmain.lof'.

 (minmain.lot)
\tf@lot=\write8
\openout8 = `minmain.lot'.

) [3] [4]
\openout2 = `minch1.aux'.

 (minch1.tex
Chapter 1.
[1



] [2] [3] [4]) [5] [6]
\openout2 = `minch2.aux'.

 (minch2.tex
Chapter 2.
[7



]) [8]
\openout2 = `minch3.aux'.

 (minch3.tex
Chapter 3.
LaTeX Font Info:    Font shape `OT1/ptm/bx/n' in size <10> not available
(Font)              Font shape `OT1/ptm/b/n' tried instead on input line 20.
LaTeX Font Info:    Font shape `OT1/cmtt/bx/n' in size <10> not available
(Font)              Font shape `OT1/cmtt/m/n' tried instead on input line 37.
[9



] [10]
LaTeX Font Info:    Font shape `OT1/cmtt/bx/n' in size <10.95> not available
(Font)              Font shape `OT1/cmtt/m/n' tried instead on input line 166.
 [11] [12] [13] [14] [15] [16] [17]) [18]
\openout2 = `minch4.aux'.

 (minch4.tex
Chapter 4.
[19



] [20] [21] [22] [23] [24]) [25]
\openout2 = `minch5.aux'.

 (minch5.tex
Chapter 5.
[26



] [27] [28] [29] [30]) [31]
\openout2 = `minch6.aux'.

 (minch6.tex
Chapter 6.
[32



]
Underfull \vbox (badness 10000) has occurred while \output is active []

 [33]
[34] [35]) [36]
\openout2 = `minerror.aux'.

 (minerror.tex
Chapter 7.
[37



] [38]
Overfull \hbox (3.81725pt too wide) in paragraph at lines 228--233
\OT1/ptm/m/n/10.95 The min-i-miz-ing tech-nique cur-rently im-ple-mented in []\
OT1/cmtt/m/n/10.95 MIGRAD \OT1/ptm/m/n/10.95 is a sta-ble vari-a-tion (the ``sw
itch-ing'' method)
 []

[39] [40] [41]
File: minoserr.eps Graphic file (type eps)
 <minoserr.eps>
File: minosco1.eps Graphic file (type eps)
 <minosco1.eps> [42]
File: minosco2.eps Graphic file (type eps)
 <minosco2.eps>
File: minosco3.eps Graphic file (type eps)

<minosco3.eps>) [43] [44]
\openout2 = `minbibl.aux'.

 (minbibl.tex [45



]) [46] (minmain.ind [47


] [48

])
(minmain.aux (minfront.aux) (minch1.aux) (minch2.aux) (minch3.aux) (minch4.aux)
(minch5.aux) (minch6.aux) (minerror.aux) (minbibl.aux)) ) 
Here is how much of TeX's memory you used:
 1885 strings out of 10917
 21352 string characters out of 72079
 79054 words of memory out of 263001
 4759 multiletter control sequences out of 10000+0
 16260 words of font info for 46 fonts, out of 200000 for 1000
 14 hyphenation exceptions out of 1000
 32i,11n,26p,274b,404s stack positions out of 300i,100n,500p,30000b,4000s

Output written on minmain.dvi (54 pages, 209740 bytes).
