This is TeX, Version 3.14159 (Web2C 7.3.1) (format=hugelatex 2000.2.9)  12 APR 2000 15:17
**b
(./b.tex
LaTeX2e <1999/12/01> patch level 1
Babel <v3.6Z> and hyphenation patterns for english, french, german, ngerman, uk
english, dumylang, nohyphenation, loaded.

(/afs/.cern.ch/asis/packages/TeXlive/update-2000.02/share/usr.local/share/texmf
-updates/tex/xmltex/base/xmltex.tex
xmltex version: 2000/04/11 v1.8 (davidc)
\XML@attribute@toks=\toks14
\XML@ns@count=\count79
\XML@catalogue=\toks15
\XMLgrabtoks=\toks16

Encoding = utf-8
(/afs/.cern.ch/asis/packages/TeXlive/update-2000.02/share/usr.local/share/texmf
-updates/tex/xmltex/base/xmltex.cfg

URI: 3 = http://www.w3.org/1998/Math/MathML

URI: 4 = http://www.dcarlisle.demon.co.uk/sec

URI: 5 = http://www.w3.org/1999/XSL/Format) (./b.cfg) (./b.xml

Encoding = iso-8859-1
(/afs/.cern.ch/asis/packages/TeXlive/update-2000.02/share/usr.local/share/texmf
-updates/tex/xmltex/base/iso-8859-1.xmt) 
Document Element: article 
Internal Subset[ 
 &nbsp; =  
 &#x00A0; 
] 
 <0:article (./b.xmt)  > (/mnt/texlive/texmf/tex/latex/base/article.cls
Document Class: article 1999/09/10 v1.4a Standard LaTeX document class
(/mnt/texlive/texmf/tex/latex/base/size10.clo
File: size10.clo 1999/09/10 v1.4a Standard LaTeX file (size option)
)
\c@part=\count80
\c@section=\count81
\c@subsection=\count82
\c@subsubsection=\count83
\c@paragraph=\count84
\c@subparagraph=\count85
\c@figure=\count86
\c@table=\count87
\abovecaptionskip=\skip41
\belowcaptionskip=\skip42
\bibindent=\dimen102
) (./b.aux)
\openout1 = `b.aux'.

LaTeX Font Info:    Checking defaults for OML/cmm/m/it on input line 6.
LaTeX Font Info:    ... okay on input line 6.
LaTeX Font Info:    Checking defaults for T1/cmr/m/n on input line 6.
LaTeX Font Info:    ... okay on input line 6.
LaTeX Font Info:    Checking defaults for OT1/cmr/m/n on input line 6.
LaTeX Font Info:    ... okay on input line 6.
LaTeX Font Info:    Checking defaults for OMS/cmsy/m/n on input line 6.
LaTeX Font Info:    ... okay on input line 6.
LaTeX Font Info:    Checking defaults for OMX/cmex/m/n on input line 6.
LaTeX Font Info:    ... okay on input line 6.
LaTeX Font Info:    Checking defaults for U/cmr/m/n on input line 6.
LaTeX Font Info:    ... okay on input line 6.
 
 </0:article> [1

] (./b.aux) ) ) ) 
Here is how much of TeX's memory you used:
 763 strings out of 50867
 6869 string characters out of 445889
 53435 words of memory out of 1100001
 3740 multiletter control sequences out of 10000+15000
 3640 words of font info for 14 fonts, out of 400000 for 1000
 14 hyphenation exceptions out of 1000
 28i,4n,21p,185b,162s stack positions out of 1500i,500n,1500p,200000b,5000s

Output written on b.dvi (1 page, 224 bytes).
