This is TeX, Version 3.1415 (C version 6.1) (format=latex 95.1.5)  3 AUG 1995 09:16
**&latex images.tex
(images.tex
LaTeX2e <1994/12/01>

(/afs/.cern.ch/project/cnas_doc/sources/cnasall/cernman.cls
Document Class: cernman 1994/01/10
(/usr/local/lib/texmf/tex/latex/base/report.cls
Document Class: report 1994/12/09 v1.2x Standard LaTeX document class
(/usr/local/lib/texmf/tex/latex/base/size11.clo
File: size11.clo 1994/12/09 v1.2x Standard LaTeX file (size option)
)
\c@part=\count82
\c@chapter=\count83
\c@section=\count84
\c@subsection=\count85
\c@subsubsection=\count86
\c@paragraph=\count87
\c@subparagraph=\count88
\c@figure=\count89
\c@table=\count90
\abovecaptionskip=\skip41
\belowcaptionskip=\skip42
LaTeX Info: Redefining \cal on input line 515.
LaTeX Info: Redefining \mit on input line 516.
\bibindent=\dimen102
) (/usr/local/lib/texmf/tex/latex/psnfss/pifont.sty
Package: pifont 94/11/11 4.2 Pi font PSNFSS2e package
LaTeX Font Info:    Try loading font information for U+pzd on input line 57.
(/usr/local/lib/texmf/tex/psfonts/Upzd.fd)
LaTeX Font Info:    Try loading font information for U+psy on input line 58.
(/usr/local/lib/texmf/tex/psfonts/Upsy.fd)) (/usr/local/lib/texmf/tex/latex/gra
phics/color.sty
Package: color 1994/11/22 v0.3h Standard LaTeX Color (DPC)
(/usr/local/lib/texmf/tex/latex/graphics/color.cfg)
Package color Info: Driver file: dvips.def on input line 131.
(/usr/local/lib/texmf/tex/latex/graphics/dvips.def
File: dvips.def 1994/12/12 v2.6 Driver-dependant file (DPC,SPQR)
) (/usr/local/lib/texmf/tex/latex/graphics/dvipsnam.def
File: dvipsnam.def 1994/12/12 v2.6 Driver-dependant file (DPC,SPQR)
)) (/usr/local/lib/texmf/tex/latex/tools/array.sty
Package: array 1994/12/08 v2.3b Tabular extension package (FMi)
\col@sep=\dimen103
\extrarowheight=\dimen104
\NC@list=\toks14
\extratabsurround=\skip43
\backup@length=\skip44
) (/usr/local/lib/texmf/tex/latex/tools/tabularx.sty
Package: tabularx 1994/05/22 v2.01 `tabularx' package (DPC)
\TX@col@width=\dimen105
\TX@old@table=\dimen106
\TX@old@col=\dimen107
\TX@target=\dimen108
\TX@delta=\dimen109
\TX@cols=\count91
\TX@ftn=\toks15
) (/usr/local/lib/texmf/tex/latex/tools/verbatim.sty
Package: verbatim 1994/10/25 v1.5f LaTeX2e package for verbatim enhancements
\every@verbatim=\toks16
\verbatim@line=\toks17
\verbatim@in@stream=\read1
) (/usr/local/lib/texmf/tex/latex/graphics/graphicx.sty
Package: graphicx 1994/11/29 v0.5a Enhanced LaTeX Graphics (DPC,SPQR)
(/usr/local/lib/texmf/tex/latex/graphics/keyval.sty
Package: keyval 1994/09/12 v1.08 key=value parser (DPC)
) (/usr/local/lib/texmf/tex/latex/graphics/graphics.sty
Package: graphics 1994/12/15 v0.6c Standard LaTeX Graphics (DPC,SPQR)
(/usr/local/lib/texmf/tex/latex/graphics/trig.sty
Package: trig 1994/10/16 v1.08 sin cos tan (DPC)
) (/usr/local/lib/texmf/tex/latex/graphics/graphics.cfg)
Package graphics Info: Driver file: dvips.def on input line 88.
)
\Gin@req@height=\dimen110
\Gin@req@width=\dimen111
) (/usr/local/lib/texmf/tex/latex/graphics/epsfig.sty
Package: epsfig 1994/06/07 1.3 (SPQR)
\epsfxsize=\dimen112
\epsfysize=\dimen113
) (/usr/local/lib/texmf/tex/latex/tools/varioref.sty
Package: varioref 1994/09/27 v1.0o package for extended references (FMi)
\c@vrcnt=\count92
) (/usr/local/lib/texmf/tex/latex/tools/multicol.sty
Package: multicol 1994/10/02 v1.5i multicolum formatting
\c@tracingmulticols=\count93
\mult@box=\box26
\multicol@leftmargin=\dimen114
\c@unbalance=\count94
\c@collectmore=\count95
\doublecol@number=\count96
\multicoltolerance=\count97
\multicolpretolerance=\count98
\full@width=\dimen115
\page@free=\dimen116
\premulticols=\dimen117
\postmulticols=\dimen118
\multicolsep=\skip45
\multicolbaselineskip=\skip46
\partial@page=\box27
\last@line=\box28
\mult@rightbox=\box29
\mult@grightbox=\box30
\mult@gfirstbox=\box31
\mult@firstbox=\box32
\@tempa=\box33
\@tempa=\box34
\@tempa=\box35
\@tempa=\box36
\@tempa=\box37
\@tempa=\box38
\@tempa=\box39
\@tempa=\box40
\@tempa=\box41
\@tempa=\box42
\@tempa=\box43
\@tempa=\box44
\@tempa=\box45
\@tempa=\box46
\@tempa=\box47
\@tempa=\box48
\@tempa=\box49
\c@columnbadness=\count99
\c@finalcolumnbadness=\count100
\last@try=\dimen119
\multicolovershoot=\dimen120
\multicolundershoot=\dimen121
\mult@nat@firstbox=\box50
) (/usr/local/lib/texmf/tex/latex/misc/here.sty) (/usr/local/lib/texmf/tex/late
x/tools/xspace.sty
Package: xspace 1994/11/15 v1.03 Space after command names (DPC)
) (/usr/local/lib/texmf/tex/latex/misc/calc.sty
Package: calc 95/02/09 v4.0b (TEST)
Package: `calc' v4.0b (TEST) <95/02/09> (KKT and FJ)
\calc@Acount=\count101
\calc@Bcount=\count102
\calc@Adimen=\dimen122
\calc@Bdimen=\dimen123
\calc@Askip=\skip47
\calc@Bskip=\skip48
LaTeX Info: Redefining \setlength on input line 45.
LaTeX Info: Redefining \addtolength on input line 46.
\calc@denominator=\count103
) (/usr/local/lib/texmf/tex/latex/base/ifthen.sty
Package: ifthen 1994/11/15 v1.0j Standard LaTeX ifthen package (DPC)
) (/usr/local/lib/texmf/tex/latex/base/makeidx.sty
Package: makeidx 1994/11/11 v1.0i Standard LaTeX package
)
\@DL@itemwidth=\dimen124
\c@cOL=\count104
\mylen=\skip49
\mybox=\box51
\@PAWout=\write3
)
\@indexfile=\write4
Writing index file images.idx
\lthtmlwrite=\write5
\sizebox=\box52
(images.aux (/afs/.cern.ch/project/cnas_doc/sources/ffread/fffront.aux) (/afs/.
cern.ch/project/cnas_doc/sources/ffread/ffuser.aux))
LaTeX Font Info:    Checking defaults for OML/cmm/m/it on input line 26.
LaTeX Font Info:    ... okay on input line 26.
LaTeX Font Info:    Checking defaults for T1/cmr/m/n on input line 26.
LaTeX Font Info:    ... okay on input line 26.
LaTeX Font Info:    Checking defaults for OT1/cmr/m/n on input line 26.
LaTeX Font Info:    ... okay on input line 26.
LaTeX Font Info:    Checking defaults for OMS/cmsy/m/n on input line 26.
LaTeX Font Info:    ... okay on input line 26.
LaTeX Font Info:    Checking defaults for OMX/cmex/m/n on input line 26.
LaTeX Font Info:    ... okay on input line 26.
LaTeX Font Info:    Checking defaults for U/cmr/m/n on input line 26.
LaTeX Font Info:    ... okay on input line 26.
LaTeX Font Info:    Try loading font information for OT1+ptm on input line 26.
(/usr/local/lib/texmf/tex/psfonts/OT1ptm.fd)
LaTeX Font Info:    Font shape `OT1/ptm/bx/n' in size <10.95> not available
(Font)              Font shape `OT1/ptm/b/n' tried instead on input line 72.
LaTeX Font Info:    Try loading font information for OMS+ptm on input line 72.
No file OMSptm.fd.

LaTeX Font Warning: Font shape `OMS/ptm/m/n ' undefined
(Font)              using `OMS/cmsy/m/n' instead on input line 72.

LaTeX Font Info:    External font `cmex10' loaded for size
(Font)              <10.95> on input line 72.
LaTeX Font Info:    External font `cmex10' loaded for size
(Font)              <8> on input line 72.
LaTeX Font Info:    External font `cmex10' loaded for size
(Font)              <6> on input line 72.

Underfull \hbox (badness 10000) in paragraph at lines 72--74

 []

[1


] [1

] [1

] (images.aux)

LaTeX Font Warning: Some font shapes were not available, defaults substituted.

 ) 
Here is how much of TeX's memory you used:
 1505 strings out of 10955
 16250 string characters out of 73510
 65005 words of memory out of 262141
 4263 multiletter control sequences out of 9500
 8971 words of font info for 31 fonts, out of 100000 for 255
 14 hyphenation exceptions out of 607
 32i,8n,23p,243b,312s stack positions out of 300i,40n,60p,3000b,4000s

Output written on images.dvi (3 pages, 2576 bytes).
