This is TeX, C Version 3.141 (format=lplain 92.10.8)  21 OCT 1992 15:58
**gksmain
(gksmain.tex
LaTeX Version 2.09 <25 March 1992>
(/user/goossens/cnasall/cernman.sty
Style-Option: `cernman' v3.04  <92/10/16> (M.G.)
(/usr/local/lib/tex/macros/report.sty
Standard Document Style `report' <14 Jan 92>.
(/usr/local/lib/tex/macros/rep11.sty)
\descriptionmargin=\dimen99
\c@part=\count79
\c@chapter=\count80
\c@section=\count81
\c@subsection=\count82
\c@subsubsection=\count83
\c@paragraph=\count84
\c@subparagraph=\count85
\c@figure=\count86
\c@table=\count87
 (/usr/local/lib/tex/macros/titlepag.sty
Document Style Option `titlepage' -- Released 16 June 1991.
)) (/usr/local/lib/tex/macros/array.sty
Style-Option: `array' v2.1b  <92/07/06> (F.M.)
English documentation dated  <92/07/18> (F.M.)
\col@sep=\dimen100
\extrarowheight=\dimen101
\NC@list=\toks14
) (/usr/local/lib/tex/macros/subfigure.sty
\c@subfigure=\count88
\@subfigtemp=\count89
)
(/usr/local/lib/tex/macros/subeqnarray.sty
Documentstyle option `subeqnarray' V1.1; Released 22 December 1988
\c@subequation=\count90
) (/usr/local/lib/tex/macros/subeqn.sty
\@stequation=\toks15
)
\c@cOL=\count91
\Length=\dimen102

(/usr/local/lib/tex/macros/verbatim.sty
Style-Option: `verbatim' v1.4d <91/04/24> (RmS)
English Documentation          <91/04/24> (RmS)
\every@verbatim=\toks16
\verbatim@line=\toks17
)) (/usr/local/lib/tex/macros/longtable.sty
Style-Option: `longtable' v3.03  <92/06/25> (D.P.C.)
English documentation dated  <92/06/25> (D.P.C.)
\LTleft=\skip41
\LTright=\skip42
\LTpre=\skip43
\LTpost=\skip44
\LTchunksize=\count92
\LTcapwidth=\dimen103
\LT@head=\box25
\LT@firsthead=\box26
\LT@foot=\box27
\LT@lastfoot=\box28
\LT@cols=\count93
\LT@rows=\count94
\LT@tables=\count95
\LT@p@ftn=\toks18
)
(/usr/local/lib/tex/macros/epsfig.sty
Document style option `epsfig', v1.8 <26 Sep 92> (edited by SPQR)
\ps@dimcent=\dimen104
(/usr/local/lib/tex/macros/epsf.tex
\epsffilein=\read1
\epsfxsize=\dimen105
\epsfysize=\dimen106
\epsftsize=\dimen107
\epsfrsize=\dimen108
\epsftmp=\dimen109
\pspoints=\dimen110
)
\p@intvaluex=\dimen111
\p@intvaluey=\dimen112
) (/usr/local/lib/tex/macros/changebar.sty
Document style option `changebar', v3.0-test <6 Nov 91>
\cb@nextpoint=\count96
\cb@currentpoint=\count97
\cb@page=\count98
\cb@pagecount=\count99
\cb@odd=\dimen113
\cb@even=\dimen114
\changebarwidth=\skip45
\deletebarwidth=\skip46
\changebarsep=\skip47
\c@changebargrey=\count100
\cb@write=\write3
\cb@read=\read2
)
\@indexfile=\write4
Writing index file gksmain.idx 
*** Defining fonts for PostScript Times family at scale 1
Default roman typeface now times
(gksmain.aux (gksfront.aux) (gksch1.aux
LaTeX Warning: Label `sec:intro' multiply defined on input line 13.
LaTeX Warning: Label `sec:metint' multiply defined on input line 17.
LaTeX Warning: Label `sec:gkspr' multiply defined on input line 34.
LaTeX Warning: Label `sec:defsta' multiply defined on input line 41.
LaTeX Warning: Label `sec:dprim' multiply defined on input line 45.
LaTeX Warning: Label `sec:attrbs' multiply defined on input line 53.
LaTeX Warning: Label `sec:attlst' multiply defined on input line 58.
LaTeX Warning: Label `sec:nortrn' multiply defined on input line 76.
LaTeX Warning: Label `sec:wstntfm' multiply defined on input line 78.
LaTeX Warning: Label `sec:nrmclp' multiply defined on input line 80.
LaTeX Warning: Label `sec:seghdr' multiply defined on input line 82.
LaTeX Warning: Label `sec:segnam' multiply defined on input line 86.
LaTeX Warning: Label `sec:segasi' multiply defined on input line 88.
LaTeX Warning: Label `sec:grsgwk' multiply defined on input line 98.
LaTeX Warning: Label `sec:inphdr' multiply defined on input line 101.
LaTeX Warning: Label `sec:hcopy' multiply defined on input line 138.
LaTeX Warning: Label `sec:mhcpref' multiply defined on input line 140.
LaTeX Warning: Label `sec:sgmlgra' multiply defined on input line 144.
LaTeX Warning: Label `sec:gcnref' multiply defined on input line 156.
LaTeX Warning: Label `sec:epsref' multiply defined on input line 158.
LaTeX Warning: Label `sec:refhint' multiply defined on input line 188.
LaTeX Warning: Label `sec:refintw' multiply defined on input line 192.
LaTeX Warning: Label `sec:gkspref' multiply defined on input line 194.
LaTeX Warning: Label `sec:gtschap' multiply defined on input line 203.
LaTeX Warning: Label `sec:conref' multiply defined on input line 205.
LaTeX Warning: Label `sec:impref1' multiply defined on input line 207.
LaTeX Warning: Label `fig:fonts' multiply defined on input line 210.
LaTeX Warning: Label `sec:vstnref' multiply defined on input line 218.
LaTeX Warning: Label `sec:unixlib' multiply defined on input line 220.
LaTeX Warning: Label `sec:decgks' multiply defined on input line 226.
) (gksap1.aux
LaTeX Warning: Label `sec:exmpref' multiply defined on input line 5.
LaTeX Warning: Label `sec:expfa' multiply defined on input line 6.
LaTeX Warning: Label `sec:iinput' multiply defined on input line 13.
LaTeX Warning: Label `sec:ex3dv' multiply defined on input line 15.
LaTeX Warning: Label `sec:metitm' multiply defined on input line 42.
LaTeX Warning: Label `sec:hdenum' multiply defined on input line 48.
LaTeX Warning: Label `sec:gtstyp' multiply defined on input line 52.
LaTeX Warning: Label `sec:wdtref' multiply defined on input line 56.
LaTeX Warning: Label `sec:instref' multiply defined on input line 75.
LaTeX Warning: Label `sec:unixdis' multiply defined on input line 79.
LaTeX Warning: Label `sec:unixdna' multiply defined on input line 81.
LaTeX Warning: Label `sec:objcode' multiply defined on input line 88.
LaTeX Warning: Label `sec:apodis' multiply defined on input line 92.
LaTeX Warning: Label `sec:gtsdist' multiply defined on input line 97.
)) (gksfront.tex
</usr/local/lib/tex/ps/cern15.eps>
[0


] [1] [1] (gksmain.toc [2] [3] [4] [5])
\tf@toc=\write5
 [6] (gksmain.lof)
\tf@lof=\write6
 (gksmain.lot)
\tf@lot=\write7
)
[7] [8


] (gksch1.tex
Chapter 1.
[1


] [2] [3] [4] [5]
Chapter 2.
[6

] [7] [8] [9] [10] [11] [12] [13] [14] [15] [16] [17] [18] [19] [20] [21]
[22]
LaTeX Warning: Reference `grsgwk' on page 23 undefined on input line 1733.
[23] [24] [25]
Overfull \hbox (1.15913pt too wide) in paragraph at lines 1951--1953
[] []\times/m/n/11 One of the val-ues 'GHIGHR' or 'GLOWER' de-fined in the In-c
lude File, ENUM.INC,

\hbox(7.36934+1.52751)x363.26505, glue set - 1.0
.\hbox(0.0+0.0)x0.0
.\glue 0.0
.\hbox(6.69167+0.0)x0.0
..\glue 0.0
..\glue -45.98952
..\glue 0.0
..\hbox(6.69167+0.0)x45.98952, glue set 11.49739fil
...\cmtt/m/n/11 R
...\cmtt/m/n/11 E
...\cmtt/m/n/11 L
...\cmtt/m/n/11 P
...\cmtt/m/n/11 R
...etc.
..\glue 0.0
.\penalty 0
.\times/m/n/11 O
.etc.


Overfull \hbox (1.60005pt too wide) in paragraph at lines 2004--2017
\times/m/n/11 Logical in-put de-vices can be op-er-ated in three modes: \times/
m/it/11 Re-quest\times/m/n/11 , \times/m/it/11 Sam-ple\times/m/n/11 , and \time
s/m/it/11 Event \times/m/n/11 ('GREQU', 'GSAMPL',

\hbox(7.40219+2.3871)x455.24408, glue set - 1.0
.\times/m/n/11 L
.\times/m/n/11 o
.\kern0.0
.\times/m/n/11 g
.\kern0.0
.etc.

[26] [27] [28] [29]
Chapter 3.
[30

] [31] [32] [33]
Chapter 4.
[34

] [35] [36]
Chapter 5.
Warning: Font/shape `cmtt/bx/n ' undefined on input line 2559.
Warning: Using `cmtt/m/n' instead on input line 2559.
LaTeX Warning: Citation `bib-sgmlref' on page 37 undefined on input line 2589.
LaTeX Warning: Citation `bib-sgmlref' on page 37 undefined on input line 2599.
[37

] [38] [39] [40]
Chapter 6.
LaTeX Warning: Reference `sec:vsn2upd' on page 41 undefined on input line 2833.

[41

] [42] [43] [44] [45] [46] [47] [48] [49] [50]
Chapter 7.
[51

] [52] [53] [54]
Underfull \vbox (badness 10000) has occurred while \output is active
\vbox(630.0+0.0)x455.24408
.\glue(\topskip) 3.63066
.\hbox(7.36934+2.3871)x427.86902, glue set - 0.56567, shifted 27.37506
..\times/m/n/11 t
..\times/m/n/11 h
..\times/m/n/11 e
..\glue 2.73749 plus 2.18999 minus 1.095
..\times/m/n/11 t
..etc.
.\glue(\baselineskip) 3.84357
.\hbox(7.36934+2.3871)x427.86902, glue set - 0.21336, shifted 27.37506
..\times/m/n/11 a
..\times/m/n/11 r
..\kern0.0
..\times/m/n/11 e
..\times/m/n/11 a
..etc.
.\glue(\baselineskip) 3.84357
.etc.

 [55]
LaTeX Warning: Reference `sgmlgra' on page 56 undefined on input line 3912.

Underfull \vbox (badness 10000) has occurred while \output is active
\vbox(630.0+0.0)x455.24408, glue set 13.28194
.\glue(\topskip) 2.852
.\hbox(8.148+0.19199)x427.86902, glue set 403.88101fil, shifted 27.37506
..\hbox(0.0+0.0)x0.0
...\glue 0.0
..\times/bx/n/12 N
..\times/bx/n/12 o
..\times/bx/n/12 t
..\times/bx/n/12 e
..etc.
.\penalty 10000
.\glue 7.39124 plus 0.98547
.\glue(\parskip) 0.0
.etc.

 [56]
Underfull \vbox (badness 10000) has occurred while \output is active
\vbox(630.0+0.0)x455.24408
.\glue(\topskip) 3.56496
.\hbox(7.43504+2.24474)x427.86902, glue set 390.14635fil, shifted 27.37506
..\hbox(0.0+0.0)x0.0
..\times/bx/n/11 O
..\times/bx/n/11 u
..\times/bx/n/11 t
..\times/bx/n/11 p
..etc.
.\penalty -51
.\glue 2.71996
.\glue(\parskip) 0.0
.etc.

 [57]
[58]
Underfull \vbox (badness 10000) has occurred while \output is active
\vbox(630.0+0.0)x455.24408
.\glue(\topskip) 3.30763
.\hbox(7.69237+1.9491)x427.86902, glue set 292.84471fil, shifted 27.37506
..\hbox(0.0+0.0)x0.0
..\glue 0.0
..\hbox(7.43504+0.17519)x0.0
...\glue 0.0
...\glue -21.90005
...\glue 0.0
...\hbox(7.43504+0.17519)x21.90005, glue set 4.95007fill []
...\glue 0.0
..\penalty 0
..\times/bx/n/11 C
..etc.
.\glue(\parskip) 0.0
.\glue(\baselineskip) 4.28157
.\hbox(7.36934+2.3871)x427.86902, glue set 81.00659fil, shifted 27.37506
..\hbox(0.0+0.0)x0.0
..\times/m/n/11 E
..\times/m/n/11 m
..\kern0.0
..\times/m/n/11 u
..etc.
.etc.

 [59]
Overfull \hbox (11.06041pt too wide) in paragraph at lines 4207--4211
\cmtt/m/n/11 GKS_IMPLEMENTATION \times/m/n/11 is not cor-rectly de-fined; or (U
NIX) the en-vi-ron-ment vari-able \cmtt/m/n/11 GKS_IMPLEM

\hbox(7.36934+2.3871)x409.25456, glue set - 1.0
.\cmtt/m/n/11 G
.\cmtt/m/n/11 K
.\cmtt/m/n/11 S
.\cmtt/m/n/11 _
.\cmtt/m/n/11 I
.etc.

[60] [61]
Chapter 8.
[62

] [63] [64] [65] [66] [67] [68] [69]
Overfull \hbox (33.42944pt too wide) in paragraph at lines 4904--4907
[]\times/m/n/11 For use of the GPR in-ter-face, the user's home di-rec-tory sho
uld con-tain a file (or link) called \cmtt/m/n/11 gks_characteristic

\hbox(7.36934+2.43333)x455.24408, glue set - 1.0
.\hbox(0.0+0.0)x0.0
.\times/m/n/11 F
.\kern-0.16426
.\times/m/n/11 o
.\times/m/n/11 r
.etc.

[70] [71] [72] [73]
Underfull \vbox (badness 10000) has occurred while \output is active
\vbox(630.0+0.0)x455.24408
.\glue(\topskip) 3.63066
.\hbox(7.36934+0.0876)x427.86902, glue set 338.82385fil, shifted 27.37506
..\hbox(0.0+0.0)x0.0
..\glue 0.0
..\hbox(2.77582+0.0)x0.0
...\glue 0.0
...\glue -21.90005
...\glue 0.0
...\hbox(2.77582+0.0)x21.90005, glue set 10.42506fill []
...\glue 0.0
..\penalty 0
..\times/m/n/11 F
..etc.
.\glue(\parskip) 0.0
.\glue(\baselineskip) 6.14307
.\hbox(7.36934+2.3871)x427.86902, glue set - 0.16104, shifted 27.37506
..\hbox(0.0+0.0)x0.0
..\times/m/n/11 N
..\times/m/n/11 e
..\times/m/n/11 i
..\times/m/n/11 t
..etc.
.etc.

 [74])
[75] (gksap1.tex
Appendix A.
[76



] [77] [78] [79] [80]
Underfull \vbox (badness 10000) has occurred while \output is active
\vbox(630.0+0.0)x455.24408
.\glue(\topskip) 4.75
.\hbox(6.25+2.0)x455.24408, glue set 190.64716fil
..\hbox(0.0+0.0)x0.0
..\penalty 10000
..\glue 4.72495
..\penalty 10000
..\glue 4.72495
..etc.
.\glue(\parskip) 0.0
.\glue(\baselineskip) 2.75
.\hbox(6.25+2.0)x455.24408, glue set 171.74738fil
..\hbox(0.0+0.0)x0.0
..\penalty 10000
..\glue 4.72495
..\penalty 10000
..\glue 4.72495
..etc.
.etc.

 [81]
[82]
Underfull \vbox (badness 10000) has occurred while \output is active
\vbox(630.0+0.0)x455.24408
.\glue(\topskip) 4.75
.\hbox(6.25+1.25)x455.24408, glue set 143.3977fil
..\hbox(0.0+0.0)x0.0
..\penalty 10000
..\glue 4.72495
..\penalty 10000
..\glue 4.72495
..etc.
.\glue(\parskip) 0.0
.\glue(\baselineskip) 4.25002
.\hbox(5.49998+0.0)x455.24408, glue set 337.12045fil
..\hbox(0.0+0.0)x0.0
..\penalty 10000
..\glue 4.72495
..\penalty 10000
..\glue 4.72495
..etc.
.etc.

 [83]
Underfull \vbox (badness 10000) has occurred while \output is active
\vbox(630.0+0.0)x455.24408
.\glue(\topskip) 4.75
.\hbox(6.25+2.0)x455.24408, glue set 332.39551fil
..\hbox(0.0+0.0)x0.0
..\penalty 10000
..\glue 4.72495
..\penalty 10000
..\glue 4.72495
..etc.
.\glue(\parskip) 0.0
.\glue(\baselineskip) 2.75
.\hbox(6.25+2.0)x455.24408, glue set 346.57034fil
..\hbox(0.0+0.0)x0.0
..\penalty 10000
..\glue 4.72495
..\penalty 10000
..\glue 4.72495
..etc.
.etc.

 [84]
[85]
Appendix B.
[86

] [87] [88] [89] [90] [91]
Appendix C.
[92

] [93] [94] [95] [96]
Appendix D.
[97

]
Underfull \vbox (badness 10000) has occurred while \output is active
\vbox(630.0+0.0)x455.24408
.\glue(\topskip) 5.50002
.\hbox(5.49998+0.0)x455.24408, glue set 450.51913fil
..\hbox(0.0+0.0)x0.0
..\cmtt/m/n/9 C
..\hbox(0.0+0.0)x0.0
..\penalty 10000
..\glue(\parfillskip) 0.0 plus 1.0fil
..etc.
.\glue(\parskip) 0.0
.\glue(\baselineskip) 5.50002
.\hbox(5.49998+1.25)x455.24408, glue set 313.49573fil
..\hbox(0.0+0.0)x0.0
..\cmtt/m/n/9 C
..\penalty 10000
..\glue 4.72495
..\cmtt/m/n/9 e
..etc.
.etc.

 [98]
Underfull \vbox (badness 10000) has occurred while \output is active
\vbox(630.0+0.0)x455.24408
.\glue(\topskip) 5.50002
.\hbox(5.49998+1.25)x455.24408, glue set 294.59595fil
..\hbox(0.0+0.0)x0.0
..\penalty 10000
..\glue 4.72495
..\penalty 10000
..\glue 4.72495
..etc.
.\glue(\parskip) 0.0
.\glue(\baselineskip) 3.5
.\hbox(6.25+1.25)x455.24408, glue set 280.42111fil
..\hbox(0.0+0.0)x0.0
..\penalty 10000
..\glue 4.72495
..\penalty 10000
..\glue 4.72495
..etc.
.etc.

 [99]
[100]
Appendix E.
[101

]
Underfull \vbox (badness 10000) has occurred while \output is active
\vbox(630.0+0.0)x455.24408
.\glue(\topskip) 5.50002
.\hbox(5.49998+1.25)x455.24408, glue set 204.82199fil
..\hbox(0.0+0.0)x0.0
..\cmtt/m/n/9 C
..\penalty 10000
..\glue 4.72495
..\penalty 10000
..etc.
.\glue(\parskip) 0.0
.\glue(\baselineskip) 4.25002
.\hbox(5.49998+0.0)x455.24408, glue set 346.57034fil
..\hbox(0.0+0.0)x0.0
..\penalty 10000
..\glue 4.72495
..\penalty 10000
..\glue 4.72495
..etc.
.etc.

 [102]
Underfull \vbox (badness 10000) has occurred while \output is active
\vbox(630.0+0.0)x455.24408
.\glue(\topskip) 5.50002
.\hbox(5.49998+0.0)x455.24408, glue set 318.22067fil
..\hbox(0.0+0.0)x0.0
..\cmtt/m/n/9 C
..\penalty 10000
..\glue 4.72495
..\penalty 10000
..etc.
.\glue(\parskip) 0.0
.\glue(\baselineskip) 5.50002
.\hbox(5.49998+0.0)x455.24408, glue set 450.51913fil
..\hbox(0.0+0.0)x0.0
..\cmtt/m/n/9 C
..\hbox(0.0+0.0)x0.0
..\penalty 10000
..\glue(\parfillskip) 0.0 plus 1.0fil
..etc.
.etc.

 [103]
Underfull \vbox (badness 10000) has occurred while \output is active
\vbox(630.0+0.0)x455.24408
.\glue(\topskip) 4.75
.\hbox(6.25+0.74998)x455.24408, glue set 318.22067fil
..\hbox(0.0+0.0)x0.0
..\penalty 10000
..\glue 4.72495
..\penalty 10000
..\glue 4.72495
..etc.
.\glue(\parskip) 0.0
.\glue(\baselineskip) 4.75003
.\hbox(5.49998+0.0)x455.24408, glue set 450.51913fil
..\hbox(0.0+0.0)x0.0
..\cmtt/m/n/9 C
..\hbox(0.0+0.0)x0.0
..\penalty 10000
..\glue(\parfillskip) 0.0 plus 1.0fil
..etc.
.etc.

 [104]
Underfull \vbox (badness 10000) has occurred while \output is active
\vbox(630.0+0.0)x455.24408
.\glue(\topskip) 5.50002
.\hbox(5.49998+0.0)x455.24408, glue set 450.51913fil
..\hbox(0.0+0.0)x0.0
..\cmtt/m/n/9 C
..\hbox(0.0+0.0)x0.0
..\penalty 10000
..\glue(\parfillskip) 0.0 plus 1.0fil
..etc.
.\glue(\parskip) 0.0
.\glue(\baselineskip) 5.50002
.\hbox(5.49998+0.0)x455.24408, glue set 327.67056fil
..\hbox(0.0+0.0)x0.0
..\cmtt/m/n/9 C
..\penalty 10000
..\glue 4.72495
..\penalty 10000
..etc.
.etc.

 [105]
Underfull \vbox (badness 10000) has occurred while \output is active
\vbox(630.0+0.0)x455.24408
.\glue(\topskip) 4.75
.\hbox(6.25+2.0)x455.24408, glue set 228.44672fil
..\hbox(0.0+0.0)x0.0
..\cmtt/m/n/9 C
..\penalty 10000
..\glue 4.72495
..\penalty 10000
..etc.
.\glue(\parskip) 0.0
.\glue(\baselineskip) 3.50002
.\hbox(5.49998+0.0)x455.24408, glue set 450.51913fil
..\hbox(0.0+0.0)x0.0
..\cmtt/m/n/9 C
..\hbox(0.0+0.0)x0.0
..\penalty 10000
..\glue(\parfillskip) 0.0 plus 1.0fil
..etc.
.etc.

 [106]
Underfull \vbox (badness 10000) has occurred while \output is active
\vbox(630.0+0.0)x455.24408
.\glue(\topskip) 5.50002
.\hbox(5.49998+0.0)x455.24408, glue set 346.57034fil
..\hbox(0.0+0.0)x0.0
..\penalty 10000
..\glue 4.72495
..\penalty 10000
..\glue 4.72495
..etc.
.\glue(\parskip) 0.0
.\glue(\baselineskip) 4.75
.\hbox(6.25+0.74998)x455.24408, glue set 313.49573fil
..\hbox(0.0+0.0)x0.0
..\penalty 10000
..\glue 4.72495
..\penalty 10000
..\glue 4.72495
..etc.
.etc.

 [107]
[108]
Appendix F.
[109

]
Underfull \vbox (badness 10000) has occurred while \output is active
\vbox(630.0+0.0)x455.24408
.\glue(\topskip) 4.30833
.\hbox(6.69167+0.0876)x409.25456, glue set 328.92598fil, shifted 45.98952
..\hbox(0.0+0.0)x0.0
..\glue 0.0
..\hbox(6.69167+0.0)x51.73817
...\glue 0.0
...\glue -45.98952
...\glue 0.0
...\hbox(6.69167+0.0)x97.72769 []
...\glue 0.0
..\penalty 0
..\times/m/n/11 m
..etc.
.\penalty -51
.\glue 1.0
.\glue(\parskip) 0.0
.etc.

 [110]
[111]
Underfull \vbox (badness 10000) has occurred while \output is active
\vbox(630.0+0.0)x455.24408
.\glue(\topskip) 3.63066
.\hbox(7.36934+2.3871)x409.25456, glue set 0.14247, shifted 45.98952
..\times/m/n/11 m
..\times/m/n/11 a
..\kern0.0
..\times/m/n/11 y
..\glue 2.73749 plus 2.18999 minus 1.095
..etc.
.\glue(\baselineskip) 3.84357
.\hbox(7.36934+2.3871)x409.25456, glue set - 0.15231, shifted 45.98952
..\times/m/n/11 a
..\times/m/n/11 r
..\kern0.0
..\times/m/n/11 e
..\glue 2.73749 plus 2.18999 minus 1.095
..etc.
.\glue(\baselineskip) 3.84357
.etc.

 [112]
[113] [114] [115] [116] [117] [118] [119]
Underfull \vbox (badness 10000) has occurred while \output is active
\vbox(630.0+0.0)x455.24408
.\glue(\topskip) 3.63066
.\hbox(7.36934+0.13687)x409.25456, glue set 295.81274fil, shifted 45.98952
..\hbox(0.0+0.0)x0.0
..\glue 0.0
..\hbox(5.80956+0.0)x0.0
...\glue 0.0
...\glue -45.98952
...\glue 0.0
...\hbox(5.80956+0.0)x45.98952, glue set 40.24083fil []
...\glue 0.0
..\penalty 0
..\times/m/n/11 2
..etc.
.\penalty -51
.\glue 1.0
.\glue(\parskip) 0.0
.etc.

 [120]
[121]
Underfull \vbox (badness 10000) has occurred while \output is active
\vbox(630.0+0.0)x455.24408
.\glue(\topskip) 3.34048
.\hbox(7.65952+2.43333)x409.25456, glue set 283.33084fil, shifted 45.98952
..\hbox(0.0+0.0)x0.0
..\glue 0.0
..\hbox(6.69167+2.43333)x114.97374
...\glue 0.0
...\glue -45.98952
...\glue 0.0
...\hbox(6.69167+2.43333)x160.96326 []
...\glue 0.0
..\penalty 0
..\times/m/n/11 1
..etc.
.\penalty -51
.\glue 1.0
.\glue(\parskip) 0.0
.etc.

 [122]
[123] [124] [125] [126] [127] [128]
Appendix G.
[129

] [130] [131]
Underfull \vbox (badness 2401) has occurred while \output is active
\vbox(630.0+0.0)x455.24408, glue set 2.88725
.\glue(\topskip) 3.63066
.\hbox(7.36934+2.3871)x409.25456, glue set 283.95387fil, shifted 45.98952
..\hbox(0.0+0.0)x0.0
..\glue 0.0
..\hbox(6.69167+0.0)x0.0
...\glue 0.0
...\glue -45.98952
...\glue 0.0
...\hbox(6.69167+0.0)x45.98952, glue set 22.99477fil []
...\glue 0.0
..\penalty 0
..\times/m/n/11 G
..etc.
.\penalty -51
.\glue 1.0
.\glue(\parskip) 0.0
.etc.

 [132]
Overfull \hbox (8.63919pt too wide) in paragraph at lines 3128--3131
[] []\times/m/n/11 If nec-es-sary (eg un-der Ul-trix, SEL-Gould, or per-haps ot
her BSD sys-tems) edit the files \cmtt/m/n/11 c_gks*create

\hbox(7.43504+2.43333)x427.86902, glue set - 1.0
.\hbox(0.0+0.0)x0.0
.\glue 0.0
.\hbox(7.43504+0.17519)x0.0
..\glue 0.0
..\glue -21.90005
..\glue 0.0
..\hbox(7.43504+0.17519)x21.90005, glue set 10.42506fill
...\glue 0.0 plus 1.0fil
...\glue 0.0 plus 1.0fill
...\times/bx/n/11 3
...\glue 6.0
..\glue 0.0
.\penalty 0
.\times/m/n/11 I
.etc.


Overfull \hbox (17.4716pt too wide) in paragraph at lines 3131--3137
\times/m/n/11 (They are de-liv-ered us-ing VMS for-mat.) This may be done with 
the script \cmtt/m/n/11 $gkstools/c_fix_include

\hbox(7.60416+2.43333)x427.86902, glue set - 1.0
.\times/m/n/11 (
.\times/m/n/11 T
.\kern0.0
.\times/m/n/11 h
.\times/m/n/11 e
.etc.

[133] [134] [135]
Appendix H.
[136

] [137]) [138] (gksmain.bbl (/usr/local/lib/tex/macros/bibnames.sty)
Underfull \hbox (badness 2111) in paragraph at lines 49--53
[] []\times/m/n/11 Nicole Cremel.  \times/m/it/11 GRVIEW, GR-CONV, and GR-PLOT;
 Metafile Util-i-ties User's Guide,

\hbox(7.40219+2.25021)x431.5264, glue set 2.76567
.\hbox(0.0+0.0)x0.0
.\glue 0.0
.\hbox(7.36934+1.69177)x0.0
..\glue 0.0
..\glue -18.24268
..\glue -5.475
..\hbox(7.36934+1.69177)x18.24268, glue set 5.47499fil
...\glue 0.0 plus 1.0fil
...\times/m/n/11 [
...\times/m/n/11 9
...\times/m/n/11 ]
..\glue 5.475
.\penalty 0
.\times/m/n/11 N
.etc.


Underfull \hbox (badness 2376) in paragraph at lines 60--63
[] []\times/m/n/11 GTS-GRAL Gmbh, Darm-stadt, Ger-many.  \times/m/it/11 GTS-GRA
L-3D Ref-er-ence Man-ual For-tran

\hbox(7.40219+2.3871)x431.5264, glue set 2.87653
.\hbox(0.0+0.0)x0.0
.\glue 0.0
.\hbox(7.36934+1.69177)x0.0
..\glue 0.0
..\glue -18.24268
..\glue -5.475
..\hbox(7.36934+1.69177)x18.24268
...\glue 0.0 plus 1.0fil
...\times/m/n/11 [
...\times/m/n/11 1
...\times/m/n/11 1
...\times/m/n/11 ]
..\glue 5.475
.\penalty 0
.\times/m/n/11 G
.etc.

) [139


] Index (gksmain.ind [140

] [141] [142] [143] [144] [145

]) (gksmain.aux
(gksfront.aux) (gksch1.aux) (gksap1.aux))
LaTeX Warning: Label(s) may have changed. Rerun to get cross-references right.
 ) 
Here is how much of TeX's memory you used:
 1100 strings out of 11620
 11690 string characters out of 73736
 56426 words of memory out of 262141
 3200 multiletter control sequences out of 17000
 25137 words of font info for 80 fonts, out of 120000 for 255
 58 hyphenation exceptions out of 607
 20i,11n,23p,295b,335s stack positions out of 300i,40n,60p,3000b,5000s

Output written on gksmain.dvi (155 pages, 486716 bytes).
