This is TeX, Version 3.14159 (Web2C 7.2beta3) (format=latex 1998.2.10)  29 JUN 1998 12:23
**higzmain
(higzmain.tex
LaTeX2e <1997/12/01> patch level 1
Babel <v3.6h> and hyphenation patterns for usenglish, french, dumylang, nohyphe
nation, loaded.
(/afs/cern.ch/user/g/goossens/tex/tex/latex/cern/cernman.cls
Document Class: cernman 1994/01/10
(/afs/cern.ch/project/tex/TL3/share/texmf/tex/latex/base/report.cls
Document Class: report 1997/10/10 v1.3x Standard LaTeX document class
(/afs/cern.ch/project/tex/TL3/share/texmf/tex/latex/base/size11.clo
File: size11.clo 1997/10/10 v1.3x Standard LaTeX file (size option)
)
\c@part=\count79
\c@chapter=\count80
\c@section=\count81
\c@subsection=\count82
\c@subsubsection=\count83
\c@paragraph=\count84
\c@subparagraph=\count85
\c@figure=\count86
\c@table=\count87
\abovecaptionskip=\skip41
\belowcaptionskip=\skip42
\bibindent=\dimen102
)
(/afs/cern.ch/project/tex/TL3/share/texmf/tex/latex/psnfss/pifont.sty
Package: pifont 1998/01/07 PSNFSS v.7 Pi font support : S Rahtz
LaTeX Font Info:    Try loading font information for U+pzd on input line 58.

(/afs/cern.ch/project/tex/TL3/share/texmf/tex/latex/psnfss/upzd.fd
File: upzd.fd 1997/09/30 font definitions for U/pzd.
)
LaTeX Font Info:    Try loading font information for U+psy on input line 59.

(/afs/cern.ch/project/tex/TL3/share/texmf/tex/latex/psnfss/upsy.fd
File: upsy.fd 1997/09/30 font definitions for U/psy.
))
(/afs/cern.ch/project/tex/TL3/share/texmf/tex/latex/graphics/color.sty
Package: color 1997/09/09 v1.0f Standard LaTeX Color (DPC)

(/afs/cern.ch/project/tex/TL3/share/texmf/tex/latex/texlive/color.cfg)
Package color Info: Driver file: dvips.def on input line 129.

(/afs/cern.ch/project/tex/TL3/share/texmf/tex/latex/graphics/dvips.def
File: dvips.def 1997/09/09 v3.0e Driver-dependant file (DPC,SPQR)
)
(/afs/cern.ch/project/tex/TL3/share/texmf/tex/latex/graphics/dvipsnam.def
File: dvipsnam.def 1997/09/09 v3.0e Driver-dependant file (DPC,SPQR)
))
(/afs/cern.ch/project/tex/TL3/share/texmf/tex/latex/tools/array.sty
Package: array 1997/12/19 v2.3i Tabular extension package (FMi)
\col@sep=\dimen103
\extrarowheight=\dimen104
\NC@list=\toks14
\extratabsurround=\skip43
\backup@length=\skip44
)
(/afs/cern.ch/project/tex/TL3/share/texmf/tex/latex/tools/tabularx.sty
Package: tabularx 1997/09/18 v2.05 + fix for tools/2792 `tabularx' package (DPC
)
\TX@col@width=\dimen105
\TX@old@table=\dimen106
\TX@old@col=\dimen107
\TX@target=\dimen108
\TX@delta=\dimen109
\TX@cols=\count88
\TX@ftn=\toks15
)
(/afs/cern.ch/project/tex/TL3/share/texmf/tex/latex/tools/verbatim.sty
Package: verbatim 1997/04/30 v1.5k LaTeX2e package for verbatim enhancements
\every@verbatim=\toks16
\verbatim@line=\toks17
\verbatim@in@stream=\read1
)
(/afs/cern.ch/project/tex/TL3/share/texmf/tex/latex/graphics/graphicx.sty
Package: graphicx 1997/06/09 v1.0d Enhanced LaTeX Graphics (DPC,SPQR)

(/afs/cern.ch/project/tex/TL3/share/texmf/tex/latex/graphics/keyval.sty
Package: keyval 1997/11/10 v1.10 key=value parser (DPC)
\KV@toks@=\toks18
)
(/afs/cern.ch/project/tex/TL3/share/texmf/tex/latex/graphics/graphics.sty
Package: graphics 1997/09/09 v1.0f Standard LaTeX Graphics (DPC,SPQR)

(/afs/cern.ch/project/tex/TL3/share/texmf/tex/latex/graphics/trig.sty
Package: trig 1994/10/16 v1.08 sin cos tan (DPC)
)
(/afs/cern.ch/project/tex/TL3/share/texmf/tex/latex/texlive/graphics.cfg)
Package graphics Info: Driver file: dvips.def on input line 84.
)
\Gin@req@height=\dimen110
\Gin@req@width=\dimen111
)
(/afs/cern.ch/project/tex/TL3/share/texmf/tex/latex/graphics/epsfig.sty
Package: epsfig 1996/10/04 v1.7 (e)psfig emulation (SPQR)
\epsfxsize=\dimen112
\epsfysize=\dimen113
)
(/afs/cern.ch/project/tex/TL3/share/texmf/tex/latex/tools/varioref.sty
Package: varioref 1997/12/06 v1.1d package for extended references (FMi)
\c@vrcnt=\count89
)
(/afs/cern.ch/project/tex/TL3/share/texmf/tex/latex/tools/multicol.sty
Package: multicol 1997/12/16 v1.5p multicolumn formatting (FMi)
\c@tracingmulticols=\count90
\mult@box=\box26
\multicol@leftmargin=\dimen114
\c@unbalance=\count91
\c@collectmore=\count92
\doublecol@number=\count93
\multicoltolerance=\count94
\multicolpretolerance=\count95
\full@width=\dimen115
\page@free=\dimen116
\premulticols=\dimen117
\postmulticols=\dimen118
\multicolsep=\skip45
\multicolbaselineskip=\skip46
\partial@page=\box27
\last@line=\box28
\mult@rightbox=\box29
\mult@grightbox=\box30
\mult@gfirstbox=\box31
\mult@firstbox=\box32
\@tempa=\box33
\@tempa=\box34
\@tempa=\box35
\@tempa=\box36
\@tempa=\box37
\@tempa=\box38
\@tempa=\box39
\@tempa=\box40
\@tempa=\box41
\@tempa=\box42
\@tempa=\box43
\@tempa=\box44
\@tempa=\box45
\@tempa=\box46
\@tempa=\box47
\@tempa=\box48
\@tempa=\box49
\c@columnbadness=\count96
\c@finalcolumnbadness=\count97
\last@try=\dimen119
\multicolovershoot=\dimen120
\multicolundershoot=\dimen121
\mult@nat@firstbox=\box50
)
(/afs/cern.ch/project/tex/TL3/share/texmf/tex/latex/misc/here.sty)
(/afs/cern.ch/project/tex/TL3/share/texmf/tex/latex/tools/xspace.sty
Package: xspace 1997/10/13 v1.06 Space after command names (DPC)
)
(/afs/cern.ch/project/tex/TL3/share/texmf/tex/latex/tools/calc.sty
Package: calc 1997/11/11 v4.0e Infix arithmetic (KKT,FJ)
\calc@Acount=\count98
\calc@Bcount=\count99
\calc@Adimen=\dimen122
\calc@Bdimen=\dimen123
\calc@Askip=\skip47
\calc@Bskip=\skip48
LaTeX Info: Redefining \setlength on input line 52.
LaTeX Info: Redefining \addtolength on input line 53.
\calc@denominator=\count100
)
(/afs/cern.ch/project/tex/TL3/share/texmf/tex/latex/base/ifthen.sty
Package: ifthen 1997/11/02 v1.0n Standard LaTeX ifthen package (DPC)
)
(/afs/cern.ch/project/tex/TL3/share/texmf/tex/latex/base/makeidx.sty
Package: makeidx 1995/04/19 v1.0j Standard LaTeX package
)
\@DL@itemwidth=\dimen124
\c@cOL=\count101
\mylen=\skip49
\mybox=\box51
\@PAWout=\write3
)
(/afs/cern.ch/project/tex/TL3/share/texmf/tex/latex/tools/longtable.sty
Package: longtable 1997/10/16 v4.07 Multi-page Table package (DPC)
\LTleft=\skip50
\LTright=\skip51
\LTpre=\skip52
\LTpost=\skip53
\LTchunksize=\count102
\LTcapwidth=\dimen125
\LT@head=\box52
\LT@firsthead=\box53
\LT@foot=\box54
\LT@lastfoot=\box55
\LT@cols=\count103
\LT@rows=\count104
\c@LT@tables=\count105
\c@LT@chunks=\count106
\LT@p@ftn=\toks19
)
(/afs/.cern.ch/asis/src/TeX/archive/latex2html/texinputs/html.sty
Package: html 1998/06/21 v1.29 hypertext commands for latex2html (nd, hws, rrm)

\c@lpart=\count107
\c@lchapter=\count108
\c@lsection=\count109
\c@lsubsection=\count110
\c@lsubsubsection=\count111
\c@lparagraph=\count112
\c@lsubparagraph=\count113
\c@lsubsubparagraph=\count114
\ptrfile=\write4
)
\@indexfile=\write5
\openout5 = `higzmain.idx'.


Writing index file higzmain.idx
(higzmain.aux (higzkeys.aux) (higzfron.aux) (higzintr.aux) (higzcont.aux)
(higzbasi.aux) (higzprim.aux) (higzinp.aux) (higzreq.aux) (higziz.aux)
(higzpick.aux) (higzrz.aux) (higzmisc.aux) (higzexams.aux) (hplrefer.aux)
(hplexams.aux) (higzx11.aux) (higzaint.aux))
\openout1 = `higzmain.aux'.

LaTeX Font Info:    Checking defaults for OML/cmm/m/it on input line 52.
LaTeX Font Info:    ... okay on input line 52.
LaTeX Font Info:    Checking defaults for T1/cmr/m/n on input line 52.
LaTeX Font Info:    ... okay on input line 52.
LaTeX Font Info:    Checking defaults for OT1/cmr/m/n on input line 52.
LaTeX Font Info:    ... okay on input line 52.
LaTeX Font Info:    Checking defaults for OMS/cmsy/m/n on input line 52.
LaTeX Font Info:    ... okay on input line 52.
LaTeX Font Info:    Checking defaults for OMX/cmex/m/n on input line 52.
LaTeX Font Info:    ... okay on input line 52.
LaTeX Font Info:    Checking defaults for U/cmr/m/n on input line 52.
LaTeX Font Info:    ... okay on input line 52.
LaTeX Font Info:    Try loading font information for OT1+ptm on input line 52.

(/afs/cern.ch/project/tex/TL3/share/texmf/tex/latex/psnfss/ot1ptm.fd
File: ot1ptm.fd 1997/09/30 Fontinst v1.6 font definitions for OT1/ptm.
)
\openout2 = `higzkeys.aux'.


(higzkeys.tex)
\openout2 = `higzfron.aux'.

 (higzfron.tex
File: ../cnasall/cern15.eps Graphic file (type eps)
 <../cnasall/cern15.eps>
LaTeX Font Info:    Font shape `OT1/ptm/bx/n' in size <14.4> not available
(Font)              Font shape `OT1/ptm/b/n' tried instead on input line 26.
File: ../cnasall/cnastit.eps Graphic file (type eps)
 <../cnasall/cnastit.eps>
File: ../cnasall/cnastit.eps Graphic file (type eps)

<../cnasall/cnastit.eps> [1

\openout3 = `higzmain.KUIP'.




]
LaTeX Font Info:    Font shape `OT1/ptm/bx/n' in size <10.95> not available
(Font)              Font shape `OT1/ptm/b/n' tried instead on input line 103.
LaTeX Font Info:    Try loading font information for OMS+ptm on input line 103.


(/afs/cern.ch/project/tex/TL3/share/texmf/tex/latex/psnfss/omsptm.fd
File: omsptm.fd 
)
LaTeX Font Info:    Font shape `OMS/ptm/m/n' in size <10.95> not available
(Font)              Font shape `OMS/cmsy/m/n' tried instead on input line 103.
LaTeX Font Info:    External font `cmex10' loaded for size
(Font)              <10.95> on input line 103.
LaTeX Font Info:    External font `cmex10' loaded for size
(Font)              <8> on input line 103.
LaTeX Font Info:    External font `cmex10' loaded for size
(Font)              <6> on input line 103.
 [2]
LaTeX Font Info:    Font shape `OT1/ptm/bx/n' in size <12> not available
(Font)              Font shape `OT1/ptm/b/n' tried instead on input line 133.
LaTeX Font Info:    Font shape `OT1/ptm/bx/n' in size <10> not available
(Font)              Font shape `OT1/ptm/b/n' tried instead on input line 155.

[1] (higzmain.toc [2] [3] [4] [5])
\tf@toc=\write6
\openout6 = `higzmain.toc'.

 [6] (higzmain.lof [7])
\tf@lof=\write7
\openout7 = `higzmain.lof'.

 (higzmain.lot
[8])
\tf@lot=\write8
\openout8 = `higzmain.lot'.

) [9]
LaTeX Font Info:    Font shape `OT1/ptm/bx/n' in size <20.74> not available
(Font)              Font shape `OT1/ptm/b/n' tried instead on input line 59.
LaTeX Font Info:    Font shape `OT1/ptm/bx/n' in size <24.88> not available
(Font)              Font shape `OT1/ptm/b/n' tried instead on input line 59.
 [1


] [2]
\openout2 = `higzintr.aux'.

 (higzintr.tex
Chapter 1.
[3


]) [4] [5]
\openout2 = `higzcont.aux'.

 (higzcont.tex
Chapter 2.
[6



] [7]
LaTeX Font Info:    Font shape `OT1/ptm/bx/n' in size <9> not available
(Font)              Font shape `OT1/ptm/b/n' tried instead on input line 215.
 [8]
LaTeX Font Info:    Font shape `OT1/cmtt/bx/n' in size <10.95> not available
(Font)              Font shape `OT1/cmtt/m/n' tried instead on input line 246.
LaTeX Font Info:    Font shape `OT1/cmtt/bx/n' in size <9> not available
(Font)              Font shape `OT1/cmtt/m/n' tried instead on input line 246.
) [9]
\openout2 = `higzbasi.aux'.

 (higzbasi.tex
Chapter 3.
[10



] [11] [12] [13]
File: ../epsfiles/higznwt.eps Graphic file (type eps)
 <../epsfiles/higznwt.eps> [14] [15] [16

] [17] [18] [19]
[20] [21] [22]
LaTeX Font Info:    External font `cmex10' loaded for size
(Font)              <12> on input line 702.
LaTeX Font Info:    Font shape `OT1/ptm/bx/n' in size <8> not available
(Font)              Font shape `OT1/ptm/b/n' tried instead on input line 702.
 [23] [24] [25] [26] [27] [28]
File: ../epsfiles/col8.eps Graphic file (type eps)
 <../epsfiles/col8.eps> [29]
[30]
File: ../epsfiles/fais.eps Graphic file (type eps)
 <../epsfiles/fais.eps> [31

]
File: ../epsfiles/fasi.eps Graphic file (type eps)
 <../epsfiles/fasi.eps> [32] [33]
File: ../epsfiles/line.eps Graphic file (type eps)

<../epsfiles/line.eps>
File: ../epsfiles/linew.eps Graphic file (type eps)
 <../epsfiles/linew.eps> [34

] [35]
File: ../epsfiles/marker.eps Graphic file (type eps)

<../epsfiles/marker.eps>
File: ../epsfiles/markersf.eps Graphic file (type eps)
 <../epsfiles/markersf.eps> [36

] [37]
File: ../epsfiles/align.eps Graphic file (type eps)

<../epsfiles/align.eps>
Overfull \hbox (0.45842pt too wide) in paragraph at lines 1323--1323
 [] 
 []

[38

] [39] [40]
File: ../epsfiles/psex1.eps Graphic file (type eps)
 <../epsfiles/psex1.eps>
Overfull \hbox (0.45842pt too wide) in paragraph at lines 1468--1468
 [] 
 []

[41

]
File: ../epsfiles/psex2.eps Graphic file (type eps)
 <../epsfiles/psex2.eps>
Overfull \hbox (0.45842pt too wide) in paragraph at lines 1500--1500
 [] 
 []

[42

]
File: ../epsfiles/psfont.eps Graphic file (type eps)
 <../epsfiles/psfont.eps>
File: ../epsfiles/pstext1.eps Graphic file (type eps)
 <../epsfiles/pstext1.eps>
File: ../epsfiles/pstext2.eps Graphic file (type eps)

<../epsfiles/pstext2.eps> [43] [44] [45] [46


])
\openout2 = `higzprim.aux'.

 (higzprim.tex
Chapter 4.
File: ../epsfiles/box.eps Graphic file (type eps)
<../epsfiles/box.eps> [47




]
File: ../epsfiles/fbox.eps Graphic file (type eps)
 <../epsfiles/fbox.eps>
Underfull \vbox (badness 10000) has occurred while \output is active []

 [48]
[49] [50]
File: ../epsfiles/pave.eps Graphic file (type eps)
 <../epsfiles/pave.eps> [51]
File: ../epsfiles/arc.eps Graphic file (type eps)
 <../epsfiles/arc.eps> [52] [53]
File: ../epsfiles/graph.eps Graphic file (type eps)

<../epsfiles/graph.eps> [54] [55] [56

] [57]
File: ../epsfiles/hist.eps Graphic file (type eps)
 <../epsfiles/hist.eps> [58]
[59] [60

]
File: ../epsfiles/scatter.eps Graphic file (type eps)
 <../epsfiles/scatter.eps> [61] [62

]
File: ../epsfiles/boxes.eps Graphic file (type eps)
 <../epsfiles/boxes.eps> [63]
[64


]
File: ../epsfiles/arrows.eps Graphic file (type eps)
 <../epsfiles/arrows.eps> [65] [66


]
File: ../epsfiles/contour.eps Graphic file (type eps)
 <../epsfiles/contour.eps> [67] [68


]
File: ../epsfiles/contourl.eps Graphic file (type eps)

<../epsfiles/contourl.eps> [69] [70


]
File: ../epsfiles/colour.eps Graphic file (type eps)
 <../epsfiles/colour.eps> [71] [72


]
File: ../epsfiles/tabt.eps Graphic file (type eps)

<../epsfiles/tabt.eps> [73] [74


]
File: ../epsfiles/tabk.eps Graphic file (type eps)
 <../epsfiles/tabk.eps> [75]

LaTeX Warning: Float too large for page by 22.83804pt on input line 986.

[76] [77



] [78]
File: ../epsfiles/lego.eps Graphic file (type eps)
 <../epsfiles/lego.eps>
File: ../epsfiles/lego1.eps Graphic file (type eps)
 <../epsfiles/lego1.eps>

LaTeX Warning: Float too large for page by 6.91367pt on input line 1083.

[79]
File: ../epsfiles/lego2.eps Graphic file (type eps)
 <../epsfiles/lego2.eps>
File: ../epsfiles/surf.eps Graphic file (type eps)
 <../epsfiles/surf.eps>

LaTeX Warning: Float too large for page by 6.91367pt on input line 1098.

[80]
File: ../epsfiles/surf1.eps Graphic file (type eps)
 <../epsfiles/surf1.eps>
File: ../epsfiles/surf2.eps Graphic file (type eps)
 <../epsfiles/surf2.eps>

LaTeX Warning: Float too large for page by 6.91367pt on input line 1113.

[81]
File: ../epsfiles/surf3.eps Graphic file (type eps)
 <../epsfiles/surf3.eps>
File: ../epsfiles/surf4.eps Graphic file (type eps)
 <../epsfiles/surf4.eps>

LaTeX Warning: Float too large for page by 6.91367pt on input line 1128.

[82]
File: ../epsfiles/surfpol.eps Graphic file (type eps)
 <../epsfiles/surfpol.eps>
File: ../epsfiles/surfcyl.eps Graphic file (type eps)
 <../epsfiles/surfcyl.eps>

LaTeX Warning: Float too large for page by 6.91367pt on input line 1143.

[83]
File: ../epsfiles/surfsph.eps Graphic file (type eps)
 <../epsfiles/surfsph.eps>
File: ../epsfiles/surfpsd.eps Graphic file (type eps)
 <../epsfiles/surfpsd.eps>

LaTeX Warning: Float too large for page by 6.91367pt on input line 1158.

[84] [85







]
File: ../epsfiles/stack.eps Graphic file (type eps)
 <../epsfiles/stack.eps> [86] [87

] [88

]
File: ../epsfiles/pie.eps Graphic file (type eps)
 <../epsfiles/pie.eps> [89]
[90

] [91] [92]
File: ../epsfiles/axis.eps Graphic file (type eps)
 <../epsfiles/axis.eps> [93]
File: ../epsfiles/softtext.eps Graphic file (type eps)
 <../epsfiles/softtext.eps> [94]
[95]

LaTeX Warning: Float too large for page by 19.83807pt on input line 1733.

) [96

] [97]
\openout2 = `higzinp.aux'.

 (higzinp.tex
Chapter 5.
[98



] [99]
Underfull \hbox (badness 10000) in paragraph at lines 132--132
[]|\OT1/cmtt/m/n/10.95 (MN,CHTIT,*X1*,*X2*,*Y1*,*Y2*,NBU,CHUSER-,N,-CHITEM,- -C
HDEF,-
 []

[100

] [101] [102]
Underfull \vbox (badness 10000) has occurred while \output is active []

 [103]
Underfull \vbox (badness 10000) has occurred while \output is active []

 [104])
[105]
\openout2 = `higzreq.aux'.

 (higzreq.tex
Chapter 6.
[106



] [107

]) [108]
\openout2 = `higziz.aux'.

 (higziz.tex
Chapter 7.
[109



] [110] [111] [112]
File: ../epsfiles/ged.eps Graphic file (type eps)
 <../epsfiles/ged.eps>) [113

]
\openout2 = `higzpick.aux'.

 (higzpick.tex
Chapter 8.
[114



] [115] [116

]
Underfull \vbox (badness 10000) has occurred while \output is active []

 [117]
File: ../epsfiles/pick.eps Graphic file (type eps)

<../epsfiles/pick.eps>) [118] [119]
\openout2 = `higzrz.aux'.

 (higzrz.tex
Chapter 9.
[120



]) [121]
\openout2 = `higzmisc.aux'.

 (higzmisc.tex
Chapter 10.
[122



] [123] [124]) [125]
\openout2 = `higzexams.aux'.

 (higzexams.tex
Chapter 11.
[126



] [127] [128] [129]
File: ../epsfiles/higz1.eps Graphic file (type eps)
 <../epsfiles/higz1.eps> [130] [131]
File: ../epsfiles/higz2.eps Graphic file (type eps)

<../epsfiles/higz2.eps> [132] [133] [134

]
File: ../epsfiles/higz3.eps Graphic file (type eps)
 <../epsfiles/higz3.eps> [135]
[136]
File: ../epsfiles/higz4.eps Graphic file (type eps)
 <../epsfiles/higz4.eps> [137

] [138] [139

]) [140] [141


] [142]
\openout2 = `hplrefer.aux'.


(hplrefer.tex
Chapter 12.
[143


]
Chapter 13.

Underfull \vbox (badness 10000) has occurred while \output is active []

 [144

]
Overfull \vbox (5.54051pt too high) has occurred while \output is active []


[145] [146] [147] [148] [149] [150]
LaTeX Font Info:    External font `cmex10' loaded for size
(Font)              <9> on input line 477.
LaTeX Font Info:    External font `cmex10' loaded for size
(Font)              <5> on input line 477.
 [151] [152] [153] [154] [155] [156]
Overfull \hbox (20.18636pt too wide) in alignment at lines 752--757
 [] [] [] 
 []


Overfull \hbox (20.18636pt too wide) in alignment at lines 757--762
 [] [] [] 
 []


Overfull \hbox (20.18636pt too wide) in alignment at lines 762--764
 [] [] [] 
 []


Underfull \hbox (badness 10000) in paragraph at lines 765--766
[]|\OT1/cmtt/m/n/10.95 'A0[][]',
 []


Underfull \hbox (badness 10000) in paragraph at lines 769--770
[]|\OT1/ptm/m/n/10.95 '\OT1/cmtt/m/n/10.95 *P[][]\OT1/ptm/m/n/10.95 ','\OT1/cmt
t/m/n/10.95 **P[][]\OT1/ptm/m/n/10.95 ',
 []


Overfull \hbox (20.18636pt too wide) in alignment at lines 764--829
 [] [] [] 
 []


Overfull \hbox (20.18636pt too wide) in alignment at lines 829--850
 [] [] [] 
 []

[157] [158] [159] [160] [161] [162] [163]
Overfull \hbox (10.0382pt too wide) in paragraph at lines 1196--1201
\OT1/ptm/m/n/10.95 along the Y di-rec-tion the num-ber of pri-mary di-vi-sions 
in di-vided by \OT1/cmtt/m/n/10.95 (the_number_of_Y_zones)/2\OT1/ptm/m/n/10.95 
. 
 []

[164]
File: ../epsfiles/ndvx.eps Graphic file (type eps)
 <../epsfiles/ndvx.eps>
File: ../epsfiles/ndvy.eps Graphic file (type eps)
 <../epsfiles/ndvy.eps>
Underfull \vbox (badness 10000) has occurred while \output is active []

 [165]
[166] [167]
File: ../epsfiles/hplset.eps Graphic file (type eps)
 <../epsfiles/hplset.eps>

LaTeX Warning: Float too large for page by 13.28548pt on input line 1313.

File: ../epsfiles/btyp.eps Graphic file (type eps)
<../epsfiles/btyp.eps> [168] [169] [170] [171

] [172] [173]
Underfull \vbox (badness 10000) has occurred while \output is active []

 [174]
File: ../epsfiles/hplotscat.eps Graphic file (type eps)

<../epsfiles/hplotscat.eps>
File: ../epsfiles/hplotbox.eps Graphic file (type eps)
 <../epsfiles/hplotbox.eps>
File: ../epsfiles/hplotarr.eps Graphic file (type eps)

<../epsfiles/hplotarr.eps>
File: ../epsfiles/hplotcont.eps Graphic file (type eps)
 <../epsfiles/hplotcont.eps>
File: ../epsfiles/hplotcol.eps Graphic file (type eps)

<../epsfiles/hplotcol.eps>
File: ../epsfiles/hplottext.eps Graphic file (type eps)
 <../epsfiles/hplottext.eps>
File: ../epsfiles/hplotchar.eps Graphic file (type eps)

<../epsfiles/hplotchar.eps>
File: ../epsfiles/hplotlego.eps Graphic file (type eps)
 <../epsfiles/hplotlego.eps>
File: ../epsfiles/hplotlego1.eps Graphic file (type eps)

<../epsfiles/hplotlego1.eps>
File: ../epsfiles/hplotlego2.eps Graphic file (type eps)
 <../epsfiles/hplotlego2.eps>
File: ../epsfiles/hplotsurf.eps Graphic file (type eps)

<../epsfiles/hplotsurf.eps>
File: ../epsfiles/hplotsurf1.eps Graphic file (type eps)
 <../epsfiles/hplotsurf1.eps>
File: ../epsfiles/hplotsurf2.eps Graphic file (type eps)

<../epsfiles/hplotsurf2.eps>
File: ../epsfiles/hplotsurf3.eps Graphic file (type eps)
 <../epsfiles/hplotsurf3.eps>
File: ../epsfiles/hplotsurf4.eps Graphic file (type eps)

<../epsfiles/hplotsurf4.eps>
File: ../epsfiles/hplotlegopol.eps Graphic file (type eps)
 <../epsfiles/hplotlegopol.eps>
File: ../epsfiles/hplotlegocyl.eps Graphic file (type eps)

<../epsfiles/hplotlegocyl.eps>
File: ../epsfiles/hplotlegosph.eps Graphic file (type eps)
 <../epsfiles/hplotlegosph.eps>
File: ../epsfiles/hplotlegopsd.eps Graphic file (type eps)

<../epsfiles/hplotlegopsd.eps>
File: ../epsfiles/hplotsurfpol.eps Graphic file (type eps)
 <../epsfiles/hplotsurfpol.eps>
File: ../epsfiles/hplotsurfcyl.eps Graphic file (type eps)

<../epsfiles/hplotsurfcyl.eps>
File: ../epsfiles/hplotsurfsph.eps Graphic file (type eps)
 <../epsfiles/hplotsurfsph.eps>
File: ../epsfiles/hplotsurfpsd.eps Graphic file (type eps)

<../epsfiles/hplotsurfpsd.eps> [175] [176] [177] [178] [179] [180] [181]
[182] [183] [184] [185] [186] [187] [188] [189] [190] [191] [192

] [193]
[194] [195] [196]
Chapter 14.
[197

] [198]) [199] [200]
\openout2 = `hplexams.aux'.

 (hplexams.tex
Chapter 15.
[201



] [202] [203] [204]
File: ../epsfiles/hplot11.eps Graphic file (type eps)
 <../epsfiles/hplot11.eps>
File: ../epsfiles/hplot12.eps Graphic file (type eps)
 <../epsfiles/hplot12.eps>
File: ../epsfiles/hplot13.eps Graphic file (type eps)

<../epsfiles/hplot13.eps>
Underfull \vbox (badness 10000) has occurred while \output is active []

 [205]
Underfull \vbox (badness 10000) has occurred while \output is active []

 [206]
Overfull \vbox (6.0762pt too high) has occurred while \output is active []


[207] [208]
File: ../epsfiles/hplot21.eps Graphic file (type eps)
 <../epsfiles/hplot21.eps>
File: ../epsfiles/hplot22.eps Graphic file (type eps)
 <../epsfiles/hplot22.eps>
File: ../epsfiles/hplot23.eps Graphic file (type eps)

<../epsfiles/hplot23.eps>
Underfull \vbox (badness 10000) has occurred while \output is active []

 [209]
File: ../epsfiles/hplot24.eps Graphic file (type eps)

<../epsfiles/hplot24.eps>
Underfull \vbox (badness 10000) has occurred while \output is active []

 [210]
Underfull \vbox (badness 10000) has occurred while \output is active []

 [211]
[212] [213]
File: ../epsfiles/hplot31.eps Graphic file (type eps)
 <../epsfiles/hplot31.eps> [214] [215]
File: ../epsfiles/hplot41.eps Graphic file (type eps)
 <../epsfiles/hplot41.eps>
Underfull \vbox (badness 10000) has occurred while \output is active []

 [216]
[217]
File: ../epsfiles/hplot51.eps Graphic file (type eps)
 <../epsfiles/hplot51.eps>
Underfull \vbox (badness 10000) has occurred while \output is active []

 [218])
[219]
\openout2 = `higzx11.aux'.

 (higzx11.tex
Appendix A.

Overfull \hbox (2.80898pt too wide) in paragraph at lines 38--43
[]\OT1/ptm/b/n/10.95 Action: \OT1/ptm/m/n/10.95 Open a \OT1/cmss/m/n/10.95 X11[
] \OT1/ptm/m/n/10.95 win-dow and re-turns a win-dow num-ber which can be used w
ith IXSELWI[], IXRSCWI[],
 []

[220



] [221] [222] [223] [224] [225] [226] [227] [228] [229] [230] [231])
[232]
\openout2 = `higzaint.aux'.

 (higzaint.tex
Appendix B.
[233



] [234] [235] [236] [237] [238]

LaTeX Warning: Reference `IXGETCOL' on page 239 undefined on input line 334.

[239]) [240] Biblio (higzmain.bbl

! LaTeX Error: File `bibnames.sty' not found.

Type X to quit or <RETURN> to proceed,
or enter new name. (Default extension: sty)

Enter file name: 
) [241


] Index (higzmain.ind [242

] [243] [244] [245] [246] [247] [248] [249]
[250] [251] [252] [253] [254

]) (higzmain.aux (higzkeys.aux) (higzfron.aux)
(higzintr.aux) (higzcont.aux) (higzbasi.aux) (higzprim.aux) (higzinp.aux)
(higzreq.aux) (higziz.aux) (higzpick.aux) (higzrz.aux) (higzmisc.aux)
(higzexams.aux) (hplrefer.aux) (hplexams.aux) (higzx11.aux) (higzaint.aux))

LaTeX Warning: There were undefined references.

 ) 
Here is how much of TeX's memory you used:
 2366 strings out of 10918
 27427 string characters out of 72190
 106848 words of memory out of 263001
 5111 multiletter control sequences out of 10000+0
 21777 words of font info for 60 fonts, out of 100000 for 500
 21 hyphenation exceptions out of 1000
 32i,16n,23p,255b,499s stack positions out of 300i,100n,500p,30000b,4000s

Output written on higzmain.dvi (265 pages, 657816 bytes).
