This is TeX, C Version 3.141 (format=lplain 92.10.8)  14 SEP 1994 17:05
**epiomain
(epiomain.tex
LaTeX Version 2.09 <25 March 1992>
(/afs/cern.ch/project/cnas_doc/sources/cnasall/cernman.sty
Style-Option: `cernman' v3.11  <94/03/24> (M.G.)
(/usr/local/lib/tex/macros/report.sty
Standard Document Style `report' <14 Jan 92>.
(/usr/local/lib/tex/macros/rep11.sty)
\descriptionmargin=\dimen99
\c@part=\count79
\c@chapter=\count80
\c@section=\count81
\c@subsection=\count82
\c@subsubsection=\count83
\c@paragraph=\count84
\c@subparagraph=\count85
\c@figure=\count86
\c@table=\count87
 (/usr/local/lib/tex/macros/titlepag.sty
Document Style Option `titlepage' -- Released 16 June 1991.
)) (/usr/local/lib/tex/macros/array.sty
Style-Option: `array' v2.1b  <92/07/06> (F.M.)
English documentation dated  <92/07/18> (F.M.)
\col@sep=\dimen100
\extrarowheight=\dimen101
\NC@list=\toks14
) (/usr/local/lib/tex/macros/subfigure.sty
\c@subfigure=\count88
\@subfigtemp=\count89
)
(/usr/local/lib/tex/macros/subeqnarray.sty
Documentstyle option `subeqnarray' V1.1; Released 22 December 1988
\c@subequation=\count90
) (/usr/local/lib/tex/macros/subeqn.sty
\@stequation=\toks15
)
(/usr/local/lib/tex/macros/fontcmds.sty)
(/usr/local/lib/tex/macros/varioref.sty
\vr@cnt=\count91
)
\c@cOL=\count92
\Length=\dimen102

(/usr/local/lib/tex/macros/verbatim.sty
Style-Option: `verbatim' v1.4d <91/04/24> (RmS)
English Documentation          <91/04/24> (RmS)
\every@verbatim=\toks16
\verbatim@line=\toks17
) (/usr/local/lib/tex/macros/moreverb.sty
\verbatim@out=\write3
\tab@position=\count93
\tab@size=\count94
\verbatimtabsize=\count95
\listing@line=\count96
\listing@step=\count97
\verbtab@in=\read1
))
(/usr/local/lib/tex/macros/longtable.sty
! Interruption.
l.2 
    %% This is file `longtable.sty', generated
? x
 
Here is how much of TeX's memory you used:
 576 strings out of 11620
 5226 string characters out of 73736
 37269 words of memory out of 262141
 2802 multiletter control sequences out of 17000
 16164 words of font info for 58 fonts, out of 120000 for 255
 52 hyphenation exceptions out of 607
 18i,0n,17p,218b,33s stack positions out of 300i,40n,60p,3000b,5000s
No pages of output.
