This is pdfeTeXk, Version 3.141592-1.30.4-2.2 (Web2C 7.5.5) (format=latex 2006.1.3)  20 JAN 2006 15:29
entering extended mode
 %&-line parsing enabled.
**/afs/cern.ch/sw/XML/texlive/2005/texmf-dist/doc/latex/seminar/semsamp1.tex
(/afs/cern.ch/sw/XML/texlive/2005/texmf-dist/doc/latex/seminar/semsamp1.tex
LaTeX2e <2003/12/01>
Babel <v3.8g> and hyphenation patterns for english, usenglishmax, dumylang, noh
yphenation, basque, bulgarian, coptic, welsh, czech, slovak, german, ngerman, d
anish, spanish, catalan, estonian, finnish, french, greek, monogreek, ancientgr
eek, croatian, hungarian, interlingua, ibycus, indonesian, icelandic, italian, 
latin, mongolian, dutch, norsk, polish, portuguese, pinyin, romanian, russian, 
slovene, uppersorbian, serbian, swedish, turkish, ukenglish, ukrainian, loaded.

(/afs/cern.ch/sw/XML/texlive/2005/texmf-dist/tex/latex/base/latex209.def
File: latex209.def 1998/05/13 v0.52 Standard LaTeX file


          Entering LaTeX 2.09 COMPATIBILITY MODE
 *************************************************************
    !!WARNING!!    !!WARNING!!    !!WARNING!!    !!WARNING!!   
 
 This mode attempts to provide an emulation of the LaTeX 2.09
 author environment so that OLD documents can be successfully
 processed. It should NOT be used for NEW documents!
 
 New documents should use Standard LaTeX conventions and start
 with the \documentclass command.
 
 Compatibility mode is UNLIKELY TO WORK with LaTeX 2.09 style
 files that change any internal macros, especially not with
 those that change the FONT SELECTION or OUTPUT ROUTINES.
 
 Therefore such style files MUST BE UPDATED to use
          Current Standard LaTeX: LaTeX2e.
 If you suspect that you may be using such a style file, which
 is probably very, very old by now, then you should attempt to
 get it updated by sending a copy of this error message to the
 author of that file.
 *************************************************************

\footheight=\dimen102
\@maxsep=\dimen103
\@dblmaxsep=\dimen104
\@cla=\count79
\@clb=\count80
\mscount=\count81
(/afs/cern.ch/sw/XML/texlive/2005/texmf-dist/tex/latex/base/tracefnt.sty
Package: tracefnt 1997/05/29 v3.0j Standard LaTeX package (font tracing)
\tracingfonts=\count82
LaTeX Info: Redefining \selectfont on input line 101.
)
\symbold=\mathgroup4
\symsans=\mathgroup5
\symtypewriter=\mathgroup6
\symitalic=\mathgroup7
\symsmallcaps=\mathgroup8
\symslanted=\mathgroup9
LaTeX Font Info:    Redeclaring math alphabet \mathbf on input line 293.
LaTeX Font Info:    Redeclaring math alphabet \mathsf on input line 294.
LaTeX Font Info:    Redeclaring math alphabet \mathtt on input line 295.
LaTeX Font Info:    Redeclaring math alphabet \mathit on input line 301.
LaTeX Info: Redefining \em on input line 311.

(/afs/cern.ch/sw/XML/texlive/2005/texmf-dist/tex/latex/base/latexsym.sty
Package: latexsym 1998/08/17 v2.2e Standard LaTeX package (lasy symbols)
\symlasy=\mathgroup10
LaTeX Font Info:    Overwriting symbol font `lasy' in version `bold'
(Font)                  U/lasy/m/n --> U/lasy/b/n on input line 47.
)
LaTeX Font Info:    Redeclaring math delimiter \lgroup on input line 375.
LaTeX Font Info:    Redeclaring math delimiter \rgroup on input line 377.
LaTeX Font Info:    Redeclaring math delimiter \bracevert on input line 379.
)
(/afs/cern.ch/sw/XML/texlive/2005/texmf-dist/tex/latex/seminar/seminar.cls
Document Class: seminar 1997/10/13, 1.4
Document Style: `seminar' v1.4 <1997/10/13> (tvz)
\slidewidth=\dimen105
\slideheight=\dimen106
\footheight=\dimen107
(/afs/cern.ch/sw/XML/texlive/2005/texmf-dist/tex/latex/base/article.cls
Document Class: article 2004/02/16 v1.4f Standard LaTeX document class
(/afs/cern.ch/sw/XML/texlive/2005/texmf-dist/tex/latex/base/size10.clo
File: size10.clo 2004/02/16 v1.4f Standard LaTeX file (size option)
)
\c@part=\count83
\c@section=\count84
\c@subsection=\count85
\c@subsubsection=\count86
\c@paragraph=\count87
\c@subparagraph=\count88
\c@figure=\count89
\c@table=\count90
\abovecaptionskip=\skip41
\belowcaptionskip=\skip42
Compatibility mode: definition of \rm ignored.
Compatibility mode: definition of \sf ignored.
Compatibility mode: definition of \tt ignored.
Compatibility mode: definition of \bf ignored.
Compatibility mode: definition of \it ignored.
Compatibility mode: definition of \sl ignored.
Compatibility mode: definition of \sc ignored.
LaTeX Info: Redefining \cal on input line 506.
LaTeX Info: Redefining \mit on input line 507.
\bibindent=\dimen108
)
(/afs/cern.ch/sw/XML/texlive/2005/texmf-dist/tex/latex/seminar/sem-page.sty)
\before@document=\toks14
\after@document=\toks15
\before@enddocument=\toks16
\c@slide=\count91
\slide@count=\count92
\@slidebox=\box26
\not@slidebox=\box27
\slide@hook=\toks17
\after@slide=\toks18
\slide@footins=\insert233
\slide@listdepth=\count93
\saved@specials=\box28
\before@newslide=\toks19
\after@slidepage=\toks20
\slidesep=\skip43
\slideframewidth=\dimen109
\slideframesep=\dimen110
\semin=\dimen111
\semcm=\dimen112
)
(/afs/cern.ch/sw/XML/texlive/2005/texmf-local/tex/latex/seminar/seminar.con
(/afs/cern.ch/sw/XML/texlive/2005/texmf-dist/tex/latex/seminar/semcolor.sty
Style Option: `semcolor' for doc style `seminar' 1.01 <2004/05/18> (tvz)
File: semcolor.sty 2004/05/18 v1.01 (tvz)
(/afs/cern.ch/sw/XML/texlive/2005/texmf-dist/tex/latex/pstricks/pstricks.sty
Package: pstricks 2005/10/07 v0.25 LaTeX wrapper for `PSTricks' (RN,HV)

(/afs/cern.ch/sw/XML/texlive/2005/texmf-dist/tex/generic/pstricks/pstricks.tex
`PSTricks' v1.12  <2005/10/25> (tvz)
\pst@dima=\dimen113
\pst@dimb=\dimen114
\pst@dimc=\dimen115
\pst@dimd=\dimen116
\pst@dimg=\dimen117
\pst@dimh=\dimen118
\pst@hbox=\box29
\pst@boxg=\box30
\pst@cnta=\count94
\pst@cntb=\count95
\pst@cntc=\count96
\pst@cntd=\count97
\pst@cntg=\count98
\pst@cnth=\count99
\pst@toks=\toks21
(/afs/cern.ch/sw/XML/texlive/2005/texmf-dist/tex/generic/pstricks/pstricks.con)
\psunit=\dimen119
\psxunit=\dimen120
\psyunit=\dimen121
\pslinewidth=\dimen122
\pst@customdefs=\toks22
\pslinearc=\dimen123
\everypsbox=\toks23
\psframesep=\dimen124
\pslabelsep=\dimen125
\psk@shift=\dimen126
\pst@shift=\dimen127
\theoverlaybox=\box31
)
File: pstricks.tex 2005/10/25 v1.12 `PSTricks' (tvz)
 (/afs/cern.ch/sw/XML/texlive/2005/texmf-dist/tex/latex/xcolor/xcolor.sty
Package: xcolor 2005/10/15 v2.06 LaTeX color extensions (UK)

(/afs/cern.ch/sw/XML/texlive/2005/texmf/tex/latex/config/color.cfg
File: color.cfg 2001/08/31 v1.1 color configuration of teTeX/TeXLive
)
Package xcolor Info: Package option `override' ignored on input line 191.
Package xcolor Info: Driver file: dvips.def on input line 200.

(/afs/cern.ch/sw/XML/texlive/2005/texmf-dist/tex/latex/graphics/dvips.def
File: dvips.def 1999/02/16 v3.0i Driver-dependant file (DPC,SPQR)
)
Package xcolor Info: Model `cmy' substituted by `cmy0' on input line 1165.
Package xcolor Info: Model `RGB' extended on input line 1183.
Package xcolor Info: Model `HTML' substituted by `rgb' on input line 1185.
Package xcolor Info: Model `HSB' substituted by `hsb' on input line 1186.
Package xcolor Info: Model `Gray' substituted by `gray' on input line 1187.
Package xcolor Info: Model `wave' substituted by `hsb' on input line 1188.
)))
(/afs/cern.ch/sw/XML/texlive/2005/texmf-dist/tex/latex/fancybox/fancybox.sty
Compatibility mode: document class `seminar' requested, but `fancybox' provided
.

Document Class: fancybox 2000/09/19 1.3
Style option: `fancybox' v1.3 <2000/09/19> (tvz)
\@fancybox=\box32
\shadowsize=\dimen128
\@Sbox=\box33
\do@VerbBox=\toks24
\the@fancyput=\toks25
\this@fancyput=\toks26
\EndVerbatimTokens=\toks27
\Verbatim@Outfile=\write3
\Verbatim@Infile=\read1
) (/afs/cern.ch/sw/XML/texlive/2005/texmf-dist/tex/latex/seminar/sem-page.sty))
(/afs/cern.ch/sw/XML/texlive/2005/texmf-dist/tex/latex/fancybox/fancybox.sty
Package: fancybox 2000/09/19 1.3

Style option: `fancybox' v1.3 <2000/09/19> (tvz)
\@fancybox=\box34
\shadowsize=\dimen129
\@Sbox=\box35
\do@VerbBox=\toks28
\the@fancyput=\toks29
\this@fancyput=\toks30
\EndVerbatimTokens=\toks31
\Verbatim@Outfile=\write4
\Verbatim@Infile=\read2
)
No file semsamp1.aux.
\openout1 = `semsamp1.aux'.

LaTeX Font Info:    Checking defaults for OML/cmm/m/it on input line 32.
LaTeX Font Info:    ... okay on input line 32.
LaTeX Font Info:    Checking defaults for T1/cmr/m/n on input line 32.
LaTeX Font Info:    ... okay on input line 32.
LaTeX Font Info:    Checking defaults for OT1/cmr/m/n on input line 32.
LaTeX Font Info:    ... okay on input line 32.
LaTeX Font Info:    Checking defaults for OMS/cmsy/m/n on input line 32.
LaTeX Font Info:    ... okay on input line 32.
LaTeX Font Info:    Checking defaults for OMX/cmex/m/n on input line 32.
LaTeX Font Info:    ... okay on input line 32.
LaTeX Font Info:    Checking defaults for U/cmr/m/n on input line 32.
LaTeX Font Info:    ... okay on input line 32.
LaTeX Font Info:    External font `cmex10' loaded for size
(Font)              <7> on input line 43.
LaTeX Font Info:    External font `cmex10' loaded for size
(Font)              <5> on input line 43.
LaTeX Font Info:    Try loading font information for U+lasy on input line 43.
(/afs/cern.ch/sw/XML/texlive/2005/texmf-dist/tex/latex/base/ulasy.fd
File: ulasy.fd 1998/08/17 v2.2e LaTeX symbol font definitions
)

LaTeX Warning: \oval, \circle, or \line size unavailable on input line 48.

\slidebox@1=\box36

LaTeX Warning: \oval, \circle, or \line size unavailable on input line 66.


LaTeX Warning: \oval, \circle, or \line size unavailable on input line 75.

[1

]
Overfull \hbox (6.4183pt too wide) in paragraph at lines 79--79
 [] 
 []


LaTeX Warning: \oval, \circle, or \line size unavailable on input line 94.

[2] (./semsamp1.aux) ) 
Here is how much of TeX's memory you used:
 2234 strings out of 94308
 27410 string characters out of 1168382
 93457 words of memory out of 3500000
 5476 multiletter control sequences out of 10000+50000
 9903 words of font info for 37 fonts, out of 1000000 for 2000
 647 hyphenation exceptions out of 8191
 39i,8n,42p,292b,366s stack positions out of 5000i,500n,6000p,200000b,5000s

Output written on semsamp1.dvi (2 pages, 4972 bytes).
