This is TeX, Version 3.1415 (C version 6.1) (format=latex2e 94.4.21)  24 APR 1994 12:06
**&latex2e 12249_images.tex
(12249_images.tex
LaTeX2e <1994/02/03> PRELIMINARY TEST RELEASE

(/asis/share/usr.local/lib/texmf/tex/latex2e/latex209.def
Entering LaTeX 2.09 compatibility mode <1994/02/10>.
\footheight=\dimen104
\@maxsep=\dimen105
\@dblmaxsep=\dimen106
(/asis/share/usr.local/lib/texmf/tex/latex2e/tracefnt.sty
Package: `tracefnt' v2.3c <1994/01/26> (FMi and RmS)
English Documentation      <1994/01/17> (FMi and RmS)
\tracingfonts=\count83
)
\symbold=\mathgroup4
\symsans=\mathgroup5
\symtypewriter=\mathgroup6
\symitalic=\mathgroup7
\symsmallcaps=\mathgroup8
\symslanted=\mathgroup9

Font Info: Redeclaring math alphabet \mathbf on input line 130.


Font Info: Redeclaring math alphabet \mathsf on input line 131.


Font Info: Redeclaring math alphabet \mathtt on input line 132.


Font Info: Redeclaring math alphabet \mathit on input line 138.

(/asis/share/usr.local/lib/texmf/tex/latex2e/latexsym.sty
Package: `latexsym' v2.1a  <93/12/06> (FMi)
English Documentation      <93/12/06> (FMi)
\symlasy=\mathgroup10
Font Note: Overwriting symbol font `lasy' in version `bold'
Font           U/lasy/m/n --> U/lasy/b/n on input line 52.
)
Font Note: Redeclaring math delimiter \lgroup on input line 196.
Font Note: Redeclaring math delimiter \rgroup on input line 198.
Font Note: Redeclaring math delimiter \bracevert on input line 200.
) (/asis/share/usr.local/lib/texmf/tex/cern/cernman.cls (/asis/share/usr.local/
lib/texmf/tex/latex2e/report.cls
Standard Document Class `report' <1994/02/03>.
(/asis/share/usr.local/lib/texmf/tex/latex2e/size11.clo)
\c@part=\count84
\c@chapter=\count85
\c@section=\count86
\c@subsection=\count87
\c@subsubsection=\count88
\c@paragraph=\count89
\c@subparagraph=\count90
\c@figure=\count91
\c@table=\count92
\abovecaptionskip=\skip41
\belowcaptionskip=\skip42
Compatibility mode: redefinition of \rm ignored.
Compatibility mode: redefinition of \sf ignored.
Compatibility mode: redefinition of \tt ignored.
Compatibility mode: redefinition of \bf ignored.
Compatibility mode: redefinition of \it ignored.
Compatibility mode: redefinition of \sl ignored.
Compatibility mode: redefinition of \sc ignored.
\bibindent=\dimen107
) (/asis/share/usr.local/lib/texmf/tex/psnfss/pifont.sty
Font Note: Try loading font information for U+pzd on input line 59.
(/asis/share/usr.local/lib/texmf/tex/psnfss/Upzd.fd
Fontdef file produced from: psfonts.dtx 2.1 94/04/14 SPQR
File Upzd.fd loading Adobe ZapfDingbats
)
! Font U/pzd/m/n/10.95=pzdr at 10.95pt not loadable: Metric (TFM) file not foun
d.
<to be read again> 
                   relax 
l.59 {\Pifont{pzd}
                  }
I wasn't able to read the size data for this font,
so I will ignore the font specification.
[Wizards can fix TFM files using TFtoPL/PLtoTF.]
You might try inserting a different font spec;
e.g., type `I\font<same font id>=<substitute font name>'.

Font Note: Try loading font information for U+psy on input line 60.
(/asis/share/usr.local/lib/texmf/tex/psnfss/Upsy.fd
Fontdef file produced from: psfonts.dtx 2.1 94/04/14 SPQR
File Upsy.fd loading Adobe Symbol
)) (/asis/share/usr.local/lib/texmf/tex/psnfss/times.sty) (/asis/share/usr.loca
l/lib/texmf/tex/psboxit.sty
\gray@box=\box25
\gray@space=\dimen108
) (/asis/share/usr.local/lib/texmf/tex/mainz/array.sty
Style-Option: `array' v2.1b  <92/07/06> (F.M.)
English documentation dated  <92/09/12> (F.M.)
\col@sep=\dimen109
\extrarowheight=\dimen110
\NC@list=\toks15
) (/asis/share/usr.local/lib/texmf/tex/mainz/verbatim.sty
Style-Option: `verbatim' v1.4i <92/01/20> (RmS)
English Documentation          <91/12/18> (RmS)
\every@verbatim=\toks16
\verbatim@line=\toks17
) (/asis/share/usr.local/lib/texmf/tex/graphics/epsfig.sty
Package: epsfig 94/04/121.1(SPQR)
(/asis/share/usr.local/lib/texmf/tex/graphics/egraphics.sty (/asis/share/usr.lo
cal/lib/texmf/tex/graphics/keyval.sty
Package: keyval 1994/02/01 v1.06 (DPC)
) (/asis/share/usr.local/lib/texmf/tex/graphics/graphics.sty (/asis/share/usr.l
ocal/lib/texmf/tex/graphics/trig.sty) (/asis/share/usr.local/lib/texmf/tex/grap
hics/dvips.def))
\Gin@req@height=\dimen111
\Gin@req@width=\dimen112
)
\epsfxsize=\dimen113
\epsfysize=\dimen114
) (/asis/share/usr.local/lib/texmf/tex/latex2e/ifthen.sty
Package: `ifthen' v0.1e <1994/01/24> (DPC)
English documentation     <1994/02/11> (DPC)
) (/asis/share/usr.local/lib/texmf/tex/latex2e/varioref.sty
Package: `varioref' v1.0c <94/02/10> (FMi)
English documentation     <94/01/31> (FMi)
\c@vrcnt=\count93
) (/asis/share/usr.local/lib/texmf/tex/here.sty)
\@DL@itemwidth=\dimen115
\c@cOL=\count94
\Length=\dimen116
) (/asis/share/usr.local/lib/texmf/tex/mainz/longtable.sty
Style-Option: `longtable' v3.04  <92/10/12> (D.P.C.)
English documentation dated  <92/10/12> (D.P.C.)
\LTleft=\skip43
\LTright=\skip44
\LTpre=\skip45
\LTpost=\skip46
\LTchunksize=\count95
\LTcapwidth=\dimen117
\LT@head=\box26
\LT@firsthead=\box27
\LT@foot=\box28
\LT@lastfoot=\box29
\LT@cols=\count96
\LT@rows=\count97
\c@LT@tables=\count98
\LT@p@ftn=\toks18
) (/asis/share/usr.local/lib/texmf/tex/changebar.sty
Document style option `changebar', v3.04 <92/10/12>
\cb@nextpoint=\count99
\cb@currentpoint=\count100
\cb@page=\count101
\cb@pagecount=\count102
\cb@odd=\dimen118
\cb@even=\dimen119
\changebarwidth=\skip47
\deletebarwidth=\skip48
\changebarsep=\skip49
\c@changebargrey=\count103
\cb@write=\write4
\cb@read=\read1
) (/asis/share/usr.local/lib/texmf/tex/latex2e/makeidx.sty
Standard package `makeidx' <1994/02/11>.
) (/asis/share/usr.local/lib/texmf/tex/lscape.sty
Package: lscape.sty 1994/01/31 v1.06 (DPC)
)
\@indexfile=\write5
Writing index file 12249_images.idx 
***
\setlongtables is in force.
If you have edited the file since the last LaTeX run
incorrect column widths, or even errors may be produced.
***
\@indexfile=\write6
Writing index file 12249_images.idx 
(/asis/share/usr.local/lib/texmf/tex/screen.sty
Screen package
Font Note: Try loading font information for OT1+doc on input line 16.
No file OT1doc.fd.
\hquant=\dimen120
\vquant=\dimen121
 quant is 5.24995pt by 14.0pt
\along@h=\count104
\along@v=\count105
\cc@tmp=\count106
\col@number=\count107
\@tempdimc=\dimen122
)
No file 12249_images.aux.
Font Note: Check substitution defaults for T1/cmr/m/n on input line 30.
Font Note: ... okay on input line 30.
Font Note: Check substitution defaults for OT1/cmr/m/n on input line 30.
Font Note: ... okay on input line 30.
Font Note: Check substitution defaults for OML/cmm/m/it on input line 30.
Font Note: ... okay on input line 30.
Font Note: Check substitution defaults for OMS/cmsy/m/n on input line 30.
Font Note: ... okay on input line 30.
Font Note: Check substitution defaults for OMX/cmex/m/n on input line 30.
Font Note: ... okay on input line 30.
Font Note: Check substitution defaults for U/cmr/m/n on input line 30.
Font Note: ... okay on input line 30.
[1


] (12249_images.aux) ) 
Here is how much of TeX's memory you used:
 1396 strings out of 11429
 14043 string characters out of 78281
 61118 words of memory out of 262141
 3734 multiletter control sequences out of 9500
 4453 words of font info for 17 fonts, out of 100000 for 255
 14 hyphenation exceptions out of 607
 39i,4n,24p,274b,128s stack positions out of 300i,40n,60p,3000b,4000s

Output written on 12249_images.dvi (1 page, 2224 bytes).
