<![CDATA[Histo name: Histo_1D
Bin count : 20 from 0 to 20
Entries count: 50000 with IN_RANGE: 45455 EXTRA: 4545
MEAN (B.C.): 9.49851
RMS  (B.C.): 7.58048
. UNDERFLOW: 257417
.  0:    211957 +/- 4445.79
.  1:    171043 +/- 3587.62
.  2:    134675 +/- 2824.8
.  3:    102853 +/- 2157.34
.  4:   75577.2 +/- 1585.23
.  5:   52847.2 +/- 1108.47
.  6:   34663.2 +/- 727.059
.  7:   21025.2 +/- 441.003
.  8:   11933.2 +/- 250.299
.  9:   7387.25 +/- 154.947
. 10:   7387.25 +/- 154.947
. 11:   11933.2 +/- 250.299
. 12:   21025.2 +/- 441.003
. 13:   34663.2 +/- 727.059
. 14:   52847.2 +/- 1108.47
. 15:     75544 +/- 1584.88
. 16:    102808 +/- 2156.86
. 17:    134616 +/- 2824.18
. 18:    170968 +/- 3586.83
. 19:    211864 +/- 4444.81
. OVERFLOW: 257304
TOTAL IN_RANGE: 1.64762e+06
TYPE       : Histo1D
TITLE      : Histo_1D
BIN COUNT  : 20
BIN WIDTH  : 1
                           7.39e+03                        2.12e+05 Y
X POSITION   BIN       VALUE|--------------------------------------------------->
 0.000e+00   0     2.120e+05|XXXXXXXXXXXXXXXXXXXXXXXXXXXXXXXXXXXXXXXXXXXXXXXXXXX
 1.000e+00   1     1.710e+05|XXXXXXXXXXXXXXXXXXXXXXXXXXXXXXXXXXXXXXXX
 2.000e+00   2     1.347e+05|XXXXXXXXXXXXXXXXXXXXXXXXXXXXXXX
 3.000e+00   3     1.029e+05|XXXXXXXXXXXXXXXXXXXXXXX
 4.000e+00   4     7.558e+04|XXXXXXXXXXXXXXXXX
 5.000e+00   5     5.285e+04|XXXXXXXXXXX
 6.000e+00   6     3.466e+04|XXXXXX
 7.000e+00   7     2.103e+04|XXX
 8.000e+00   8     1.193e+04|X
 9.000e+00   9     7.387e+03|
 1.000e+01   10    7.387e+03|
 1.100e+01   11    1.193e+04|X
 1.200e+01   12    2.103e+04|XXX
 1.300e+01   13    3.466e+04|XXXXXX
 1.400e+01   14    5.285e+04|XXXXXXXXXXX
 1.500e+01   15    7.554e+04|XXXXXXXXXXXXXXXX
 1.600e+01   16    1.028e+05|XXXXXXXXXXXXXXXXXXXXXXX
 1.700e+01   17    1.346e+05|XXXXXXXXXXXXXXXXXXXXXXXXXXXXXXX
 1.800e+01   18    1.710e+05|XXXXXXXXXXXXXXXXXXXXXXXXXXXXXXXXXXXXXXXX
 1.900e+01   19    2.119e+05|XXXXXXXXXXXXXXXXXXXXXXXXXXXXXXXXXXXXXXXXXXXXXXXXXX
                         X |
                           V
UNDERFLOW :  2.574e+05 OVERFLOW :  2.573e+05
 IN RANGE :      45455 EXTRA    :       4545
 MEAN B.C.:  9.499e+00 RMS B.C. :  7.580e+00


]]>
