This is TeX, Version 3.14159 (Web2C 7.3.2x) (format=latex 2000.5.25)  4 JUN 2000 15:14
**\makeatletter\def\HCode{\futurelet\HCode\HChar}\def\HChar{\ifx"\HCode\def\HCo
de"##1"{\Link##1}\expandafter\HCode\else\expandafter\Link\fi}\def\Link#1.a.b.c.
{\g@addto@macro\@documentclasshook{\RequirePackage[#1,html]{tex4ht}}\let\HCode\
documentstyle\def\documentstyle{\let\documentstyle\HCode\expandafter\def\csname
 tex4ht\endcsname{#1,html}\def\HCode####1{\documentstyle[tex4ht,}\@ifnextchar[{
\HCode}{\documentstyle[tex4ht]}}}\makeatother\HCode xhtml,tei.4ht,unicode.4ht,m
athml.4ht,tei-mml.4ht,tei-xslt.4ht.a.b.c.\input  a.tex
(./a.tex (/mnt/texlive/texmf/tex/latex/base/article.cls
Document Class: article 1999/09/10 v1.4a Standard LaTeX document class
(/mnt/texlive/texmf/tex/latex/base/size10.clo
File: size10.clo 1999/09/10 v1.4a Standard LaTeX file (size option)
)
\c@part=\count79
\c@section=\count80
\c@subsection=\count81
\c@subsubsection=\count82
\c@paragraph=\count83
\c@subparagraph=\count84
\c@figure=\count85
\c@table=\count86
\abovecaptionskip=\skip41
\belowcaptionskip=\skip42
\bibindent=\dimen102
)
(/mnt/texlive/texmf/tex/generic/tex4ht/tex4ht.sty
version 2000-05-27-11:28
Package: tex4ht 
)
(/mnt/texlive/texmf/tex/generic/tex4ht/tex4ht.sty
version 2000-05-27-11:28

--- needs --- tex4ht a ---
\tmp:cnt=\count87
\openout15 = `a.tmp'.

(./a.tmp)
\tmp:toks=\toks14
\tmp:dim=\skip43
 (./a.xref)
\:refout=\write3
\openout3 = `a.xref'.

 (/mnt/texlive/texmf/tex/generic/tex4ht/tei.4ht
version 2000-06-02-00:26
)
(/mnt/texlive/texmf/tex/generic/tex4ht/unicode.4ht
version 2000-03-18-12:49
)
(/mnt/texlive/texmf/tex/generic/tex4ht/mathml.4ht
version 2000-06-02-03:43
)
(/mnt/texlive/texmf/tex/generic/tex4ht/tei-mml.4ht
version 2000-06-02-00:26
) (./tei-xslt.4ht
version 2000-05-30-04:26
)
(/mnt/texlive/texmf/tex/generic/tex4ht/tei.4ht
version 2000-06-02-00:26
)
(/mnt/texlive/texmf/tex/generic/tex4ht/unicode.4ht
version 2000-03-18-12:49
)
(/mnt/texlive/texmf/tex/generic/tex4ht/mathml.4ht
version 2000-06-02-03:43
)
(/mnt/texlive/texmf/tex/generic/tex4ht/tei-mml.4ht
version 2000-06-02-00:26
) (./tei-xslt.4ht
version 2000-05-30-04:26
)
\:tokwrite=\toks15
\:tokpage=\toks16
\openout15 = `a.4ct'.

\:tocout=\write4
\openout4 = `a.4tc'.


(/mnt/texlive/texmf/tex/generic/tex4ht/latex.4ht
version 2000-06-01-23:21

(/mnt/texlive/texmf/tex/generic/tex4ht/tei.4ht
version 2000-06-02-00:26
)
(/mnt/texlive/texmf/tex/generic/tex4ht/unicode.4ht
version 2000-03-18-12:49
)
(/mnt/texlive/texmf/tex/generic/tex4ht/mathml.4ht
version 2000-06-02-03:43
)
(/mnt/texlive/texmf/tex/generic/tex4ht/tei-mml.4ht
version 2000-06-02-00:26
) (./tei-xslt.4ht
version 2000-05-30-04:26
))
(/mnt/texlive/texmf/tex/generic/tex4ht/fontmath.4ht
version 2000-06-01-23:21

(/mnt/texlive/texmf/tex/generic/tex4ht/tei.4ht
version 2000-06-02-00:26
)
(/mnt/texlive/texmf/tex/generic/tex4ht/unicode.4ht
version 2000-03-18-12:49
)
(/mnt/texlive/texmf/tex/generic/tex4ht/mathml.4ht
version 2000-06-02-03:43
LaTeX Font Info:    External font `cmex10' loaded for size
(Font)              <7> on input line 436.
LaTeX Font Info:    External font `cmex10' loaded for size
(Font)              <5> on input line 436.
)
(/mnt/texlive/texmf/tex/generic/tex4ht/tei-mml.4ht
version 2000-06-02-00:26
) (./tei-xslt.4ht
version 2000-05-30-04:26
))
(/mnt/texlive/texmf/tex/generic/tex4ht/article.4ht
version 2000-06-01-23:21

(/mnt/texlive/texmf/tex/generic/tex4ht/tei.4ht
version 2000-06-02-00:26
)
(/mnt/texlive/texmf/tex/generic/tex4ht/unicode.4ht
version 2000-03-18-12:49
)
(/mnt/texlive/texmf/tex/generic/tex4ht/mathml.4ht
version 2000-06-02-03:43
)
(/mnt/texlive/texmf/tex/generic/tex4ht/tei-mml.4ht
version 2000-06-02-00:26
) (./tei-xslt.4ht
version 2000-05-30-04:26
))) (./a.aux)
\openout1 = `a.aux'.

LaTeX Font Info:    Checking defaults for OML/cmm/m/it on input line 12.
LaTeX Font Info:    ... okay on input line 12.
LaTeX Font Info:    Checking defaults for T1/cmr/m/n on input line 12.
LaTeX Font Info:    ... okay on input line 12.
LaTeX Font Info:    Checking defaults for OT1/cmr/m/n on input line 12.
LaTeX Font Info:    ... okay on input line 12.
LaTeX Font Info:    Checking defaults for OMS/cmsy/m/n on input line 12.
LaTeX Font Info:    ... okay on input line 12.
LaTeX Font Info:    Checking defaults for OMX/cmex/m/n on input line 12.
LaTeX Font Info:    ... okay on input line 12.
LaTeX Font Info:    Checking defaults for U/cmr/m/n on input line 12.
LaTeX Font Info:    ... okay on input line 12.
 (./a.4ct) (./a.4ct)
! TeX capacity exceeded, sorry [input stack size=300].
\@setfontsize #1#2#3->\@nomath #1
                                 \ifx \protect \@typeset@protect \let \@curr...
l.13 \maketitle
               
If you really absolutely need more capacity,
you can ask a wizard to enlarge me.

 
Here is how much of TeX's memory you used:
 2792 strings out of 10872
 28372 string characters out of 71038
 107153 words of memory out of 263001
 5706 multiletter control sequences out of 10000+0
 3941 words of font info for 15 fonts, out of 200000 for 1000
 14 hyphenation exceptions out of 1000
 300i,4n,446p,659b,527s stack positions out of 300i,100n,500p,200000b,4000s
No pages of output.
