This is pdfTeX, Version 3.14159-14f-released-20000525 (Web2C 7.3.2x) (format=pdfxmltex 2000.5.25)  4 JUN 2000 17:24
**geant.new.fo
(geant.new.fo{/mnt/texlive/texmf/pdftex/config/pdftex.cfg}
LaTeX2e <1999/12/01> patch level 1
Babel <v3.6Z> and hyphenation patterns for english, french, german, ngerman, du
mylang, nohyphenation, loaded.
xmltex version: 2000/04/11 v1.8 (davidc)
(/mnt/texlive/texmf/tex/xmltex/base/xmltex.cfg) (geant.new.cfg)
(/mnt/texlive/texmf/tex/xmltex/passivetex/fotex.xmt)
(/mnt/texlive/texmf/tex/latex/base/article.cls
Document Class: article 1999/09/10 v1.4a Standard LaTeX document class
(/mnt/texlive/texmf/tex/latex/base/size10.clo
File: size10.clo 1999/09/10 v1.4a Standard LaTeX file (size option)
)
\c@part=\count80
\c@section=\count81
\c@subsection=\count82
\c@subsubsection=\count83
\c@paragraph=\count84
\c@subparagraph=\count85
\c@figure=\count86
\c@table=\count87
\abovecaptionskip=\skip41
\belowcaptionskip=\skip42
\bibindent=\dimen102
)
(/mnt/texlive/texmf/tex/xmltex/passivetex/fotex.sty
Package: fotex 2000/05/23: support for XSL formatting, S Rahtz

(/mnt/texlive/texmf/tex/latex/graphics/graphicx.sty
Package: graphicx 1999/02/16 v1.0f Enhanced LaTeX Graphics (DPC,SPQR)

(/mnt/texlive/texmf/tex/latex/graphics/keyval.sty
Package: keyval 1999/03/16 v1.13 key=value parser (DPC)
\KV@toks@=\toks17
)
(/mnt/texlive/texmf/tex/latex/graphics/graphics.sty
Package: graphics 1999/02/16 v1.0l Standard LaTeX Graphics (DPC,SPQR)

(/mnt/texlive/texmf/tex/latex/graphics/trig.sty
Package: trig 1999/03/16 v1.09 sin cos tan (DPC)
)
(/mnt/texlive/texmf/tex/latex/texlive/graphics.cfg)
Package graphics Info: Driver file: pdftex.def on input line 80.

(/mnt/texlive/texmf/tex/latex/graphics/pdftex.def
File: pdftex.def 2000/05/12 v0.02u graphics/color for pdftex
\Gread@gobject=\count88
))
\Gin@req@height=\dimen103
\Gin@req@width=\dimen104
)
(/mnt/texlive/texmf/tex/latex/tools/multicol.sty
Package: multicol 1999/10/21 v1.5w multicolumn formatting (FMi)
\c@tracingmulticols=\count89
\mult@box=\box26
\multicol@leftmargin=\dimen105
\c@unbalance=\count90
\c@collectmore=\count91
\doublecol@number=\count92
\multicoltolerance=\count93
\multicolpretolerance=\count94
\full@width=\dimen106
\page@free=\dimen107
\premulticols=\dimen108
\postmulticols=\dimen109
\multicolsep=\skip43
\multicolbaselineskip=\skip44
\partial@page=\box27
\last@line=\box28
\mult@rightbox=\box29
\mult@grightbox=\box30
\mult@gfirstbox=\box31
\mult@firstbox=\box32
\@tempa=\box33
\@tempa=\box34
\@tempa=\box35
\@tempa=\box36
\@tempa=\box37
\@tempa=\box38
\@tempa=\box39
\@tempa=\box40
\@tempa=\box41
\@tempa=\box42
\@tempa=\box43
\@tempa=\box44
\@tempa=\box45
\@tempa=\box46
\@tempa=\box47
\@tempa=\box48
\@tempa=\box49
\c@columnbadness=\count95
\c@finalcolumnbadness=\count96
\last@try=\dimen110
\multicolovershoot=\dimen111
\multicolundershoot=\dimen112
\mult@nat@firstbox=\box50
\colbreak@box=\box51
)
(/mnt/texlive/texmf/tex/latex/rotating/rotating.sty
Package: rotating 1997/09/26, v2.13 Rotation package

(/mnt/texlive/texmf/tex/latex/base/ifthen.sty
Package: ifthen 1999/09/10 v1.1b Standard LaTeX ifthen package (DPC)
)
\c@r@tfl@t=\count97
\rot@float@box=\box52
)
(/mnt/texlive/texmf/tex/latex/tools/array.sty
Package: array 1998/05/13 v2.3m Tabular extension package (FMi)
\col@sep=\dimen113
\extrarowheight=\dimen114
\NC@list=\toks18
\extratabsurround=\skip45
\backup@length=\skip46
)
(/mnt/texlive/texmf/tex/latex/amslatex/amsmath.sty
Package: amsmath 2000/03/29 v2.08 AMS math features
\@mathmargin=\skip47

For additional information on amsmath, use the `?' option.
(/mnt/texlive/texmf/tex/latex/amslatex/amstext.sty
Package: amstext 1999/11/15 v2.0

(/mnt/texlive/texmf/tex/latex/amslatex/amsgen.sty
File: amsgen.sty 1999/11/30 v2.0
\@emptytoks=\toks19
\ex@=\dimen115
))
(/mnt/texlive/texmf/tex/latex/amslatex/amsbsy.sty
Package: amsbsy 1999/11/29 v1.2d
\pmbraise@=\dimen116
)
(/mnt/texlive/texmf/tex/latex/amslatex/amsopn.sty
Package: amsopn 1999/12/14 v2.01 operator names
)
\inf@bad=\count98
LaTeX Info: Redefining \frac on input line 211.
\uproot@=\count99
\leftroot@=\count100
LaTeX Info: Redefining \overline on input line 307.
\classnum@=\count101
\DOTSCASE@=\count102
LaTeX Info: Redefining \ldots on input line 379.
LaTeX Info: Redefining \dots on input line 382.
LaTeX Info: Redefining \cdots on input line 467.
\Mathstrutbox@=\box53
\strutbox@=\box54
\big@size=\dimen117
LaTeX Font Info:    Redeclaring font encoding OML on input line 567.
LaTeX Font Info:    Redeclaring font encoding OMS on input line 568.
\macc@depth=\count103
\c@MaxMatrixCols=\count104
\dotsspace@=\muskip10
\c@parentequation=\count105
\dspbrk@lvl=\count106
\tag@help=\toks20
\row@=\count107
\column@=\count108
\maxfields@=\count109
\andhelp@=\toks21
\eqnshift@=\dimen118
\alignsep@=\dimen119
\tagshift@=\dimen120
\tagwidth@=\dimen121
\totwidth@=\dimen122
\lineht@=\dimen123
\@envbody=\toks22
\multlinegap=\skip48
\multlinetaggap=\skip49
LaTeX Info: Redefining \[ on input line 2638.
LaTeX Info: Redefining \] on input line 2639.
)
(/mnt/texlive/texmf/tex/latex/tools/longtable.sty
Package: longtable 1998/05/13 v4.09 Multi-page Table package (DPC)
\LTleft=\skip50
\LTright=\skip51
\LTpre=\skip52
\LTpost=\skip53
\LTchunksize=\count110
\LTcapwidth=\dimen124
\LT@head=\box55
\LT@firsthead=\box56
\LT@foot=\box57
\LT@lastfoot=\box58
\LT@cols=\count111
\LT@rows=\count112
\c@LT@tables=\count113
\c@LT@chunks=\count114
\LT@p@ftn=\toks23
)
(/mnt/texlive/texmf/tex/latex/ltxmisc/ulem.sty
\UL@box=\box59
\UL@hyphenbox=\box60
\UL@skip=\skip54
\UL@pe=\count115
\UL@pixel=\dimen125
\ULC@box=\box61
Package: ulem 1997/04/21
\ULdepth=\dimen126
)
(/mnt/texlive/texmf/tex/latex/graphics/color.sty
Package: color 1999/02/16 v1.0i Standard LaTeX Color (DPC)

(/mnt/texlive/texmf/tex/latex/texlive/color.cfg)
Package color Info: Driver file: pdftex.def on input line 125.
)
(/mnt/texlive/texmf/tex/latex/psnfss/times.sty
Package: times 2000/01/12 PSNFSS-v8.1 Times font as default roman (SPQR) 
)
(/mnt/texlive/texmf/tex/generic/babel/babel.sty
Package: babel 1999/09/09 v3.6Z The Babel package

(/mnt/texlive/texmf/tex/generic/babel/germanb.ldf
Language: germanb 1999/04/05 v2.6g German support from the babel system

(/mnt/texlive/texmf/tex/generic/babel/babel.def
File: babel.def 1999/09/09 v3.6Z Babel common definitions
\babel@savecnt=\count116
\U@D=\dimen127
)
\l@austrian = a dialect from \language\l@german 
Package babel Info: Making " an active character on input line 71.
)
(/mnt/texlive/texmf/tex/generic/babel/portuges.ldf
Language: portuges 1999/04/16 v1.2l Portuguese support from the babel system


Package babel Warning: No hyphenation patterns were loaded for
(babel)                the language `Portuguese'
(babel)                I will use the patterns loaded for \language=0 instead.

\l@portuges = a dialect from \language0
) (/mnt/texlive/texmf/tex/generic/babel/english.ldf
Language: english 1999/04/11 v3.3i English support from the babel system
\l@american = a dialect from \language\l@english 
)
(/mnt/texlive/texmf/tex/xmltex/passivetex/nohyphenation.ldf
File: nohyphenation.ldf 
))
(/mnt/texlive/texmf/tex/xmltex/passivetex/mlnames.sty
Package: mlnames 2000/01/14, some XSL and Unicode support material, Sebastian R
ahtz
)
(/mnt/texlive/texmf/tex/xmltex/passivetex/unicode.sty
Package: unicode 2000/01/13 S Rahtz: load various font-related packages for Uni
code

(/mnt/texlive/texmf/tex/latex/base/fontenc.sty
Package: fontenc 1999/12/08 v1.9x Standard LaTeX package

(/mnt/texlive/texmf/tex/latex/tipa/t3enc.def
File: T3enc.def 1996/06/10 TIPA encoding
LaTeX Font Info:    Try loading font information for OT1+phv on input line 340.


(/mnt/texlive/texmf/tex/latex/psnfss/ot1phv.fd
File: ot1phv.fd 2000/01/12 PSNFSS-v8.1 scalable font definitions for OT1/phv.
))
(/mnt/texlive/texmf/tex/latex/cyrillic/t2aenc.def
File: t2aenc.def 1999/11/29 v1.0c Cyrillic encoding definition file
)
(/mnt/texlive/texmf/tex/latex/base/t1enc.def
File: t1enc.def 1999/12/08 v1.9x Standard LaTeX file
LaTeX Font Info:    Redeclaring font encoding T1 on input line 38.
))
(/mnt/texlive/texmf/tex/latex/tipa/tipa.sty
Package: tipa 1996/06/10 TIPA version 1.0
)
(/mnt/texlive/texmf/tex/latex/tipa/tone.sty
\@tonebarhtunit=\dimen128
\@tonebarhalfwd=\dimen129
)
(/mnt/texlive/texmf/tex/latex/amsfonts/amssymb.sty
Package: amssymb 1996/11/03 v2.2b

(/mnt/texlive/texmf/tex/latex/amsfonts/amsfonts.sty
Package: amsfonts 1997/09/17 v2.2e
\symAMSa=\mathgroup4
\symAMSb=\mathgroup5
LaTeX Font Info:    Overwriting math alphabet `\mathfrak' in version `bold'
(Font)                  U/euf/m/n --> U/euf/b/n on input line 133.
))
(/mnt/texlive/texmf/tex/latex/tools/bm.sty
Package: bm 1999/07/05 v1.0g Bold Symbol Support (DPC/FMi)
LaTeX Info: Redefining \bm on input line 195.
)
(/mnt/texlive/texmf/tex/latex/base/textcomp.sty
Package: textcomp 1999/12/08 v1.9x Standard LaTeX package

(/mnt/texlive/texmf/tex/latex/base/ts1enc.def
File: ts1enc.def 1998/06/12 v3.0d (jk/car/fm) Standard LaTeX file
))
(/mnt/texlive/texmf/tex/latex/psnfss/pifont.sty
Package: pifont 2000/01/12 PSNFSS-v8.1 Pi font support (SPQR) 
LaTeX Font Info:    Try loading font information for U+pzd on input line 62.

(/mnt/texlive/texmf/tex/latex/psnfss/upzd.fd
File: upzd.fd 2000/01/12 PSNFSS-v8.1 font definitions for U/pzd.
)
LaTeX Font Info:    Try loading font information for U+psy on input line 63.

(/mnt/texlive/texmf/tex/latex/psnfss/upsy.fd
File: upsy.fd 2000/01/12 PSNFSS-v8.1 font definitions for U/psy.
))
(/mnt/texlive/texmf/tex/latex/wasysym/wasysym.sty
Package: wasysym 1999/05/13 v1.0i Wasy-2 symbol support package
\symwasy=\mathgroup6
LaTeX Font Info:    Overwriting symbol font `wasy' in version `bold'
(Font)                  U/wasy/m/n --> U/wasy/b/n on input line 50.
)
(/mnt/texlive/texmf/tex/latex/stmaryrd/stmaryrd.sty
Package: stmaryrd 1994/03/03 St Mary's Road symbol package
\symstmry=\mathgroup7
LaTeX Font Info:    Overwriting symbol font `stmry' in version `bold'
(Font)                  U/stmry/m/n --> U/stmry/b/n on input line 89.
)
WARNING: Elsevier font setup not found
(/mnt/texlive/texmf/tex/xmltex/passivetex/dummyels.sty
Package: dummyels 1999/12/06: S Rahtz; dummy Elsevier names
)
WARNING: mmasym package not loaded. some symbols will fail
LaTeX Info: Redefining \longrightarrow on input line 160.
LaTeX Info: Redefining \longleftarrow on input line 162.
\ex@=\dimen130
LaTeX Font Info:    Redeclaring math accent \mathring on input line 179.
)
\BlockBox=\box62
\ItemBox=\box63
 (/mnt/texlive/texmf/tex/xmltex/passivetex/ucharacters.sty)
(/mnt/texlive/texmf/tex/latex/ltxmisc/url.sty
\Urlmuskip=\muskip11
Package: url 1999/03/28  ver 1.5x  Verb mode for urls, etc.
)
(/mnt/texlive/texmf/tex/latex/hyperref/hyperref.sty
Package: hyperref 2000/05/08 v6.70f Hypertext links for LaTeX
\@linkdim=\dimen131
\Hy@linkcounter=\count117
\Hy@pagecounter=\count118

(/mnt/texlive/texmf/tex/latex/hyperref/pd1enc.def
File: pd1enc.def 2000/05/08 v6.70f Hyperref: PDFDocEncoding definition (HO)
)
(/mnt/texlive/texmf/tex/latex/texlive/hyperref.cfg)
Package hyperref Info: Option `colorlinks' set `false' on input line 1425.
Package hyperref Info: Bookmarks ON on input line 1483.
Package hyperref Info: Hyper figures OFF on input line 1502.
Package hyperref Info: Link nesting OFF on input line 1507.
Package hyperref Info: Hyper index ON on input line 1510.
Package hyperref Info: Plain pages ON on input line 1515.
Package hyperref Info: Backreferencing OFF on input line 1522.

Implicit mode ON; LaTeX internals redefined
\Fld@menulength=\count119
\Field@Width=\dimen132
\Fld@charsize=\dimen133
\Choice@toks=\toks24
\Field@toks=\toks25
Package hyperref Info: Hyper figures OFF on input line 2153.
Package hyperref Info: Link nesting OFF on input line 2158.
Package hyperref Info: Hyper index ON on input line 2161.
Package hyperref Info: backreferencing OFF on input line 2168.
Package hyperref Info: Link coloring OFF on input line 2173.
\c@Item=\count120
\c@Hfootnote=\count121
)
*hyperref using driver hpdftex*
(/mnt/texlive/texmf/tex/latex/hyperref/hpdftex.def
File: hpdftex.def 2000/05/08 v6.70f Hyperref driver for pdfTeX
\Fld@listcount=\count122
\@outlinefile=\write3
)
(/mnt/texlive/texmf/tex/latex/hyperref/nameref.sty
Package: nameref 2000/05/08 v2.18 Cross-referencing by name of section
\c@section@level=\count123
)
\ColSpecs=\toks26
\NCols=\count124
\ColCount=\count125
\RowCount=\count126
\FOListBlocks=\count127
\TableWidth=\dimen134
\@default=\dimen135
\MasterLeftMargin=\dimen136
\MasterRightMargin=\dimen137
\MasterBottomMargin=\dimen138
\MasterTopMargin=\dimen139
) (geant.new.aux)
\openout1 = `geant.new.aux'.

LaTeX Font Info:    Checking defaults for OML/cmm/m/it on input line 1.
LaTeX Font Info:    ... okay on input line 1.
LaTeX Font Info:    Checking defaults for T1/cmr/m/n on input line 1.
LaTeX Font Info:    ... okay on input line 1.
LaTeX Font Info:    Checking defaults for OT1/cmr/m/n on input line 1.
LaTeX Font Info:    ... okay on input line 1.
LaTeX Font Info:    Checking defaults for OMS/cmsy/m/n on input line 1.
LaTeX Font Info:    ... okay on input line 1.
LaTeX Font Info:    Checking defaults for OMX/cmex/m/n on input line 1.
LaTeX Font Info:    ... okay on input line 1.
LaTeX Font Info:    Checking defaults for U/cmr/m/n on input line 1.
LaTeX Font Info:    ... okay on input line 1.
LaTeX Font Info:    Checking defaults for T3/ptm/m/n on input line 1.
LaTeX Font Info:    Try loading font information for T3+ptm on input line 1.

(/mnt/texlive/texmf/tex/latex/tipa/t3ptm.fd
File: T3ptm.fd 1996/06/10 TIPA font definitions
)
LaTeX Font Info:    ... okay on input line 1.
LaTeX Font Info:    Checking defaults for T2A/cmr/m/n on input line 1.
LaTeX Font Info:    Try loading font information for T2A+cmr on input line 1.

(/mnt/texlive/texmf/tex/latex/cyrillic/t2acmr.fd
File: t2acmr.fd 1999/01/07 v1.0 Computer Modern Cyrillic font definitions
)
LaTeX Font Info:    ... okay on input line 1.
LaTeX Font Info:    Checking defaults for TS1/cmr/m/n on input line 1.
LaTeX Font Info:    Try loading font information for TS1+cmr on input line 1.

(/mnt/texlive/texmf/tex/latex/base/ts1cmr.fd
File: ts1cmr.fd 1999/05/25 v2.5h Standard LaTeX font definitions
)
LaTeX Font Info:    ... okay on input line 1.
LaTeX Font Info:    Checking defaults for LECO/omseco/m/n on input line 1.
LaTeX Font Info:    ... okay on input line 1.
LaTeX Font Info:    Checking defaults for LECX/omsecx/m/n on input line 1.
LaTeX Font Info:    ... okay on input line 1.
LaTeX Font Info:    Checking defaults for LECY/omsecy/m/n on input line 1.
LaTeX Font Info:    ... okay on input line 1.
LaTeX Font Info:    Checking defaults for LEGR/omsegr/m/n on input line 1.
LaTeX Font Info:    ... okay on input line 1.
LaTeX Font Info:    Checking defaults for LEHA/omseha/m/n on input line 1.
LaTeX Font Info:    ... okay on input line 1.
LaTeX Font Info:    Checking defaults for LEIP/omseip/m/n on input line 1.
LaTeX Font Info:    ... okay on input line 1.
LaTeX Font Info:    Checking defaults for LELA/omsela/m/n on input line 1.
LaTeX Font Info:    ... okay on input line 1.
LaTeX Font Info:    Checking defaults for LETI/omseti/m/n on input line 1.
LaTeX Font Info:    ... okay on input line 1.
LaTeX Font Info:    Checking defaults for PD1/pdf/m/n on input line 1.
LaTeX Font Info:    ... okay on input line 1.
LaTeX Font Info:    Try loading font information for T1+ptm on input line 1.

(/mnt/texlive/texmf/tex/latex/psnfss/t1ptm.fd
File: t1ptm.fd 2000/01/12 PSNFSS-v8.1 font definitions for T1/ptm.
) (supp-pdf.tex)
Package hyperref Info: Link coloring OFF on input line 1.
 (geant.new.out)
(geant.new.out)
\openout3 = `geant.new.out'.

LaTeX Info: Redefining \ref on input line 1.
LaTeX Info: Redefining \pageref on input line 1.

Passive TeX project: fotex format, Sebastian Rahtz: 2000/05/23
Start defining page masters
Define page master simple1, 150pt/80pt
 Set up [simple1:xsl-region-body] body content: 12.0pt|1|24pt|24pt|
 Link [simple1:after] to xsl-region-after
 Link [simple1:before] to xsl-region-before
Define page master left1, 150pt/80pt
 Set up [left1:xsl-region-body] body content: 12.0pt|1|24pt|24pt|
 Link [left1:after] to xsl-region-after-left
 Link [left1:before] to xsl-region-before-left
Define page master right1, 150pt/80pt
 Set up [right1:xsl-region-body] body content: 12.0pt|1|24pt|24pt|
 Link [right1:after] to xsl-region-after-right
 Link [right1:before] to xsl-region-before-right
Define page master first1, 150pt/80pt
 Set up [first1:xsl-region-body] body content: 12.0pt|1|24pt|24pt|
 Link [first1:after] to xsl-region-after-first
 Link [first1:before] to xsl-region-before-first
Define page master simple2, 150pt/80pt
 Set up [simple2:xsl-region-body] body content: 12.0pt|1|24pt|24pt|
 Link [simple2:after] to xsl-region-after
 Link [simple2:before] to xsl-region-before
Define page master left2, 150pt/80pt
 Set up [left2:xsl-region-body] body content: 12.0pt|1|24pt|24pt|
 Link [left2:after] to xsl-region-after-left
 Link [left2:before] to xsl-region-before-left
Define page master right2, 150pt/80pt
 Set up [right2:xsl-region-body] body content: 12.0pt|1|24pt|24pt|
 Link [right2:after] to xsl-region-after-right
 Link [right2:before] to xsl-region-before-right
Define page master first2, 150pt/80pt
 Set up [first2:xsl-region-body] body content: 12.0pt|1|24pt|24pt|
 Link [first2:after] to xsl-region-after-first
 Link [first2:before] to xsl-region-before-first
Page sequence master: twoside1
 (complex page layout with alternatives)
 First page for twoside1: first1
 Odd page for twoside1: right1
 Even page for twoside1: left1
Page sequence master: oneside1
 (complex page layout with alternatives)
 First page for oneside1: first1
 Default page for oneside1: simple1
Page sequence master: twoside2
 (complex page layout with alternatives)
 First page for twoside2: first2
 Odd page for twoside2: right2
 Even page for twoside2: left2
Page sequence master: oneside2
 (complex page layout with alternatives)
 First page for oneside2: first2
 Default page for oneside2: simple2
Finish defining page masters

Start page sequence, using layout twoside1
 first page master is [first1]
 odd page master is [right1]
 even page master is [left1]
 set up static area Static:xsl-region-after-right [<5:block^^I0:text-align="end
" 0:font-size="10pt" ><5:page-number^^I></5:page-number></5:block>]
 set up static area Static:xsl-region-after-left [<5:block^^I0:text-align="just
ify" 0:font-size="10pt" ><5:page-number^^I></5:page-number><5:leader^^I0:rule-t
hickness="0pt" ></5:leader></5:block>]
 set up static area Static:xsl-region-before-right [<5:block^^I0:text-align="ce
nter" 0:font-size="10pt" ></5:block>]
 set up static area Static:xsl-region-before-left [<5:block^^I0:text-align="cen
ter" 0:font-size="10pt" ></5:block>]
 set up static area Static:xsl-region-before-first []
 set up static area Static:xsl-region-after-first [<5:block^^I0:font-size="10pt
" ><5:leader^^I0:text-align="center" 0:rule-thickness="0pt" ></5:leader><5:page
-number^^I></5:page-number></5:block>]
Load new language US
[1

{/mnt/texlive/texmf/pdftex/config/psfonts.map}{/mnt/texlive/texmf/pdftex/config
/lw35.map}{/mnt/texlive/texmf/pdftex/config/rawfonts.map}{/mnt/texlive/texmf/dv
ips/cspsfonts/csfontd.mapfile}]
Setting pdf size to 600.35315pt, 845.04684pt
Page size is 370.35315pt/622.04684pt, on paper 600.35315pt/845.04684pt,
 with paper margins 150.0pt/80.0pt, and region margins 75.0pt/100.0pt;
 footskip is 24.0pt, headsep is 24.0pt
 evensidemargin 80.0pt, oddsidemargin 80.0pt
(/mnt/texlive/texmf/tex/xmltex/base/mathml2.xmt)
LaTeX Font Info:    Try loading font information for U+msa on input line 3.

(/mnt/texlive/texmf/tex/latex/amsfonts/umsa.fd
File: umsa.fd 1995/01/05 v2.2e AMS font definitions
)
LaTeX Font Info:    Try loading font information for U+msb on input line 3.

(/mnt/texlive/texmf/tex/latex/amsfonts/umsb.fd
File: umsb.fd 1995/01/05 v2.2e AMS font definitions
)
LaTeX Font Info:    Try loading font information for U+wasy on input line 3.

(/mnt/texlive/texmf/tex/latex/wasysym/uwasy.fd
File: uwasy.fd 1999/05/13 v1.0iWasy-2 symbol font definitions
)
LaTeX Font Info:    Try loading font information for U+stmry on input line 3.

(/mnt/texlive/texmf/tex/latex/stmaryrd/Ustmry.fd)
Underfull \hbox (badness 10000) has occurred while \output is active
[]
 []

Load new language US, instead of (undefined)
[2

] (geant.new.aux) ) 
Here is how much of TeX's memory you used:
 8389 strings out of 49980
 91951 string characters out of 437992
 242548 words of memory out of 1500001
 11806 multiletter control sequences out of 10000+50000
 12486 words of font info for 38 fonts, out of 200000 for 1000
 14 hyphenation exceptions out of 1000
 44i,8n,32p,5717b,1852s stack positions out of 1500i,500n,1500p,200000b,10000s
</mnt/texlive/texmf/fonts/type1/bluesky/cm/cmr7.pfb></mnt/te
xlive/texmf/fonts/type1/bluesky/cm/cmr10.pfb></mnt/texlive/texmf/fonts/type1/bl
uesky/cm/cmsy10.pfb></mnt/texlive/texmf/fonts/type1/bluesky/cm/cmmi7.pfb></mnt/
texlive/texmf/fonts/type1/bluesky/cm/cmmi10.pfb>{/mnt/texlive/texmf/dvips/base/
8r.enc}
Output written on geant.new.pdf (2 pages, 19518 bytes).
