htlatex a.tex "xhtml,tei.4ht,unicode.4ht,mathml.4ht,tei-mml.4ht,tei-xslt.4ht" "unicode"
This is TeX, Version 3.14159 (Web2C 7.3.2x)
LaTeX2e <1999/12/01> patch level 1
Babel <v3.6Z> and hyphenation patterns for english, french, german, ngerman, du
mylang, nohyphenation, loaded.
(./a.tex (/mnt/texlive/texmf/tex/latex/base/article.cls
Document Class: article 1999/09/10 v1.4a Standard LaTeX document class
(/mnt/texlive/texmf/tex/latex/base/size10.clo))
(/mnt/texlive/texmf/tex/generic/tex4ht/tex4ht.sty)
(/mnt/texlive/texmf/tex/generic/tex4ht/tex4ht.sty
--- needs --- tex4ht a ---
(./a.tmp) (./a.xref) (/mnt/texlive/texmf/tex/generic/tex4ht/tei.4ht)
(/mnt/texlive/texmf/tex/generic/tex4ht/unicode.4ht)
(/mnt/texlive/texmf/tex/generic/tex4ht/mathml.4ht)
(/mnt/texlive/texmf/tex/generic/tex4ht/tei-mml.4ht) (./tei-xslt.4ht)
(/mnt/texlive/texmf/tex/generic/tex4ht/tei.4ht)
(/mnt/texlive/texmf/tex/generic/tex4ht/unicode.4ht)
(/mnt/texlive/texmf/tex/generic/tex4ht/mathml.4ht)
(/mnt/texlive/texmf/tex/generic/tex4ht/tei-mml.4ht) (./tei-xslt.4ht)
(/mnt/texlive/texmf/tex/generic/tex4ht/latex.4ht
(/mnt/texlive/texmf/tex/generic/tex4ht/tei.4ht)
(/mnt/texlive/texmf/tex/generic/tex4ht/unicode.4ht)
(/mnt/texlive/texmf/tex/generic/tex4ht/mathml.4ht)
(/mnt/texlive/texmf/tex/generic/tex4ht/tei-mml.4ht) (./tei-xslt.4ht))
(/mnt/texlive/texmf/tex/generic/tex4ht/fontmath.4ht
(/mnt/texlive/texmf/tex/generic/tex4ht/tei.4ht)
(/mnt/texlive/texmf/tex/generic/tex4ht/unicode.4ht)
(/mnt/texlive/texmf/tex/generic/tex4ht/mathml.4ht)
(/mnt/texlive/texmf/tex/generic/tex4ht/tei-mml.4ht) (./tei-xslt.4ht))
(/mnt/texlive/texmf/tex/generic/tex4ht/article.4ht
(/mnt/texlive/texmf/tex/generic/tex4ht/tei.4ht)
(/mnt/texlive/texmf/tex/generic/tex4ht/unicode.4ht)
(/mnt/texlive/texmf/tex/generic/tex4ht/mathml.4ht)
(/mnt/texlive/texmf/tex/generic/tex4ht/tei-mml.4ht) (./tei-xslt.4ht))) (./a.aux
) (./a.4ct) (./a.4ct)
! TeX capacity exceeded, sorry [input stack size=300].
\@setfontsize #1#2#3->\@nomath #1
                                 \ifx \protect \@typeset@protect \let \@curr...
l.13 \maketitle
               
No pages of output.
Transcript written on a.log.
This is TeX, Version 3.14159 (Web2C 7.3.2x)
LaTeX2e <1999/12/01> patch level 1
Babel <v3.6Z> and hyphenation patterns for english, french, german, ngerman, du
mylang, nohyphenation, loaded.
(./a.tex (/mnt/texlive/texmf/tex/latex/base/article.cls
Document Class: article 1999/09/10 v1.4a Standard LaTeX document class
(/mnt/texlive/texmf/tex/latex/base/size10.clo))
(/mnt/texlive/texmf/tex/generic/tex4ht/tex4ht.sty)
(/mnt/texlive/texmf/tex/generic/tex4ht/tex4ht.sty
--- needs --- tex4ht a ---
(./a.tmp) (./a.xref) (/mnt/texlive/texmf/tex/generic/tex4ht/tei.4ht)
(/mnt/texlive/texmf/tex/generic/tex4ht/unicode.4ht)
(/mnt/texlive/texmf/tex/generic/tex4ht/mathml.4ht)
(/mnt/texlive/texmf/tex/generic/tex4ht/tei-mml.4ht) (./tei-xslt.4ht)
(/mnt/texlive/texmf/tex/generic/tex4ht/tei.4ht)
(/mnt/texlive/texmf/tex/generic/tex4ht/unicode.4ht)
(/mnt/texlive/texmf/tex/generic/tex4ht/mathml.4ht)
(/mnt/texlive/texmf/tex/generic/tex4ht/tei-mml.4ht) (./tei-xslt.4ht)
(/mnt/texlive/texmf/tex/generic/tex4ht/latex.4ht
(/mnt/texlive/texmf/tex/generic/tex4ht/tei.4ht)
(/mnt/texlive/texmf/tex/generic/tex4ht/unicode.4ht)
(/mnt/texlive/texmf/tex/generic/tex4ht/mathml.4ht)
(/mnt/texlive/texmf/tex/generic/tex4ht/tei-mml.4ht) (./tei-xslt.4ht))
(/mnt/texlive/texmf/tex/generic/tex4ht/fontmath.4ht
(/mnt/texlive/texmf/tex/generic/tex4ht/tei.4ht)
(/mnt/texlive/texmf/tex/generic/tex4ht/unicode.4ht)
(/mnt/texlive/texmf/tex/generic/tex4ht/mathml.4ht)
(/mnt/texlive/texmf/tex/generic/tex4ht/tei-mml.4ht) (./tei-xslt.4ht))
(/mnt/texlive/texmf/tex/generic/tex4ht/article.4ht
(/mnt/texlive/texmf/tex/generic/tex4ht/tei.4ht)
(/mnt/texlive/texmf/tex/generic/tex4ht/unicode.4ht)
(/mnt/texlive/texmf/tex/generic/tex4ht/mathml.4ht)
(/mnt/texlive/texmf/tex/generic/tex4ht/tei-mml.4ht) (./tei-xslt.4ht))) (./a.aux
) (./a.4ct) (./a.4ct)
! TeX capacity exceeded, sorry [input stack size=300].
\@setfontsize #1#2#3->\@nomath #1
                                 \ifx \protect \@typeset@protect \let \@curr...
l.13 \maketitle
               
No pages of output.
Transcript written on a.log.
This is TeX, Version 3.14159 (Web2C 7.3.2x)
LaTeX2e <1999/12/01> patch level 1
Babel <v3.6Z> and hyphenation patterns for english, french, german, ngerman, du
mylang, nohyphenation, loaded.
(./a.tex (/mnt/texlive/texmf/tex/latex/base/article.cls
Document Class: article 1999/09/10 v1.4a Standard LaTeX document class
(/mnt/texlive/texmf/tex/latex/base/size10.clo))
(/mnt/texlive/texmf/tex/generic/tex4ht/tex4ht.sty)
(/mnt/texlive/texmf/tex/generic/tex4ht/tex4ht.sty
--- needs --- tex4ht a ---
(./a.tmp) (./a.xref) (/mnt/texlive/texmf/tex/generic/tex4ht/tei.4ht)
(/mnt/texlive/texmf/tex/generic/tex4ht/unicode.4ht)
(/mnt/texlive/texmf/tex/generic/tex4ht/mathml.4ht)
(/mnt/texlive/texmf/tex/generic/tex4ht/tei-mml.4ht) (./tei-xslt.4ht)
(/mnt/texlive/texmf/tex/generic/tex4ht/tei.4ht)
(/mnt/texlive/texmf/tex/generic/tex4ht/unicode.4ht)
(/mnt/texlive/texmf/tex/generic/tex4ht/mathml.4ht)
(/mnt/texlive/texmf/tex/generic/tex4ht/tei-mml.4ht) (./tei-xslt.4ht)
(/mnt/texlive/texmf/tex/generic/tex4ht/latex.4ht
(/mnt/texlive/texmf/tex/generic/tex4ht/tei.4ht)
(/mnt/texlive/texmf/tex/generic/tex4ht/unicode.4ht)
(/mnt/texlive/texmf/tex/generic/tex4ht/mathml.4ht)
(/mnt/texlive/texmf/tex/generic/tex4ht/tei-mml.4ht) (./tei-xslt.4ht))
(/mnt/texlive/texmf/tex/generic/tex4ht/fontmath.4ht
(/mnt/texlive/texmf/tex/generic/tex4ht/tei.4ht)
(/mnt/texlive/texmf/tex/generic/tex4ht/unicode.4ht)
(/mnt/texlive/texmf/tex/generic/tex4ht/mathml.4ht)
(/mnt/texlive/texmf/tex/generic/tex4ht/tei-mml.4ht) (./tei-xslt.4ht))
(/mnt/texlive/texmf/tex/generic/tex4ht/article.4ht
(/mnt/texlive/texmf/tex/generic/tex4ht/tei.4ht)
(/mnt/texlive/texmf/tex/generic/tex4ht/unicode.4ht)
(/mnt/texlive/texmf/tex/generic/tex4ht/mathml.4ht)
(/mnt/texlive/texmf/tex/generic/tex4ht/tei-mml.4ht) (./tei-xslt.4ht))) (./a.aux
) (./a.4ct) (./a.4ct)
! TeX capacity exceeded, sorry [input stack size=300].
\@setfontsize #1#2#3->\@nomath #1
                                 \ifx \protect \@typeset@protect \let \@curr...
l.13 \maketitle
               
No pages of output.
Transcript written on a.log.
tex4ht.c (2000-05-22-16:19)
[1 file a.html
] [2] [3] [4] [5] [6] [7] [8] [9] [10]
Execute script `a.lg'
t4ht.c (2000-03-22-21:15)
Entering /afs/cern.ch/user/g/goossens/.tex4ht
Entering a.lg
rxp -V -s a.xml
%%%%%%%%%%%%%%%%%%%%%%%%%%%%%%
% tex4ht.env  / .tex4ht                   %
%                                         %
% Notes:                                  %
%  1. empty lines are harmful             %
%  2. place this file in your work        %
%     directory and/or root directory     %
%     and/or in directory `xxx' of your   %
%     choice. In the latest case, compile %
%     tex4ht.c with `#define HTFDIR xxx'  %
%%%%%%%%%%%%%%%%%%%%%%%%%%%%%%%%%%%%%%%%%%%
% * Replace `path' and `tfmpath/...'      %
% * A ! requests recursive search into    %
%   subdirectories                        %
% * Multiple entries of each type are     %
%   allowed                               %
%%%%%%%%%%%%%%%%%%%%%%%%%%%%%%%%%%%%%%%%%%%
 ttfmpath/tex/texmf/fonts/tfm/!
 ipath/tex4ht.dir/ht-fonts/iso8859/!
 ipath/tex4ht.dir/ht-fonts/alias/!
%%%%%%%%%%%%%%%%%%%%%%%%%%%%%%%%%%%%%%%%%%%
% Replace `path'                          %
%%%%%%%%%%%%%%%%%%%%%%%%%%%%%%%%%%%%%%%%%%%
% directory for tex4ht.fls
 lpath/tex4ht.dir/
%%%%%%%%%%%%%%%%%%%%%%%%%%%%%%%%%%%%%%%%%%
% aliases for .htf fonts                 %
%%%%%%%%%%%%%%%%%%%%%%%%%%%%%%%%%%%%%%%%%%
acmbsy cmsy
acmbx cmr
acmitt cmtt
acmsl cmr
acmss cmti
acmtcsc cmtt
acmtex cmtt
acmu cmti
aptmb cmr
aptmr7 cmr
aptmri cmti
aec ectt
%%%%%%%%%%%%%%%%%%%%%%%%%%%%%%%%%%%%%%%%%%
% Default scripts
%%%%%%%%%%%%%%%%%%%%%%%%%%%%%%%%%%%%%%%%%%
 s--- needs --- %%1.idv[%%2] ==> %%3 ---
 b--- characters ---
 g.gif
% remove protection
S*
% dvi-to-gif
Gdvips -mode ibmvga -D 110 -f %%1 -pp %%2  > tex4ht.ps
Gconvert -crop 0x0 -density 110x110 -transparency '#FFFFFF' tex4ht.ps %%3
% alternative
%  Gdvips -mode ibmvga -D 110 -f %%1 -pp %%2  > zz%%4.ps
%  Ggs -sDEVICE=ppm -sOutputFile=zz%%4.ppm -q -dbatch -dNOPAUSE zz%%4.ps -c quit
%  Gconvert -crop 0x0 -density 110x110 -transparent '#FFFFFF' zz%%4.ppm %%3
% t4ht -d%%2
Mmv %%1 %%2%%3
Ccp %%1 %%2%%3
% t4ht -d%%2 -m%%1
Achmod %%1 %%2%%3
% empty gifs
 Ecp  empty.pic %%1%%2
% validations, XSTL tranformations,...
 Xmake -f NSGMLS name=%%1  ext=%%2
% end of file

----------------------------------------------------
--- warning --- Couldn't find font `cmbx10.htf' (char codes: 0--127)
--- warning --- Couldn't find font `cmbx9.htf' (char codes: 0--127)
--- warning --- Couldn't find font `cmbx12.htf' (char codes: 0--127)
/afs/.cern.ch/project/cnas_doc/sources/geant4/a.xml: No such file or directory
make: *** [a.xml] Error 1
