This is TeX, Version 3.14159 (Web2C 7.3.2x) (format=latex 2000.5.25)  3 JUN 2000 19:34
**PhysicsReferenceManual
(./PhysicsReferenceManual.tex
LaTeX2e <1999/12/01> patch level 1
Babel <v3.6Z> and hyphenation patterns for english, french, german, ngerman, du
mylang, nohyphenation, loaded.
(/mnt/texlive/texmf/tex/latex/base/report.cls
Document Class: report 1999/09/10 v1.4a Standard LaTeX document class
(/mnt/texlive/texmf/tex/latex/base/size11.clo
File: size11.clo 1999/09/10 v1.4a Standard LaTeX file (size option)
)
\c@part=\count79
\c@chapter=\count80
\c@section=\count81
\c@subsection=\count82
\c@subsubsection=\count83
\c@paragraph=\count84
\c@subparagraph=\count85
\c@figure=\count86
\c@table=\count87
\abovecaptionskip=\skip41
\belowcaptionskip=\skip42
\bibindent=\dimen102
)
(/mnt/texlive/texmf/tex/latex/cite/chapterbib.sty
\c@inputfile=\count88
Package: chapterbib 1999/04/29  v 1.8 
)
(./PhysicsReferenceManual.aux (./generalities/integral.aux)
(./generalities/setcuts.aux) (./electromagnetic/utils/enloss.aux)
(./decay/decay.aux) (./electromagnetic/standard/photoelec.aux)
(./electromagnetic/standard/compton.aux) (./electromagnetic/standard/eion.aux)
(./electromagnetic/standard/ebrem.aux) (./electromagnetic/standard/annil.aux)
(./electromagnetic/standard/synch.aux) (./electromagnetic/standard/pai.aux)
(./electromagnetic/standard/sandia.aux) (./electromagnetic/xrays/xtr.aux)
(./electromagnetic/muons/msc.aux) (./electromagnetic/muons/muion.aux)
(./electromagnetic/muons/mubrem.aux) (./electromagnetic/xrays/xtr.aux)
(./electromagnetic/standard/hion.aux) (./electromagnetic/xrays/xtr.aux)
(./optical/optical.aux) (./photolepton_hadron/photolepton_hadron.aux)
(./hadronic/stopping/stopping.aux) (./hadronic/stopping/mg.aux)
(./hadronic/stopping/piabs.aux) (./hadronic/theory_driven/theory_driven.aux

LaTeX Warning: Label `GLMP91@-25' multiply defined.


LaTeX Warning: Label `Elton61@-25' multiply defined.


LaTeX Warning: Label `BJ77@-25' multiply defined.


LaTeX Warning: Label `DF74@-25' multiply defined.


LaTeX Warning: Label `BM69@-25' multiply defined.


LaTeX Warning: Label `PDG96@-25' multiply defined.


LaTeX Warning: Label `SFE8' multiply defined.


LaTeX Warning: Label `SFE9' multiply defined.


LaTeX Warning: Label `IKP94@-25' multiply defined.


LaTeX Warning: Label `WE40@-25' multiply defined.


LaTeX Warning: Label `SPE4' multiply defined.


LaTeX Warning: Label `SMC79@-25' multiply defined.


LaTeX Warning: Label `FCS2' multiply defined.


LaTeX Warning: Label `BW39@-25' multiply defined.


LaTeX Warning: Label `WE40@-25' multiply defined.


LaTeX Warning: Label `ICC80@-25' multiply defined.


LaTeX Warning: Label `CAM57@-25' multiply defined.


LaTeX Warning: Label `CAM57@-25' multiply defined.

) (./parameterisation/parameterisation.aux))
\openout1 = `PhysicsReferenceManual.aux'.

LaTeX Font Info:    Checking defaults for OML/cmm/m/it on input line 7.
LaTeX Font Info:    ... okay on input line 7.
LaTeX Font Info:    Checking defaults for T1/cmr/m/n on input line 7.
LaTeX Font Info:    ... okay on input line 7.
LaTeX Font Info:    Checking defaults for OT1/cmr/m/n on input line 7.
LaTeX Font Info:    ... okay on input line 7.
LaTeX Font Info:    Checking defaults for OMS/cmsy/m/n on input line 7.
LaTeX Font Info:    ... okay on input line 7.
LaTeX Font Info:    Checking defaults for OMX/cmex/m/n on input line 7.
LaTeX Font Info:    ... okay on input line 7.
LaTeX Font Info:    Checking defaults for U/cmr/m/n on input line 7.
LaTeX Font Info:    ... okay on input line 7.
LaTeX Font Info:    External font `cmex10' loaded for size
(Font)              <12> on input line 8.
LaTeX Font Info:    External font `cmex10' loaded for size
(Font)              <8> on input line 8.
LaTeX Font Info:    External font `cmex10' loaded for size
(Font)              <6> on input line 8.
 [1

] [2

] [3]
\openout2 = `generalities/integral.aux'.


(./generalities/integral.tex
Chapter 1.
LaTeX Font Info:    External font `cmex10' loaded for size
(Font)              <10.95> on input line 9.
[4



] [5] [6]
LaTeX Font Info:    Try loading font information for OMS+cmr on input line 162.

 (/mnt/texlive/texmf/tex/latex/base/omscmr.fd
File: omscmr.fd 1999/05/25 v2.5h Standard LaTeX font definitions
)
LaTeX Font Info:    Font shape `OMS/cmr/m/n' in size <10.95> not available
(Font)              Font shape `OMS/cmsy/m/n' tried instead on input line 162.
 [7] [8]
Underfull \hbox (badness 1184) in paragraph at lines 255--256
[]\OT1/cmr/m/n/10.95 GEANT3 man-ual ,CERN Pro-gram Li-brary Long Writeup
 []

) [9]
\openout2 = `generalities/setcuts.aux'.

 (./generalities/setcuts.tex
Chapter 2.
[10




] [11] [12]) [13]
\openout2 = `electromagnetic/utils/enloss.aux'.

 (./electromagnetic/utils/enloss.tex
Chapter 3.

Underfull \hbox (badness 10000) in paragraph at lines 9--15
\OT1/cmr/m/n/10.95 The G4eEnergyLoss class com-putes the con-tin-u-ous en-ergy 
loss
 []


Overfull \hbox (0.8334pt too wide) in paragraph at lines 23--25
\OT1/cmr/m/n/10.95 to soft bremsstrahlung and it sim-u-lates the 'dis-crete' or
 hard bremsstrahlung. 
 []

[14




] [15] [16]
Underfull \hbox (badness 1184) in paragraph at lines 145--146
[]\OT1/cmr/m/n/10.95 GEANT3 man-ual ,CERN Pro-gram Li-brary Long Writeup
 []

) [17] [18


] [19]
\openout2 = `decay/decay.aux'.

 (./decay/decay.tex
Chapter 4.
) [20



] [21


] [22]
\openout2 = `electromagnetic/standard/photoelec.aux'.

 (./electromagnetic/standard/photoelec.tex
Chapter 5.

Overfull \hbox (57.36241pt too wide) detected at line 33
[]
 []

[23



] [24]) [25]
\openout2 = `electromagnetic/standard/compton.aux'.

 (./electromagnetic/standard/compton.tex
Chapter 6.
[26




] [27] [28] [29]) [30] [31


] [32]
\openout2 = `electromagnetic/standard/eion.aux'.

 (./electromagnetic/standard/eion.tex
Chapter 7.
[33



]
Overfull \hbox (4.6895pt too wide) detected at line 74
[]
 []


Overfull \hbox (47.68831pt too wide) detected at line 85
[]\OML/cmm/m/it/10.95 F[]\OT1/cmr/m/n/10.95 (\OML/cmm/m/it/10.95 ^^\; \OT1/cmr/
m/n/10.95 ^^A) = [](\OML/cmm/m/it/10.95 ^^\\OT1/cmr/m/n/10.95 ^^A) \OMS/cmsy/m/
n/10.95 ^^@ [] []
 []


Overfull \hbox (10.70877pt too wide) detected at line 109
[]\OML/cmm/m/it/10.95 ^^[\OT1/cmr/m/n/10.95 (\OML/cmm/m/it/10.95 Z; E; T[]\OT1/
cmr/m/n/10.95 ) = [] []
 []

[34]
Overfull \hbox (54.64352pt too wide) detected at line 117
[]\OML/cmm/m/it/10.95 ^^[\OT1/cmr/m/n/10.95 (\OML/cmm/m/it/10.95 Z; E; T[]\OT1/
cmr/m/n/10.95 ) = [] []
 []

LaTeX Font Info:    External font `cmex10' loaded for size
(Font)              <14.4> on input line 140.
LaTeX Font Info:    External font `cmex10' loaded for size
(Font)              <7> on input line 140.
[35]
Overfull \hbox (44.27014pt too wide) detected at line 179
[]
 []

[36]
Underfull \hbox (badness 1184) in paragraph at lines 240--241
[]\OT1/cmr/m/n/10.95 GEANT3 man-ual ,CERN Pro-gram Li-brary Long Writeup
 []

) [37]
\openout2 = `electromagnetic/standard/ebrem.aux'.

 (./electromagnetic/standard/ebrem.tex
Chapter 8.
[38




] [39]
Overfull \hbox (56.54425pt too wide) in alignment at lines 105--127
 [][][] []
 []


Overfull \hbox (0.67844pt too wide) detected at line 142
\OML/cmm/m/it/10.95 F[]\OT1/cmr/m/n/10.95 (\OML/cmm/m/it/10.95 X; Y\OT1/cmr/m/n
/10.95 )[] = \OML/cmm/m/it/10.95 F[]\OT1/cmr/m/n/10.95 (\OML/cmm/m/it/10.95 X; 
Y\OT1/cmr/m/n/10.95 )[]  [][] = [][]
 []

[40] [41] [42]
Overfull \hbox (30.41344pt too wide) in alignment at lines 277--282
 [][][] []
 []

[43]
Overfull \hbox (21.96391pt too wide) in alignment at lines 355--368
 [][][] []
 []

[44] [45]
Overfull \hbox (22.64218pt too wide) in paragraph at lines 479--486
\OT1/cmr/m/n/10.95 The pho-ton en-ergy is sam-pled ac-cord-ing to the Seltzer a
nd Berger bremsstrahlung
 []


Overfull \hbox (41.50735pt too wide) detected at line 510
[]
 []

[46] [47] [48] [49] [50]
Underfull \hbox (badness 1184) in paragraph at lines 733--734
[]\OT1/cmr/m/n/10.95 GEANT3 man-ual ,CERN Pro-gram Li-brary Long Writeup
 []

) [51]
\openout2 = `electromagnetic/standard/annil.aux'.

 (./electromagnetic/standard/annil.tex
Chapter 9.
LaTeX Font Info:    External font `cmex10' loaded for size
(Font)              <24.88> on input line 2.
LaTeX Font Info:    External font `cmex10' loaded for size
(Font)              <20.74> on input line 2.
LaTeX Font Info:    External font `cmex10' loaded for size
(Font)              <17.28> on input line 2.
[52




] [53] [54]) [55]
\openout2 = `electromagnetic/standard/synch.aux'.

 (./electromagnetic/standard/synch.tex
Chapter 10.
[56




] [57]) [58]
\openout2 = `electromagnetic/standard/pai.aux'.

 (./electromagnetic/standard/pai.tex
Chapter 11.
[59




] [60] [61]) [62]
\openout2 = `electromagnetic/standard/sandia.aux'.

 (./electromagnetic/standard/sandia.tex
Chapter 12.
[63




]) [64]
\openout2 = `electromagnetic/xrays/xtr.aux'.

 (./electromagnetic/xrays/xtr.tex
Chapter 13.
[65




] [66] [67]) [68] [69


] [70]
\openout2 = `electromagnetic/muons/msc.aux'.

 (./electromagnetic/muons/msc.tex
Chapter 14.
[71



] [72]
Underfull \hbox (badness 2050) in paragraph at lines 110--119
[]\OT1/cmr/m/n/10.95 The Along-StepGet-Phys-i-cal-In-ter-ac-tion-Length func-ti
on per-forms the
 []


Overfull \hbox (0.82323pt too wide) in paragraph at lines 110--119
[] \OT1/cmr/m/n/10.95 trans-for-ma-tion . It should be called af-ter the other 
physics
 []

[73]) [74]
\openout2 = `electromagnetic/muons/muion.aux'.

 (./electromagnetic/muons/muion.tex
Chapter 15.

Overfull \hbox (33.18456pt too wide) detected at line 67
[][] \OT1/cmr/m/n/10.95 = []
 []

[75




]
Overfull \hbox (68.02084pt too wide) detected at line 104
[]
 []

[76] [77] [78]
Underfull \hbox (badness 1184) in paragraph at lines 261--262
[]\OT1/cmr/m/n/10.95 GEANT3 man-ual ,CERN Pro-gram Li-brary Long Writeup
 []

) [79]
\openout2 = `electromagnetic/muons/mubrem.aux'.

 (./electromagnetic/muons/mubrem.tex
Chapter 16.

Overfull \hbox (2.2125pt too wide) in paragraph at lines 9--11
\OT1/cmr/m/n/10.95 The dif-fer-en-tial cross sec-tion for muon brem-strahlung (
in units $\OML/cmm/m/it/10.95 cm[]=\OT1/cmr/m/n/10.95 (\OML/cmm/m/it/10.95 g []
GeV\OT1/cmr/m/n/10.95 )$)
 []

[80




] [81] [82]) [83]
\openout2 = `electromagnetic/xrays/xtr.aux'.

 (./electromagnetic/xrays/xtr.tex
Chapter 17.
[84




] [85] [86]) [87] [88


] [89]
\openout2 = `electromagnetic/standard/hion.aux'.

 (./electromagnetic/standard/hion.tex
Chapter 18.

Overfull \hbox (33.18456pt too wide) detected at line 66
[][] \OT1/cmr/m/n/10.95 = []
 []

[90



]
Overfull \hbox (68.02084pt too wide) detected at line 102
[]
 []

[91] [92]
Overfull \hbox (10.55077pt too wide) detected at line 223
[]\OML/cmm/m/it/10.95 ^^[\OT1/cmr/m/n/10.95 (\OML/cmm/m/it/10.95 Z; E; T[]\OT1/
cmr/m/n/10.95 ) = []
 []

[93]
Underfull \hbox (badness 1184) in paragraph at lines 284--285
[]\OT1/cmr/m/n/10.95 GEANT3 man-ual ,CERN Pro-gram Li-brary Long Writeup
 []

) [94]
\openout2 = `electromagnetic/xrays/xtr.aux'.

 (./electromagnetic/xrays/xtr.tex
Chapter 19.
[95




] [96] [97]) [98] [99


] [100]
\openout2 = `optical/optical.aux'.

 (./optical/optical.tex
Chapter 20.
) [101



] [102


] [103]
\openout2 = `photolepton_hadron/photolepton_hadron.aux'.

 (./photolepton_hadron/photolepton_hadron.tex
Chapter 21.
) [104



]
\openout2 = `hadronic/stopping/stopping.aux'.

 (./hadronic/stopping/stopping.tex
Chapter 22.
) [105




]
\openout2 = `hadronic/stopping/mg.aux'.

 (./hadronic/stopping/mg.tex
Overfull \hbox (6.01526pt too wide) in paragraph at lines 23--31
[]\OT1/cmr/m/n/10.95 A set of stopped par-ti-cle ab-sorp-tion pro-cesses is im-
ple-mented in GEANT4,
 []

) [106



]
\openout2 = `hadronic/stopping/piabs.aux'.

 (./hadronic/stopping/piabs.tex
Overfull \hbox (53.57092pt too wide) in paragraph at lines 9--17
\OT1/cmr/m/n/10.95 data; the pri-mary ab-sorp-tion com-po-nent is han-dled by c
lass G4PiMinusStopAbsorption.
 []

) [107



]
\openout2 = `hadronic/theory_driven/theory_driven.aux'.

 (./hadronic/theory_driven/theory_driven.tex
Chapter 23.
(./hadronic/theory_driven/PartonString/PartonStringModel.tex [108




]
Chapter 24.
(./hadronic/theory_driven/PartonString/PartonStringModelAlgorithm.tex)
(./hadronic/theory_driven/PartonString/ReactionInitialStatePSM.tex [109

]
[110] [111] [112])
(./hadronic/theory_driven/PartonString/SampleParticipants.tex
Overfull \hbox (1.6462pt too wide) in paragraph at lines 2--2
[]\OT1/cmr/bx/n/14.4 Sample of col-li-sion par-tic-i-pants in nu-clear col-
 []


Overfull \hbox (5.12207pt too wide) in paragraph at lines 5--20
\OT1/cmr/m/n/10.95 relativistic en-er-gies are con-sid-ered as in-de-pen-dent h
adron--nucleon or nucleon-
 []

[113]
Overfull \hbox (15.28133pt too wide) in paragraph at lines 96--101
\OT1/cmr/m/n/10.95 1\OML/cmm/m/it/10.95 :\OT1/cmr/m/n/10.95 4$ can be in-tro-du
ced to de-ter-mine the con-tri-bu-tion of diffrac-tive dissociation[[]].
 []

[114]
Overfull \hbox (5.9598pt too wide) in paragraph at lines 121--121
[]\OT1/cmr/bx/n/12 High en-ergy hadron--nucleon in-ter-ac-tion cross sec-tions.
 
 []

[115])
(./hadronic/theory_driven/PartonString/SampleLongitudinalKinkyStrings.tex
[116]) (./hadronic/theory_driven/PartonString/LongitudinalStringExcitation.tex
[117] [118]
Overfull \hbox (4.6723pt too wide) in paragraph at lines 132--132
[]\OT1/cmr/bx/n/12 Hadron--nucleus or nucleus--nucleus in-elas-tic col-li-sions
. 
 []


Overfull \hbox (8.22455pt too wide) in paragraph at lines 134--139
 \OT1/cmr/m/n/10.95 Hadron-nucleus or nucleus-nucleus col-li-sions in the both 
ap-proaches (diffrac-
 []

[119] [120]) (./hadronic/theory_driven/PartonString/KinkyStringExcitation.tex
[121] [122]) (./hadronic/theory_driven/PartonString/LongitudinalStringDecay.tex
[123] [124] [125]) (./hadronic/theory_driven/PartonString/KinkyStringDecay.tex)
(./hadronic/theory_driven/PartonString/PartonStringStatus.tex)
(./hadronic/theory_driven/PartonString/PartonStringReferences.tex [126]
[127])) (./hadronic/theory_driven/HadronKinetic/HadronKineticModel.tex [128]
Chapter 25.
(./hadronic/theory_driven/HadronKinetic/KineticModelAlgorithm.tex) [129

]
(./hadronic/theory_driven/HadronKinetic/ReactionInitialStateHKM.tex [130]
[131] [132]) (./hadronic/theory_driven/HadronKinetic/HadronPropagation.tex)
[133] (./hadronic/theory_driven/HadronKinetic/SelectionCollisionDecay.tex
Overfull \hbox (5.1191pt too wide) in paragraph at lines 45--51
[]\OT1/cmr/m/n/10.95 We or-der col-li-sions in the ref-er-ence frame of the had
ron-nucleus or nucleus-
 []

[134]) (./hadronic/theory_driven/HadronKinetic/CollisionCrossSections.tex
[135] [136]
Overfull \hbox (7.50108pt too wide) in paragraph at lines 57--68
\OT1/cmr/m/n/10.95 where $\OML/cmm/m/it/10.95 < T[]T[]T[]T[]\OMS/cmsy/m/n/10.95
 jj\OML/cmm/m/it/10.95 T[]T[] >$ \OT1/cmr/m/n/10.95 are Clebsch-Gordan co-ef-fi
-cients, $\OML/cmm/m/it/10.95 T[]$\OT1/cmr/m/n/10.95 ,$\OML/cmm/m/it/10.95 T[]$

 []

[137] [138] [139] [140])
(./hadronic/theory_driven/HadronKinetic/HadronCollisionSimulation.tex [141]
Overfull \hbox (66.74574pt too wide) in alignment at lines 39--64
 [][][] []
 []


Underfull \hbox (badness 10000) in paragraph at lines 84--88

 []

[142]) (./hadronic/theory_driven/HadronKinetic/DecaySimulation.tex [143])
(./hadronic/theory_driven/HadronKinetic/PhenomenologicalPotentials.tex [144]
[145]) (./hadronic/theory_driven/HadronKinetic/PauliBlockingSimulation.tex
[146] [147] [148])
(./hadronic/theory_driven/HadronKinetic/FragmentRecognition.tex) [149]
(./hadronic/theory_driven/HadronKinetic/ExcitationEnergyCalculation.tex
[150]) (./hadronic/theory_driven/HadronKinetic/HadronKineticStatus.tex)
(./hadronic/theory_driven/HadronKinetic/HadronKineticReferences.tex [151]))
(./hadronic/theory_driven/GammaInteraction/GammaInteractionModel.tex [152]
Chapter 26.
(./hadronic/theory_driven/GammaInteraction/GammaInteractionModelAlgorithm.tex
[153

]) (./hadronic/theory_driven/GammaInteraction/ReactionInitialStateGIM.tex)
(./hadronic/theory_driven/GammaInteraction/IntermediateEnergyGammaInteraction.t
ex
Overfull \hbox (25.66666pt too wide) in paragraph at lines 1--1
[]\OT1/cmr/bx/n/14.4 The in-ter-me-di-ate en-ergy $\OML/cmm/m/it/14.4 ^^M$\OT1/
cmr/bx/n/14.4 -nucleon and $\OML/cmm/m/it/14.4 ^^M$\OT1/cmr/bx/n/14.4 -nucleus
 []

[154])
(./hadronic/theory_driven/GammaInteraction/HighEnergyGammaInteraction.tex
[155]
Overfull \hbox (10.92953pt too wide) in paragraph at lines 81--86
\OT1/cmr/m/n/10.95 Here the am-pli-tude (eikonal) $\OML/cmm/m/it/10.95 u\OT1/cm
r/m/n/10.95 (\OML/cmm/m/it/10.95 s; Q[]; M[]; b[]\OT1/cmr/m/n/10.95 )$ for the 
in-ter-ac-tion of the hadronic
 []

[156])
(./hadronic/theory_driven/GammaInteraction/GammaInteractionModelStatus.tex)
(./hadronic/theory_driven/GammaInteraction/GammaInteractionModelReferences.tex)
) (./hadronic/theory_driven/StoppedAbsorption/StoppedAbsorption.tex [157]
Chapter 27.
(./hadronic/theory_driven/StoppedAbsorption/StoppedAbsorptionAlgorithm.tex)
(./hadronic/theory_driven/StoppedAbsorption/ReactionInitialStateSA.tex)
(./hadronic/theory_driven/StoppedAbsorption/StoppedAbsorptionSimulation.tex
Underfull \vbox (badness 3323) has occurred while \output is active []

 [158

]
[159]) (./hadronic/theory_driven/StoppedAbsorption/StoppedAbsorptionStatus.tex)
(./hadronic/theory_driven/StoppedAbsorption/StoppedAbsorptionReferences.tex))
(./hadronic/theory_driven/Precompound/PrecompoundModel.tex [160]
Chapter 28.
(./hadronic/theory_driven/Precompound/ReactionInitialStatePM.tex [161

])
(./hadronic/theory_driven/Precompound/PreCompoundSim.tex [162] [163] [164]
[165] [166]
Overfull \hbox (2.95854pt too wide) in paragraph at lines 285--294
[]\OT1/cmr/m/n/10.95 Taking into ac-count re-ac-tion thresh-old con-di-tion and
 the fac-tor $\OML/cmm/m/it/10.95 R[]\OT1/cmr/m/n/10.95 (\OML/cmm/m/it/10.95 p;
 h\OT1/cmr/m/n/10.95 )$
 []


Overfull \hbox (0.30612pt too wide) in paragraph at lines 306--308
[]\OT1/cmr/m/n/10.95 Update char-ac-ter-is-tics of the resid-ual nu-cleus ac-co
rd-ing to Eqs. ($28\OML/cmm/m/it/10.95 :\OT1/cmr/m/n/10.95 25[]$)
 []

) (./hadronic/theory_driven/Precompound/PrecompoundModelStatus.tex)
(./hadronic/theory_driven/Precompound/PrecompoundModelReferences.tex [167]))
(./hadronic/theory_driven/Evaporation/EvaporationModel.tex [168]
Chapter 29.
(./hadronic/theory_driven/Evaporation/EvaporationModelAlgorithm.tex)
(./hadronic/theory_driven/Evaporation/ReactionInitialStateEM.tex [169

])
(./hadronic/theory_driven/Evaporation/SimulationFragmentEvaporation.tex
[170] [171]
Overfull \hbox (6.23738pt too wide) in paragraph at lines 158--172
 \OT1/cmr/m/n/10.95 This pa-ram-e-ter plays a ma-jor role in level den-sity mod
-els. The parametriza-
 []

[172] [173]
Overfull \hbox (1.28271pt too wide) detected at line 237
[]
 []

[174] [175]) (./hadronic/theory_driven/Evaporation/FissionProbability.tex
[176]
Overfull \hbox (22.33496pt too wide) in paragraph at lines 71--74
[]\OT1/cmr/m/n/10.95 We use sim-ple semiphe-nomeno-log-i-cal ap-proach was sug-
gested by Barashenkov
 []

[177]) (./hadronic/theory_driven/Evaporation/SimulationPhotonEvaporation.tex
[178] [179]) (./hadronic/theory_driven/Evaporation/EvaporationModelStatus.tex)
(./hadronic/theory_driven/Evaporation/EvaporationModelReferences.tex [180]
[181])) (./hadronic/theory_driven/Fission/FissionModel.tex [182]
Chapter 30.
(./hadronic/theory_driven/Fission/FissionModelAlgorithm.tex)
(./hadronic/theory_driven/Fission/ReactionInitialStateFM.tex [183

])
(./hadronic/theory_driven/Fission/FissionCrossSection.tex [184])
(./hadronic/theory_driven/Fission/FissionProcessSimulation.tex [185] [186]
Overfull \hbox (1.52995pt too wide) in paragraph at lines 88--91
[]\OT1/cmr/m/n/10.95 After sam-pling of frag-ment atomic masses num-bers and fr
ag-ment charges,
 []

[187] [188]) (./hadronic/theory_driven/Fission/FissionModelStatus.tex)
(./hadronic/theory_driven/Fission/FissionModelReferences.tex))
(./hadronic/theory_driven/FermiBreakup/FermiBreakUpModel.tex [189]
Chapter 31.
(./hadronic/theory_driven/FermiBreakup/FermiBreakSim.tex [190

] [191])
(./hadronic/theory_driven/FermiBreakup/FermiBreakUpModelStatus.tex)
(./hadronic/theory_driven/FermiBreakup/FermiBreakUpModelReferences.tex [192]))
(./hadronic/theory_driven/Multifragmentation/MultifragmentationModel.tex
[193]
Chapter 32.
(./hadronic/theory_driven/Multifragmentation/MultFragSim.tex [194

] [195]
[196] [197]
Overfull \hbox (1.68506pt too wide) in paragraph at lines 215--222
\OT1/cmr/m/n/10.95 Under as-sump-tion of ther-mo-dy-namic equi-lib-rium the fra
g-ment have isotropic
 []

[198] [199])
(./hadronic/theory_driven/Multifragmentation/MultifragmentationModelStatus.tex)

(./hadronic/theory_driven/Multifragmentation/MultifragmentationModelReferences.
tex))) [200] [201


] [202]
\openout2 = `parameterisation/parameterisation.aux'.

 (./parameterisation/parameterisation.tex
Chapter 33.
) [203



] (./PhysicsReferenceManual.aux (./generalities/integral.aux)
(./generalities/setcuts.aux) (./electromagnetic/utils/enloss.aux)
(./decay/decay.aux) (./electromagnetic/standard/photoelec.aux)
(./electromagnetic/standard/compton.aux) (./electromagnetic/standard/eion.aux)
(./electromagnetic/standard/ebrem.aux) (./electromagnetic/standard/annil.aux)
(./electromagnetic/standard/synch.aux) (./electromagnetic/standard/pai.aux)
(./electromagnetic/standard/sandia.aux) (./electromagnetic/xrays/xtr.aux)
(./electromagnetic/muons/msc.aux) (./electromagnetic/muons/muion.aux)
(./electromagnetic/muons/mubrem.aux) (./electromagnetic/xrays/xtr.aux)
(./electromagnetic/standard/hion.aux) (./electromagnetic/xrays/xtr.aux)
(./optical/optical.aux) (./photolepton_hadron/photolepton_hadron.aux)
(./hadronic/stopping/stopping.aux) (./hadronic/stopping/mg.aux)
(./hadronic/stopping/piabs.aux) (./hadronic/theory_driven/theory_driven.aux)
(./parameterisation/parameterisation.aux))

LaTeX Warning: There were multiply-defined labels.

 ) 
Here is how much of TeX's memory you used:
 1302 strings out of 10872
 25087 string characters out of 71038
 63024 words of memory out of 263001
 3869 multiletter control sequences out of 10000+0
 16719 words of font info for 57 fonts, out of 200000 for 1000
 14 hyphenation exceptions out of 1000
 29i,18n,23p,328b,573s stack positions out of 300i,100n,500p,200000b,4000s

Output written on PhysicsReferenceManual.dvi (203 pages, 496136 bytes).
