This is TeX, Version 3.14159 (C version 6.1) (format=latex 96.8.28)  21 JAN 1997 16:25
**zebramain
(zebramain.tex
LaTeX2e <1996/06/01>
Hyphenation patterns for english, german, loaded.
(/afs/.cern.ch/project/cnas_doc/sources/cnasall/cernman.cls
Document Class: cernman 1994/01/10
(/usr/local/share/texmf/tex/latex/base/report.cls
Document Class: report 1996/05/26 v1.3r Standard LaTeX document class
(/usr/local/share/texmf/tex/latex/base/size11.clo
File: size11.clo 1996/05/26 v1.3r Standard LaTeX file (size option)
)
\c@part=\count79
\c@chapter=\count80
\c@section=\count81
\c@subsection=\count82
\c@subsubsection=\count83
\c@paragraph=\count84
\c@subparagraph=\count85
\c@figure=\count86
\c@table=\count87
\abovecaptionskip=\skip41
\belowcaptionskip=\skip42
\bibindent=\dimen102
)
(/usr/local/share/texmf/tex/latex/psnfss/pifont.sty
Package: pifont 1995/08/16 5.2 Pi font PSNFSS2e package
LaTeX Font Info:    Try loading font information for U+pzd on input line 60.

(/usr/local/share/texmf/tex/latex/psnfss/Upzd.fd)
LaTeX Font Info:    Try loading font information for U+psy on input line 61.

(/usr/local/share/texmf/tex/latex/psnfss/Upsy.fd))
(/usr/local/share/texmf/tex/latex/graphics/color.sty
Package: color 1996/05/29 v1.0 Standard LaTeX Color (DPC)

(/usr/local/share/texmf/tex/latex/config/color.cfg)
Package color Info: Driver file: dvips.def on input line 127.

(/usr/local/share/texmf/tex/latex/graphics/dvips.def
File: dvips.def 1996/05/29 v3.00 Driver-dependant file (DPC,SPQR)
)
(/usr/local/share/texmf/tex/latex/graphics/dvipsnam.def
File: dvipsnam.def 1996/05/29 v3.00 Driver-dependant file (DPC,SPQR)
))
(/usr/local/share/texmf/tex/latex/tools/array.sty
Package: array 1996/06/14 v2.3i Tabular extension package (FMi)
\col@sep=\dimen103
\extrarowheight=\dimen104
\NC@list=\toks15
\extratabsurround=\skip43
\backup@length=\skip44
)
(/usr/local/share/texmf/tex/latex/tools/tabularx.sty
Package: tabularx 1995/03/20 v2.02 `tabularx' package (DPC)
\TX@col@width=\dimen105
\TX@old@table=\dimen106
\TX@old@col=\dimen107
\TX@target=\dimen108
\TX@delta=\dimen109
\TX@cols=\count88
\TX@ftn=\toks16
)
(/usr/local/share/texmf/tex/latex/tools/verbatim.sty
Package: verbatim 1996/06/04 v1.5i LaTeX2e package for verbatim enhancements
\every@verbatim=\toks17
\verbatim@line=\toks18
\verbatim@in@stream=\read1
)
(/usr/local/share/texmf/tex/latex/graphics/graphicx.sty
Package: graphicx 1996/05/29 v1.0 Enhanced LaTeX Graphics (DPC,SPQR)

(/usr/local/share/texmf/tex/latex/graphics/keyval.sty
Package: keyval 1995/09/21 v1.09 key=value parser (DPC)
)
(/usr/local/share/texmf/tex/latex/graphics/graphics.sty
Package: graphics 1996/05/29 v1.0 + fix for graphics/2259

(/usr/local/share/texmf/tex/latex/graphics/trig.sty
Package: trig 1994/10/16 v1.08 sin cos tan (DPC)
)
(/usr/local/share/texmf/tex/latex/config/graphics.cfg)
Package graphics Info: Driver file: dvips.def on input line 82.
)
\Gin@req@height=\dimen110
\Gin@req@width=\dimen111
)
(/usr/local/share/texmf/tex/latex/graphics/epsfig.sty
Package: epsfig 1996/04/11 v1.6 (e)psfig emulation (SPQR)
\epsfxsize=\dimen112
\epsfysize=\dimen113
)
(/usr/local/share/texmf/tex/latex/tools/varioref.sty
Package: varioref 1995/10/19 v1.1b package for extended references (FMi)
\c@vrcnt=\count89
)
(/usr/local/share/texmf/tex/latex/tools/multicol.sty
Package: multicol 1996/01/13 v1.5l multicolumn formatting (FMi)
\c@tracingmulticols=\count90
\mult@box=\box26
\multicol@leftmargin=\dimen114
\c@unbalance=\count91
\c@collectmore=\count92
\doublecol@number=\count93
\multicoltolerance=\count94
\multicolpretolerance=\count95
\full@width=\dimen115
\page@free=\dimen116
\premulticols=\dimen117
\postmulticols=\dimen118
\multicolsep=\skip45
\multicolbaselineskip=\skip46
\partial@page=\box27
\last@line=\box28
\mult@rightbox=\box29
\mult@grightbox=\box30
\mult@gfirstbox=\box31
\mult@firstbox=\box32
\@tempa=\box33
\@tempa=\box34
\@tempa=\box35
\@tempa=\box36
\@tempa=\box37
\@tempa=\box38
\@tempa=\box39
\@tempa=\box40
\@tempa=\box41
\@tempa=\box42
\@tempa=\box43
\@tempa=\box44
\@tempa=\box45
\@tempa=\box46
\@tempa=\box47
\@tempa=\box48
\@tempa=\box49
\c@columnbadness=\count96
\c@finalcolumnbadness=\count97
\last@try=\dimen119
\multicolovershoot=\dimen120
\multicolundershoot=\dimen121
\mult@nat@firstbox=\box50
)
(/usr/local/share/texmf/tex/latex/misc/here.sty)
(/usr/local/share/texmf/tex/latex/tools/xspace.sty
Package: xspace 1996/05/17 v1.04 Space after command names (DPC)
)
(/usr/local/share/texmf/tex/latex/misc/calc.sty
Package: calc 1995/04/10 v4.0c (TEST)

Package: `calc' v4.0c (TEST) <1995/04/10> (KKT and FJ)
\calc@Acount=\count98
\calc@Bcount=\count99
\calc@Adimen=\dimen122
\calc@Bdimen=\dimen123
\calc@Askip=\skip47
\calc@Bskip=\skip48
LaTeX Info: Redefining \setlength on input line 47.
LaTeX Info: Redefining \addtolength on input line 48.
\calc@denominator=\count100
) (/usr/local/share/texmf/tex/latex/base/ifthen.sty
Package: ifthen 1996/03/22 v1.0l Standard LaTeX ifthen package (DPC)
)
(/usr/local/share/texmf/tex/latex/base/makeidx.sty
Package: makeidx 1995/04/19 v1.0j Standard LaTeX package
)
\@DL@itemwidth=\dimen124
\c@cOL=\count101
\mylen=\skip49
\mybox=\box51
\@PAWout=\write3
)
(/afs/.cern.ch/project/cnas_doc/sources/cnasall/longtable.sty
Package: longtable 1996/04/16 v4.02 ***TEST RELEASE**** Multi-page Table packag
e (DPC)
\LTleft=\skip50
\LTright=\skip51
\LTpre=\skip52
\LTpost=\skip53
\LTchunksize=\count102
\LTcapwidth=\dimen125
\LT@head=\box52
\LT@firsthead=\box53
\LT@foot=\box54
\LT@lastfoot=\box55
\LT@cols=\count103
\LT@rows=\count104
\c@LT@tables=\count105
\c@LT@chunks=\count106
\LT@p@ftn=\toks19
)
(/usr/local/share/texmf/tex/latex/graphics/lscape.sty
Package: lscape 1994/10/05 v3.0 Landscape Pages (DPC)
)
\@indexfile=\write4

Writing index file zebramain.idx
(zebramain.aux (zebfront.aux) (zebintr.aux) (zebmz1.aux) (zebmz2.aux)
(zebmz3.aux) (zebmz4.aux) (zebmz5.aux) (zebfz1.aux) (zebfz2.aux) (zebfz3.aux)
(zebfz4.aux) (zebfz5.aux) (zebrz1.aux) (zebrz2.aux) (zebdz1.aux) (zebdz2.aux)
(zebdzdoc.aux) (zebtz.aux) (zebjz.aux) (zebdia.aux) (zebrza.aux) (zebmza.aux))
LaTeX Font Info:    Checking defaults for OML/cmm/m/it on input line 58.
LaTeX Font Info:    ... okay on input line 58.
LaTeX Font Info:    Checking defaults for T1/cmr/m/n on input line 58.
LaTeX Font Info:    ... okay on input line 58.
LaTeX Font Info:    Checking defaults for OT1/cmr/m/n on input line 58.
LaTeX Font Info:    ... okay on input line 58.
LaTeX Font Info:    Checking defaults for OMS/cmsy/m/n on input line 58.
LaTeX Font Info:    ... okay on input line 58.
LaTeX Font Info:    Checking defaults for OMX/cmex/m/n on input line 58.
LaTeX Font Info:    ... okay on input line 58.
LaTeX Font Info:    Checking defaults for U/cmr/m/n on input line 58.
LaTeX Font Info:    ... okay on input line 58.
LaTeX Font Info:    Try loading font information for OT1+ptm on input line 58.

(/usr/local/share/texmf/tex/latex/psnfss/OT1ptm.fd
File: OT1ptm.fd 1996/01/28 Fontinst v1.504 font definitions for OT1/ptm.
) (zebfront.tex
File: cern15.eps Graphic file (type eps)
 <cern15.eps>
LaTeX Font Info:    Font shape `OT1/ptm/bx/n' in size <14.4> not available
(Font)              Font shape `OT1/ptm/b/n' tried instead on input line 25.
File: cnastit.eps Graphic file (type eps)

<cnastit.eps> [1


]
LaTeX Font Info:    Font shape `OT1/ptm/bx/n' in size <10.95> not available
(Font)              Font shape `OT1/ptm/b/n' tried instead on input line 86.
LaTeX Font Info:    Try loading font information for OMS+ptm on input line 86.
 (/usr/local/share/texmf/tex/latex/psnfss/OMSptm.fd
File: OMSptm.fd 
)
LaTeX Font Info:    Font shape `OMS/ptm/m/n' in size <10.95> not available
(Font)              Font shape `OMS/cmsy/m/n' tried instead on input line 86.
LaTeX Font Info:    External font `cmex10' loaded for size
(Font)              <10.95> on input line 86.
LaTeX Font Info:    External font `cmex10' loaded for size
(Font)              <8> on input line 86.
LaTeX Font Info:    External font `cmex10' loaded for size
(Font)              <6> on input line 86.
 [2]
LaTeX Font Info:    Font shape `OT1/ptm/bx/n' in size <12> not available
(Font)              Font shape `OT1/ptm/b/n' tried instead on input line 108.
LaTeX Font Info:    External font `cmex10' loaded for size
(Font)              <9> on input line 156.
LaTeX Font Info:    External font `cmex10' loaded for size
(Font)              <5> on input line 156.

[1] (zebramain.toc [2] [3] [4] [5] [6] [7] [8] [9])
\tf@toc=\write5
 (zebramain.lof)
\tf@lof=\write6
 [10])
LaTeX Font Info:    Font shape `OT1/ptm/bx/n' in size <20.74> not available
(Font)              Font shape `OT1/ptm/b/n' tried instead on input line 64.
LaTeX Font Info:    Font shape `OT1/ptm/bx/n' in size <24.88> not available
(Font)              Font shape `OT1/ptm/b/n' tried instead on input line 64.

[1



] [2] (zebintr.tex
Chapter 1.
LaTeX Font Info:    Font shape `OT1/ptm/bx/n' in size <9> not available
(Font)              Font shape `OT1/ptm/b/n' tried instead on input line 35.
[3


]
File: linstru.eps Graphic file (type eps)
 <linstru.eps> [4]
File: genstru.eps Graphic file (type eps)
 <genstru.eps> [5]
File: zeblink.eps Graphic file (type eps)
 <zeblink.eps> [6]
File: mzstor.eps Graphic file (type eps)
 <mzstor.eps>
File: bnkform.eps Graphic file (type eps)

<bnkform.eps> [7] [8] [9]
File: relocat.eps Graphic file (type eps)
 <relocat.eps>
Underfull \vbox (badness 10000) has occurred while \output is active []

 [10]
[11] [12]

LaTeX Font Warning: Font shape `OT1/cmtt/bx/n' in size <9> not available
(Font)              Font shape `OT1/cmtt/m/n' tried instead on input line 550.

) [13]
LaTeX Font Info:    Font shape `OT1/ptm/bx/n' in size <17.28> not available
(Font)              Font shape `OT1/ptm/b/n' tried instead on input line 69.
 [14


] [15] (zebmz1.tex
Chapter 2.
[16


]
LaTeX Font Info:    Font shape `OT1/ptm/bx/n' in size <10> not available
(Font)              Font shape `OT1/ptm/b/n' tried instead on input line 116.
 [17] [18] [19] [20]
Underfull \hbox (badness 10000) in paragraph at lines 325--325
[]|\OT1/cmtt/m/n/10.95 (IXSTOR*, chNAME, chOPT, FENCE, LQ(1), LQ(LR), LQ(LW),
 []


Overfull \hbox (4.65094pt too wide) in paragraph at lines 329--329
[][]\OT1/cmtt/m/n/10.95 IXSTOR* returns the index of the store, to be used when
 specifying this store in[] 
 []

[21] [22] [23] [24] [25] [26] [27] [28] [29] [30] [31] [32] [33] [34] [35]
[36] [37] [38] [39] [40] [41] [42] [43] [44] [45] [46]

LaTeX Font Warning: Font shape `OT1/cmtt/bx/n' in size <12> not available
(Font)              Font shape `OT1/cmtt/m/n' tried instead on input line 1911.


[47] [48] [49]) [50] (zebmz2.tex
Chapter 3.
[51



] [52] [53] [54] [55] [56] [57] [58] [59] [60]) [61] (zebmz3.tex
Chapter 4.
[62



] [63] [64] [65] [66] [67] [68] [69]) [70] (zebmz4.tex
Chapter 5.
[71



]
Underfull \vbox (badness 10000) has occurred while \output is active []

 [72]
[73] [74] [75]) [76] (zebmz5.tex
Chapter 6.
[77



] [78] [79] [80] [81] [82] [83]
Underfull \vbox (badness 10000) has occurred while \output is active []

 [84]
Underfull \vbox (badness 10000) has occurred while \output is active []

 [85]
[86]
Underfull \vbox (badness 10000) has occurred while \output is active []

 [87])
[88] [89


] [90] (zebfz1.tex
Chapter 7.

Overfull \hbox (1.48634pt too wide) in paragraph at lines 43--47
[]\OT1/ptm/m/n/10.95 Files to be trans-ported from one com-puter to an-other on
e of a dif-fer-ent make must be writ-ten in ``\OT1/ptm/b/n/10.95 exchange
 []

[91


]) [92] (zebfz2.tex
Chapter 8.
[93



] [94] [95] [96] [97] [98] [99] [100] [101] [102] [103] [104] [105] [106]
[107]
Underfull \vbox (badness 10000) has occurred while \output is active []

 [108]
Underfull \hbox (badness 10000) in paragraph at lines 1064--1066

 []

[109] [110] [111]

LaTeX Font Warning: Font shape `OT1/cmtt/bx/n' in size <10.95> not available
(Font)              Font shape `OT1/cmtt/m/n' tried instead on input line 1216.


[112] [113] [114] [115] [116] [117] [118] [119] [120] [121] [122] [123]
Overfull \hbox (6.0pt too wide) in paragraph at lines 1957--1958
[][][][][][][] 
 []

[124]
Overfull \hbox (0.19435pt too wide) in paragraph at lines 2026--2038
\OT1/ptm/m/n/10.95 banks by stor-ing the ad-dresses of the low-est and the high
-est bank into the \OT1/cmtt/m/n/10.95 COMMON/ZLIMIT/LLOW,LHIGH\OT1/ptm/m/n/10.
95 .
 []

[125] [126] [127]) [128] (zebfz3.tex
Chapter 9.
[129



] [130] [131] [132] [133] [134] [135] [136]) [137] (zebfz4.tex
Chapter 10.
[138



] [139] [140] [141] [142] [143] [144] [145] [146] [147] [148] [149])
[150] (zebfz5.tex
Chapter 11.
[151



]
Underfull \vbox (badness 10000) has occurred while \output is active []

 [152]
[153] [154] [155] [156] [157]) [158] [159


] [160] (zebrz1.tex
Chapter 12.
[161


] [162] [163] [164]) [165

] (zebrz2.tex
Chapter 13.
[166



] [167] [168] [169] [170

] [171] [172] [173] [174] [175] [176] [177]
[178] [179] [180] [181] [182] [183]
Underfull \hbox (badness 10000) in paragraph at lines 1131--1132

 []


Underfull \hbox (badness 10000) in paragraph at lines 1146--1147

 []


Underfull \hbox (badness 10000) in paragraph at lines 1148--1151

 []


Underfull \hbox (badness 10000) in paragraph at lines 1152--1155

 []

[184] [185] [186] [187] [188] [189]
Underfull \hbox (badness 10000) in paragraph at lines 1502--1503

 []

[190]
Underfull \vbox (badness 10000) has occurred while \output is active []

 [191])
[192] [193


] [194] (zebdz1.tex
Chapter 14.
[195


] [196

] [197] [198

] [199

] [200

]
Overfull \hbox (7.80054pt too wide) in paragraph at lines 287--287
[]\OT1/cmtt/m/n/9 DZSURV --- Structure supported by bank EV at 9069 in store Ma
inStor occupies 250 words in 11 banks[] 
 []

[201] [202] [203] [204] [205

] [206

] [207] [208]) [209] (zebdz2.tex
Chapter 15.
[210



] [211] [212] [213

]
Underfull \vbox (badness 10000) has occurred while \output is active []

 [214]
Underfull \vbox (badness 10000) has occurred while \output is active []

 [215]
Underfull \vbox (badness 10000) has occurred while \output is active []

 [216]
Underfull \vbox (badness 10000) has occurred while \output is active []

 [217]
Underfull \vbox (badness 10000) has occurred while \output is active []

 [218]
Underfull \vbox (badness 10000) has occurred while \output is active []

 [219]
Underfull \vbox (badness 10000) has occurred while \output is active []

 [220]
Underfull \vbox (badness 10000) has occurred while \output is active []

 [221]
Underfull \vbox (badness 10000) has occurred while \output is active []

 [222]
[223]) [224



] [225] (zebdzdoc.tex
Chapter 16.
File: dzdflow.eps Graphic file (type eps)
<dzdflow.eps>
Underfull \vbox (badness 10000) has occurred while \output is active []

 [226


]
[227] [228] [229] [230] [231] [232] [233] [234] [235] [236] [237] [238]
[239] [240] [241] [242]
File: dzdisp.eps Graphic file (type eps)
 <dzdisp.eps> [243

] [244] [245]
Overfull \hbox (0.62215pt too wide) in paragraph at lines 1185--1187
[][]\OT1/ptm/m/n/10.95 If no doc-u-men-ta-tion for the bank ex-ists, only the c
on-tents of the data-words will be shown (\OT1/cmtt/m/n/10.95 DZSHOW[]\OT1/ptm/
m/n/10.95 ). 
 []

[246

] [247

]
File: dzddiv.eps Graphic file (type eps)
 <dzddiv.eps>
Underfull \vbox (badness 1558) has occurred while \output is active []

 [248

]
[249] [250

]
File: dzdirz.eps Graphic file (type eps)
 <dzdirz.eps> [251

] [252]
File: dzprsc.eps Graphic file (type eps)
 <dzprsc.eps> [253] [254] [255

] [256]
[257

] [258] [259

]
Underfull \vbox (badness 10000) has occurred while \output is active []

 [260]
[261]
File: dzmctree.eps Graphic file (type eps)
 <dzmctree.eps>) [262

] [263


] [264] (zebtz.tex
Chapter 17.
[265


]
Chapter 18.
[266

] [267] [268] [269] [270] [271] [272]
Chapter 19.
[273

] [274] [275] [276] [277] [278] [279]) [280] [281


] [282] (zebjz.tex
Chapter 20.
[283


] [284]
Chapter 21.
[285

] [286] [287] [288] [289] [290

] [291]
Chapter 22.
[292

] [293] [294] [295]
Chapter 23.
[296

] [297]) [298] [299


] [300] (zebdia.tex
Chapter 24.
[301


] [302] [303] [304] [305] [306] [307] [308] [309] [310] [311] [312]
[313] [314] [315] [316] [317] [318] [319] [320] [321] [322]
Underfull \hbox (badness 10000) in paragraph at lines 1238--1238
[]|\OT1/cmtt/m/n/10.95 (IXSTOR*, CHNAME, CHOPT, FENCE, LQ(1), LQ(LR), LQ(LW),
 []

[323] [324] [325]) [326] (zebrza.tex
Appendix A.
[327



] [328]
Appendix B.
[329

] [330] [331]
Underfull \vbox (badness 10000) has occurred while \output is active []

 [332]
[333] [334]) [335

] (zebmza.tex
Appendix C.

Overfull \hbox (33.39438pt too wide) in paragraph at lines 26--26
[]\OT1/cmtt/m/n/10.95 Z007  CALL DATIME (IDATE*,ITIME*)     integer date / time
, IDATE= yymmdd, ITIME= hhmm[] 
 []


Overfull \hbox (39.14307pt too wide) in paragraph at lines 39--39
[]\OT1/cmtt/m/n/10.95 V304  JX = IUFIND (IT,IAV,JL,JR)      find first IT in IA
(JL/JR), JX=JR+1 if not found[] 
 []


Overfull \hbox (39.14307pt too wide) in paragraph at lines 40--40
[]\OT1/cmtt/m/n/10.95 V304  JX = IUFILA (IT,IAV,JL,JR)      find  last IT in IA
(JL/JR), JX=JR+1 if not found[] 
 []


Overfull \hbox (27.64569pt too wide) in paragraph at lines 42--42
[]\OT1/cmtt/m/n/10.95 V304  JX = IUHUNT (IT,IAV,N,NA)       find IT in IA(1/N),
every NA, JX=0 if not found[] 
 []


Overfull \hbox (10.39963pt too wide) in paragraph at lines 47--47
[]                                      \OT1/cmtt/m/n/10.95 if found: NX same e
lements, first is IA(JS)[] 
 []

[336



]
Overfull \hbox (16.14832pt too wide) in paragraph at lines 67--67
[]\OT1/cmtt/m/n/10.95 M107  CALL SORTI  (IXW*,NCOL,NROW,JEL)  sort rows of inte
ger matrix on element JEL[] 
 []


Overfull \hbox (16.14832pt too wide) in paragraph at lines 68--68
[]\OT1/cmtt/m/n/10.95 M107  CALL SORTR   (XW*,NCOL,NROW,JEL)  sort rows of    r
eal matrix on element JEL[] 
 []


Overfull \hbox (16.14832pt too wide) in paragraph at lines 69--69
[]\OT1/cmtt/m/n/10.95 M107  CALL SORTD  (DXW*,NCOL,NROW,JEL)  sort rows of  dou
ble matrix on element JEL[] 
 []


Underfull \vbox (badness 10000) has occurred while \output is active []

 [337]
[338]
Overfull \hbox (27.64569pt too wide) in paragraph at lines 175--175
[]\OT1/cmtt/m/n/10.95 M441  CALL MVBITS (IA,JA,NBITS,IWD*,J)  store byte at JA 
of IA into byte at J in IWD[] 
 []

[339] [340] [341] [342]
Overfull \hbox (4.65094pt too wide) in paragraph at lines 369--369
[]\OT1/cmtt/m/n/10.95 JX = ICFMUL (cIT,LINE,JL,JR)  find COL(JX) first occ. of 
any cIT(j:j) or JX=JR+1[] 
 []

) [343] (zebramain.bbl

! LaTeX Error: File `bibnames.sty' not found.

Type X to quit or <RETURN> to proceed,
or enter new name. (Default extension: sty)

Enter file name: texnames.sty
(/usr/local/share/texmf/tex/generic/misc/texnames.sty
This is texnames.sty, Version 1.09 <16 March 1993>
)) (zebramain.ind [344


] [345

]
Overfull \hbox (0.23781pt too wide) in paragraph at lines 155--158
\OT1/ptm/m/n/10.95 114--116, 118, 120--123, 125--127, 143,
 []


Overfull \hbox (12.17714pt too wide) in paragraph at lines 196--198
[]| \OT1/ptm/m/n/10.95 user com-mu-ni-ca-tion vec-tor in com-mon \OT1/cmtt/m/n/
10.95 QUEST\OT1/ptm/m/n/10.95 ,
 []

[346] [347]
Overfull \hbox (7.27255pt too wide) in paragraph at lines 364--365
[]| \OT1/ptm/m/n/10.95 Ran-dom in-put/output, 13, 235--238, 243, 246,
 []

[348] [349]) (zebramain.aux (zebfront.aux) (zebintr.aux) (zebmz1.aux)
(zebmz2.aux) (zebmz3.aux) (zebmz4.aux) (zebmz5.aux) (zebfz1.aux) (zebfz2.aux)
(zebfz3.aux) (zebfz4.aux) (zebfz5.aux) (zebrz1.aux) (zebrz2.aux) (zebdz1.aux)
(zebdz2.aux) (zebdzdoc.aux) (zebtz.aux) (zebjz.aux) (zebdia.aux) (zebrza.aux)
(zebmza.aux)) ) 
Here is how much of TeX's memory you used:
 2432 strings out of 10910
 24282 string characters out of 72285
 83640 words of memory out of 262141
 4752 multiletter control sequences out of 9500
 19266 words of font info for 55 fonts, out of 150000 for 255
 20 hyphenation exceptions out of 607
 32i,9n,24p,298b,560s stack positions out of 300i,40n,60p,3000b,4000s

Output written on zebramain.dvi (361 pages, 999032 bytes).
