This is TeX, C Version 3.141 (format=lplain 92.10.8)  26 NOV 1993 00:19
**phys_guide
(phys_guide.tex
LaTeX Version 2.09 <25 March 1992>
(/usr/local/lib/tex/macros/report.sty
Standard Document Style `report' <14 Jan 92>.
(/usr/local/lib/tex/macros/rep11.sty)
\descriptionmargin=\dimen99
\c@part=\count79
\c@chapter=\count80
\c@section=\count81
\c@subsection=\count82
\c@subsubsection=\count83
\c@paragraph=\count84
\c@subparagraph=\count85
\c@figure=\count86
\c@table=\count87
 (/usr/local/lib/tex/macros/titlepag.sty
Document Style Option `titlepage' -- Released 16 June 1991.
)) (/usr/local/lib/tex/macros/a4p.sty
\dinwidth=\skip41
\dinmargin=\skip42
) (/usr/local/lib/tex/macros/bezier.sty
\c@@sc=\count88
\c@@scp=\count89
\c@@t=\count90
\@x=\skip43
\@xa=\skip44
\@xb=\skip45
\@y=\skip46
\@ya=\skip47
\@yb=\skip48
\@pt=\box25
)
(/usr/local/lib/tex/macros/makeidx.sty
Document style option `makeidx' - released 21 Oct 91
)
\@indexfile=\write3

Writing index file phys_guide.idx 
(phys_guide.aux) [0

] (phys_guide.toc [1

] [2])
\tf@toc=\write4
 (phys_guide.lof)
\tf@lof=\write5
 (phys_guide.lot)
\tf@lot=\write6
[3] [4

]
Chapter 1.
[1

] [2] [3]
Chapter 2.
[4

] [5] [6] [7] [8] [9] [10] [11] [12] [13] [14] [15] [16] [17] [18] [19]
[20]
Chapter 3.
[21

] [22] [23] [24] [25] [26] [27] [28] [29] [30] [31] [32] [33] [34] [35]
[36]
Chapter 4.
[37

] [38] [39] [40] [41]
Chapter 5.
[42

] [43] [44] [45] [46] [47] [48] [49] [50] [51]
Chapter 6.
[52

]
Chapter 7.
[53

] [54]
Chapter 8.
[55

] [56]
Chapter 9.
[57

] [58] (phys_guide.ind [59

] [60] [61

]) (phys_guide.aux) ) 
Here is how much of TeX's memory you used:
 364 strings out of 11620
 3127 string characters out of 73736
 52604 words of memory out of 262141
 2569 multiletter control sequences out of 17000
 17153 words of font info for 65 fonts, out of 120000 for 255
 52 hyphenation exceptions out of 607
 19i,18n,17p,198b,216s stack positions out of 300i,40n,60p,3000b,5000s

Output written on phys_guide.dvi (66 pages, 315388 bytes).
