This is TeX, C Version 3.141 (format=lplain 92.10.8)  26 NOV 1993 00:12
**prog_guide
(prog_guide.tex
LaTeX Version 2.09 <25 March 1992>
(/usr/local/lib/tex/macros/report.sty
Standard Document Style `report' <14 Jan 92>.
(/usr/local/lib/tex/macros/rep11.sty)
\descriptionmargin=\dimen99
\c@part=\count79
\c@chapter=\count80
\c@section=\count81
\c@subsection=\count82
\c@subsubsection=\count83
\c@paragraph=\count84
\c@subparagraph=\count85
\c@figure=\count86
\c@table=\count87
 (/usr/local/lib/tex/macros/titlepag.sty
Document Style Option `titlepage' -- Released 16 June 1991.
)) (/usr/local/lib/tex/macros/bezier.sty
\c@@sc=\count88
\c@@scp=\count89
\c@@t=\count90
\@x=\skip41
\@xa=\skip42
\@xb=\skip43
\@y=\skip44
\@ya=\skip45
\@yb=\skip46
\@pt=\box25
) (/usr/local/lib/tex/macros/a4p.sty
\dinwidth=\skip47
\dinmargin=\skip48
)
(/usr/local/lib/tex/macros/makeidx.sty
Document style option `makeidx' - released 21 Oct 91
)
\@indexfile=\write3

Writing index file prog_guide.idx 
(prog_guide.aux) [0

] [1] [2


] (prog_guide.toc [3


] [4] [5] [6] [7] [8] [9])
\tf@toc=\write4

(prog_guide.lof)
\tf@lof=\write5
 (prog_guide.lot [10])
\tf@lot=\write6
 [11] [12

] [1

] [2]
Chapter 1.
[3

] [4] [5] [6] [7] [8]
Chapter 2.
[9

] [10

] [11

] [12

] [13

] [14] [15

] [16] [17] [18] [19

] [20

] [21] [22] [23]
[24] [25] [26

] [27] [28]
Chapter 3.
[29

] [30] [31] [32] [33] [34] [35] [36] [37] [38] [39] [40

] [41] [42]
Chapter 4.
[43

] [44] [45] [46

] [47]
Chapter 5.
[48

]
Chapter 6.
[49

]
Chapter 7.
[50

]
Chapter 8.
[51

] [52

]
Chapter 9.
[53

]
Chapter 10.
[54

] [55] [56]
Chapter 11.
[57

]
Chapter 12.
[58

] [59] [60] [61]
Chapter 13.
[62

] [63] [64] [65]
Chapter 14.
[66

]
Chapter 15.
[67

] [68]
Chapter 16.
[69

] [70] [71] [72] [73]
Chapter 17.
[74

] [75

] [76] [77] [78] [79]
Chapter 18.
[80

] [81]
Chapter 19.
[82

] [83

]
Chapter 20.
[84

] [85] [86] [87] [88]
Chapter 21.
[89

] [90] [91] [92] [93]
Chapter 22.
[94

] [95] [96]
Chapter 23.
[97

]
Chapter 24.
[98

]
Chapter 25.
[99

] [100]
Chapter 26.
[101

]
Chapter 27.
[102

] [103

] [104] [105]
Chapter 28.
[106

] [107] [108] [109] [110] [111]
Chapter 29.
[112

]
Chapter 30.
[113

]
Chapter 31.
[114

] [115]
Chapter 32.
[116

]
Chapter 33.
[117

] [118] [119] [120] [121] [122]
Chapter 34.
[123

] [124

] [125] [126]
Chapter 35.
[127

] [128] [129] [130] [131] [132] [133] [134] [135] [136]
Chapter 36.
[137

] [138

] [139

]
Appendix A.
[140

]
Appendix B.
[141

]
Appendix C.
[142

] [143] [144]
Underfull \vbox (badness 10000) has occurred while \output is active
\vbox(688.5566+0.0)x472.47234
.\glue(\topskip) 1.48004
.\hbox(9.51996+4.08003)x458.83594
..\glue 0.0
..\hbox(9.51996+4.08003)x458.83594
...\rule(9.51996+4.08003)x0.0
...\cmr/m/n/11 5
...\cmr/m/n/11 6
...\cmr/m/n/11 7
...\glue 13.0792
...etc.
.\glue(\baselineskip) 0.00002
.\hbox(9.51996+4.08003)x457.88124
..\glue 0.0
..\hbox(9.51996+4.08003)x457.88124
...\rule(9.51996+4.08003)x0.0
...\cmr/m/n/11 5
...\cmr/m/n/11 7
...\cmr/m/n/11 2
...\glue 13.0792
...etc.
.\glue(\baselineskip) 0.00002
.etc.

 [145]
[146] (prog_guide.ind [147

] [148

] [149] [150] [151] [152] [153] [154] [155]
[156] [157] [158] [159] [160] [161] [162] [163

]) (prog_guide.aux) ) 
Here is how much of TeX's memory you used:
 649 strings out of 11620
 5218 string characters out of 73736
 59257 words of memory out of 262141
 2854 multiletter control sequences out of 17000
 18594 words of font info for 71 fonts, out of 120000 for 255
 52 hyphenation exceptions out of 607
 16i,20n,21p,200b,366s stack positions out of 300i,40n,60p,3000b,5000s

Output written on prog_guide.dvi (176 pages, 613964 bytes).
