This is TeX, C Version 3.141 (format=lplain 92.10.8)  26 NOV 1993 00:21
**user_guide
(user_guide.tex
LaTeX Version 2.09 <25 March 1992>
(/usr/local/lib/tex/macros/report.sty
Standard Document Style `report' <14 Jan 92>.
(/usr/local/lib/tex/macros/rep11.sty)
\descriptionmargin=\dimen99
\c@part=\count79
\c@chapter=\count80
\c@section=\count81
\c@subsection=\count82
\c@subsubsection=\count83
\c@paragraph=\count84
\c@subparagraph=\count85
\c@figure=\count86
\c@table=\count87
 (/usr/local/lib/tex/macros/titlepag.sty
Document Style Option `titlepage' -- Released 16 June 1991.
)) (/usr/local/lib/tex/macros/bezier.sty
\c@@sc=\count88
\c@@scp=\count89
\c@@t=\count90
\@x=\skip41
\@xa=\skip42
\@xb=\skip43
\@y=\skip44
\@ya=\skip45
\@yb=\skip46
\@pt=\box25
) (/usr/local/lib/tex/macros/a4p.sty
\dinwidth=\skip47
\dinmargin=\skip48
)
(/usr/local/lib/tex/macros/makeidx.sty
Document style option `makeidx' - released 21 Oct 91
)
\@indexfile=\write3

Writing index file user_guide.idx 
(user_guide.aux) [0

] [1] [1


] [2

] (user_guide.toc [3

] [4] [5] [6])
\tf@toc=\write4

(user_guide.lof [7])
\tf@lof=\write5
 (user_guide.lot)
\tf@lot=\write6
 [8]
Chapter 1.
[1


] [2] [3] [4] [5] [6] [7] [8] [9] [10]
Chapter 2.
[11

] [12] [13] [14] [15] [16] [17] [18] [19] [20] [21

]
Chapter 3.
[22

] [23] [24] [25] [26] [27] [28] [29] [30] [31] [32] [33] [34] [35]
Chapter 4.
[36

] [37] [38] [39] [40] [41] [42] [43] [44] [45] [46]
Chapter 5.
[47

] [48] [49] [50] [51] [52] [53] [54] [55] [56] [57] [58] [59] [60] [61]
[62

] [63]
Chapter 6.
[64

] [65] [66] [67] [68] [69]
Chapter 7.
[70

] [71] [72] [73]
Chapter 8.
[74

] [75] [76] [77] [78] [79]
Chapter 9.
[80

] [81] [82] [83] [84]
Chapter 10.
[85

] [86] [87] [88] [89] [90] [91]
Chapter 11.
[92

] [93] [94] [95]
Chapter 12.
[96

] [97] [98] [99] [100] [101] [102] [103] [104] [105] [106]
Chapter 13.
[107

] [108] [109] [110]
Chapter 14.
[111

] [112]
Chapter 15.
[113

]
Appendix A.
[114

] [115] [116]
Appendix B.
[117

] [118] [119]
Appendix C.
[120

] [121] [122


]
Underfull \hbox (badness 1102) in paragraph at lines 9546--9549
[] []\cmr/m/n/11 J. Mi-luti-novic and S. Rug-giero. \cmr/m/sl/11 Com-par-i-son 
of Ac-cel-er-a-tor Codes for a RHIC Lat-tice\cmr/m/n/11 .

\hbox(8.2125+2.73749)x461.18848, glue set 2.22707
.\hbox(0.0+0.0)x0.0
.\glue 0.0
.\hbox(8.2125+2.73749)x0.0
..\glue 0.0
..\glue -17.03336
..\glue -5.475
..\hbox(8.2125+2.73749)x17.03336
...\glue 0.0 plus 1.0fil
...\cmr/m/n/11 [
...\cmr/m/n/11 2
...\cmr/m/n/11 3
...\cmr/m/n/11 ]
..\glue 5.475
.\penalty 0
.\cmr/m/n/11 J
.etc.

(user_guide.ind [123] [124

] [125] [126] [127] [128] [129] [130] [131] [132]
[133]) (user_guide.aux)
LaTeX Warning: Label(s) may have changed. Rerun to get cross-references right.
 ) 
Here is how much of TeX's memory you used:
 510 strings out of 11620
 4501 string characters out of 73736
 67074 words of memory out of 262141
 2712 multiletter control sequences out of 17000
 17596 words of font info for 68 fonts, out of 120000 for 255
 52 hyphenation exceptions out of 607
 16i,12n,21p,192b,400s stack positions out of 300i,40n,60p,3000b,5000s

Output written on user_guide.dvi (143 pages, 524148 bytes).
