This is TeX, Version 3.14159 (C version 6.1) (format=latex 96.8.28)  1 SEP 1997 10:42
**./images.tex
(images.tex
LaTeX2e <1996/06/01>
Hyphenation patterns for english, german, loaded.

(/afs/.cern.ch/project/cnas_doc/sources/shortwrups/cernman.cls
Document Class: cernman 1994/01/10
(/usr/local/share/texmf/tex/latex/base/report.cls
Document Class: report 1996/05/26 v1.3r Standard LaTeX document class
(/usr/local/share/texmf/tex/latex/base/size10.clo
File: size10.clo 1996/05/26 v1.3r Standard LaTeX file (size option)
)
\c@part=\count79
\c@chapter=\count80
\c@section=\count81
\c@subsection=\count82
\c@subsubsection=\count83
\c@paragraph=\count84
\c@subparagraph=\count85
\c@figure=\count86
\c@table=\count87
\abovecaptionskip=\skip41
\belowcaptionskip=\skip42
\bibindent=\dimen102
)
(/usr/local/share/texmf/tex/latex/psnfss/pifont.sty
Package: pifont 1995/08/16 5.2 Pi font PSNFSS2e package
LaTeX Font Info:    Try loading font information for U+pzd on input line 60.

(/usr/local/share/texmf/tex/latex/psnfss/Upzd.fd)
LaTeX Font Info:    Try loading font information for U+psy on input line 61.

(/usr/local/share/texmf/tex/latex/psnfss/Upsy.fd))
(/usr/local/share/texmf/tex/latex/graphics/color.sty
Package: color 1996/05/29 v1.0 Standard LaTeX Color (DPC)

(/usr/local/share/texmf/tex/latex/config/color.cfg)
Package color Info: Driver file: dvips.def on input line 127.

(/usr/local/share/texmf/tex/latex/graphics/dvips.def
File: dvips.def 1996/05/29 v3.00 Driver-dependant file (DPC,SPQR)
)
(/usr/local/share/texmf/tex/latex/graphics/dvipsnam.def
File: dvipsnam.def 1996/05/29 v3.00 Driver-dependant file (DPC,SPQR)
))
(/usr/local/share/texmf/tex/latex/tools/array.sty
Package: array 1996/06/14 v2.3i Tabular extension package (FMi)
\col@sep=\dimen103
\extrarowheight=\dimen104
\NC@list=\toks15
\extratabsurround=\skip43
\backup@length=\skip44
)
(/usr/local/share/texmf/tex/latex/tools/tabularx.sty
Package: tabularx 1995/03/20 v2.02 `tabularx' package (DPC)
\TX@col@width=\dimen105
\TX@old@table=\dimen106
\TX@old@col=\dimen107
\TX@target=\dimen108
\TX@delta=\dimen109
\TX@cols=\count88
\TX@ftn=\toks16
)
(/usr/local/share/texmf/tex/latex/tools/verbatim.sty
Package: verbatim 1996/06/04 v1.5i LaTeX2e package for verbatim enhancements
\every@verbatim=\toks17
\verbatim@line=\toks18
\verbatim@in@stream=\read1
)
(/usr/local/share/texmf/tex/latex/graphics/graphicx.sty
Package: graphicx 1996/05/29 v1.0 Enhanced LaTeX Graphics (DPC,SPQR)

(/usr/local/share/texmf/tex/latex/graphics/keyval.sty
Package: keyval 1995/09/21 v1.09 key=value parser (DPC)
)
(/usr/local/share/texmf/tex/latex/graphics/graphics.sty
Package: graphics 1996/05/29 v1.0 + fix for graphics/2259

(/usr/local/share/texmf/tex/latex/graphics/trig.sty
Package: trig 1994/10/16 v1.08 sin cos tan (DPC)
)
(/usr/local/share/texmf/tex/latex/config/graphics.cfg)
Package graphics Info: Driver file: dvips.def on input line 82.
)
\Gin@req@height=\dimen110
\Gin@req@width=\dimen111
)
(/usr/local/share/texmf/tex/latex/graphics/epsfig.sty
Package: epsfig 1996/04/11 v1.6 (e)psfig emulation (SPQR)
\epsfxsize=\dimen112
\epsfysize=\dimen113
)
(/usr/local/share/texmf/tex/latex/tools/varioref.sty
Package: varioref 1995/10/19 v1.1b package for extended references (FMi)
\c@vrcnt=\count89
)
(/usr/local/share/texmf/tex/latex/tools/multicol.sty
Package: multicol 1996/01/13 v1.5l multicolumn formatting (FMi)
\c@tracingmulticols=\count90
\mult@box=\box26
\multicol@leftmargin=\dimen114
\c@unbalance=\count91
\c@collectmore=\count92
\doublecol@number=\count93
\multicoltolerance=\count94
\multicolpretolerance=\count95
\full@width=\dimen115
\page@free=\dimen116
\premulticols=\dimen117
\postmulticols=\dimen118
\multicolsep=\skip45
\multicolbaselineskip=\skip46
\partial@page=\box27
\last@line=\box28
\mult@rightbox=\box29
\mult@grightbox=\box30
\mult@gfirstbox=\box31
\mult@firstbox=\box32
\@tempa=\box33
\@tempa=\box34
\@tempa=\box35
\@tempa=\box36
\@tempa=\box37
\@tempa=\box38
\@tempa=\box39
\@tempa=\box40
\@tempa=\box41
\@tempa=\box42
\@tempa=\box43
\@tempa=\box44
\@tempa=\box45
\@tempa=\box46
\@tempa=\box47
\@tempa=\box48
\@tempa=\box49
\c@columnbadness=\count96
\c@finalcolumnbadness=\count97
\last@try=\dimen119
\multicolovershoot=\dimen120
\multicolundershoot=\dimen121
\mult@nat@firstbox=\box50
)
(/usr/local/share/texmf/tex/latex/misc/here.sty)
(/usr/local/share/texmf/tex/latex/tools/xspace.sty
Package: xspace 1996/05/17 v1.04 Space after command names (DPC)
)
(/usr/local/share/texmf/tex/latex/misc/calc.sty
Package: calc 1995/04/10 v4.0c (TEST)

Package: `calc' v4.0c (TEST) <1995/04/10> (KKT and FJ)
\calc@Acount=\count98
\calc@Bcount=\count99
\calc@Adimen=\dimen122
\calc@Bdimen=\dimen123
\calc@Askip=\skip47
\calc@Bskip=\skip48
LaTeX Info: Redefining \setlength on input line 47.
LaTeX Info: Redefining \addtolength on input line 48.
\calc@denominator=\count100
) (/usr/local/share/texmf/tex/latex/base/ifthen.sty
Package: ifthen 1996/03/22 v1.0l Standard LaTeX ifthen package (DPC)
)
(/usr/local/share/texmf/tex/latex/base/makeidx.sty
Package: makeidx 1995/04/19 v1.0j Standard LaTeX package
)
\@DL@itemwidth=\dimen124
\c@cOL=\count101
\mylen=\skip49
\mybox=\box51
\@PAWout=\write3
)
(/usr/local/share/texmf/tex/latex/amsfonts/amssymb.sty
Package: amssymb 1995/02/01 v2.2a

(/usr/local/share/texmf/tex/latex/amsfonts/amsfonts.sty
Package: amsfonts 1995/02/01 v2.2b
\@emptytoks=\toks19
\symAMSa=\mathgroup4
\symAMSb=\mathgroup5
LaTeX Font Info:    Overwriting math alphabet `\mathfrak' in version `bold'
(Font)                  U/euf/m/n --> U/euf/b/n on input line 128.
))
(/usr/local/share/texmf/tex/latex/amslatex/amsmath.sty
Package: amsmath 1995/02/23 v1.2b AMS math features
\@mathmargin=\skip50

(/usr/local/share/texmf/tex/latex/amslatex/amstext.sty
Package: amstext 1995/01/25 v1.2

(/usr/local/share/texmf/tex/latex/amslatex/amsgen.sty
File: amsgen.sty 1995/02/01 v1.2a
\@emptytoks=\toks20
\ex@=\dimen125
))
(/usr/local/share/texmf/tex/latex/amslatex/amsbsy.sty
Package: amsbsy 1995/01/20 v1.2
\pmbraise@=\dimen126
)
(/usr/local/share/texmf/tex/latex/amslatex/amsopn.sty
Package: amsopn 1995/02/20 v1.2a operator names
)
LaTeX Info: Redefining \frac on input line 180.
\uproot@=\count102
\leftroot@=\count103
\classnum@=\count104
\DOTSCASE@=\count105
LaTeX Info: Redefining \dots on input line 327.
LaTeX Info: Redefining \ldots on input line 410.
LaTeX Info: Redefining \cdots on input line 414.
\Mathstrutbox@=\box52
\strutbox@=\box53
\big@size=\dimen127
LaTeX Font Info:    Redeclaring font encoding OML on input line 492.
LaTeX Font Info:    Redeclaring font encoding OMS on input line 493.
\skewcharcount@=\count106
\familycount@=\count107
\pointcount@=\count108
\accentdimen@=\dimen128
\accentmu@=\count109
\minaw@=\dimen129
\c@MaxMatrixCols=\count110
\dotsspace@=\muskip10
\c@parentequation=\count111
\dspbrk@lvl=\count112
\tag@help=\toks21
\row@=\count113
\column@=\count114
\maxfields@=\count115
\andhelp@=\toks22
\eqnshift@=\dimen130
\alignsep@=\dimen131
\tagshift@=\dimen132
\tagwidth@=\dimen133
\totwidth@=\dimen134
\lineht@=\dimen135
\@envbody=\toks23
\multlinegap=\skip51
\multlinetaggap=\skip52
)
(/afs/.cern.ch/project/cnas_doc/sources/shortwrups/cernlib1.sty)
(/usr/local/share/texmf/tex/latex/latex2html/html.sty
Package: html 1996/02/01 v1.0 hypertext commands for latex2html (nd, hs)
\c@lpart=\count116
\c@lchapter=\count117
\c@lsection=\count118
\c@lsubsection=\count119
\c@lsubsubsection=\count120
\c@lparagraph=\count121
\c@lsubparagraph=\count122
\c@lsubsubparagraph=\count123
\c@lequation=\count124
\ptrfile=\write4
)
\sizebox=\box54
\lthtmlwrite=\write5

No file images.aux.
LaTeX Font Info:    Checking defaults for OML/cmm/m/it on input line 86.
LaTeX Font Info:    ... okay on input line 86.
LaTeX Font Info:    Checking defaults for T1/cmr/m/n on input line 86.
LaTeX Font Info:    ... okay on input line 86.
LaTeX Font Info:    Checking defaults for OT1/cmr/m/n on input line 86.
LaTeX Font Info:    ... okay on input line 86.
LaTeX Font Info:    Checking defaults for OMS/cmsy/m/n on input line 86.
LaTeX Font Info:    ... okay on input line 86.
LaTeX Font Info:    Checking defaults for OMX/cmex/m/n on input line 86.
LaTeX Font Info:    ... okay on input line 86.
LaTeX Font Info:    Checking defaults for U/cmr/m/n on input line 86.
LaTeX Font Info:    ... okay on input line 86.
LaTeX Font Info:    Try loading font information for OT1+ptm on input line 86.
(/usr/local/share/texmf/tex/latex/psnfss/OT1ptm.fd
File: OT1ptm.fd 1996/01/28 Fontinst v1.504 font definitions for OT1/ptm.
)
latex2htmlLength hsize=349.0pt
latex2htmlLength vsize=743.50153pt
latex2htmlLength hoffset=0.0pt
latex2htmlLength voffset=0.0pt
latex2htmlLength topmargin=0.0pt
latex2htmlLength topskip=0.00002pt
latex2htmlLength headheight=0.0pt
latex2htmlLength headsep=0.0pt
latex2htmlLength parskip=2.59996pt plus 2.0pt minus 2.0pt
latex2htmlLength oddsidemargin=71.13188pt
latex2htmlLength evensidemargin=71.13188pt
LaTeX Font Info:    Try loading font information for U+msa on input line 105.
(/usr/local/share/texmf/tex/latex/amsfonts/Umsa.fd
File: Umsa.fd 1995/01/05 v2.2e AMS font definitions
)
LaTeX Font Info:    Try loading font information for U+msb on input line 105.

(/usr/local/share/texmf/tex/latex/amsfonts/Umsb.fd
File: Umsb.fd 1995/01/05 v2.2e AMS font definitions
)
Underfull \hbox (badness 10000) in paragraph at lines 115--115
\OT1/cmtt/m/n/10 EBESI0(X)  \OT1/ptm/m/n/10 or  \OT1/cmtt/m/n/10 DEBSI0(X)  \OT
1/ptm/m/n/10 has the value
 []


Underfull \hbox (badness 10000) in paragraph at lines 115--115
\OT1/cmtt/m/n/10 EBESI1(X)  \OT1/ptm/m/n/10 or  \OT1/cmtt/m/n/10 DEBSI1(X)  \OT
1/ptm/m/n/10 has the value
 []


Underfull \hbox (badness 10000) in paragraph at lines 115--115
\OT1/cmtt/m/n/10 EBESK0(X)  \OT1/ptm/m/n/10 or  \OT1/cmtt/m/n/10 DEBSK0(X)  \OT
1/ptm/m/n/10 has the value
 []


Underfull \hbox (badness 10000) in paragraph at lines 115--115
\OT1/cmtt/m/n/10 EBESK1(X)  \OT1/ptm/m/n/10 or  \OT1/cmtt/m/n/10 DEBSK1(X)  \OT
1/ptm/m/n/10 has the value
 []

l2hSize :tex2html_wrap_inline181:73.5pt::73.5pt::244.29893pt.
[1


]
l2hSize :tex2html_wrap_inline186:6.74997pt::6.74997pt::7.7778pt.
[2


]
l2hSize :tex2html_wrap_inline191:6.74997pt::6.74997pt::7.7778pt.
[3


]
l2hSize :tex2html_wrap_inline195:6.74997pt::0.0pt::5.00002pt.
[4


] (images.aux) ) 
Here is how much of TeX's memory you used:
 2451 strings out of 10910
 26306 string characters out of 72285
 74977 words of memory out of 262141
 5209 multiletter control sequences out of 9500
 7040 words of font info for 28 fonts, out of 150000 for 255
 14 hyphenation exceptions out of 607
 32i,6n,24p,229b,189s stack positions out of 300i,40n,60p,3000b,4000s

Output written on images.dvi (4 pages, 1980 bytes).
