This is TeX, C Version 3.141 (format=lplain 92.10.8)  22 JUN 1993 10:07
**hdbhtml
(hdbhtml.tex
LaTeX Version 2.09 <25 March 1992>
(/user/goossens/cnasall/cernman.sty
Style-Option: `cernman' v3.06  <93/06/21> (M.G.)
(/usr/local/lib/tex/macros/report.sty
Standard Document Style `report' <14 Jan 92>.
(/usr/local/lib/tex/macros/rep11.sty)
\descriptionmargin=\dimen99
\c@part=\count79
\c@chapter=\count80
\c@section=\count81
\c@subsection=\count82
\c@subsubsection=\count83
\c@paragraph=\count84
\c@subparagraph=\count85
\c@figure=\count86
\c@table=\count87
 (/usr/local/lib/tex/macros/titlepag.sty
Document Style Option `titlepage' -- Released 16 June 1991.
)) (/usr/local/lib/tex/macros/array.sty
Style-Option: `array' v2.1b  <92/07/06> (F.M.)
English documentation dated  <92/07/18> (F.M.)
\col@sep=\dimen100
\extrarowheight=\dimen101
\NC@list=\toks14
) (/usr/local/lib/tex/macros/subfigure.sty
\c@subfigure=\count88
\@subfigtemp=\count89
)
(/usr/local/lib/tex/macros/subeqnarray.sty
Documentstyle option `subeqnarray' V1.1; Released 22 December 1988
\c@subequation=\count90
) (/usr/local/lib/tex/macros/subeqn.sty
\@stequation=\toks15
) (/user/goossens/cnasall/fontcmds.sty)
(/user/goossens/cnasall/varioref.sty
\vr@cnt=\count91
)
\c@cOL=\count92
\Length=\dimen102
 (/usr/local/lib/tex/macros/verbatim.sty
Style-Option: `verbatim' v1.4d <91/04/24> (RmS)
English Documentation          <91/04/24> (RmS)
\every@verbatim=\toks16
\verbatim@line=\toks17
)) (/usr/local/lib/tex/macros/longtable.sty
Style-Option: `longtable' v3.04  <92/10/12> (D.P.C.)
English documentation dated  <92/10/12> (D.P.C.)
\LTleft=\skip41
\LTright=\skip42
\LTpre=\skip43
\LTpost=\skip44
\LTchunksize=\count93
\LTcapwidth=\dimen103
\LT@head=\box25
\LT@firsthead=\box26
\LT@foot=\box27
\LT@lastfoot=\box28
\LT@cols=\count94
\LT@rows=\count95
\c@LT@tables=\count96
\LT@p@ftn=\toks18
)
(/user/goossens/cnasall/epsfig.sty
Document style option `epsfig', v1.5 <31 Jan 92> (edited by SPQR)
(/usr/local/lib/tex/macros/epsf.sty (/usr/local/lib/tex/macros/epsf.tex
\epsffilein=\read1
\epsfxsize=\dimen104
\epsfysize=\dimen105
\epsftsize=\dimen106
\epsfrsize=\dimen107
\epsftmp=\dimen108
\pspoints=\dimen109
))
\p@intvaluex=\dimen110
\p@intvaluey=\dimen111
)
(/usr/local/lib/tex/macros/changebar.sty
Document style option `changebar', v3.0-test <6 Nov 91>
\cb@nextpoint=\count97
\cb@currentpoint=\count98
\cb@page=\count99
\cb@pagecount=\count100
\cb@odd=\dimen112
\cb@even=\dimen113
\changebarwidth=\skip45
\deletebarwidth=\skip46
\changebarsep=\skip47
\c@changebargrey=\count101
\cb@write=\write3
\cb@read=\read2
)
(/usr/local/lib/tex/macros/makeidx.sty
Document style option `makeidx' - released 21 Oct 91
) (/user/goossens/cnasall/cerndoc.sty (/user/goossens/cnasall/screen.sty
Document style option `Screen', 8 Apr 1993 MG/AS
\hquant=\dimen114
\vquant=\dimen115
\along@h=\count102
\along@v=\count103
\cc@tmp=\count104
\col@number=\count105
\@tempdimc=\dimen116
)
\wwwy=\count106
\wwwm=\count107
\wwwd=\count108
\wwwc=\count109
\wwwt=\count110
\wwws=\count111
 (/usr/local/lib/tex/macros/version.sty))
(/user/goossens/cnasall/cernhtml.sty
Style-Option: `cernhtml' v1.06  <93/06/22> (M.G.)
(/usr/local/lib/tex/macros/newopt.sty) (/usr/local/lib/tex/macros/ifthen.sty
Document Style Option 'ifthen' -- Released 16 June 1991.
)
\cPRE=\count112
\c@Index=\count113
)
***
\setlongtables is in force.
If you have edited the file since the last LaTeX run
incorrect column widths, or even errors may be produced.
***
\@indexfile=\write4
Writing index file hdbhtml.idx 
***
\setlongtables is in force.
If you have edited the file since the last LaTeX run
incorrect column widths, or even errors may be produced.
***
(hdbhtml.aux (hdbfront.aux) (hdbover.aux) (hdbtutr.aux) (hdbuser.aux)
(hdbappen.aux)) [1

] (hdbfront.tex
Overfull \hbox (68.43562pt too wide) in paragraph at lines 30--30
 [][] 

\hbox(106.39627+0.0)x388.49661
.\glue(\leftskip) 0.0 plus 1.0fil
.\hbox(0.0+0.0)x0.0
.\hbox(106.39627+0.0)x456.93224
..\special{ps: /Printstring (HEPDB) def}
..\glue(\spaceskip) 5.24995
..\vbox(106.39627+0.0)x451.68228, glue set 106.39627fil
...\glue 0.0 plus 1.0fil
...\hbox(0.0+0.0)x451.68228, glue set 451.68228fil []
.\penalty 10000
.\glue(\parfillskip) 0.0
.etc.

[2

]
Underfull \hbox (badness 10000) in paragraph at lines 97--97
[]\doc/m/n/11 Copyright and any other appropriate legal protection of these com
puter

\hbox(6.11111+2.22223)x372.95935
.\hbox(0.0+0.0)x0.0
.\doc/m/n/11 C
.\doc/m/n/11 o
.\doc/m/n/11 p
.\doc/m/n/11 y
.etc.


Underfull \hbox (badness 10000) in paragraph at lines 97--97
\doc/m/n/11 programs and associated documentation reserved in all countries of 
the

\hbox(6.11111+2.22223)x372.95935
.\doc/m/n/11 p
.\doc/m/n/11 r
.\doc/m/n/11 o
.\doc/m/n/11 g
.\doc/m/n/11 r
.etc.


Underfull \hbox (badness 10000) in paragraph at lines 97--97
[]\doc/m/n/11 These programs or documentation may not be reproduced by any meth
od

\hbox(6.11111+2.22223)x372.95935
.\hbox(0.0+0.0)x0.0
.\doc/m/n/11 T
.\doc/m/n/11 h
.\doc/m/n/11 e
.\doc/m/n/11 s
.etc.


Underfull \hbox (badness 10000) in paragraph at lines 97--97
\doc/m/n/11 without prior written consent of the Director-General of CERN or hi
s

\hbox(6.11111+2.22223)x372.95935
.\doc/m/n/11 w
.\doc/m/n/11 i
.\doc/m/n/11 t
.\doc/m/n/11 h
.\doc/m/n/11 o
.etc.


Underfull \hbox (badness 10000) in paragraph at lines 97--97
[]\doc/m/n/11 Permission for the usage of any programs described herein is gran
ted

\hbox(6.11111+2.22223)x372.95935
.\hbox(0.0+0.0)x0.0
.\doc/m/n/11 P
.\doc/m/n/11 e
.\doc/m/n/11 r
.\doc/m/n/11 m
.etc.


Underfull \hbox (badness 10000) in paragraph at lines 97--97
\doc/m/n/11 apriori to those scientific institutes associated with the CERN

\hbox(6.11111+2.22223)x372.95935
.\doc/m/n/11 a
.\doc/m/n/11 p
.\doc/m/n/11 r
.\doc/m/n/11 i
.\doc/m/n/11 o
.etc.


Underfull \hbox (badness 10000) in paragraph at lines 97--97
\doc/m/n/11 experimental program or with whom CERN has concluded a scientific

\hbox(6.11111+2.22223)x372.95935
.\doc/m/n/11 e
.\doc/m/n/11 x
.\doc/m/n/11 p
.\doc/m/n/11 e
.\doc/m/n/11 r
.etc.

[3]
Overfull \hbox (36.74965pt too wide) in paragraph at lines 103--107
[][]  

\hbox(55.77538+50.77536)x388.49661
.\hbox(0.0+0.0)x0.0
.\hbox(55.77538+50.77536)x425.24626
..\mathon
..\vbox(55.77538+50.77536)x425.24626
...\hbox(11.51996+6.9253)x425.24626 []
...\glue(\lineskip) 0.0
...\hbox(11.51996+60.98553)x425.24626 []
...\glue(\lineskip) 0.0
...\hbox(11.51996+4.08003)x425.24626 []
..\mathoff
.\penalty 10000
.\glue(\parfillskip) 0.0 plus 1.0fil
.\glue(\rightskip) 0.0 plus 1.0fil

[4] [5]
Underfull \hbox (badness 10000) in paragraph at lines 134--134
[]\doc/m/n/11 Throughout this manual, commands to be <B>entered</B> are

\hbox(6.94444+2.22223)x341.43306
.\hbox(0.0+0.0)x0.0
.\doc/m/n/11 T
.\doc/m/n/11 h
.\doc/m/n/11 r
.\doc/m/n/11 o
.etc.

[1] [2] [3]) (hdbover.tex [1


] [2] [3] [4] [5] [6] [7] [8] [9] [10] [11])
[12] (hdbtutr.tex [13


] [14] [15] [16] [17] [18] [19] [20] [21] [22] [23]
Overfull \hbox (57.7495pt too wide) in paragraph at lines 445--445
[]\doc/m/n/11 CDOPNC. opened file GEO.DBS on unit  2 with top directory CDGE an
d record length 1024[] 

\hbox(6.11111+2.22223)x388.49661
.\hbox(0.0+0.0)x0.0
.\doc/m/n/11 C
.\doc/m/n/11 D
.\doc/m/n/11 O
.\doc/m/n/11 P
.etc.

[24] [25] [26] [27] [28] [29] [30] [31] [32] [33] [34] [35] [36] [37] [38]
[39] [40] [41] [42]
Overfull \hbox (89.24922pt too wide) in paragraph at lines 1244--1244
[]\doc/m/n/11 *     Where: PATH   is the absolute path to where the data reside
s in the database (string)[] 

\hbox(6.94444+2.22223)x388.49661
.\hbox(0.0+0.0)x0.0
.\doc/m/n/11 *
.\penalty 10000
.\glue(\spaceskip) 5.24995
.\penalty 10000
.etc.


Overfull \hbox (41.99963pt too wide) in paragraph at lines 1245--1245
[]\doc/m/n/11 *            NUMRUN is the instant of validity for the object we 
require (integer)[] 

\hbox(6.94444+2.22223)x388.49661
.\hbox(0.0+0.0)x0.0
.\doc/m/n/11 *
.\penalty 10000
.\glue(\spaceskip) 5.24995
.\penalty 10000
.etc.


Overfull \hbox (10.49991pt too wide) in paragraph at lines 1246--1246
[]\doc/m/n/11 *            KY1    user key 1 say the detector name (4 Character
 hollerith)[] 

\hbox(6.94444+2.22223)x388.49661
.\hbox(0.0+0.0)x0.0
.\doc/m/n/11 *
.\penalty 10000
.\glue(\spaceskip) 5.24995
.\penalty 10000
.etc.


Overfull \hbox (68.2494pt too wide) in paragraph at lines 1247--1247
[]\doc/m/n/11 *            KY2    user key 2 say the name of the destination ar
ray (4 char hollerith)[] 

\hbox(6.94444+2.22223)x388.49661
.\hbox(0.0+0.0)x0.0
.\doc/m/n/11 *
.\penalty 10000
.\glue(\spaceskip) 5.24995
.\penalty 10000
.etc.

[43] [44] [45] [46] [47] [48] [49]) [50] (hdbuser.tex [51


] [52] [53] [54]
Overfull \hbox (20.99988pt too wide) in paragraph at lines 127--127
 [] 

\hbox(14.00003+14.00003)x388.49661
.\glue(\leftskip) 0.0 plus 1.0fil
.\hbox(14.00003+14.00003)x409.49649
..\hbox(28.00006+0.0)x409.49649, shifted 14.00003
...\vbox(28.00006+0.0)x409.49649 []
.\penalty 10000
.\glue(\parfillskip) 0.0
.\glue(\rightskip) 0.0 plus 1.0fil

[55] [56] [57] [58] [59] [60] [61] [62] [63] [64] [65] [66] [67] [68] [69]
[70] [71] [72] [73] [74] [75] [76] [77] [78] [79] [80] [81] [82] [83] [84]
[85] [86] [87] [88] [89] [90] [91] [92] [93] [94] [95] [96] [97] [98] [99]
[100] [101] [102] [103] [104] [105] [106] [107] [108] [109] [110] [111]
[112]) [113] (hdbappen.tex [114


] [115] [116] [117] [118] [119] [120] [121]
[122] [123] [124] [125] [126] [127] [128] [129] [130] [131] [132] [133]
[134] [135] [136] [137] [138] [139] [140] [141] [142] [143] [144] [145]
[146] [147] [148] [149] [150] [151] [152] [153] [154] [155] [156]
Overfull \hbox (31.49973pt too wide) in paragraph at lines 1659--1659
[]\doc/m/n/11 (IDENTIFIER=ID$_CHORUS,OPTIONS=DEFAULT,ACCESS=READ+WRITE+EXECUTE+
DELETE+CONTROL)[] 

\hbox(6.94444+1.38887)x388.49661
.\hbox(0.0+0.0)x0.0
.\doc/m/n/11 (
.\doc/m/n/11 I
.\doc/m/n/11 D
.\doc/m/n/11 E
.etc.

[157] [158] [159] [160] [161]
Overfull \hbox (31.49973pt too wide) in paragraph at lines 1880--1880
[]\doc/m/n/11 $ if f$getqui("DISPLAY_QUEUE","QUEUE_STOPPED","SYS$FATMEN") .eqs.
 "FALSE" then -[] 

\hbox(6.94444+2.22223)x388.49661
.\hbox(0.0+0.0)x0.0
.\doc/m/n/11 $
.\penalty 10000
.\glue(\spaceskip) 5.24995
.\doc/m/n/11 i
.etc.

[162] [163] [164] [165] [166] [167] [168] [169] [170] [171] [172]
Overfull \hbox (62.99945pt too wide) in paragraph at lines 2252--2252
[] []\doc/m/n/11 echo 'HEPDB server                                        Elap
sed     CPU time   %CPU'[] 

\hbox(6.94444+2.22223)x388.49661
.\hbox(0.0+0.0)x0.0
.\glue 0.0
.\hbox(0.0+0.0)x0.0
..\glue 0.0
..\glue 0.0
..\glue -5.24995
..\hbox(0.0+0.0)x0.0
..\glue 5.24995
.\penalty 0
.\doc/m/n/11 e
.etc.


Overfull \hbox (62.99945pt too wide) in paragraph at lines 2253--2253
[]\doc/m/n/11 echo '===========================================================
===================='[] 

\hbox(6.11111+0.0)x388.49661
.\hbox(0.0+0.0)x0.0
.\doc/m/n/11 e
.\doc/m/n/11 c
.\doc/m/n/11 h
.\doc/m/n/11 o
.etc.


Overfull \hbox (26.24977pt too wide) in paragraph at lines 2258--2258
[] []\doc/m/n/11 HEPDB server                                        Elapsed   
  CPU time   %CPU[] 

\hbox(6.94444+2.22223)x388.49661
.\hbox(0.0+0.0)x0.0
.\glue 0.0
.\hbox(0.0+0.0)x0.0
..\glue 0.0
..\glue 0.0
..\glue -5.24995
..\hbox(0.0+0.0)x0.0
..\glue 5.24995
.\penalty 0
.\doc/m/n/11 H
.etc.


Overfull \hbox (26.24977pt too wide) in paragraph at lines 2259--2259
[]\doc/m/n/11 =================================================================
==============[] 

\hbox(4.15623+0.0)x388.49661
.\hbox(0.0+0.0)x0.0
.\doc/m/n/11 =
.\doc/m/n/11 =
.\doc/m/n/11 =
.\doc/m/n/11 =
.etc.


Overfull \hbox (20.99982pt too wide) in paragraph at lines 2260--2260
[]\doc/m/n/11 /hepdb/cdnomad/cdsrv                              7-02:19:29    0
0:04:44   0.0[] 

\hbox(6.94444+2.22223)x388.49661
.\hbox(0.0+0.0)x0.0
.\doc/m/n/11 /
.\doc/m/n/11 h
.\doc/m/n/11 e
.\doc/m/n/11 p
.etc.


Overfull \hbox (20.99982pt too wide) in paragraph at lines 2261--2261
[]\doc/m/n/11 /hepdb/cdchorus/cdsrv                             7-02:19:29    0
0:04:43   0.0[] 

\hbox(6.94444+2.22223)x388.49661
.\hbox(0.0+0.0)x0.0
.\doc/m/n/11 /
.\doc/m/n/11 h
.\doc/m/n/11 e
.\doc/m/n/11 p
.etc.


Overfull \hbox (20.99982pt too wide) in paragraph at lines 2262--2262
[]\doc/m/n/11 /hepdb/cdcplear/cdsrv                             7-02:19:29    0
0:04:41   0.0[] 

\hbox(6.94444+2.22223)x388.49661
.\hbox(0.0+0.0)x0.0
.\doc/m/n/11 /
.\doc/m/n/11 h
.\doc/m/n/11 e
.\doc/m/n/11 p
.etc.


Overfull \hbox (68.2494pt too wide) in paragraph at lines 2268--2268
\doc/m/n/11 NAME=H2hdbappen-Updating-a-database-residing-on-node--hepdb-from-a-
Unix-system-at-CERN>  

\hbox(6.11111+2.22223)x388.49661
.\doc/m/n/11 N
.\doc/m/n/11 A
.\doc/m/n/11 M
.\doc/m/n/11 E
.\doc/m/n/11 =
.etc.

[173]
Overfull \hbox (62.99945pt too wide) in paragraph at lines 2292--2292
\doc/m/n/11 NAME=H2hdbappen-Updating-a-database-residing-on-node--hepdb-from-a-
VMS-system-at-CERN>  

\hbox(6.11111+2.22223)x388.49661
.\doc/m/n/11 N
.\doc/m/n/11 A
.\doc/m/n/11 M
.\doc/m/n/11 E
.\doc/m/n/11 =
.etc.


Overfull \hbox (52.49954pt too wide) in paragraph at lines 2301--2301
\doc/m/n/11 NAME=H2hdbappen-Updating-a-database-residing-on-node--hepdb-from-a-
remote-VM-system>  

\hbox(6.11111+2.22223)x388.49661
.\doc/m/n/11 N
.\doc/m/n/11 A
.\doc/m/n/11 M
.\doc/m/n/11 E
.\doc/m/n/11 =
.etc.

[174] [175] [176] [177] [178] [179] [180] [181] [182] [183] [184] [185]
[186]) [187] (hdbmain.bbl [188

]) [189] (hdbhtml.aux (hdbfront.aux)
(hdbover.aux) (hdbtutr.aux) (hdbuser.aux) (hdbappen.aux)) ) 
Here is how much of TeX's memory you used:
 1148 strings out of 11620
 10561 string characters out of 73736
 57973 words of memory out of 262141
 3233 multiletter control sequences out of 17000
 16347 words of font info for 59 fonts, out of 120000 for 255
 52 hyphenation exceptions out of 607
 18i,11n,23p,202b,242s stack positions out of 300i,40n,60p,3000b,5000s

Output written on hdbhtml.dvi (197 pages, 325352 bytes).
