This is TeX, Version 3.1415 (C version 6.1) (format=latex 95.1.5)  23 MAR 1995 12:54
**hdbmain
(hdbmain.tex
LaTeX2e <1994/12/01>
(/afs/cern.ch/project/cnas_doc/sources/cnasall/cernman.cls
Document Class: cernman 1994/01/10
(/usr/local/lib/texmf/tex/latex/base/report.cls
Document Class: report 1994/12/09 v1.2x Standard LaTeX document class
(/usr/local/lib/texmf/tex/latex/base/size11.clo
File: size11.clo 1994/12/09 v1.2x Standard LaTeX file (size option)
)
\c@part=\count82
\c@chapter=\count83
\c@section=\count84
\c@subsection=\count85
\c@subsubsection=\count86
\c@paragraph=\count87
\c@subparagraph=\count88
\c@figure=\count89
\c@table=\count90
\abovecaptionskip=\skip41
\belowcaptionskip=\skip42
LaTeX Info: Redefining \cal on input line 515.
LaTeX Info: Redefining \mit on input line 516.
\bibindent=\dimen102
)
(/usr/local/lib/texmf/tex/latex/psnfss/pifont.sty
Package: pifont 94/11/11 4.2 Pi font PSNFSS2e package
LaTeX Font Info:    Try loading font information for U+pzd on input line 57.

(/usr/local/lib/texmf/tex/psfonts/Upzd.fd)
LaTeX Font Info:    Try loading font information for U+psy on input line 58.

(/usr/local/lib/texmf/tex/psfonts/Upsy.fd))
(/usr/local/lib/texmf/tex/latex/graphics/color.sty
Package: color 1994/11/22 v0.3h Standard LaTeX Color (DPC)

(/usr/local/lib/texmf/tex/latex/graphics/color.cfg)
Package color Info: Driver file: dvips.def on input line 131.

(/usr/local/lib/texmf/tex/latex/graphics/dvips.def
File: dvips.def 1994/12/12 v2.6 Driver-dependant file (DPC,SPQR)
)
(/usr/local/lib/texmf/tex/latex/graphics/dvipsnam.def
File: dvipsnam.def 1994/12/12 v2.6 Driver-dependant file (DPC,SPQR)
))
(/usr/local/lib/texmf/tex/latex/tools/array.sty
Package: array 1994/12/08 v2.3b Tabular extension package (FMi)
\col@sep=\dimen103
\extrarowheight=\dimen104
\NC@list=\toks14
\extratabsurround=\skip43
\backup@length=\skip44
)
(/usr/local/lib/texmf/tex/latex/tools/tabularx.sty
Package: tabularx 1994/05/22 v2.01 `tabularx' package (DPC)
\TX@col@width=\dimen105
\TX@old@table=\dimen106
\TX@old@col=\dimen107
\TX@target=\dimen108
\TX@delta=\dimen109
\TX@cols=\count91
\TX@ftn=\toks15
)
(/usr/local/lib/texmf/tex/latex/tools/verbatim.sty
Package: verbatim 1994/10/25 v1.5f LaTeX2e package for verbatim enhancements
\every@verbatim=\toks16
\verbatim@line=\toks17
\verbatim@in@stream=\read1
)
(/usr/local/lib/texmf/tex/latex/graphics/graphicx.sty
Package: graphicx 1994/11/29 v0.5a Enhanced LaTeX Graphics (DPC,SPQR)

(/usr/local/lib/texmf/tex/latex/graphics/keyval.sty
Package: keyval 1994/09/12 v1.08 key=value parser (DPC)
)
(/usr/local/lib/texmf/tex/latex/graphics/graphics.sty
Package: graphics 1994/12/15 v0.6c Standard LaTeX Graphics (DPC,SPQR)

(/usr/local/lib/texmf/tex/latex/graphics/trig.sty
Package: trig 1994/10/16 v1.08 sin cos tan (DPC)
)
(/usr/local/lib/texmf/tex/latex/graphics/graphics.cfg)
Package graphics Info: Driver file: dvips.def on input line 88.
)
\Gin@req@height=\dimen110
\Gin@req@width=\dimen111
)
(/usr/local/lib/texmf/tex/latex/graphics/epsfig.sty
Package: epsfig 1994/06/07 1.3 (SPQR)
\epsfxsize=\dimen112
\epsfysize=\dimen113
)
(/usr/local/lib/texmf/tex/latex/tools/varioref.sty
Package: varioref 1994/09/27 v1.0o package for extended references (FMi)
\c@vrcnt=\count92
)
(/usr/local/lib/texmf/tex/latex/tools/multicol.sty
Package: multicol 1994/10/02 v1.5i multicolum formatting
\c@tracingmulticols=\count93
\mult@box=\box26
\multicol@leftmargin=\dimen114
\c@unbalance=\count94
\c@collectmore=\count95
\doublecol@number=\count96
\multicoltolerance=\count97
\multicolpretolerance=\count98
\full@width=\dimen115
\page@free=\dimen116
\premulticols=\dimen117
\postmulticols=\dimen118
\multicolsep=\skip45
\multicolbaselineskip=\skip46
\partial@page=\box27
\last@line=\box28
\mult@rightbox=\box29
\mult@grightbox=\box30
\mult@gfirstbox=\box31
\mult@firstbox=\box32
\@tempa=\box33
\@tempa=\box34
\@tempa=\box35
\@tempa=\box36
\@tempa=\box37
\@tempa=\box38
\@tempa=\box39
\@tempa=\box40
\@tempa=\box41
\@tempa=\box42
\@tempa=\box43
\@tempa=\box44
\@tempa=\box45
\@tempa=\box46
\@tempa=\box47
\@tempa=\box48
\@tempa=\box49
\c@columnbadness=\count99
\c@finalcolumnbadness=\count100
\last@try=\dimen119
\multicolovershoot=\dimen120
\multicolundershoot=\dimen121
\mult@nat@firstbox=\box50
)
(/usr/local/lib/texmf/tex/latex/misc/here.sty)
(/usr/local/lib/texmf/tex/latex/tools/xspace.sty
Package: xspace 1994/11/15 v1.03 Space after command names (DPC)
)
(/usr/local/lib/texmf/tex/latex/misc/calc.sty
Package: calc 95/02/09 v4.0b (TEST)

Package: `calc' v4.0b (TEST) <95/02/09> (KKT and FJ)
\calc@Acount=\count101
\calc@Bcount=\count102
\calc@Adimen=\dimen122
\calc@Bdimen=\dimen123
\calc@Askip=\skip47
\calc@Bskip=\skip48
LaTeX Info: Redefining \setlength on input line 45.
LaTeX Info: Redefining \addtolength on input line 46.
\calc@denominator=\count103
) (/usr/local/lib/texmf/tex/latex/base/ifthen.sty
Package: ifthen 1994/11/15 v1.0j Standard LaTeX ifthen package (DPC)
)
(/usr/local/lib/texmf/tex/latex/base/makeidx.sty
Package: makeidx 1994/11/11 v1.0i Standard LaTeX package
)
\@DL@itemwidth=\dimen124
\c@cOL=\count104
\mylen=\skip49
\mybox=\box51
\@PAWout=\write3
)
(/usr/local/lib/texmf/tex/latex/tools/longtable.sty
Package: longtable 1994/12/08 v3.13 Multi-page Table package (DPC)
\LTleft=\skip50
\LTright=\skip51
\LTpre=\skip52
\LTpost=\skip53
\LTchunksize=\count105
\LTcapwidth=\dimen125
\LT@head=\box52
\LT@firsthead=\box53
\LT@foot=\box54
\LT@lastfoot=\box55
\LT@cols=\count106
\LT@rows=\count107
\c@LT@tables=\count108
\LT@p@ftn=\toks18
)

Package longtable Warning: \setlongtables is in force.
(longtable)                If you have edited the file since the last
(longtable)                LaTeX run, incorrect column widths, or even
(longtable)                errors, may be produced.

\@indexfile=\write4
Writing index file hdbmain.idx
(hdbmain.aux (hdbfront.aux) (hdbover.aux) (hdbtutr.aux) (hdbuser.aux)
(hdbappen.aux))
LaTeX Font Info:    Checking defaults for OML/cmm/m/it on input line 34.
LaTeX Font Info:    ... okay on input line 34.
LaTeX Font Info:    Checking defaults for T1/cmr/m/n on input line 34.
LaTeX Font Info:    ... okay on input line 34.
LaTeX Font Info:    Checking defaults for OT1/cmr/m/n on input line 34.
LaTeX Font Info:    ... okay on input line 34.
LaTeX Font Info:    Checking defaults for OMS/cmsy/m/n on input line 34.
LaTeX Font Info:    ... okay on input line 34.
LaTeX Font Info:    Checking defaults for OMX/cmex/m/n on input line 34.
LaTeX Font Info:    ... okay on input line 34.
LaTeX Font Info:    Checking defaults for U/cmr/m/n on input line 34.
LaTeX Font Info:    ... okay on input line 34.
LaTeX Font Info:    Try loading font information for OT1+ptm on input line 34.
 (/usr/local/lib/texmf/tex/psfonts/OT1ptm.fd) (hdbfront.tex
File: /usr/local/lib/tex/ps/cern15.eps Graphic file (type eps)

</usr/local/lib/tex/ps/cern15.eps>
LaTeX Font Info:    Font shape `OT1/ptm/bx/n' in size <14.4> not available
(Font)              Font shape `OT1/ptm/b/n' tried instead on input line 25.
File: /user/goossens/cnasall/cnastit.eps Graphic file (type eps)
 </user/goossens/cnasall/cnastit.eps>
[1


]
LaTeX Font Info:    Font shape `OT1/ptm/bx/n' in size <10.95> not available
(Font)              Font shape `OT1/ptm/b/n' tried instead on input line 83.
LaTeX Font Info:    Try loading font information for OMS+ptm on input line 83.

No file OMSptm.fd.

LaTeX Font Warning: Font shape `OMS/ptm/m/n ' undefined
(Font)              using `OMS/cmsy/m/n' instead on input line 83.

LaTeX Font Info:    External font `cmex10' loaded for size
(Font)              <10.95> on input line 83.
LaTeX Font Info:    External font `cmex10' loaded for size
(Font)              <8> on input line 83.
LaTeX Font Info:    External font `cmex10' loaded for size
(Font)              <6> on input line 83.
[1]
LaTeX Font Info:    Font shape `OT1/ptm/bx/n' in size <12> not available
(Font)              Font shape `OT1/ptm/b/n' tried instead on input line 102.
 (hdbmain.toc [1] [2] [3] [4] [5])
\tf@toc=\write5
 (hdbmain.lot)
\tf@lot=\write6
) [6]
LaTeX Font Info:    Font shape `OT1/ptm/bx/n' in size <20.74> not available
(Font)              Font shape `OT1/ptm/b/n' tried instead on input line 41.
LaTeX Font Info:    Font shape `OT1/ptm/bx/n' in size <24.88> not available
(Font)              Font shape `OT1/ptm/b/n' tried instead on input line 41.
 [1


] [2] (hdbover.tex
Chapter 1.
[3


]
Chapter 2.

LaTeX Font Warning: Font shape `OT1/cmtt/bx/n' in size <10.95> not available
(Font)              Font shape `OT1/cmtt/m/n' tried instead on input line 167.

[4

] [5] [6]
Overfull \hbox (2.90088pt too wide) in paragraph at lines 306--323
\OT1/ptm/m/n/10.95 ics in the \OT1/cmtt/m/n/10.95 DICTIONARY \OT1/ptm/m/n/10.95
 di-rec-tory or the in-ser-tion of items in the \OT1/cmtt/m/n/10.95 HELP \OT1/p
tm/m/n/10.95 di-rec-tory. The in-for-ma-tion is recorded
 []

[7]
Chapter 3.
[8

] [9] [10]) [11] [12


] [13] [14] (hdbtutr.tex
Chapter 4.
[15


]
LaTeX Font Info:    External font `cmex10' loaded for size
(Font)              <9> on input line 131.
LaTeX Font Info:    External font `cmex10' loaded for size
(Font)              <5> on input line 131.
 [16]
LaTeX Font Info:    Font shape `OT1/ptm/bx/n' in size <9> not available
(Font)              Font shape `OT1/ptm/b/n' tried instead on input line 183.
 [17] [18]
Overfull \hbox (13.98975pt too wide) in paragraph at lines 310--314
[]| \OT1/ptm/m/n/10.95 On \OT1/cmtt/m/n/10.95 VM \OT1/ptm/m/n/10.95 the server 
can be started in one of two ways. You could au-tolog the ma-chine \OT1/cmtt/m/
n/10.95 CDexperiment
 []

[19] [20] [21] [22] [23]
Overfull \hbox (4.95714pt too wide) in paragraph at lines 624--628
\OT1/ptm/m/n/10.95 From our pre-vi-ous de-scrip-tion of the ex-ist-ing \OT1/cmt
t/m/n/10.95 RZ \OT1/ptm/m/n/10.95 file we can see that we have 1 va-lid-ity ran
ge pair \OT1/cmtt/m/n/10.95 VAL_STAR
 []


Overfull \hbox (15.8417pt too wide) in paragraph at lines 629--632
[]\OT1/ptm/m/n/10.95 The other keys from our ge-om-e-try \OT1/cmtt/m/n/10.95 RZ
 \OT1/ptm/m/n/10.95 files will take the form of nor-mal user keys oc-cu-py-ing 
keys \OT1/cmtt/m/n/10.95 11+NPAIR*2
 []

[24] [25] [26] [27]
Overfull \hbox (9.94005pt too wide) in paragraph at lines 879--886
[]\OT1/ptm/m/n/10.95 Subroutines ex-ist to al-low the con-ver-sion of a non-par
titioned di-rec-tory to a par-ti-tioned one (rou-tine \OT1/cmtt/m/n/10.95 CDPAR
T[]\OT1/ptm/m/n/10.95 )
 []

[28] [29]
Underfull \vbox (badness 10000) has occurred while \output is active []

 [30]
Underfull \vbox (badness 10000) has occurred while \output is active []

 [31]
[32] [33] [34] [35] [36]
LaTeX Font Info:    Font shape `OT1/ptm/bx/n' in size <10> not available
(Font)              Font shape `OT1/ptm/b/n' tried instead on input line 1386.
 [37] [38]) [39] [40


] [41] [42] (hdbuser.tex
Chapter 5.
[43


] [44]
Overfull \hbox (8.4439pt too wide) in paragraph at lines 133--133
[]|\OT1/cmtt/m/n/10.95 (*LUNDB*,CHTOP,CHFILE,IDIV,NPAIR,NQUO,NPRE,NTOP,LRECL,CH
OPT,IRC*)| 
 []

[45] [46]
Overfull \hbox (5.51534pt too wide) in paragraph at lines 280--282
[][]\OT1/ptm/m/n/10.95 Delete the cur-rent mnemonic name def-i-ni-tions for the
 spec-i-fied path name (\OT1/cmtt/m/n/10.95 NW \OT1/ptm/m/n/10.95 and \OT1/cmtt
/m/n/10.95 CHTAG
 []

[47] [48] [49] [50] [51] [52]
Overfull \hbox (25.44733pt too wide) in paragraph at lines 661--663
[][]\OT1/ptm/m/n/10.95 Number of ob-jects to be stored. The key vec-tors \OT1/c
mtt/m/n/10.95 KEYO \OT1/ptm/m/n/10.95 and \OT1/cmtt/m/n/10.95 KEYN \OT1/ptm/m/n
/10.95 must be di-men-sioned (\OT1/cmtt/m/n/10.95 NWKEY\OT1/ptm/m/n/10.95 ,\OT1
/cmtt/m/n/10.95 NOBJ\OT1/ptm/m/n/10.95 ) 
 []

[53] [54] [55]
Overfull \hbox (28.82846pt too wide) in paragraph at lines 864--874
\OT1/cmtt/m/n/10.95 < 1 \OT1/ptm/m/n/10.95 it is used as an off-set to the valu
e of \OT1/cmtt/m/n/10.95 LSUP\OT1/ptm/m/n/10.95 , so the struc-ture will be con
-nected at \OT1/cmtt/m/n/10.95 LQ(LSUP+JBIAS\OT1/ptm/m/n/10.95 ).
 []

[56] [57] [58] [59] [60] [61] [62] [63] [64] [65] [66]
Chapter 6.
[67

] [68] [69] [70] [71]) [72] (hdbappen.tex
Appendix A.
[73



] [74]
Underfull \vbox (badness 10000) has occurred while \output is active []

 [75]
[76]
Underfull \vbox (badness 10000) has occurred while \output is active []

 [77]
Underfull \vbox (badness 10000) has occurred while \output is active []

 [78]
Underfull \vbox (badness 10000) has occurred while \output is active []

 [79]
[80]
Underfull \vbox (badness 10000) has occurred while \output is active []

 [81]
[82]
Underfull \vbox (badness 10000) has occurred while \output is active []

 [83]
Underfull \vbox (badness 10000) has occurred while \output is active []

 [84]
Underfull \vbox (badness 10000) has occurred while \output is active []

 [85]
Underfull \vbox (badness 10000) has occurred while \output is active []

 [86]
[87]
Underfull \vbox (badness 10000) has occurred while \output is active []

 [88]
[89]
Appendix B.
[90

]
Appendix C.
[91

] [92] [93] [94]

LaTeX Font Warning: Font shape `OT1/cmtt/bx/n' in size <12> not available
(Font)              Font shape `OT1/cmtt/m/n' tried instead on input line 1291.


[95]
Appendix D.
[96

]
Appendix E.
[97

]
Appendix F.
[98

] [99]
Appendix G.
[100

]
Overfull \hbox (5.73837pt too wide) in paragraph at lines 1510--1515
[][]\OT1/ptm/m/n/10.95 This is the \OT1/ptm/m/it/10.95 or \OT1/ptm/m/n/10.95 of
 the list of servers for the in-di-vid-ual databases. The database
 []

[101] [102]
Appendix H.

Overfull \hbox (8.74895pt too wide) in paragraph at lines 1583--1591
\OT1/ptm/m/n/10.95 On CERNVM a ded-i-cated ac-count is used per ex-per-i-ment. 
Thus for \OT1/cmtt/m/n/10.95 CPLEAR \OT1/ptm/m/n/10.95 we have the ac-count \OT
1/cmtt/m/n/10.95 CDCPLEAR\OT1/ptm/m/n/10.95 ,
 []

[103

]
Underfull \vbox (badness 10000) has occurred while \output is active []

 [104]
Underfull \vbox (badness 10000) has occurred while \output is active []

 [105]
Underfull \vbox (badness 10000) has occurred while \output is active []

 [106]
Underfull \vbox (badness 10000) has occurred while \output is active []

 [107]
Underfull \vbox (badness 10000) has occurred while \output is active []

 [108]
Underfull \vbox (badness 10000) has occurred while \output is active []

 [109]
Underfull \vbox (badness 10000) has occurred while \output is active []

 [110]
Overfull \hbox (7.48708pt too wide) in paragraph at lines 2088--2095
[][]\OT1/ptm/m/n/10.95 The list of re-mote nodes is iden-ti-fied by the \OT1/pt
m/b/n/10.95 :servers \OT1/ptm/m/n/10.95 tag of the \OT1/ptm/b/n/10.95 :nick.con
fig \OT1/ptm/m/n/10.95 en-try. Thus, for CPLEAR,
 []


Overfull \hbox (2.58176pt too wide) in paragraph at lines 2088--2095
\OT1/ptm/b/n/10.95 cessed by CD-SERV, not CD-MOVE. CD-MOVE only looks at the :s
ervers tag on the :nick.config
 []

[111] [112] [113] [114] [115]
Overfull \hbox (63.85767pt too wide) in paragraph at lines 2359--2362
[][]\OT1/ptm/m/n/10.95 The mas-ter server will pro-cess this up-date and make a
 copy in the di-rec-tory \OT1/ptm/b/n/10.95 DISK$MF:[KLOEDB.TOAXPALS]\OT1/ptm/m
/n/10.95 . 
 []

[116] [117]
Overfull \hbox (8.68076pt too wide) in paragraph at lines 2520--2522
[]\OT1/ptm/m/n/10.95 The iden-ti-fier must be granted to all users who should b
e per-mit-ted to up-date the database with the \OT1/cmtt/m/n/10.95 RESOURCE
 []

[118]
Underfull \vbox (badness 10000) has occurred while \output is active []

 [119]
[120] [121] [122] [123] [124] [125]
Underfull \vbox (badness 10000) has occurred while \output is active []

 [126]
[127]
Underfull \vbox (badness 10000) has occurred while \output is active []

 [128]
[129]
Appendix I.
[130

]
Appendix J.
[131

]
Appendix K.
[132

]
Underfull \vbox (badness 10000) has occurred while \output is active []

 [133]
Underfull \vbox (badness 10000) has occurred while \output is active []

 [134]
[135]
Appendix L.
[136

]
Underfull \vbox (badness 10000) has occurred while \output is active []

 [137]
Underfull \vbox (badness 10000) has occurred while \output is active []

 [138]
[139] [140]
Underfull \vbox (badness 10000) has occurred while \output is active []

 [141])
[142] (hdbmain.ind [143


] [144]) (hdbmain.bbl
Underfull \hbox (badness 3838) in paragraph at lines 47--50
[][]\OT1/ptm/m/n/10.95 R. Cran-field, B. Holl, R. W. L. Jones, and N. Wat-son. 
 \OT1/ptm/m/it/10.95 OP-CAL User Guide -- OC504\OT1/ptm/m/n/10.95 .
 []

) [145


] (hdbmain.aux (hdbfront.aux) (hdbover.aux) (hdbtutr.aux) (hdbuser.aux)
(hdbappen.aux))

LaTeX Font Warning: Some font shapes were not available, defaults substituted.

 ) 
Here is how much of TeX's memory you used:
 1817 strings out of 10955
 19135 string characters out of 73510
 78286 words of memory out of 262141
 4454 multiletter control sequences out of 9500
 15003 words of font info for 49 fonts, out of 100000 for 255
 14 hyphenation exceptions out of 607
 32i,9n,23p,228b,469s stack positions out of 300i,40n,60p,3000b,4000s

Output written on hdbmain.dvi (153 pages, 439208 bytes).
