This is TeX, C Version 3.141 (format=lplain 92.10.8)  30 MAR 1993 20:10
**hepdbdoc
(hepdbdoc.tex
LaTeX Version 2.09 <25 March 1992>
(/user/goossens/cnasall/cernman.sty
Style-Option: `cernman' v3.05  <93/03/04> (M.G.)
(/usr/local/lib/tex/macros/report.sty
Standard Document Style `report' <14 Jan 92>.
(/usr/local/lib/tex/macros/rep11.sty)
\descriptionmargin=\dimen99
\c@part=\count79
\c@chapter=\count80
\c@section=\count81
\c@subsection=\count82
\c@subsubsection=\count83
\c@paragraph=\count84
\c@subparagraph=\count85
\c@figure=\count86
\c@table=\count87
 (/usr/local/lib/tex/macros/titlepag.sty
Document Style Option `titlepage' -- Released 16 June 1991.
)) (/usr/local/lib/tex/macros/array.sty
Style-Option: `array' v2.1b  <92/07/06> (F.M.)
English documentation dated  <92/07/18> (F.M.)
\col@sep=\dimen100
\extrarowheight=\dimen101
\NC@list=\toks14
) (/usr/local/lib/tex/macros/subfigure.sty
\c@subfigure=\count88
\@subfigtemp=\count89
)
(/usr/local/lib/tex/macros/subeqnarray.sty
Documentstyle option `subeqnarray' V1.1; Released 22 December 1988
\c@subequation=\count90
) (/usr/local/lib/tex/macros/subeqn.sty
\@stequation=\toks15
)
\c@cOL=\count91
\Length=\dimen102

(/usr/local/lib/tex/macros/verbatim.sty
Style-Option: `verbatim' v1.4d <91/04/24> (RmS)
English Documentation          <91/04/24> (RmS)
\every@verbatim=\toks16
\verbatim@line=\toks17
)) (/usr/local/lib/tex/macros/longtable.sty
Style-Option: `longtable' v3.04  <92/10/12> (D.P.C.)
English documentation dated  <92/10/12> (D.P.C.)
\LTleft=\skip41
\LTright=\skip42
\LTpre=\skip43
\LTpost=\skip44
\LTchunksize=\count92
\LTcapwidth=\dimen103
\LT@head=\box25
\LT@firsthead=\box26
\LT@foot=\box27
\LT@lastfoot=\box28
\LT@cols=\count93
\LT@rows=\count94
\c@LT@tables=\count95
\LT@p@ftn=\toks18
)
(/usr/local/lib/tex/macros/epsfig.sty
Document style option `epsfig', v1.8 <26 Sep 92> (edited by SPQR)
\ps@dimcent=\dimen104
(/usr/local/lib/tex/macros/epsf.tex
\epsffilein=\read1
\epsfxsize=\dimen105
\epsfysize=\dimen106
\epsftsize=\dimen107
\epsfrsize=\dimen108
\epsftmp=\dimen109
\pspoints=\dimen110
)
\p@intvaluex=\dimen111
\p@intvaluey=\dimen112
) (/user/goossens/cnasall/cerndoc.sty
(/user/goossens/cnasall/screen.sty
Document style option `Screen', 17 Oct 92.
\hquant=\dimen113
\vquant=\dimen114
\along@h=\count96
\along@v=\count97
\cc@tmp=\count98
\col@number=\count99
\@tempdimc=\dimen115
)
\wwwy=\count100
\wwwm=\count101
\wwwd=\count102
\wwwc=\count103
\wwwt=\count104
\wwws=\count105
 (/usr/local/lib/tex/macros/version.sty))
***
\setlongtables is in force.
If you have edited the file since the last LaTeX run
incorrect column widths, or even errors may be produced.
***
\@indexfile=\write3
Writing index file hepdbdoc.idx 
(hepdbdoc.aux (hdbfront.aux) (hdbover.aux) (hdbtutr.aux) (hdbuser.aux)
(hdbappen.aux)) (HEPDB/hdbfront.tex
Overfull \hbox (68.43562pt too wide) in paragraph at lines 29--29
 [][] 

\hbox(106.39627+0.0)x388.49661
.\glue(\leftskip) 0.0 plus 1.0fil
.\hbox(0.0+0.0)x0.0
.\hbox(106.39627+0.0)x456.93224
..\special{ps: /Printstring (HEPDB) def}
..\glue(\spaceskip) 5.24995
..\vbox(106.39627+0.0)x451.68228, glue set 106.39627fil
...\glue 0.0 plus 1.0fil
...\hbox(0.0+0.0)x451.68228, glue set 451.68228fil []
.\penalty 10000
.\glue(\parfillskip) 0.0
.etc.

[0


]
Underfull \hbox (badness 10000) in paragraph at lines 83--83
[]\doc/m/n/11 Copyright and any other appropriate legal protection of these com
puter

\hbox(6.11111+2.22223)x372.95935
.\hbox(0.0+0.0)x0.0
.\doc/m/n/11 C
.\doc/m/n/11 o
.\doc/m/n/11 p
.\doc/m/n/11 y
.etc.


Underfull \hbox (badness 10000) in paragraph at lines 83--83
\doc/m/n/11 programs and associated documentation reserved in all countries of 
the

\hbox(6.11111+2.22223)x372.95935
.\doc/m/n/11 p
.\doc/m/n/11 r
.\doc/m/n/11 o
.\doc/m/n/11 g
.\doc/m/n/11 r
.etc.


Underfull \hbox (badness 10000) in paragraph at lines 83--83
[]\doc/m/n/11 These programs or documentation may not be reproduced by any meth
od

\hbox(6.11111+2.22223)x372.95935
.\hbox(0.0+0.0)x0.0
.\doc/m/n/11 T
.\doc/m/n/11 h
.\doc/m/n/11 e
.\doc/m/n/11 s
.etc.


Underfull \hbox (badness 10000) in paragraph at lines 83--83
\doc/m/n/11 without prior written consent of the Director-General of CERN or hi
s

\hbox(6.11111+2.22223)x372.95935
.\doc/m/n/11 w
.\doc/m/n/11 i
.\doc/m/n/11 t
.\doc/m/n/11 h
.\doc/m/n/11 o
.etc.


Underfull \hbox (badness 10000) in paragraph at lines 83--83
[]\doc/m/n/11 Permission for the usage of any programs described herein is gran
ted

\hbox(6.11111+2.22223)x372.95935
.\hbox(0.0+0.0)x0.0
.\doc/m/n/11 P
.\doc/m/n/11 e
.\doc/m/n/11 r
.\doc/m/n/11 m
.etc.


Underfull \hbox (badness 10000) in paragraph at lines 83--83
\doc/m/n/11 apriori to those scientific institutes associated with the CERN

\hbox(6.11111+2.22223)x372.95935
.\doc/m/n/11 a
.\doc/m/n/11 p
.\doc/m/n/11 r
.\doc/m/n/11 i
.\doc/m/n/11 o
.etc.


Underfull \hbox (badness 10000) in paragraph at lines 83--83
\doc/m/n/11 experimental program or with whom CERN has concluded a scientific

\hbox(6.11111+2.22223)x372.95935
.\doc/m/n/11 e
.\doc/m/n/11 x
.\doc/m/n/11 p
.\doc/m/n/11 e
.\doc/m/n/11 r
.etc.

[1] [1] (hepdbdoc.toc [2] [3] [4] [5] [6]
Overfull \hbox (14.17482pt too wide) in paragraph at lines 133--133
 [][] []\doc/m/n/11 Updating a database residing on node hepdb from a Unix syst
em at 

\hbox(6.11111+2.22223)x388.49661
.\glue(\leftskip) 39.89961
.\hbox(0.0+0.0)x15.74983
.\hbox(0.0+0.0)x0.0
.\glue -39.89961
.\hbox(6.11111+0.0)x24.14978, glue set 8.39992fil
..\doc/m/n/11 H
..\doc/m/n/11 .
..\doc/m/n/11 1
..\glue 0.0 plus 1.0fil
.etc.


Overfull \hbox (8.92487pt too wide) in paragraph at lines 135--135
 [][] []\doc/m/n/11 Updating a database residing on node hepdb from a VMS syste
m at 

\hbox(6.11111+2.22223)x388.49661
.\glue(\leftskip) 39.89961
.\hbox(0.0+0.0)x15.74983
.\hbox(0.0+0.0)x0.0
.\glue -39.89961
.\hbox(6.11111+0.0)x24.14978, glue set 8.39992fil
..\doc/m/n/11 H
..\doc/m/n/11 .
..\doc/m/n/11 3
..\glue 0.0 plus 1.0fil
.etc.

[7]
Overfull \hbox (14.17484pt too wide) in paragraph at lines 136--136
 [][] []\doc/m/n/11 Updating a database residing on node hepdb from a remote VM
 system []  

\hbox(6.11111+2.22223)x388.49661
.\glue(\leftskip) 39.89961
.\hbox(0.0+0.0)x15.74983
.\hbox(0.0+0.0)x0.0
.\glue -39.89961
.\hbox(6.11111+0.0)x24.14978, glue set 8.39992fil
..\doc/m/n/11 H
..\doc/m/n/11 .
..\doc/m/n/11 4
..\glue 0.0 plus 1.0fil
.etc.

)
\tf@toc=\write4
 (hepdbdoc.lot)
\tf@lot=\write5
) [8] (HEPDB/hdbover.tex
Chapter 1.
[1



]
Chapter 2.
[2

] [3] [4] [5] [6]
Chapter 3.
[7

] [8] [9] [10]) [11] (HEPDB/hdbtutr.tex
Chapter 4.
[12



] [13] [14] [15] [16] [17] [18] [19]
Overfull \hbox (57.7495pt too wide) in paragraph at lines 436--436
[]\doc/m/n/11 CDOPNC. opened file GEO.DBS on unit  2 with top directory CDGE an
d record length 1024[] 

\hbox(6.11111+2.22223)x388.49661
.\hbox(0.0+0.0)x0.0
.\doc/m/n/11 C
.\doc/m/n/11 D
.\doc/m/n/11 O
.\doc/m/n/11 P
.etc.

[20] [21] [22] [23] [24] [25] [26] [27] [28] [29] [30] [31] [32] [33] [34]
[35] [36] [37]
Overfull \hbox (89.24922pt too wide) in paragraph at lines 1228--1228
[]\doc/m/n/11 *     Where: PATH   is the absolute path to where the data reside
s in the database (string)[] 

\hbox(6.94444+2.22223)x388.49661
.\hbox(0.0+0.0)x0.0
.\doc/m/n/11 *
.\penalty 10000
.\glue(\spaceskip) 5.24995
.\penalty 10000
.etc.

[38]
Overfull \hbox (41.99963pt too wide) in paragraph at lines 1229--1229
[]\doc/m/n/11 *            NUMRUN is the instant of validity for the object we 
require (integer)[] 

\hbox(6.94444+2.22223)x388.49661
.\hbox(0.0+0.0)x0.0
.\doc/m/n/11 *
.\penalty 10000
.\glue(\spaceskip) 5.24995
.\penalty 10000
.etc.


Overfull \hbox (10.49991pt too wide) in paragraph at lines 1230--1230
[]\doc/m/n/11 *            KY1    user key 1 say the detector name (4 Character
 hollerith)[] 

\hbox(6.94444+2.22223)x388.49661
.\hbox(0.0+0.0)x0.0
.\doc/m/n/11 *
.\penalty 10000
.\glue(\spaceskip) 5.24995
.\penalty 10000
.etc.


Overfull \hbox (68.2494pt too wide) in paragraph at lines 1231--1231
[]\doc/m/n/11 *            KY2    user key 2 say the name of the destination ar
ray (4 char hollerith)[] 

\hbox(6.94444+2.22223)x388.49661
.\hbox(0.0+0.0)x0.0
.\doc/m/n/11 *
.\penalty 10000
.\glue(\spaceskip) 5.24995
.\penalty 10000
.etc.

[39] [40] [41] [42] [43]) [44] (HEPDB/hdbuser.tex
Chapter 5.
[45



] [46] [47] [48] [49] [50] [51] [52] [53] [54] [55] [56] [57] [58] [59]
[60] [61] [62] [63] [64] [65] [66] [67] [68]
Chapter 6.
[69

] [70] [71] [72] [73] [74] [75]) [76] (HEPDB/hdbappen.tex
Appendix A.
[77



] [78] [79] [80] [81] [82] [83] [84] [85] [86]
Appendix B.
[87

] [88]
Appendix C.
[89

] [90] [91] [92] [93] [94] [95]
Appendix D.
[96

]
Appendix E.
[97

] [98]
Appendix F.
[99

] [100] [101]
Appendix G.
[102

] [103]
Overfull \hbox (31.49973pt too wide) in paragraph at lines 1145--1145
[]\doc/m/n/11 (IDENTIFIER=ID$_CHORUS,OPTIONS=DEFAULT,ACCESS=READ+WRITE+EXECUTE+
DELETE+CONTROL)[] 

\hbox(6.94444+1.38887)x388.49661
.\hbox(0.0+0.0)x0.0
.\doc/m/n/11 (
.\doc/m/n/11 I
.\doc/m/n/11 D
.\doc/m/n/11 E
.etc.

[104] [105] [106] [107] [108]
Overfull \hbox (31.49973pt too wide) in paragraph at lines 1354--1354
[]\doc/m/n/11 $ if f$getqui("DISPLAY_QUEUE","QUEUE_STOPPED","SYS$FATMEN") .eqs.
 "FALSE" then -[] 

\hbox(6.94444+2.22223)x388.49661
.\hbox(0.0+0.0)x0.0
.\doc/m/n/11 $
.\penalty 10000
.\glue(\spaceskip) 5.24995
.\doc/m/n/11 i
.etc.

[109] [110] [111] [112] [113] [114]
Overfull \hbox (62.99945pt too wide) in paragraph at lines 1630--1630
[] []\doc/m/n/11 echo 'HEPDB server                                        Elap
sed     CPU time   %CPU'[] 

\hbox(6.94444+2.22223)x388.49661
.\hbox(0.0+0.0)x0.0
.\glue 0.0
.\hbox(0.0+0.0)x0.0
..\glue 0.0
..\glue 0.0
..\glue -5.24995
..\hbox(0.0+0.0)x0.0
..\glue 5.24995
.\penalty 0
.\doc/m/n/11 e
.etc.


Overfull \hbox (62.99945pt too wide) in paragraph at lines 1631--1631
[]\doc/m/n/11 echo '===========================================================
===================='[] 

\hbox(6.11111+0.0)x388.49661
.\hbox(0.0+0.0)x0.0
.\doc/m/n/11 e
.\doc/m/n/11 c
.\doc/m/n/11 h
.\doc/m/n/11 o
.etc.


Overfull \hbox (26.24977pt too wide) in paragraph at lines 1636--1636
[] []\doc/m/n/11 HEPDB server                                        Elapsed   
  CPU time   %CPU[] 

\hbox(6.94444+2.22223)x388.49661
.\hbox(0.0+0.0)x0.0
.\glue 0.0
.\hbox(0.0+0.0)x0.0
..\glue 0.0
..\glue 0.0
..\glue -5.24995
..\hbox(0.0+0.0)x0.0
..\glue 5.24995
.\penalty 0
.\doc/m/n/11 H
.etc.


Overfull \hbox (26.24977pt too wide) in paragraph at lines 1637--1637
[]\doc/m/n/11 =================================================================
==============[] 

\hbox(4.15623+0.0)x388.49661
.\hbox(0.0+0.0)x0.0
.\doc/m/n/11 =
.\doc/m/n/11 =
.\doc/m/n/11 =
.\doc/m/n/11 =
.etc.


Overfull \hbox (20.99982pt too wide) in paragraph at lines 1638--1638
[]\doc/m/n/11 /hepdb/cdnomad/cdsrv                              7-02:19:29    0
0:04:44   0.0[] 

\hbox(6.94444+2.22223)x388.49661
.\hbox(0.0+0.0)x0.0
.\doc/m/n/11 /
.\doc/m/n/11 h
.\doc/m/n/11 e
.\doc/m/n/11 p
.etc.


Overfull \hbox (20.99982pt too wide) in paragraph at lines 1639--1639
[]\doc/m/n/11 /hepdb/cdchorus/cdsrv                             7-02:19:29    0
0:04:43   0.0[] 

\hbox(6.94444+2.22223)x388.49661
.\hbox(0.0+0.0)x0.0
.\doc/m/n/11 /
.\doc/m/n/11 h
.\doc/m/n/11 e
.\doc/m/n/11 p
.etc.


Overfull \hbox (20.99982pt too wide) in paragraph at lines 1640--1640
[]\doc/m/n/11 /hepdb/cdcplear/cdsrv                             7-02:19:29    0
0:04:41   0.0[] 

\hbox(6.94444+2.22223)x388.49661
.\hbox(0.0+0.0)x0.0
.\doc/m/n/11 /
.\doc/m/n/11 h
.\doc/m/n/11 e
.\doc/m/n/11 p
.etc.

[115]
Appendix H.
[116

]
Appendix I.
[117

] [118] [119] [120]
Appendix J.
[121

] [122] [123] [124] [125] [126] [127] [128]) [129] (hepdbdoc.ind [130

]
[131]) (hepdbdoc.bbl [132]) [133

] (hepdbdoc.aux (hdbfront.aux) (hdbover.aux)
(hdbtutr.aux) (hdbuser.aux) (hdbappen.aux)) )
(\end occurred inside a group at level 1) 
Here is how much of TeX's memory you used:
 1037 strings out of 11620
 9337 string characters out of 73736
 55683 words of memory out of 262141
 3131 multiletter control sequences out of 17000
 16347 words of font info for 59 fonts, out of 120000 for 255
 52 hyphenation exceptions out of 607
 18i,11n,23p,233b,382s stack positions out of 300i,40n,60p,3000b,5000s

Output written on hepdbdoc.dvi (143 pages, 270240 bytes).
