\BOOKMARK [1][-]{d0e3.1}{Analysis for Physics Experiments \(Version 2.0.1\) }{}
\BOOKMARK [2][-]{H1PresentingLHCPP.2}{Chapter 1. Presenting Anaphe }{d0e3.1}
\BOOKMARK [3][-]{d0e25.3}{A short historical introduction }{H1PresentingLHCPP.2}
\BOOKMARK [3][-]{d0e76.3}{Objectives }{H1PresentingLHCPP.2}
\BOOKMARK [3][-]{d0e159.3}{Collaboration with the experiments }{H1PresentingLHCPP.2}
\BOOKMARK [3][-]{d0e186.3}{Current Situation }{H1PresentingLHCPP.2}
\BOOKMARK [3][-]{d0e314.3}{An overview of the commercial components }{H1PresentingLHCPP.2}
\BOOKMARK [3][-]{d0e566.3}{Overview of the HEP-specific components }{H1PresentingLHCPP.2}
\BOOKMARK [3][-]{S-GNATS.3}{Problem Reporting }{H1PresentingLHCPP.2}
\BOOKMARK [2][-]{H1LHCPPObjectModel.2}{Chapter 2. Anaphe Object Model }{d0e3.1}
\BOOKMARK [3][-]{d0e718.3}{A historical digression: Ntuples and PAW }{H1LHCPPObjectModel.2}
\BOOKMARK [3][-]{SNEWDATAMODEL.3}{The new Data Model }{H1LHCPPObjectModel.2}
\BOOKMARK [3][-]{d0e941.3}{Implementing the Data Model: explorable collections }{H1LHCPPObjectModel.2}
\BOOKMARK [2][-]{H1SetUpUserEnvironment.2}{Chapter 3. Setting up the user environment }{d0e3.1}
\BOOKMARK [3][-]{d0e963.3}{Environment variables required by Anaphe }{H1SetUpUserEnvironment.2}
\BOOKMARK [3][-]{d0e997.3}{Setting up the environment for Bourne shell flavour shells }{H1SetUpUserEnvironment.2}
\BOOKMARK [3][-]{d0e1027.3}{Setting up the environment for csh shell flavour shells }{H1SetUpUserEnvironment.2}
\BOOKMARK [3][-]{d0e1057.3}{How to get a fresh Objectivity/DB federated database }{H1SetUpUserEnvironment.2}
\BOOKMARK [3][-]{d0e1119.3}{Installation troubleshooting }{H1SetUpUserEnvironment.2}
\BOOKMARK [2][-]{H1AccessOBJDatabase.2}{Chapter 4. Accessing the Objectivity/DB database }{d0e3.1}
\BOOKMARK [3][-]{d0e1165.3}{What does the user have to know about the database? }{H1AccessOBJDatabase.2}
\BOOKMARK [3][-]{d0e1228.3}{Getting access to an Objectivity/DB database }{H1AccessOBJDatabase.2}
\BOOKMARK [3][-]{H2AccesssOBJ.3}{Accessing the Objectivity/DB from inside a C++ program }{H1AccessOBJDatabase.2}
\BOOKMARK [3][-]{d0e1588.3}{Manipulating the Objectivity/DB database and its containers in a C++ program }{H1AccessOBJDatabase.2}
\BOOKMARK [3][-]{d0e1877.3}{Objectivity/DB administration tools }{H1AccessOBJDatabase.2}
\BOOKMARK [2][-]{H1HistogramTagClasses.2}{Chapter 5. Histogram and tag classes }{d0e3.1}
\BOOKMARK [3][-]{PERSISTENTHISTOS.3}{The HTL package }{H1HistogramTagClasses.2}
\BOOKMARK [3][-]{d0e1964.3}{Converting an HBOOK file into an Objectivity/DB database }{H1HistogramTagClasses.2}
\BOOKMARK [3][-]{d0e2041.3}{The tag classes }{H1HistogramTagClasses.2}
\BOOKMARK [2][-]{H1Glossary.2}{Chapter 6. Glossary }{d0e3.1}
\BOOKMARK [2][-]{d0e2285.2}{Index }{d0e3.1}
