This is pdfTeX, Version 3.14159-pre-1.0-unofficial-20010704 (Web2C 7.3.3.1) (format=pdfxmltex 2001.7.27)  29 AUG 2001 11:32
**aaa.fo
(./aaa.fo{/afs/cern.ch/sw/TeXlive/tl6/texmf-var/pdftex/config/pdftex.cfg}
LaTeX2e <2000/06/01>
Loading CZ hyphenation patterns: Pavel Sevecek, v3, 1995
Loading SK hyphenation patterns: Jana Chlebikova, 1992
Babel <v3.7h> and hyphenation patterns for english, dumylang, nohyphenation, cz
ech, slovak, german, ngerman, danish, spanish, catalan, finnish, french, ukengl
ish, greek, croatian, hungarian, italian, latin, mongolian, dutch, norwegian, p
olish, portuguese, russian, ukrainian, serbocroat, swedish, loaded.
xmltex version: 2000/09/07 v1.8y (Exp)
(/afs/cern.ch/sw/TeXlive/tl6/texmf/tex/xmltex/base/xmltex.cfg)

No File: aaa.cfg
(/afs/cern.ch/sw/TeXlive/tl6/texmf-updates/tex/xmltex/passivetex/fotex.xmt)
(/afs/cern.ch/sw/TeXlive/tl6/texmf/tex/latex/base/article.cls
Document Class: article 2000/05/19 v1.4b Standard LaTeX document class
(/afs/cern.ch/sw/TeXlive/tl6/texmf/tex/latex/base/size10.clo
File: size10.clo 2000/05/19 v1.4b Standard LaTeX file (size option)
)
\c@part=\count80
\c@section=\count81
\c@subsection=\count82
\c@subsubsection=\count83
\c@paragraph=\count84
\c@subparagraph=\count85
\c@figure=\count86
\c@table=\count87
\abovecaptionskip=\skip41
\belowcaptionskip=\skip42
\bibindent=\dimen102
)
(/afs/cern.ch/sw/TeXlive/tl6/texmf-updates/tex/xmltex/passivetex/fotex.sty
Package: fotex 2001/04/02: version 1.6. support for XSL formatting, S Rahtz

(/afs/cern.ch/sw/TeXlive/tl6/texmf/tex/latex/graphics/graphicx.sty
Package: graphicx 1999/02/16 v1.0f Enhanced LaTeX Graphics (DPC,SPQR)

(/afs/cern.ch/sw/TeXlive/tl6/texmf/tex/latex/graphics/keyval.sty
Package: keyval 1999/03/16 v1.13 key=value parser (DPC)
\KV@toks@=\toks17
)
(/afs/cern.ch/sw/TeXlive/tl6/texmf/tex/latex/graphics/graphics.sty
Package: graphics 1999/02/16 v1.0l Standard LaTeX Graphics (DPC,SPQR)

(/afs/cern.ch/sw/TeXlive/tl6/texmf/tex/latex/graphics/trig.sty
Package: trig 1999/03/16 v1.09 sin cos tan (DPC)
)
(/afs/cern.ch/sw/TeXlive/tl6/texmf/tex/latex/texlive/graphics.cfg
File: graphics.cfg 2001/03/31 v1.0 graphics configuration of teTeX/TeXLive
)
Package graphics Info: Driver file: pdftex.def on input line 80.

(/afs/cern.ch/sw/TeXlive/tl6/texmf/tex/latex/graphics/pdftex.def
File: pdftex.def 2001/05/25 v0.03g graphics/color for pdftex
\Gread@gobject=\count88
))
\Gin@req@height=\dimen103
\Gin@req@width=\dimen104
)
(/afs/cern.ch/sw/TeXlive/tl6/texmf/tex/latex/tools/multicol.sty
Package: multicol 2000/07/10 v1.5z multicolumn formatting (FMi)
\c@tracingmulticols=\count89
\mult@box=\box26
\multicol@leftmargin=\dimen105
\c@unbalance=\count90
\c@collectmore=\count91
\doublecol@number=\count92
\multicoltolerance=\count93
\multicolpretolerance=\count94
\full@width=\dimen106
\page@free=\dimen107
\premulticols=\dimen108
\postmulticols=\dimen109
\multicolsep=\skip43
\multicolbaselineskip=\skip44
\partial@page=\box27
\last@line=\box28
\mult@rightbox=\box29
\mult@grightbox=\box30
\mult@gfirstbox=\box31
\mult@firstbox=\box32
\@tempa=\box33
\@tempa=\box34
\@tempa=\box35
\@tempa=\box36
\@tempa=\box37
\@tempa=\box38
\@tempa=\box39
\@tempa=\box40
\@tempa=\box41
\@tempa=\box42
\@tempa=\box43
\@tempa=\box44
\@tempa=\box45
\@tempa=\box46
\@tempa=\box47
\@tempa=\box48
\@tempa=\box49
\c@columnbadness=\count95
\c@finalcolumnbadness=\count96
\last@try=\dimen110
\multicolovershoot=\dimen111
\multicolundershoot=\dimen112
\mult@nat@firstbox=\box50
\colbreak@box=\box51
)
(/afs/cern.ch/sw/TeXlive/tl6/texmf/tex/latex/rotating/rotating.sty
Package: rotating 1997/09/26, v2.13 Rotation package

(/afs/cern.ch/sw/TeXlive/tl6/texmf/tex/latex/base/ifthen.sty
Package: ifthen 1999/09/10 v1.1b Standard LaTeX ifthen package (DPC)
)
\c@r@tfl@t=\count97
\rot@float@box=\box52
)
(/afs/cern.ch/sw/TeXlive/tl6/texmf/tex/latex/tools/array.sty
Package: array 1998/05/13 v2.3m Tabular extension package (FMi)
\col@sep=\dimen113
\extrarowheight=\dimen114
\NC@list=\toks18
\extratabsurround=\skip45
\backup@length=\skip46
)
(/afs/cern.ch/sw/TeXlive/tl6/texmf/tex/latex/amslatex/amsmath.sty
Package: amsmath 2000/07/18 v2.13 AMS math features
\@mathmargin=\skip47

For additional information on amsmath, use the `?' option.
(/afs/cern.ch/sw/TeXlive/tl6/texmf/tex/latex/amslatex/amstext.sty
Package: amstext 2000/06/29 v2.01

(/afs/cern.ch/sw/TeXlive/tl6/texmf/tex/latex/amslatex/amsgen.sty
File: amsgen.sty 1999/11/30 v2.0
\@emptytoks=\toks19
\ex@=\dimen115
))
(/afs/cern.ch/sw/TeXlive/tl6/texmf/tex/latex/amslatex/amsbsy.sty
Package: amsbsy 1999/11/29 v1.2d
\pmbraise@=\dimen116
)
(/afs/cern.ch/sw/TeXlive/tl6/texmf/tex/latex/amslatex/amsopn.sty
Package: amsopn 1999/12/14 v2.01 operator names
)
\inf@bad=\count98
LaTeX Info: Redefining \frac on input line 211.
\uproot@=\count99
\leftroot@=\count100
LaTeX Info: Redefining \overline on input line 307.
\classnum@=\count101
\DOTSCASE@=\count102
LaTeX Info: Redefining \ldots on input line 379.
LaTeX Info: Redefining \dots on input line 382.
LaTeX Info: Redefining \cdots on input line 467.
\Mathstrutbox@=\box53
\strutbox@=\box54
\big@size=\dimen117
LaTeX Font Info:    Redeclaring font encoding OML on input line 567.
LaTeX Font Info:    Redeclaring font encoding OMS on input line 568.
\macc@depth=\count103
\c@MaxMatrixCols=\count104
\dotsspace@=\muskip10
\c@parentequation=\count105
\dspbrk@lvl=\count106
\tag@help=\toks20
\row@=\count107
\column@=\count108
\maxfields@=\count109
\andhelp@=\toks21
\eqnshift@=\dimen118
\alignsep@=\dimen119
\tagshift@=\dimen120
\tagwidth@=\dimen121
\totwidth@=\dimen122
\lineht@=\dimen123
\@envbody=\toks22
\multlinegap=\skip48
\multlinetaggap=\skip49
\mathdisplay@stack=\toks23
LaTeX Info: Redefining \[ on input line 2666.
LaTeX Info: Redefining \] on input line 2667.
)
(/afs/cern.ch/sw/TeXlive/tl6/texmf/tex/latex/tools/longtable.sty
Package: longtable 1998/05/13 v4.09 Multi-page Table package (DPC)
\LTleft=\skip50
\LTright=\skip51
\LTpre=\skip52
\LTpost=\skip53
\LTchunksize=\count110
\LTcapwidth=\dimen124
\LT@head=\box55
\LT@firsthead=\box56
\LT@foot=\box57
\LT@lastfoot=\box58
\LT@cols=\count111
\LT@rows=\count112
\c@LT@tables=\count113
\c@LT@chunks=\count114
\LT@p@ftn=\toks24
)
(/afs/cern.ch/sw/TeXlive/tl6/texmf/tex/latex/ltxmisc/url.sty
\Urlmuskip=\muskip11
Package: url 1999/03/28  ver 1.5x  Verb mode for urls, etc.
)
(/afs/cern.ch/sw/TeXlive/tl6/texmf/tex/latex/hyperref/hyperref.sty
Package: hyperref 2001/05/26 v6.71g Hypertext links for LaTeX
\@linkdim=\dimen125
\Hy@linkcounter=\count115
\Hy@pagecounter=\count116

(/afs/cern.ch/sw/TeXlive/tl6/texmf/tex/latex/hyperref/pd1enc.def
File: pd1enc.def 2001/05/26 v6.71g Hyperref: PDFDocEncoding definition (HO)
)
(/afs/cern.ch/sw/TeXlive/tl6/texmf/tex/latex/texlive/hyperref.cfg
File: hyperref.cfg 2001/06/04 v1.0 hyperref configuration of TeXLive
)
Package hyperref Info: Option `colorlinks' set `false' on input line 1606.
Package hyperref Info: Option `plainpages' set `true' on input line 1606.
Package hyperref Info: Option `hypertexnames' set `false' on input line 1606.
Package hyperref Info: Bookmarks ON on input line 1664.
Package hyperref Info: Hyper figures OFF on input line 1683.
Package hyperref Info: Link nesting OFF on input line 1688.
Package hyperref Info: Hyper index ON on input line 1691.
Package hyperref Info: Plain pages ON on input line 1696.
Package hyperref Info: Backreferencing OFF on input line 1703.

Implicit mode ON; LaTeX internals redefined
LaTeX Info: Redefining \url on input line 1913.
\Fld@menulength=\count117
\Field@Width=\dimen126
\Fld@charsize=\dimen127
\Choice@toks=\toks25
\Field@toks=\toks26
Package hyperref Info: Hyper figures OFF on input line 2359.
Package hyperref Info: Link nesting OFF on input line 2364.
Package hyperref Info: Hyper index ON on input line 2367.
Package hyperref Info: backreferencing OFF on input line 2374.
Package hyperref Info: Link coloring OFF on input line 2379.
\c@Item=\count118
\c@Hfootnote=\count119
)
*hyperref using driver hpdftex*
(/afs/cern.ch/sw/TeXlive/tl6/texmf/tex/latex/hyperref/hpdftex.def
File: hpdftex.def 2001/05/26 v6.71g Hyperref driver for pdfTeX

(/afs/cern.ch/sw/TeXlive/tl6/texmf/tex/latex/psnfss/pifont.sty
Package: pifont 2001/06/04 PSNFSS-v8.2 Pi font support (SPQR) 
LaTeX Font Info:    Try loading font information for U+pzd on input line 62.

(/afs/cern.ch/sw/TeXlive/tl6/texmf/tex/latex/psnfss/upzd.fd
File: upzd.fd 2000/01/12 PSNFSS-v8.1 font definitions for U/pzd.
)
LaTeX Font Info:    Try loading font information for U+psy on input line 63.

(/afs/cern.ch/sw/TeXlive/tl6/texmf/tex/latex/psnfss/upsy.fd
File: upsy.fd 2000/01/12 PSNFSS-v8.1 font definitions for U/psy.
))
\Fld@listcount=\count120
\@outlinefile=\write3
)
(/afs/cern.ch/sw/TeXlive/tl6/texmf/tex/latex/ltxmisc/ulem.sty
\UL@box=\box59
\UL@hyphenbox=\box60
\UL@skip=\skip54
\UL@hook=\toks27
\UL@pe=\count121
\UL@pixel=\dimen128
\ULC@box=\box61
Package: ulem 2000/05/26
\ULdepth=\dimen129
)
(/afs/cern.ch/sw/TeXlive/tl6/texmf/tex/latex/graphics/color.sty
Package: color 1999/02/16 v1.0i Standard LaTeX Color (DPC)

(/afs/cern.ch/sw/TeXlive/tl6/texmf/tex/latex/texlive/color.cfg
File: color.cfg 2001/03/31 v1.0 color configuration of teTeX/TeXLive
)
Package color Info: Driver file: pdftex.def on input line 125.
)
(/afs/cern.ch/sw/TeXlive/tl6/texmf/tex/latex/psnfss/times.sty
Package: times 2001/06/04 PSNFSS-v8.2 (SPQR) 
)
(/afs/cern.ch/sw/TeXlive/tl6/texmf/tex/xmltex/passivetex/mlnames.sty
Package: mlnames 2001/01/10, some XSL and Unicode support material, Sebastian R
ahtz
\l@english=\language0
\l@USenglish=\language0
\l@usenglish=\language0
\l@dumylang=\language1
\l@nohyphenation=\language2
\l@czech=\language3
\l@slovak=\language4
\l@german=\language5
\l@ngerman=\language6
\l@danish=\language7
\l@spanish=\language8
\l@espanol=\language8
\l@catalan=\language9
\l@finnish=\language10
\l@french=\language11
\l@patois=\language11
\l@francais=\language11
\l@ukenglish=\language12
\l@greek=\language13
\l@croatian=\language14
\l@hungarian=\language15
\l@italian=\language16
\l@latin=\language17
\l@mongolian=\language18
\l@dutch=\language19
\l@norwegian=\language20
\l@norsk=\language20
\l@polish=\language21
\l@portuguese=\language22
\l@portuges=\language22
\l@russian=\language23
\l@ukrainian=\language24
\l@serbocroat=\language25
\l@swedish=\language26
)
(/afs/cern.ch/sw/TeXlive/tl6/texmf/tex/xmltex/passivetex/unicode.sty
Package: unicode 2000/01/13 S Rahtz: load various font-related packages for Uni
code

(/afs/cern.ch/sw/TeXlive/tl6/texmf/tex/latex/base/fontenc.sty
Package: fontenc 2000/08/30 v1.91 Standard LaTeX package

(/afs/cern.ch/sw/TeXlive/tl6/texmf/tex/latex/tipa/t3enc.def
File: T3enc.def 1996/06/10 TIPA encoding
LaTeX Font Info:    Try loading font information for OT1+phv on input line 340.


(/afs/cern.ch/sw/TeXlive/tl6/texmf/tex/latex/psnfss/ot1phv.fd
File: ot1phv.fd 2000/01/12 PSNFSS-v8.1 scalable font definitions for OT1/phv.
))
(/afs/cern.ch/sw/TeXlive/tl6/texmf/tex/latex/cyrillic/t2aenc.def
File: t2aenc.def 2000/05/03 v1.0d Cyrillic encoding definition file
)
(/afs/cern.ch/sw/TeXlive/tl6/texmf/tex/latex/base/t1enc.def
File: t1enc.def 2000/08/30 v1.91 Standard LaTeX file
LaTeX Font Info:    Redeclaring font encoding T1 on input line 38.
))
(/afs/cern.ch/sw/TeXlive/tl6/texmf/tex/latex/tipa/tipa.sty
Package: tipa 1996/06/10 TIPA version 1.0
)
(/afs/cern.ch/sw/TeXlive/tl6/texmf/tex/latex/tipa/tone.sty
\@tonebarhtunit=\dimen130
\@tonebarhalfwd=\dimen131
)
(/afs/cern.ch/sw/TeXlive/tl6/texmf/tex/latex/amsfonts/amssymb.sty
Package: amssymb 1996/11/03 v2.2b

(/afs/cern.ch/sw/TeXlive/tl6/texmf/tex/latex/amsfonts/amsfonts.sty
Package: amsfonts 1997/09/17 v2.2e
\symAMSa=\mathgroup4
\symAMSb=\mathgroup5
LaTeX Font Info:    Overwriting math alphabet `\mathfrak' in version `bold'
(Font)                  U/euf/m/n --> U/euf/b/n on input line 133.
))
(/afs/cern.ch/sw/TeXlive/tl6/texmf/tex/latex/tools/bm.sty
Package: bm 1999/07/05 v1.0g Bold Symbol Support (DPC/FMi)
LaTeX Info: Redefining \bm on input line 195.
)
(/afs/cern.ch/sw/TeXlive/tl6/texmf/tex/latex/base/textcomp.sty
Package: textcomp 2000/08/30 v1.91 Standard LaTeX package

(/afs/cern.ch/sw/TeXlive/tl6/texmf/tex/latex/base/ts1enc.def
File: ts1enc.def 1998/06/12 v3.0d (jk/car/fm) Standard LaTeX file
))
(/afs/cern.ch/sw/TeXlive/tl6/texmf/tex/latex/wasysym/wasysym.sty
Package: wasysym 1999/05/13 v1.0i Wasy-2 symbol support package
\symwasy=\mathgroup6
LaTeX Font Info:    Overwriting symbol font `wasy' in version `bold'
(Font)                  U/wasy/m/n --> U/wasy/b/n on input line 50.
)
(/afs/cern.ch/sw/TeXlive/tl6/texmf/tex/latex/stmaryrd/stmaryrd.sty
Package: stmaryrd 1994/03/03 St Mary's Road symbol package
\symstmry=\mathgroup7
LaTeX Font Info:    Overwriting symbol font `stmry' in version `bold'
(Font)                  U/stmry/m/n --> U/stmry/b/n on input line 89.
)
WARNING: Elsevier font setup not found
(/afs/cern.ch/sw/TeXlive/tl6/texmf/tex/xmltex/passivetex/dummyels.sty
Package: dummyels 1999/12/06: S Rahtz; dummy Elsevier names
)
WARNING: mmasym package not loaded. some symbols will fail
(/afs/cern.ch/sw/TeXlive/tl6/texmf/tex/latex/amsfonts/eucal.sty
Package: eucal 1995/01/06 v2.2 Euler Script fonts
LaTeX Font Info:    Overwriting math alphabet `\EuScript' in version `bold'
(Font)                  U/eus/m/n --> U/eus/b/n on input line 47.
)
LaTeX Info: Redefining \longrightarrow on input line 166.
LaTeX Info: Redefining \longleftarrow on input line 168.
\ex@=\dimen132
LaTeX Font Info:    Redeclaring math accent \mathring on input line 185.
)
(/afs/cern.ch/sw/TeXlive/tl6/texmf/tex/xmltex/passivetex/ucharacters.sty)
(/afs/cern.ch/sw/TeXlive/tl6/texmf/tex/latex/hyperref/nameref.sty
Package: nameref 2001/01/27 v2.19 Cross-referencing by name of section
\c@section@level=\count122
)
\FOListBlocks=\count123
\FOTableNesting=\count124
\FOinList=\count125
\FOinTable=\count126
\NCols=\count127
\RowCount=\count128
\CurrentCellWidth=\dimen133
\FObalancespace=\dimen134
\FOspaceleft=\dimen135
\MasterBottomMargin=\dimen136
\MasterLeftMargin=\dimen137
\MasterRightMargin=\dimen138
\MasterTopMargin=\dimen139
\NoTableCellHeight=\dimen140
\TableWidth=\dimen141
\XFOendindent=\dimen142
\XFOstartindent=\dimen143
\bottommargin=\dimen144
\FOtempdim=\dimen145
\BlockBox=\box62
\CellBox=\box63
\FOBOX=\box64
\ItemBox=\box65
\ColSpecs=\toks28
\FOplusdim=\dimen146
\FOminusdim=\dimen147
\FOspaceafterskip=\skip55
\FOspacebeforeskip=\skip56
\FOleaderlengthskip=\skip57
\AbsoluteTableCount=\count129
\CellCount=\count130
\arraylength=\count131
\c@ArrayIndex=\count132
\c@zeroCtr=\count133
\sortcount=\count134
\sorttoks=\toks29
Package color Info: Redefining color black on input line 825.
Package color Info: Redefining color blue on input line 826.
Package color Info: Redefining color green on input line 829.
Package color Info: Redefining color red on input line 835.
Package color Info: Redefining color white on input line 838.
Package color Info: Redefining color yellow on input line 839.

(/afs/cern.ch/sw/TeXlive/tl6/texmf-updates/tex/xmltex/passivetex/fotex.cfg
(/afs/cern.ch/sw/TeXlive/tl6/texmf/tex/latex/hyperref/nohyperref.sty
Package: nohyperref 2001/05/26 v6.71g Dummy hyperref (SR)
))
\@default=\dimen148
)
(./aaa.aux)
\openout1 = `aaa.aux'.

LaTeX Font Info:    Checking defaults for OML/cmm/m/it on input line 1.
LaTeX Font Info:    ... okay on input line 1.
LaTeX Font Info:    Checking defaults for T1/cmr/m/n on input line 1.
LaTeX Font Info:    ... okay on input line 1.
LaTeX Font Info:    Checking defaults for OT1/cmr/m/n on input line 1.
LaTeX Font Info:    ... okay on input line 1.
LaTeX Font Info:    Checking defaults for OMS/cmsy/m/n on input line 1.
LaTeX Font Info:    ... okay on input line 1.
LaTeX Font Info:    Checking defaults for OMX/cmex/m/n on input line 1.
LaTeX Font Info:    ... okay on input line 1.
LaTeX Font Info:    Checking defaults for U/cmr/m/n on input line 1.
LaTeX Font Info:    ... okay on input line 1.
LaTeX Font Info:    Checking defaults for PD1/pdf/m/n on input line 1.
LaTeX Font Info:    ... okay on input line 1.
LaTeX Font Info:    Checking defaults for T3/ptm/m/n on input line 1.
LaTeX Font Info:    Try loading font information for T3+ptm on input line 1.
 (/afs/cern.ch/sw/TeXlive/tl6/texmf/tex/latex/tipa/t3ptm.fd
File: T3ptm.fd 1996/06/10 TIPA font definitions
)
LaTeX Font Info:    ... okay on input line 1.
LaTeX Font Info:    Checking defaults for T2A/cmr/m/n on input line 1.
LaTeX Font Info:    Try loading font information for T2A+cmr on input line 1.

(/afs/cern.ch/sw/TeXlive/tl6/texmf/tex/latex/cyrillic/t2acmr.fd
File: t2acmr.fd 1999/01/07 v1.0 Computer Modern Cyrillic font definitions
)
LaTeX Font Info:    ... okay on input line 1.
LaTeX Font Info:    Checking defaults for TS1/cmr/m/n on input line 1.
LaTeX Font Info:    Try loading font information for TS1+cmr on input line 1.

(/afs/cern.ch/sw/TeXlive/tl6/texmf/tex/latex/base/ts1cmr.fd
File: ts1cmr.fd 1999/05/25 v2.5h Standard LaTeX font definitions
)
LaTeX Font Info:    ... okay on input line 1.
LaTeX Font Info:    Checking defaults for LECO/omseco/m/n on input line 1.
LaTeX Font Info:    ... okay on input line 1.
LaTeX Font Info:    Checking defaults for LECX/omsecx/m/n on input line 1.
LaTeX Font Info:    ... okay on input line 1.
LaTeX Font Info:    Checking defaults for LECY/omsecy/m/n on input line 1.
LaTeX Font Info:    ... okay on input line 1.
LaTeX Font Info:    Checking defaults for LEGR/omsegr/m/n on input line 1.
LaTeX Font Info:    ... okay on input line 1.
LaTeX Font Info:    Checking defaults for LEHA/omseha/m/n on input line 1.
LaTeX Font Info:    ... okay on input line 1.
LaTeX Font Info:    Checking defaults for LEIP/omseip/m/n on input line 1.
LaTeX Font Info:    ... okay on input line 1.
LaTeX Font Info:    Checking defaults for LELA/omsela/m/n on input line 1.
LaTeX Font Info:    ... okay on input line 1.
LaTeX Font Info:    Checking defaults for LETI/omseti/m/n on input line 1.
LaTeX Font Info:    ... okay on input line 1.
LaTeX Font Info:    Try loading font information for T1+ptm on input line 1.

(/afs/cern.ch/sw/TeXlive/tl6/texmf/tex/latex/psnfss/t1ptm.fd
File: t1ptm.fd 2000/01/12 PSNFSS-v8.1 font definitions for T1/ptm.
)
Package hyperref Info: Link coloring OFF on input line 1.
LaTeX Info: Redefining \ref on input line 1.
LaTeX Info: Redefining \pageref on input line 1.
 (./aaa.out)
(./aaa.out)
\openout3 = `aaa.out'.


1: hyphenation en, to replace none
LaTeX Font Info:    Try loading font information for T1+phv on input line 1.
(/afs/cern.ch/sw/TeXlive/tl6/texmf/tex/latex/psnfss/t1phv.fd
File: t1phv.fd 2000/01/12 PSNFSS-v8.1 scalable font definitions for T1/phv.
)
LaTeX Font Info:    Font shape `T1/phv/bx/n' in size <24.8832> not available
(Font)              Font shape `T1/phv/b/n' tried instead on input line 1.

1: hyphenation none, to replace en
LaTeX Font Info:    Font shape `T1/phv/bx/n' in size <16> not available
(Font)              Font shape `T1/phv/b/n' tried instead on input line 1.
2: hyphenation none, to replace en
LaTeX Font Info:    Font shape `T1/ptm/bx/n' in size <12> not available
(Font)              Font shape `T1/ptm/b/n' tried instead on input line 2.
! Missing number, treated as zero.
<to be read again> 
                   p
l.2 ...olumn-width="proportional-column-width()"/>
                                                  <fo:table-body><fo:table-r...

? q
OK, entering \batchmode...
! Illegal unit of measure (pt inserted).
<to be read again> 
                   p
l.2 ...olumn-width="proportional-column-width()"/>
                                                  <fo:table-body><fo:table-r...
Dimensions can be in units of em, ex, in, pt, pc,
cm, mm, dd, cc, bp, or sp; but yours is a new one!
I'll assume that you meant to say pt, for printer's points.
To recover gracefully from this error, it's best to
delete the erroneous units; e.g., type `2' to delete
two letters. (See Chapter 27 of The TeXbook.)


Overfull \hbox (36.2899pt too wide) in paragraph at lines 2--2
[]|/ptmr8t/GEANT-
 []


Overfull \hbox (7.5pt too wide) in paragraph at lines 2--2
/ptmr8t/4,
 []


Overfull \hbox (48.5094pt too wide) in paragraph at lines 2--2
/ptmr8t/MCLIBS++ 
 []


Underfull \hbox (badness 10000) detected at line 2
[]
 []


Overfull \hbox (36.2899pt too wide) in paragraph at lines 2--2
[]|/ptmr8t/GEANT-
 []


Overfull \hbox (7.5pt too wide) in paragraph at lines 2--2
/ptmr8t/4,
 []


Overfull \hbox (48.5094pt too wide) in paragraph at lines 2--2
/ptmr8t/MCLIBS++ 
 []


Overfull \hbox (37.48987pt too wide) in paragraph at lines 2--2
[]|/ptmr8t/OpenGL,
 []


Overfull \hbox (21.65991pt too wide) in paragraph at lines 2--2
/ptmr8t/Open
 []


Overfull \hbox (11.65991pt too wide) in paragraph at lines 2--2
/ptmr8t/In-
 []


Overfull \hbox (17.62pt too wide) in paragraph at lines 2--2
/ptmr8t/ven-
 []


Overfull \hbox (11.10985pt too wide) in paragraph at lines 2--2
/ptmr8t/tor 
 []


Underfull \hbox (badness 10000) detected at line 2
[]
 []


Overfull \hbox (37.48987pt too wide) in paragraph at lines 2--2
[]|/ptmr8t/OpenGL,
 []


Overfull \hbox (21.65991pt too wide) in paragraph at lines 2--2
/ptmr8t/Open
 []


Overfull \hbox (11.65991pt too wide) in paragraph at lines 2--2
/ptmr8t/In-
 []


Overfull \hbox (17.62pt too wide) in paragraph at lines 2--2
/ptmr8t/ven-
 []


Overfull \hbox (11.10985pt too wide) in paragraph at lines 2--2
/ptmr8t/tor 
 []


Overfull \hbox (43.33942pt too wide) in paragraph at lines 2--2
[]|/ptmr8t/HepFitting
 []


Overfull \hbox (14.43994pt too wide) in paragraph at lines 2--2
/ptmr8t/and
 []


Overfull \hbox (25.5498pt too wide) in paragraph at lines 2--2
/ptmr8t/GEM-
 []


Overfull \hbox (13.87988pt too wide) in paragraph at lines 2--2
/ptmr8t/INI 
 []


Underfull \hbox (badness 10000) detected at line 2
[]
 []


Overfull \hbox (43.33942pt too wide) in paragraph at lines 2--2
[]|/ptmr8t/HepFitting
 []


Overfull \hbox (14.43994pt too wide) in paragraph at lines 2--2
/ptmr8t/and
 []


Overfull \hbox (25.5498pt too wide) in paragraph at lines 2--2
/ptmr8t/GEM-
 []


Overfull \hbox (13.87988pt too wide) in paragraph at lines 2--2
/ptmr8t/INI 
 []

 [1


{/afs/cern.ch/sw/TeXlive/tl6/texmf/pdftex/config/psfonts.map}{/afs/cern.ch/sw/T
eXlive/tl6/texmf/pdftex/config/lw35.map}{/afs/cern.ch/sw/TeXlive/tl6/texmf/pdft
ex/config/rawfonts.map}{/afs/cern.ch/sw/TeXlive/tl6/texmf/dvips/cspsfonts/csfon
td.mapfile}] (./aaa.aux) ) 
Here is how much of TeX's memory you used:
 9161 strings out of 49505
 101111 string characters out of 427606
 163106 words of memory out of 1500001
 12601 multiletter control sequences out of 10000+50000
 19533 words of font info for 31 fonts, out of 200000 for 1000
 276 hyphenation exceptions out of 1000
 44i,13n,32p,6965b,3676s stack positions out of 1500i,500n,1500p,200000b,10000s
{/afs/cern.ch/sw/TeXlive/tl6/texmf/dvips/base/8r.enc}
Output written on aaa.pdf (1 page, 3564 bytes).
