This is TeX, Version 3.14159 (Web2C 7.3.3.1) (format=xmltex 2001.7.27)  27 JUL 2001 19:12
**foo.xml
(./foo.xml
LaTeX2e <2000/06/01>
Loading CZ hyphenation patterns: Pavel Sevecek, v3, 1995
Loading SK hyphenation patterns: Jana Chlebikova, 1992
Babel <v3.7h> and hyphenation patterns for english, dumylang, nohyphenation, cz
ech, slovak, german, ngerman, danish, spanish, catalan, finnish, french, ukengl
ish, greek, croatian, hungarian, italian, latin, mongolian, dutch, norwegian, p
olish, portuguese, russian, ukrainian, serbocroat, swedish, loaded.
xmltex version: 2000/09/07 v1.8y (Exp)
(/afs/cern.ch/sw/TeXlive/tl6/texmf/tex/xmltex/base/xmltex.cfg)

No File: foo.cfg (./fotex.xmt)
(/afs/cern.ch/sw/TeXlive/tl6/texmf/tex/latex/base/article.cls
Document Class: article 2000/05/19 v1.4b Standard LaTeX document class
(/afs/cern.ch/sw/TeXlive/tl6/texmf/tex/latex/base/size10.clo
File: size10.clo 2000/05/19 v1.4b Standard LaTeX file (size option)
)
\c@part=\count80
\c@section=\count81
\c@subsection=\count82
\c@subsubsection=\count83
\c@paragraph=\count84
\c@subparagraph=\count85
\c@figure=\count86
\c@table=\count87
\abovecaptionskip=\skip41
\belowcaptionskip=\skip42
\bibindent=\dimen102
) (./fotex.sty
Package: fotex 2001/04/02: version 1.6. support for XSL formatting, S Rahtz

(/afs/cern.ch/sw/TeXlive/tl6/texmf/tex/latex/graphics/graphicx.sty
Package: graphicx 1999/02/16 v1.0f Enhanced LaTeX Graphics (DPC,SPQR)

(/afs/cern.ch/sw/TeXlive/tl6/texmf/tex/latex/graphics/keyval.sty
Package: keyval 1999/03/16 v1.13 key=value parser (DPC)
\KV@toks@=\toks17
)
(/afs/cern.ch/sw/TeXlive/tl6/texmf/tex/latex/graphics/graphics.sty
Package: graphics 1999/02/16 v1.0l Standard LaTeX Graphics (DPC,SPQR)

(/afs/cern.ch/sw/TeXlive/tl6/texmf/tex/latex/graphics/trig.sty
Package: trig 1999/03/16 v1.09 sin cos tan (DPC)
)
(/afs/cern.ch/sw/TeXlive/tl6/texmf/tex/latex/texlive/graphics.cfg
File: graphics.cfg 2001/03/31 v1.0 graphics configuration of teTeX/TeXLive
)
Package graphics Info: Driver file: dvips.def on input line 80.

(/afs/cern.ch/sw/TeXlive/tl6/texmf/tex/latex/graphics/dvips.def
File: dvips.def 1999/02/16 v3.0i Driver-dependant file (DPC,SPQR)
))
\Gin@req@height=\dimen103
\Gin@req@width=\dimen104
)
(/afs/cern.ch/sw/TeXlive/tl6/texmf/tex/latex/tools/multicol.sty
Package: multicol 2000/07/10 v1.5z multicolumn formatting (FMi)
\c@tracingmulticols=\count88
\mult@box=\box26
\multicol@leftmargin=\dimen105
\c@unbalance=\count89
\c@collectmore=\count90
\doublecol@number=\count91
\multicoltolerance=\count92
\multicolpretolerance=\count93
\full@width=\dimen106
\page@free=\dimen107
\premulticols=\dimen108
\postmulticols=\dimen109
\multicolsep=\skip43
\multicolbaselineskip=\skip44
\partial@page=\box27
\last@line=\box28
\mult@rightbox=\box29
\mult@grightbox=\box30
\mult@gfirstbox=\box31
\mult@firstbox=\box32
\@tempa=\box33
\@tempa=\box34
\@tempa=\box35
\@tempa=\box36
\@tempa=\box37
\@tempa=\box38
\@tempa=\box39
\@tempa=\box40
\@tempa=\box41
\@tempa=\box42
\@tempa=\box43
\@tempa=\box44
\@tempa=\box45
\@tempa=\box46
\@tempa=\box47
\@tempa=\box48
\@tempa=\box49
\c@columnbadness=\count94
\c@finalcolumnbadness=\count95
\last@try=\dimen110
\multicolovershoot=\dimen111
\multicolundershoot=\dimen112
\mult@nat@firstbox=\box50
\colbreak@box=\box51
)
(/afs/cern.ch/sw/TeXlive/tl6/texmf/tex/latex/rotating/rotating.sty
Package: rotating 1997/09/26, v2.13 Rotation package

(/afs/cern.ch/sw/TeXlive/tl6/texmf/tex/latex/base/ifthen.sty
Package: ifthen 1999/09/10 v1.1b Standard LaTeX ifthen package (DPC)
)
\c@r@tfl@t=\count96
\rot@float@box=\box52
)
(/afs/cern.ch/sw/TeXlive/tl6/texmf/tex/latex/tools/array.sty
Package: array 1998/05/13 v2.3m Tabular extension package (FMi)
\col@sep=\dimen113
\extrarowheight=\dimen114
\NC@list=\toks18
\extratabsurround=\skip45
\backup@length=\skip46
)
(/afs/cern.ch/sw/TeXlive/tl6/texmf/tex/latex/amslatex/amsmath.sty
Package: amsmath 2000/07/18 v2.13 AMS math features
\@mathmargin=\skip47

For additional information on amsmath, use the `?' option.
(/afs/cern.ch/sw/TeXlive/tl6/texmf/tex/latex/amslatex/amstext.sty
Package: amstext 2000/06/29 v2.01

(/afs/cern.ch/sw/TeXlive/tl6/texmf/tex/latex/amslatex/amsgen.sty
File: amsgen.sty 1999/11/30 v2.0
\@emptytoks=\toks19
\ex@=\dimen115
))
(/afs/cern.ch/sw/TeXlive/tl6/texmf/tex/latex/amslatex/amsbsy.sty
Package: amsbsy 1999/11/29 v1.2d
\pmbraise@=\dimen116
)
(/afs/cern.ch/sw/TeXlive/tl6/texmf/tex/latex/amslatex/amsopn.sty
Package: amsopn 1999/12/14 v2.01 operator names
)
\inf@bad=\count97
LaTeX Info: Redefining \frac on input line 211.
\uproot@=\count98
\leftroot@=\count99
LaTeX Info: Redefining \overline on input line 307.
\classnum@=\count100
\DOTSCASE@=\count101
LaTeX Info: Redefining \ldots on input line 379.
LaTeX Info: Redefining \dots on input line 382.
LaTeX Info: Redefining \cdots on input line 467.
\Mathstrutbox@=\box53
\strutbox@=\box54
\big@size=\dimen117
LaTeX Font Info:    Redeclaring font encoding OML on input line 567.
LaTeX Font Info:    Redeclaring font encoding OMS on input line 568.
\macc@depth=\count102
\c@MaxMatrixCols=\count103
\dotsspace@=\muskip10
\c@parentequation=\count104
\dspbrk@lvl=\count105
\tag@help=\toks20
\row@=\count106
\column@=\count107
\maxfields@=\count108
\andhelp@=\toks21
\eqnshift@=\dimen118
\alignsep@=\dimen119
\tagshift@=\dimen120
\tagwidth@=\dimen121
\totwidth@=\dimen122
\lineht@=\dimen123
\@envbody=\toks22
\multlinegap=\skip48
\multlinetaggap=\skip49
\mathdisplay@stack=\toks23
LaTeX Info: Redefining \[ on input line 2666.
LaTeX Info: Redefining \] on input line 2667.
)
(/afs/cern.ch/sw/TeXlive/tl6/texmf/tex/latex/tools/longtable.sty
Package: longtable 1998/05/13 v4.09 Multi-page Table package (DPC)
\LTleft=\skip50
\LTright=\skip51
\LTpre=\skip52
\LTpost=\skip53
\LTchunksize=\count109
\LTcapwidth=\dimen124
\LT@head=\box55
\LT@firsthead=\box56
\LT@foot=\box57
\LT@lastfoot=\box58
\LT@cols=\count110
\LT@rows=\count111
\c@LT@tables=\count112
\c@LT@chunks=\count113
\LT@p@ftn=\toks24
)
(/afs/cern.ch/sw/TeXlive/tl6/texmf/tex/latex/ltxmisc/url.sty
\Urlmuskip=\muskip11
Package: url 1999/03/28  ver 1.5x  Verb mode for urls, etc.
)
(/afs/cern.ch/sw/TeXlive/tl6/texmf/tex/latex/hyperref/hyperref.sty
Package: hyperref 2001/05/26 v6.71g Hypertext links for LaTeX
\@linkdim=\dimen125
\Hy@linkcounter=\count114
\Hy@pagecounter=\count115

(/afs/cern.ch/sw/TeXlive/tl6/texmf/tex/latex/hyperref/pd1enc.def
File: pd1enc.def 2001/05/26 v6.71g Hyperref: PDFDocEncoding definition (HO)
)
(/afs/cern.ch/sw/TeXlive/tl6/texmf/tex/latex/texlive/hyperref.cfg
File: hyperref.cfg 2001/06/04 v1.0 hyperref configuration of TeXLive
)
Package hyperref Info: Option `colorlinks' set `false' on input line 1606.
Package hyperref Info: Option `plainpages' set `true' on input line 1606.
Package hyperref Info: Option `hypertexnames' set `false' on input line 1606.
Package hyperref Info: Bookmarks ON on input line 1664.
Package hyperref Info: Hyper figures OFF on input line 1683.
Package hyperref Info: Link nesting OFF on input line 1688.
Package hyperref Info: Hyper index ON on input line 1691.
Package hyperref Info: Plain pages ON on input line 1696.
Package hyperref Info: Backreferencing OFF on input line 1703.

Implicit mode ON; LaTeX internals redefined
LaTeX Info: Redefining \url on input line 1913.
\Fld@menulength=\count116
\Field@Width=\dimen126
\Fld@charsize=\dimen127
\Choice@toks=\toks25
\Field@toks=\toks26
Package hyperref Info: Hyper figures OFF on input line 2359.
Package hyperref Info: Link nesting OFF on input line 2364.
Package hyperref Info: Hyper index ON on input line 2367.
Package hyperref Info: backreferencing OFF on input line 2374.
Package hyperref Info: Link coloring OFF on input line 2379.
\c@Item=\count117
\c@Hfootnote=\count118
)
*hyperref using driver hdvips*
(/afs/cern.ch/sw/TeXlive/tl6/texmf/tex/latex/hyperref/hdvips.def
File: hdvips.def 2001/05/26 v6.71g Hyperref driver for dvips

(/afs/cern.ch/sw/TeXlive/tl6/texmf/tex/latex/hyperref/pdfmark.def
File: pdfmark.def 2001/05/26 v6.71g Hyperref definitions for pdfmark specials
\pdf@docset=\toks27
\pdf@box=\box59
\pdf@toks=\toks28
\pdf@defaulttoks=\toks29
\Fld@listcount=\count119
\@outlinefile=\write3
))
(/afs/cern.ch/sw/TeXlive/tl6/texmf/tex/latex/ltxmisc/ulem.sty
\UL@box=\box60
\UL@hyphenbox=\box61
\UL@skip=\skip54
\UL@hook=\toks30
\UL@pe=\count120
\UL@pixel=\dimen128
\ULC@box=\box62
Package: ulem 2000/05/26
\ULdepth=\dimen129
)
(/afs/cern.ch/sw/TeXlive/tl6/texmf/tex/latex/graphics/color.sty
Package: color 1999/02/16 v1.0i Standard LaTeX Color (DPC)

(/afs/cern.ch/sw/TeXlive/tl6/texmf/tex/latex/texlive/color.cfg
File: color.cfg 2001/03/31 v1.0 color configuration of teTeX/TeXLive
)
Package color Info: Driver file: dvips.def on input line 125.

(/afs/cern.ch/sw/TeXlive/tl6/texmf/tex/latex/graphics/dvipsnam.def
File: dvipsnam.def 1999/02/16 v3.0i Driver-dependant file (DPC,SPQR)
))
(/afs/cern.ch/sw/TeXlive/tl6/texmf/tex/latex/psnfss/times.sty
Package: times 2001/06/04 PSNFSS-v8.2 (SPQR) 
)
(/afs/cern.ch/sw/TeXlive/tl6/texmf/tex/xmltex/passivetex/mlnames.sty
Package: mlnames 2001/01/10, some XSL and Unicode support material, Sebastian R
ahtz
\l@english=\language0
\l@USenglish=\language0
\l@usenglish=\language0
\l@dumylang=\language1
\l@nohyphenation=\language2
\l@czech=\language3
\l@slovak=\language4
\l@german=\language5
\l@ngerman=\language6
\l@danish=\language7
\l@spanish=\language8
\l@espanol=\language8
\l@catalan=\language9
\l@finnish=\language10
\l@french=\language11
\l@patois=\language11
\l@francais=\language11
\l@ukenglish=\language12
\l@greek=\language13
\l@croatian=\language14
\l@hungarian=\language15
\l@italian=\language16
\l@latin=\language17
\l@mongolian=\language18
\l@dutch=\language19
\l@norwegian=\language20
\l@norsk=\language20
\l@polish=\language21
\l@portuguese=\language22
\l@portuges=\language22
\l@russian=\language23
\l@ukrainian=\language24
\l@serbocroat=\language25
\l@swedish=\language26
)
(/afs/cern.ch/sw/TeXlive/tl6/texmf/tex/xmltex/passivetex/unicode.sty
Package: unicode 2000/01/13 S Rahtz: load various font-related packages for Uni
code

(/afs/cern.ch/sw/TeXlive/tl6/texmf/tex/latex/base/fontenc.sty
Package: fontenc 2000/08/30 v1.91 Standard LaTeX package

(/afs/cern.ch/sw/TeXlive/tl6/texmf/tex/latex/tipa/t3enc.def
File: T3enc.def 1996/06/10 TIPA encoding
LaTeX Font Info:    Try loading font information for OT1+phv on input line 340.


(/afs/cern.ch/sw/TeXlive/tl6/texmf/tex/latex/psnfss/ot1phv.fd
File: ot1phv.fd 2000/01/12 PSNFSS-v8.1 scalable font definitions for OT1/phv.
))
(/afs/cern.ch/sw/TeXlive/tl6/texmf/tex/latex/cyrillic/t2aenc.def
File: t2aenc.def 2000/05/03 v1.0d Cyrillic encoding definition file
)
(/afs/cern.ch/sw/TeXlive/tl6/texmf/tex/latex/base/t1enc.def
File: t1enc.def 2000/08/30 v1.91 Standard LaTeX file
LaTeX Font Info:    Redeclaring font encoding T1 on input line 38.
))
(/afs/cern.ch/sw/TeXlive/tl6/texmf/tex/latex/tipa/tipa.sty
Package: tipa 1996/06/10 TIPA version 1.0
)
(/afs/cern.ch/sw/TeXlive/tl6/texmf/tex/latex/tipa/tone.sty
\@tonebarhtunit=\dimen130
\@tonebarhalfwd=\dimen131
)
(/afs/cern.ch/sw/TeXlive/tl6/texmf/tex/latex/amsfonts/amssymb.sty
Package: amssymb 1996/11/03 v2.2b

(/afs/cern.ch/sw/TeXlive/tl6/texmf/tex/latex/amsfonts/amsfonts.sty
Package: amsfonts 1997/09/17 v2.2e
\symAMSa=\mathgroup4
\symAMSb=\mathgroup5
LaTeX Font Info:    Overwriting math alphabet `\mathfrak' in version `bold'
(Font)                  U/euf/m/n --> U/euf/b/n on input line 133.
))
(/afs/cern.ch/sw/TeXlive/tl6/texmf/tex/latex/tools/bm.sty
Package: bm 1999/07/05 v1.0g Bold Symbol Support (DPC/FMi)
LaTeX Info: Redefining \bm on input line 195.
)
(/afs/cern.ch/sw/TeXlive/tl6/texmf/tex/latex/base/textcomp.sty
Package: textcomp 2000/08/30 v1.91 Standard LaTeX package

(/afs/cern.ch/sw/TeXlive/tl6/texmf/tex/latex/base/ts1enc.def
File: ts1enc.def 1998/06/12 v3.0d (jk/car/fm) Standard LaTeX file
))
(/afs/cern.ch/sw/TeXlive/tl6/texmf/tex/latex/psnfss/pifont.sty
Package: pifont 2001/06/04 PSNFSS-v8.2 Pi font support (SPQR) 
LaTeX Font Info:    Try loading font information for U+pzd on input line 62.

(/afs/cern.ch/sw/TeXlive/tl6/texmf/tex/latex/psnfss/upzd.fd
File: upzd.fd 2000/01/12 PSNFSS-v8.1 font definitions for U/pzd.
)
LaTeX Font Info:    Try loading font information for U+psy on input line 63.

(/afs/cern.ch/sw/TeXlive/tl6/texmf/tex/latex/psnfss/upsy.fd
File: upsy.fd 2000/01/12 PSNFSS-v8.1 font definitions for U/psy.
))
(/afs/cern.ch/sw/TeXlive/tl6/texmf/tex/latex/wasysym/wasysym.sty
Package: wasysym 1999/05/13 v1.0i Wasy-2 symbol support package
\symwasy=\mathgroup6
LaTeX Font Info:    Overwriting symbol font `wasy' in version `bold'
(Font)                  U/wasy/m/n --> U/wasy/b/n on input line 50.
)
(/afs/cern.ch/sw/TeXlive/tl6/texmf/tex/latex/stmaryrd/stmaryrd.sty
Package: stmaryrd 1994/03/03 St Mary's Road symbol package
\symstmry=\mathgroup7
LaTeX Font Info:    Overwriting symbol font `stmry' in version `bold'
(Font)                  U/stmry/m/n --> U/stmry/b/n on input line 89.
)
WARNING: Elsevier font setup not found
(/afs/cern.ch/sw/TeXlive/tl6/texmf/tex/xmltex/passivetex/dummyels.sty
Package: dummyels 1999/12/06: S Rahtz; dummy Elsevier names
)
WARNING: mmasym package not loaded. some symbols will fail
(/afs/cern.ch/sw/TeXlive/tl6/texmf/tex/latex/amsfonts/eucal.sty
Package: eucal 1995/01/06 v2.2 Euler Script fonts
LaTeX Font Info:    Overwriting math alphabet `\EuScript' in version `bold'
(Font)                  U/eus/m/n --> U/eus/b/n on input line 47.
)
LaTeX Info: Redefining \longrightarrow on input line 166.
LaTeX Info: Redefining \longleftarrow on input line 168.
\ex@=\dimen132
LaTeX Font Info:    Redeclaring math accent \mathring on input line 185.
)
(/afs/cern.ch/sw/TeXlive/tl6/texmf/tex/xmltex/passivetex/ucharacters.sty)
(/afs/cern.ch/sw/TeXlive/tl6/texmf/tex/latex/hyperref/nameref.sty
Package: nameref 2001/01/27 v2.19 Cross-referencing by name of section
\c@section@level=\count121
)
\FOListBlocks=\count122
\FOTableNesting=\count123
\FOinList=\count124
\FOinTable=\count125
\NCols=\count126
\RowCount=\count127
\CurrentCellWidth=\dimen133
\FObalancespace=\dimen134
\FOspaceleft=\dimen135
\MasterBottomMargin=\dimen136
\MasterLeftMargin=\dimen137
\MasterRightMargin=\dimen138
\MasterTopMargin=\dimen139
\NoTableCellHeight=\dimen140
\TableWidth=\dimen141
\XFOendindent=\dimen142
\XFOstartindent=\dimen143
\bottommargin=\dimen144
\FOtempdim=\dimen145
\BlockBox=\box63
\CellBox=\box64
\FOBOX=\box65
\ItemBox=\box66
\ColSpecs=\toks31
\FOplusdim=\dimen146
\FOminusdim=\dimen147
\FOspaceafterskip=\skip55
\FOspacebeforeskip=\skip56
\FOleaderlengthskip=\skip57
\AbsoluteTableCount=\count128
\CellCount=\count129
\arraylength=\count130
\c@ArrayIndex=\count131
\c@zeroCtr=\count132
\sortcount=\count133
\sorttoks=\toks32
Package color Info: Redefining color black on input line 825.
Package color Info: Redefining color blue on input line 826.
Package color Info: Redefining color green on input line 829.
Package color Info: Redefining color red on input line 835.
Package color Info: Redefining color white on input line 838.
Package color Info: Redefining color yellow on input line 839.
 (./fotex.cfg (/afs/cern.ch/sw/TeXlive/tl6/texmf/tex/latex/hyperref/nohyperref.
sty
Package: nohyperref 2001/05/26 v6.71g Dummy hyperref (SR)
))
\@default=\dimen148
)
(./foo.aux)
\openout1 = `foo.aux'.

LaTeX Font Info:    Checking defaults for OML/cmm/m/it on input line 1.
LaTeX Font Info:    ... okay on input line 1.
LaTeX Font Info:    Checking defaults for T1/cmr/m/n on input line 1.
LaTeX Font Info:    ... okay on input line 1.
LaTeX Font Info:    Checking defaults for OT1/cmr/m/n on input line 1.
LaTeX Font Info:    ... okay on input line 1.
LaTeX Font Info:    Checking defaults for OMS/cmsy/m/n on input line 1.
LaTeX Font Info:    ... okay on input line 1.
LaTeX Font Info:    Checking defaults for OMX/cmex/m/n on input line 1.
LaTeX Font Info:    ... okay on input line 1.
LaTeX Font Info:    Checking defaults for U/cmr/m/n on input line 1.
LaTeX Font Info:    ... okay on input line 1.
LaTeX Font Info:    Checking defaults for PD1/pdf/m/n on input line 1.
LaTeX Font Info:    ... okay on input line 1.
LaTeX Font Info:    Checking defaults for T3/ptm/m/n on input line 1.
LaTeX Font Info:    Try loading font information for T3+ptm on input line 1.
 (/afs/cern.ch/sw/TeXlive/tl6/texmf/tex/latex/tipa/t3ptm.fd
File: T3ptm.fd 1996/06/10 TIPA font definitions
)
LaTeX Font Info:    ... okay on input line 1.
LaTeX Font Info:    Checking defaults for T2A/cmr/m/n on input line 1.
LaTeX Font Info:    Try loading font information for T2A+cmr on input line 1.

(/afs/cern.ch/sw/TeXlive/tl6/texmf/tex/latex/cyrillic/t2acmr.fd
File: t2acmr.fd 1999/01/07 v1.0 Computer Modern Cyrillic font definitions
)
LaTeX Font Info:    ... okay on input line 1.
LaTeX Font Info:    Checking defaults for TS1/cmr/m/n on input line 1.
LaTeX Font Info:    Try loading font information for TS1+cmr on input line 1.

(/afs/cern.ch/sw/TeXlive/tl6/texmf/tex/latex/base/ts1cmr.fd
File: ts1cmr.fd 1999/05/25 v2.5h Standard LaTeX font definitions
)
LaTeX Font Info:    ... okay on input line 1.
LaTeX Font Info:    Checking defaults for LECO/omseco/m/n on input line 1.
LaTeX Font Info:    ... okay on input line 1.
LaTeX Font Info:    Checking defaults for LECX/omsecx/m/n on input line 1.
LaTeX Font Info:    ... okay on input line 1.
LaTeX Font Info:    Checking defaults for LECY/omsecy/m/n on input line 1.
LaTeX Font Info:    ... okay on input line 1.
LaTeX Font Info:    Checking defaults for LEGR/omsegr/m/n on input line 1.
LaTeX Font Info:    ... okay on input line 1.
LaTeX Font Info:    Checking defaults for LEHA/omseha/m/n on input line 1.
LaTeX Font Info:    ... okay on input line 1.
LaTeX Font Info:    Checking defaults for LEIP/omseip/m/n on input line 1.
LaTeX Font Info:    ... okay on input line 1.
LaTeX Font Info:    Checking defaults for LELA/omsela/m/n on input line 1.
LaTeX Font Info:    ... okay on input line 1.
LaTeX Font Info:    Checking defaults for LETI/omseti/m/n on input line 1.
LaTeX Font Info:    ... okay on input line 1.
LaTeX Font Info:    Try loading font information for T1+ptm on input line 1.

(/afs/cern.ch/sw/TeXlive/tl6/texmf/tex/latex/psnfss/t1ptm.fd
File: t1ptm.fd 2000/01/12 PSNFSS-v8.1 font definitions for T1/ptm.
)
Package hyperref Info: Link coloring OFF on input line 1.
LaTeX Info: Redefining \ref on input line 1.
LaTeX Info: Redefining \pageref on input line 1.
 (./foo.out)
(./foo.out)
\openout3 = `foo.out'.


1: hyphenation en, to replace none
LaTeX Font Info:    Try loading font information for T1+phv on input line 1.
(/afs/cern.ch/sw/TeXlive/tl6/texmf/tex/latex/psnfss/t1phv.fd
File: t1phv.fd 2000/01/12 PSNFSS-v8.1 scalable font definitions for T1/phv.
)
LaTeX Font Info:    Font shape `T1/phv/bx/n' in size <24.8832> not available
(Font)              Font shape `T1/phv/b/n' tried instead on input line 1.

1: hyphenation none, to replace en
LaTeX Font Info:    Font shape `T1/phv/bx/n' in size <12> not available
(Font)              Font shape `T1/phv/b/n' tried instead on input line 1.
[1


]
LaTeX Font Info:    Font shape `T1/phv/bx/n' in size <14.4> not available
(Font)              Font shape `T1/phv/b/n' tried instead on input line 1.
 [2]
1: hyphenation en, to replace none
LaTeX Font Info:    Font shape `T1/phv/bx/n' in size <17.28> not available
(Font)              Font shape `T1/phv/b/n' tried instead on input line 1.
LaTeX Font Info:    Try loading font information for U+msa on input line 1.
(/afs/cern.ch/sw/TeXlive/tl6/texmf/tex/latex/amsfonts/umsa.fd
File: umsa.fd 1995/01/05 v2.2e AMS font definitions
)
LaTeX Font Info:    Try loading font information for U+msb on input line 1.

(/afs/cern.ch/sw/TeXlive/tl6/texmf/tex/latex/amsfonts/umsb.fd
File: umsb.fd 1995/01/05 v2.2e AMS font definitions
)
LaTeX Font Info:    Try loading font information for U+wasy on input line 1.

(/afs/cern.ch/sw/TeXlive/tl6/texmf/tex/latex/wasysym/uwasy.fd
File: uwasy.fd 1999/05/13 v1.0iWasy-2 symbol font definitions
)
LaTeX Font Info:    Try loading font information for U+stmry on input line 1.

(/afs/cern.ch/sw/TeXlive/tl6/texmf/tex/latex/stmaryrd/Ustmry.fd) [3


]
1: hyphenation en, to replace none
[4


]
1: hyphenation en, to replace none
[5


]
1: hyphenation en, to replace none
1: hyphenation none, to replace en
LaTeX Font Info:    Font shape `T1/phv/bx/n' in size <16> not available
(Font)              Font shape `T1/phv/b/n' tried instead on input line 1.
LaTeX Font Info:    Try loading font information for TS1+ptm on input line 27.
(/afs/cern.ch/sw/TeXlive/tl6/texmf/tex/latex/psnfss/ts1ptm.fd
File: ts1ptm.fd 2000/01/12 PSNFSS-v8.1 font definitions for TS1/ptm.
)
Underfull \hbox (badness 10000) has occurred while \output is active
\T1/ptm/m/n/10 1
 []

[1


]
57: hyphenation none, to replace en
60: hyphenation none, to replace en
78: hyphenation none, to replace en
LaTeX Font Info:    Try loading font information for T1+pcr on input line 95.
(/afs/cern.ch/sw/TeXlive/tl6/texmf/tex/latex/psnfss/t1pcr.fd
File: t1pcr.fd 2000/01/12 PSNFSS-v8.1 font definitions for T1/pcr.
)
101: hyphenation none, to replace en
LaTeX Font Info:    Font shape `T1/ptm/bx/n' in size <12> not available
(Font)              Font shape `T1/ptm/b/n' tried instead on input line 101.

Underfull \hbox (badness 10000) in paragraph at lines 101--101
[]|\T1/ptm/m/n/10 GEANT-4,
 []


Underfull \hbox (badness 10000) detected at line 101
[]
 []


Underfull \hbox (badness 10000) in paragraph at lines 101--101
[]|\T1/ptm/m/n/10 GEANT-4,
 []


Underfull \hbox (badness 10000) in paragraph at lines 101--101
[]|\T1/ptm/m/n/10 OpenGL, Open
 []


Underfull \hbox (badness 10000) detected at line 101
[]
 []


Underfull \hbox (badness 10000) in paragraph at lines 101--101
[]|\T1/ptm/m/n/10 OpenGL, Open
 []


Underfull \hbox (badness 10000) in paragraph at lines 101--101
[]|\T1/ptm/m/n/10 HepFitting and
 []


Underfull \hbox (badness 10000) detected at line 101
[]
 []


Underfull \hbox (badness 10000) in paragraph at lines 101--101
[]|\T1/ptm/m/n/10 HepFitting and
 []


Underfull \hbox (badness 10000) in paragraph at lines 101--101
[]|\T1/ptm/m/n/10 NAG C li-brary
 []


Underfull \hbox (badness 10000) in paragraph at lines 101--101
\T1/ptm/m/n/10 (with C++
 []


Underfull \hbox (badness 10000) detected at line 101
[]
 []


Underfull \hbox (badness 10000) in paragraph at lines 101--101
[]|\T1/ptm/m/n/10 NAG C li-brary
 []


Underfull \hbox (badness 10000) in paragraph at lines 101--101
\T1/ptm/m/n/10 (with C++
 []


Underfull \hbox (badness 10000) detected at line 101
[]
 []


Underfull \hbox (badness 10000) detected at line 101
[]
 []


Underfull \hbox (badness 10000) detected at line 101
[]
 []


Underfull \hbox (badness 10000) in paragraph at lines 101--101
\T1/ptm/m/n/10 (Ob-jec-tiv-ity/DB)
 []


Underfull \hbox (badness 10000) detected at line 101
[]
 []


Underfull \hbox (badness 10000) in paragraph at lines 101--101
\T1/ptm/m/n/10 (Ob-jec-tiv-ity/DB)
 []


Underfull \hbox (badness 10000) detected at line 101
[]
 []

[2]
LaTeX Font Info:    Font shape `T1/phv/bx/n' in size <14> not available
(Font)              Font shape `T1/phv/b/n' tried instead on input line 123.

125: hyphenation none, to replace en
148: hyphenation none, to replace en
[3]
166: hyphenation none, to replace en
174: hyphenation none, to replace en
178: hyphenation none, to replace en
181: hyphenation none, to replace en
183: hyphenation none, to replace en
232: hyphenation none, to replace en
[4]
282: hyphenation none, to replace en
302: hyphenation none, to replace en

Underfull \hbox (badness 10000) has occurred while \output is active
\T1/ptm/m/n/10 5
 []

[5]
323: hyphenation none, to replace en
[6]
341: hyphenation en, to replace none
341: hyphenation none, to replace en
345: hyphenation none, to replace en
! Arithmetic overflow.
<recently read> \count@ 
                        
l.345 ...gdb.eps" content-width="0.50\linewidth"/>
                                                  </fo:block></fo:block><fo:...

? q
OK, entering \batchmode...
File: ntupletagdb.eps Graphic file (type eps)
 <ntupletagdb.eps> [7


] [8] [9]
494: hyphenation en, to replace none
494: hyphenation none, to replace en
510: hyphenation none, to replace en
 [10


]
LaTeX Font Info:    Font shape `T1/ptm/bx/n' in size <10> not available
(Font)              Font shape `T1/ptm/b/n' tried instead on input line 567.
 [11] [12]
626: hyphenation en, to replace none
626: hyphenation none, to replace en
637: hyphenation none, to replace en
! Arithmetic overflow.
<recently read> \count@ 
                        
l.637 ...ser.eps" content-width="0.80\linewidth"/>
                                                  </fo:block></fo:block><fo:...
I can't carry out that multiplication or division,
since the result is out of range.

File: storage-user.eps Graphic file (type eps)
 <storage-user.eps> [13


]
757: hyphenation none, to replace en
 [14]
782: hyphenation none, to replace en
! Arithmetic overflow.
<recently read> \count@ 
                        
l.782 ...nel.eps" content-width="0.50\linewidth"/>
                                                  </fo:block></fo:block><fo:...
I can't carry out that multiplication or division,
since the result is out of range.

File: ootoolmgrpanel.eps Graphic file (type eps)
 <ootoolmgrpanel.eps>
795: hyphenation none, to replace en
! Arithmetic overflow.
<recently read> \count@ 
                        
l.795 ...pty.eps" content-width="0.54\linewidth"/>
                                                  </fo:block></fo:block><fo:...
I can't carry out that multiplication or division,
since the result is out of range.

File: ootoolmgrempty.eps Graphic file (type eps)
 <ootoolmgrempty.eps>
849: hyphenation none, to replace en

Underfull \hbox (badness 6808) in paragraph at lines 847--850
[]\T1/ptm/m/n/10 If, while read-ing through the ex-am-ples, you want to know mo
re de-tails about the
 []

 [15] [16] [17]
991: hyphenation en, to replace none
991: hyphenation none, to replace en
1018: hyphenation none, to replace en

Underfull \hbox (badness 7291) in paragraph at lines 1015--1020
\T1/ptm/m/n/10 along with some ad-di-tional fea-tures. See \T1/ptm/m/it/10 HTL 
- The His-togram Tem-plate Li-brary
 []

1048: hyphenation none, to replace en
! Arithmetic overflow.
<recently read> \count@ 
                        
l.1048 ...fo:block></fo:table-cell></fo:table-row>
                                                  <fo:table-row><fo:table-ce...
I can't carry out that multiplication or division,
since the result is out of range.

File: H2OPaw.eps Graphic file (type eps)
 <H2OPaw.eps>
Overfull \hbox (2.79008pt too wide) in paragraph at lines 1048--1048
[]|\T1/ptm/m/n/10 linewidthlinewidth[] 
 []


Underfull \hbox (badness 10000) detected at line 1048
[]
 []

! Arithmetic overflow.
<recently read> \count@ 
                        
l.1048 ...fo:block></fo:table-cell></fo:table-row>
                                                  </fo:table-body></fo:table...
I can't carry out that multiplication or division,
since the result is out of range.

File: H2OHistOOReader.eps Graphic file (type eps)
 <H2OHistOOReader.eps>
Overfull \hbox (2.79008pt too wide) in paragraph at lines 1048--1048
[]|\T1/ptm/m/n/10 linewidthlinewidth[] 
 []


Underfull \hbox (badness 10000) detected at line 1048
[]
 []

 [18


]
1069: hyphenation none, to replace en
1075: hyphenation none, to replace en
 [19]
1076: hyphenation en, to replace none
1076: hyphenation none, to replace en
 [20


]
1125: hyphenation en, to replace none
1125: hyphenation none, to replace en
LaTeX Font Info:    Font shape `T1/ptm/bx/n' in size <16> not available
(Font)              Font shape `T1/ptm/b/n' tried instead on input line 1125.
 [21


] [22] [23] [24] (./foo.aux) ) 
Here is how much of TeX's memory you used:
 9814 strings out of 49898
 108997 string characters out of 433005
 180582 words of memory out of 8000001
 13148 multiletter control sequences out of 10000+50000
 32343 words of font info for 52 fonts, out of 200000 for 1000
 276 hyphenation exceptions out of 1000
 44i,12n,32p,29118b,4331s stack positions out of 1500i,500n,1500p,200000b,10000s

Output written on foo.dvi (29 pages, 96392 bytes).
