This is TeX, Version 3.1415 (C version 6.1) (format=latex 95.1.5)  19 JAN 1996 11:36
**cernmain
(cernmain.tex
LaTeX2e <1994/12/01>
(/afs/cern.ch/project/cnas_doc/sources/cnasall/cernman.cls
Document Class: cernman 1994/01/10
(/usr/local/lib/texmf/tex/latex/base/report.cls
Document Class: report 1994/12/09 v1.2x Standard LaTeX document class
(/usr/local/lib/texmf/tex/latex/base/size11.clo
File: size11.clo 1994/12/09 v1.2x Standard LaTeX file (size option)
)
\c@part=\count82
\c@chapter=\count83
\c@section=\count84
\c@subsection=\count85
\c@subsubsection=\count86
\c@paragraph=\count87
\c@subparagraph=\count88
\c@figure=\count89
\c@table=\count90
\abovecaptionskip=\skip41
\belowcaptionskip=\skip42
LaTeX Info: Redefining \cal on input line 515.
LaTeX Info: Redefining \mit on input line 516.
\bibindent=\dimen102
)
(/usr/local/lib/texmf/tex/latex/psnfss/pifont.sty
Package: pifont 94/11/11 4.2 Pi font PSNFSS2e package
LaTeX Font Info:    Try loading font information for U+pzd on input line 57.

(/usr/local/lib/texmf/tex/psfonts/Upzd.fd)
LaTeX Font Info:    Try loading font information for U+psy on input line 58.

(/usr/local/lib/texmf/tex/psfonts/Upsy.fd))
(/usr/local/lib/texmf/tex/latex/graphics/color.sty
Package: color 1994/11/22 v0.3h Standard LaTeX Color (DPC)

(/usr/local/lib/texmf/tex/latex/graphics/color.cfg)
Package color Info: Driver file: dvips.def on input line 131.

(/usr/local/lib/texmf/tex/latex/graphics/dvips.def
File: dvips.def 1994/12/12 v2.6 Driver-dependant file (DPC,SPQR)
)
(/usr/local/lib/texmf/tex/latex/graphics/dvipsnam.def
File: dvipsnam.def 1994/12/12 v2.6 Driver-dependant file (DPC,SPQR)
))
(/usr/local/lib/texmf/tex/latex/tools/array.sty
Package: array 1994/12/08 v2.3b Tabular extension package (FMi)
\col@sep=\dimen103
\extrarowheight=\dimen104
\NC@list=\toks14
\extratabsurround=\skip43
\backup@length=\skip44
)
(/usr/local/lib/texmf/tex/latex/tools/tabularx.sty
Package: tabularx 1994/05/22 v2.01 `tabularx' package (DPC)
\TX@col@width=\dimen105
\TX@old@table=\dimen106
\TX@old@col=\dimen107
\TX@target=\dimen108
\TX@delta=\dimen109
\TX@cols=\count91
\TX@ftn=\toks15
)
(/usr/local/lib/texmf/tex/latex/tools/verbatim.sty
Package: verbatim 1994/10/25 v1.5f LaTeX2e package for verbatim enhancements
\every@verbatim=\toks16
\verbatim@line=\toks17
\verbatim@in@stream=\read1
)
(/usr/local/lib/texmf/tex/latex/graphics/graphicx.sty
Package: graphicx 1994/11/29 v0.5a Enhanced LaTeX Graphics (DPC,SPQR)

(/usr/local/lib/texmf/tex/latex/graphics/keyval.sty
Package: keyval 1994/09/12 v1.08 key=value parser (DPC)
)
(/usr/local/lib/texmf/tex/latex/graphics/graphics.sty
Package: graphics 1994/12/15 v0.6c Standard LaTeX Graphics (DPC,SPQR)

(/usr/local/lib/texmf/tex/latex/graphics/trig.sty
Package: trig 1994/10/16 v1.08 sin cos tan (DPC)
)
(/usr/local/lib/texmf/tex/latex/graphics/graphics.cfg)
Package graphics Info: Driver file: dvips.def on input line 88.
)
\Gin@req@height=\dimen110
\Gin@req@width=\dimen111
)
(/usr/local/lib/texmf/tex/latex/graphics/epsfig.sty
Package: epsfig 1994/06/07 1.3 (SPQR)
\epsfxsize=\dimen112
\epsfysize=\dimen113
)
(/usr/local/lib/texmf/tex/latex/tools/varioref.sty
Package: varioref 1994/09/27 v1.0o package for extended references (FMi)
\c@vrcnt=\count92
)
(/usr/local/lib/texmf/tex/latex/tools/multicol.sty
Package: multicol 1994/10/02 v1.5i multicolum formatting
\c@tracingmulticols=\count93
\mult@box=\box26
\multicol@leftmargin=\dimen114
\c@unbalance=\count94
\c@collectmore=\count95
\doublecol@number=\count96
\multicoltolerance=\count97
\multicolpretolerance=\count98
\full@width=\dimen115
\page@free=\dimen116
\premulticols=\dimen117
\postmulticols=\dimen118
\multicolsep=\skip45
\multicolbaselineskip=\skip46
\partial@page=\box27
\last@line=\box28
\mult@rightbox=\box29
\mult@grightbox=\box30
\mult@gfirstbox=\box31
\mult@firstbox=\box32
\@tempa=\box33
\@tempa=\box34
\@tempa=\box35
\@tempa=\box36
\@tempa=\box37
\@tempa=\box38
\@tempa=\box39
\@tempa=\box40
\@tempa=\box41
\@tempa=\box42
\@tempa=\box43
\@tempa=\box44
\@tempa=\box45
\@tempa=\box46
\@tempa=\box47
\@tempa=\box48
\@tempa=\box49
\c@columnbadness=\count99
\c@finalcolumnbadness=\count100
\last@try=\dimen119
\multicolovershoot=\dimen120
\multicolundershoot=\dimen121
\mult@nat@firstbox=\box50
)
(/usr/local/lib/texmf/tex/latex/misc/here.sty)
(/usr/local/lib/texmf/tex/latex/tools/xspace.sty
Package: xspace 1994/11/15 v1.03 Space after command names (DPC)
)
(/usr/local/lib/texmf/tex/latex/misc/calc.sty
Package: calc 95/02/09 v4.0b (TEST)

Package: `calc' v4.0b (TEST) <95/02/09> (KKT and FJ)
\calc@Acount=\count101
\calc@Bcount=\count102
\calc@Adimen=\dimen122
\calc@Bdimen=\dimen123
\calc@Askip=\skip47
\calc@Bskip=\skip48
LaTeX Info: Redefining \setlength on input line 45.
LaTeX Info: Redefining \addtolength on input line 46.
\calc@denominator=\count103
) (/usr/local/lib/texmf/tex/latex/base/ifthen.sty
Package: ifthen 1994/11/15 v1.0j Standard LaTeX ifthen package (DPC)
)
(/usr/local/lib/texmf/tex/latex/base/makeidx.sty
Package: makeidx 1994/11/11 v1.0i Standard LaTeX package
)
\@DL@itemwidth=\dimen124
\c@cOL=\count104
\mylen=\skip49
\mybox=\box51
\@PAWout=\write3
)
(/usr/local/lib/texmf/tex/latex/tools/longtable.sty
Package: longtable 1994/12/08 v3.13 Multi-page Table package (DPC)
\LTleft=\skip50
\LTright=\skip51
\LTpre=\skip52
\LTpost=\skip53
\LTchunksize=\count105
\LTcapwidth=\dimen125
\LT@head=\box52
\LT@firsthead=\box53
\LT@foot=\box54
\LT@lastfoot=\box55
\LT@cols=\count106
\LT@rows=\count107
\c@LT@tables=\count108
\LT@p@ftn=\toks18
)
(/usr/local/lib/texmf/tex/latex/latex2html/html.sty)

Package longtable Warning: \setlongtables is in force.
(longtable)                If you have edited the file since the last
(longtable)                LaTeX run, incorrect column widths, or even
(longtable)                errors, may be produced.

\@indexfile=\write4
Writing index file cernmain.idx
(cernmain.aux (cernfront.aux) (cernover.aux) (cernrules.aux) (cernsetup.aux)
(cerninst.aux) (cernnet.aux) (cernflags.aux) (cernprefix.aux) (cernkern.aux)
(cernsys.aux) (cernauto.aux) (cernref.aux) (cernasis.aux) (cernscript.aux)
(cernexec.aux) (cerncom.aux) (cernadd.aux) (cerntest.aux) (cernrelease.aux)
(cernlicense.aux))
LaTeX Font Info:    Checking defaults for OML/cmm/m/it on input line 37.
LaTeX Font Info:    ... okay on input line 37.
LaTeX Font Info:    Checking defaults for T1/cmr/m/n on input line 37.
LaTeX Font Info:    ... okay on input line 37.
LaTeX Font Info:    Checking defaults for OT1/cmr/m/n on input line 37.
LaTeX Font Info:    ... okay on input line 37.
LaTeX Font Info:    Checking defaults for OMS/cmsy/m/n on input line 37.
LaTeX Font Info:    ... okay on input line 37.
LaTeX Font Info:    Checking defaults for OMX/cmex/m/n on input line 37.
LaTeX Font Info:    ... okay on input line 37.
LaTeX Font Info:    Checking defaults for U/cmr/m/n on input line 37.
LaTeX Font Info:    ... okay on input line 37.
LaTeX Font Info:    Try loading font information for OT1+ptm on input line 37.
 (/usr/local/lib/texmf/tex/psfonts/OT1ptm.fd) (cernfront.tex
File: /usr/local/lib/tex/ps/cern15.eps Graphic file (type eps)

</usr/local/lib/tex/ps/cern15.eps>
LaTeX Font Info:    Font shape `OT1/ptm/bx/n' in size <14.4> not available
(Font)              Font shape `OT1/ptm/b/n' tried instead on input line 13.
File: /afs/cern.ch/project/cnas_doc/sources/cnasall/cnastit.eps Graphic file (t
ype eps)

</afs/cern.ch/project/cnas_doc/sources/cnasall/cnastit.eps> [1


]
LaTeX Font Info:    Font shape `OT1/ptm/bx/n' in size <10.95> not available
(Font)              Font shape `OT1/ptm/b/n' tried instead on input line 70.
LaTeX Font Info:    External font `cmex10' loaded for size
(Font)              <10.95> on input line 70.
LaTeX Font Info:    External font `cmex10' loaded for size
(Font)              <8> on input line 70.
LaTeX Font Info:    External font `cmex10' loaded for size
(Font)              <6> on input line 70.
 [1]
LaTeX Font Info:    Font shape `OT1/ptm/bx/n' in size <12> not available
(Font)              Font shape `OT1/ptm/b/n' tried instead on input line 91.

(cernmain.toc [1] [2] [3] [4] [5] [6])
\tf@toc=\write5
 [7] (cernmain.lot)
\tf@lot=\write6
) [8]
LaTeX Font Info:    Font shape `OT1/ptm/bx/n' in size <20.74> not available
(Font)              Font shape `OT1/ptm/b/n' tried instead on input line 43.
LaTeX Font Info:    Font shape `OT1/ptm/bx/n' in size <24.88> not available
(Font)              Font shape `OT1/ptm/b/n' tried instead on input line 43.
 [1


] [2]
(cernover.tex
Chapter 1.
[3


]
Chapter 2.
[4

] [5]
Chapter 3.
LaTeX Font Info:    External font `cmex10' loaded for size
(Font)              <9> on input line 136.
LaTeX Font Info:    External font `cmex10' loaded for size
(Font)              <5> on input line 136.
[6

] [7]
Chapter 4.
[8

]
Chapter 5.
[9

] [10]) [11] (cernrules.tex
Chapter 6.
[12



] [13]) [14] [15


] [16] (cernsetup.tex
Chapter 7.
LaTeX Font Info:    Font shape `OT1/ptm/bx/n' in size <9> not available
(Font)              Font shape `OT1/ptm/b/n' tried instead on input line 24.
[17


]
Overfull \hbox (3.22168pt too wide) in paragraph at lines 76--78
[][]\OT1/ptm/m/n/10.95 The \OT1/ptm/b/n/10.95 CERN \OT1/ptm/m/n/10.95 sub-di-re
c-tory of the asis sys-tem in-de-pen-dant tree \OT1/cmtt/m/n/10.95 /asis/share\
OT1/ptm/m/n/10.95 , NFS mounted. 
 []

[18]
Overfull \hbox (81.61871pt too wide) in paragraph at lines 128--134
\OT1/ptm/m/n/10.95 On VX-CERN, much of the sys-tem wide lo-gin pro-ce-dure is p
er-formed us-ing \OT1/ptm/b/n/10.95 CLUS-TER$MANAGER:EXSYLOGIN.EXE\OT1/ptm/m/n/
10.95 .
 []

[19]
Underfull \vbox (badness 10000) has occurred while \output is active []

 [20]
Underfull \vbox (badness 10000) has occurred while \output is active []

 [21]
[22]
Chapter 8.
[23

]
Chapter 9.

Overfull \hbox (7.78247pt too wide) in paragraph at lines 359--365
\OT1/ptm/m/n/10.95 The \OT1/cmtt/m/n/10.95 patchy[] \OT1/ptm/m/n/10.95 mod-ules
 are stored in the \OT1/ptm/b/n/10.95 BACKUP \OT1/ptm/m/n/10.95 saveset \OT1/pt
m/b/n/10.95 VX-CERN::CERN:[PRO.BCK]CRNPAT.BCK\OT1/ptm/m/n/10.95 ,
 []

[24

] [25]
Overfull \hbox (20.42303pt too wide) in paragraph at lines 506--512
\OT1/ptm/m/n/10.95 is typ-i-cally the PRO sub-di-rec-tory of the CERN tree. Whe
n in-stalling, how-ever, it is wise to point CERN_ROOT
 []

[26] [27]

LaTeX Warning: Reference `sect-VMSINSTALL' on page 28 undefined on input line 5
89.

[28]
Chapter 10.
[29

]
Underfull \vbox (badness 10000) has occurred while \output is active []

 [30]
[31]
Chapter 11.
) [32

] [33


] [34] (cerninst.tex
Chapter 12.

Overfull \hbox (13.69254pt too wide) in paragraph at lines 28--30
[][]\OT1/ptm/m/n/10.95 The graph-ics li-braries, e.g. lib-grafGKS.a, lib-grafX1
1.a, lib-graflib.a, lib-pawlib.a 
 []

[35


] [36] [37]
Overfull \hbox (35.26149pt too wide) in paragraph at lines 215--218
[]\OT1/ptm/m/n/10.95 On sys-tems run-ning VMS 6.1 or higher, the re-size com-ma
nd should be re-placed by the \OT1/ptm/b/n/10.95 SET FILE/ATTRIBUTES
 []

[38] [39]
Chapter 13.
[40

] [41]
Chapter 14.

Overfull \hbox (80.68182pt too wide) in paragraph at lines 389--392
[]\OT1/ptm/m/n/10.95 To in-stall \OT1/cmtt/m/n/10.95 hbook[]\OT1/ptm/m/n/10.95 
, two files are re-quired. These are the \OT1/cmtt/m/n/10.95 hbook[] \OT1/ptm/m
/n/10.95 source file, typ-i-cally kept in \OT1/cmtt/m/n/10.95 /cern/pro/src/car
/hbook.car
 []


LaTeX Font Warning: Font shape `OT1/cmtt/bx/n' in size <9> not available
(Font)              Font shape `OT1/cmtt/m/n' tried instead on input line 396.

[42

] [43] [44]
Chapter 15.
[45

]
Underfull \vbox (badness 10000) has occurred while \output is active []

 [46]
[47] [48] [49] [50]
Chapter 16.
[51

]
Overfull \hbox (7.5111pt too wide) in paragraph at lines 911--914
[][]\OT1/ptm/m/n/10.95 The CERN-LIB source files in \OT1/ptm/b/n/10.95 PATCHY \
OT1/ptm/m/n/10.95 card for-mat. This di-rec-tory also con-tains the \OT1/ptm/b/
n/10.95 PATCHY
 []

[52] [53] [54]
Underfull \vbox (badness 10000) has occurred while \output is active []

 [55]
[56] [57] [58]
Overfull \hbox (7.80054pt too wide) in paragraph at lines 1311--1311
[]        \OT1/cmtt/m/n/9 [ "n" = "n" -o "n" = "bn" ] && make -n -f userlib -f 
grouplib -f /cernlib/kern/93d/mgr/mkf[] 
 []


Overfull \hbox (385.79614pt too wide) in paragraph at lines 1313--1313
[]                             \OT1/cmtt/m/n/9 || make -n -f userlib -f groupli
b -f /cernlib/kern/93d/mgr/mkf/cernlib  -f /cernlib/kern/93d/mgr/mkf/geant fatm
en >>/cernlib/kern/93d/log/fatmen 2>&1[] 
 []

[59] [60]
Chapter 17.
[61

] [62] [63] [64] [65] [66] [67] [68] [69]
Overfull \hbox (0.33339pt too wide) in paragraph at lines 1922--1925
[][]\OT1/cmtt/m/n/10.95 fatmen[] \OT1/ptm/m/n/10.95 pro-grams. Can be built in-
di-vid-u-ally or col-lec-tively us-ing $[]$. See also the \OT1/cmtt/m/n/10.95 f
atmen[]
 []

[70] [71]
Overfull \hbox (23.40474pt too wide) in paragraph at lines 2058--2060
[]\OT1/ptm/m/n/10.95 If you do not have one of these sys-tems in-stalled, then 
you will need to mod-ify \OT1/ptm/b/n/10.95 f$tcpip.com \OT1/ptm/m/n/10.95 and 
\OT1/ptm/b/n/10.95 makepack.com
 []

[72] [73]
Chapter 18.
[74

]
Underfull \vbox (badness 10000) has occurred while \output is active []

 [75]
[76]
Overfull \hbox (22.32793pt too wide) in paragraph at lines 2314--2317
[][]\OT1/ptm/m/n/10.95 As \OT1/ptm/b/n/10.95 KERN-LIB\OT1/ptm/m/n/10.95 , but w
ith vec-torised code where avail-able. Use $[]$
 []


Overfull \hbox (26.37953pt too wide) in paragraph at lines 2317--2320
[][]\OT1/ptm/m/n/10.95 As \OT1/ptm/b/n/10.95 MATH-LIB\OT1/ptm/m/n/10.95 , but w
ith vec-torised code where avail-able. Use $[]$
 []


Overfull \hbox (22.9412pt too wide) in paragraph at lines 2320--2323
[][]\OT1/ptm/m/n/10.95 As \OT1/ptm/b/n/10.95 KERN-LIB\OT1/ptm/m/n/10.95 , but w
ith vec-torised code where avail-able. Use $[]$
 []


Overfull \hbox (10.56749pt too wide) in paragraph at lines 2326--2330
[][]\OT1/ptm/m/n/10.95 Graphics li-braries. Use $[]$ and then $[]$ to build all
 or $[]$
 []

[77] [78]
Overfull \hbox (11.66992pt too wide) in paragraph at lines 2439--2441
[][]\OT1/ptm/m/n/10.95 The \OT1/cmtt/m/n/10.95 paw[] \OT1/ptm/m/n/10.95 clients
 and server. Can be built in-di-vid-u-ally or col-lec-tively, with the ex-cep-t
ion of \OT1/ptm/b/n/10.95 PAWSERV\OT1/ptm/m/n/10.95 ,
 []


Overfull \hbox (16.18394pt too wide) in paragraph at lines 2459--2464
\OT1/ptm/m/n/10.95 tem-per-a-ture prob-lems). These pro-grams are on the \OT1/p
tm/b/n/10.95 MAG-NET \OT1/ptm/m/n/10.95 disk on CERNVM ($[]$). 
 []

[79]
Chapter 19.
[80

]
Chapter 20.
[81

]
Chapter 21.
[82

]
Chapter 22.
[83

]
Chapter 23.

Overfull \hbox (24.74707pt too wide) in paragraph at lines 2587--2593
[][]\OT1/ptm/m/n/10.95 Fortran \OT1/ptm/b/n/10.95 OPEN \OT1/ptm/m/n/10.95 state
-ments. Mod-i-fi-ca-tions are likely to rou-tines such as \OT1/ptm/b/n/10.95 KU
OPEN\OT1/ptm/m/n/10.95 , \OT1/ptm/b/n/10.95 RZOPEN\OT1/ptm/m/n/10.95 , \OT1/ptm
/b/n/10.95 FMOPEN
 []

[84

] [85] [86]
Chapter 24.

LaTeX Font Warning: Font shape `OT1/cmtt/bx/n' in size <12> not available
(Font)              Font shape `OT1/cmtt/m/n' tried instead on input line 2722.


[87

]
Underfull \vbox (badness 10000) has occurred while \output is active []

 [88]
Underfull \vbox (badness 10000) has occurred while \output is active []

 [89]
Underfull \vbox (badness 10000) has occurred while \output is active []

 [90]
Underfull \vbox (badness 10000) has occurred while \output is active []

 [91]
[92] [93]) [94] [95


] [96] (cernnet.tex
Chapter 25.
[97


]) [98] [99


] [100] (cernflags.tex
Appendix A.

Overfull \hbox (49.66212pt too wide) in paragraph at lines 30--33
[]\OT1/ptm/m/n/10.95 Thus, PLINAME will be set to "VAX,VAXVMS,CERN" for sys-tem
s in DEC-net ar-eas 22 or 23 and "VAX,VAXVMS"
 []

[101


] [102]
Appendix B.

Underfull \hbox (badness 10000) in paragraph at lines 90--91

 []


Underfull \hbox (badness 10000) in paragraph at lines 92--93

 []


Underfull \hbox (badness 10000) in paragraph at lines 95--96

 []


Underfull \hbox (badness 10000) in paragraph at lines 98--99

 []


Underfull \hbox (badness 10000) in paragraph at lines 101--102

 []


Underfull \hbox (badness 10000) in paragraph at lines 104--105

 []


Underfull \hbox (badness 10000) in paragraph at lines 107--108

 []


Underfull \hbox (badness 10000) in paragraph at lines 111--112

 []


Underfull \hbox (badness 10000) in paragraph at lines 113--114

 []


Underfull \hbox (badness 10000) in paragraph at lines 115--116

 []


Underfull \hbox (badness 10000) in paragraph at lines 121--122

 []


Underfull \hbox (badness 10000) in paragraph at lines 124--125

 []

[103

]
Underfull \hbox (badness 10000) in paragraph at lines 128--129

 []


Underfull \hbox (badness 10000) in paragraph at lines 131--132

 []


Underfull \hbox (badness 10000) in paragraph at lines 135--136

 []


Underfull \hbox (badness 10000) in paragraph at lines 139--141

 []


Underfull \hbox (badness 10000) in paragraph at lines 152--153

 []


Underfull \hbox (badness 10000) in paragraph at lines 156--157

 []


Underfull \hbox (badness 10000) in paragraph at lines 162--163

 []


Underfull \hbox (badness 10000) in paragraph at lines 166--167

 []

[104]
Underfull \hbox (badness 10000) in paragraph at lines 173--174

 []


Underfull \hbox (badness 10000) in paragraph at lines 180--181

 []


Underfull \hbox (badness 10000) in paragraph at lines 183--184

 []


Underfull \hbox (badness 10000) in paragraph at lines 185--186

 []


Underfull \hbox (badness 10000) in paragraph at lines 189--191

 []


Underfull \hbox (badness 10000) in paragraph at lines 194--195

 []


Underfull \hbox (badness 10000) in paragraph at lines 201--202

 []


Underfull \hbox (badness 10000) in paragraph at lines 205--206

 []


Underfull \hbox (badness 10000) in paragraph at lines 207--209

 []

[105]
Underfull \hbox (badness 10000) in paragraph at lines 210--212

 []


Underfull \hbox (badness 10000) in paragraph at lines 213--215

 []


Underfull \hbox (badness 10000) in paragraph at lines 216--218

 []


Underfull \hbox (badness 10000) in paragraph at lines 219--221

 []


Underfull \hbox (badness 10000) in paragraph at lines 228--229

 []


Underfull \hbox (badness 10000) in paragraph at lines 230--231

 []


Underfull \hbox (badness 10000) in paragraph at lines 232--233

 []


Underfull \hbox (badness 10000) in paragraph at lines 234--235

 []


Underfull \hbox (badness 10000) in paragraph at lines 236--237

 []

) [106] (cernprefix.tex
Appendix C.
[107



]) [108] (cernkern.tex
Appendix D.
[109



]) [110] (cernsys.tex
Appendix E.
) [111



] (cernauto.tex
Appendix F.

Overfull \hbox (42.47137pt too wide) in paragraph at lines 9--15
\OT1/ptm/m/n/10.95 source file, the com-pi-la-tion of a pro-gram or both. For e
x-am-ple $[]$
 []


Overfull \hbox (0.65407pt too wide) in paragraph at lines 15--18
[][]\OT1/ptm/m/n/10.95 This script is in-voked when a client is-sues a $[]$ com
-mand and copies
 []

) [112



] (cernref.tex
Appendix G.

Overfull \hbox (28.12062pt too wide) in paragraph at lines 3--8
\OT1/ptm/m/n/10.95 tion of the OSF and SGI ma-chine, these ma-chines are set up
 so that \OT1/ptm/b/n/10.95 /cern \OT1/ptm/m/n/10.95 is a link to \OT1/ptm/b/n/
10.95 /afs/cern.ch/asis/@sys/cern\OT1/ptm/m/n/10.95 . 
 []

) [113



] (cernasis.tex
Appendix H.
[114



] [115] [116] [117]
Underfull \vbox (badness 10000) has occurred while \output is active []

 [118])
[119] (cernscript.tex
Appendix I.
[120



] [121]) [122] (cerncom.tex
Appendix J.

Overfull \hbox (62.05086pt too wide) in paragraph at lines 6--12
\OT1/ptm/m/n/10.95 [PRO.EXE], [PRO.MGR], [PRO.SRC.COM] di-rec-to-ries. The save
set is writ-ten to CERN:[PRO.BCK]CRNLIB.BCK. [] 
 []

[123



] [124]
Underfull \hbox (badness 10000) in paragraph at lines 145--146

 []

[125]) [126] (cernadd.tex
Appendix K.
[127



]
Appendix L.
) [128

] (cerntest.tex
Appendix M.
[129



] [130]) [131] (cernrelease.tex
Appendix N.
[132



]
Overfull \hbox (3.89822pt too wide) in paragraph at lines 81--84
[]\OT1/ptm/m/n/10.95 The CON-SOLE logs from the 94A re-lease are in-cluded be-l
ow. Note that the pro-duc-tion disks were changed
 []

[133]
Underfull \vbox (badness 10000) has occurred while \output is active []

 [134]
Underfull \vbox (badness 10000) has occurred while \output is active []

 [135]
Underfull \vbox (badness 10000) has occurred while \output is active []

 [136]
Underfull \vbox (badness 10000) has occurred while \output is active []

 [137]
[138] [139]
Underfull \vbox (badness 10000) has occurred while \output is active []

 [140]
Underfull \vbox (badness 10000) has occurred while \output is active []

 [141]
Underfull \vbox (badness 10000) has occurred while \output is active []

 [142]
[143]) [144] (cernlicense.tex
Appendix O.

Overfull \hbox (1.60614pt too wide) in paragraph at lines 14--21
[][]\OT1/ptm/m/n/10.95 Groups or in-di-vid-u-als out-side CERN mem-ber states c
ol-lab-o-rat-ing with the ex-per-i-men-tal pro-gramme
 []

[145



] [146]
Underfull \vbox (badness 10000) has occurred while \output is active []

 [147]
[148]
Overfull \hbox (103.44623pt too wide) in paragraph at lines 241--243
[]\OT1/ptm/m/n/10.95 Finally, a suit-able file named \OT1/ptm/b/n/10.95 li-cens
e \OT1/ptm/m/n/10.95 should be cre-ated in the di-rec-tory \OT1/ptm/b/n/10.95 /
asis/packages/licensed/g5g-V3.0/@sys/OPGS/run_time\OT1/ptm/m/n/10.95 . 
 []

[149] [150]
Overfull \hbox (8.13208pt too wide) in paragraph at lines 428--442
[]\OT1/ptm/m/n/10.95 cd LA-PACK/BLAS/TESTING make -f make-blat2 cd LA-PACK/BLAS
 xblat2s < sblat2.in xblat2d < dblat2.in
 []


Overfull \hbox (8.11104pt too wide) in paragraph at lines 428--442
\OT1/ptm/m/n/10.95 xblat2c < cblat2.in xblat2z < zblat2.in cd LA-PACK/BLAS/TEST
ING make -f make-blat3 cd LA-PACK/BLAS
 []


Overfull \hbox (2.5385pt too wide) in paragraph at lines 445--452
[]\OT1/ptm/m/n/10.95 cp LA-PACK/INSTALL/lsame.f LA-PACK/SRC/ cp LA-PACK/INSTALL
/slamch.f LA-PACK/SRC/ cp LA-
 []


Overfull \hbox (94.02524pt too wide) in paragraph at lines 445--452
\OT1/ptm/m/n/10.95 PACK/INSTALL/dlamch.f LA-PACK/SRC/ cp LA-PACK/INSTALL/second
.f LA-PACK/SRC/ cp LA-PACK/INSTALL/dsecnd.f
 []

[151] [152] [153]
Overfull \hbox (46.51137pt too wide) in paragraph at lines 616--619
[]\OT1/ptm/m/n/10.95 Go to the di-rec-tory where you would like to in-stall the
 soft-ware, e.g. \OT1/ptm/b/n/10.95 /asis/packages/licensed/nag-mark16/rs_aix32
\OT1/ptm/m/n/10.95 ,
 []


Overfull \hbox (12.52548pt too wide) in paragraph at lines 644--644
[]\OT1/cmtt/m/n/9 lrwxr-xr-x   1 cernlib  cr            12 Dec  6 14:40 hp700_u
x90/nagfl16df/libnag.a -> libnag_ppu.a[] 
 []

[154] [155] [156]
Underfull \vbox (badness 10000) has occurred while \output is active []

 [157]
[158] [159]) [160] (cernmain.bbl) (cernmain.ind [161


] [162

]) (cernmain.aux
(cernfront.aux) (cernover.aux) (cernrules.aux) (cernsetup.aux) (cerninst.aux)
(cernnet.aux) (cernflags.aux) (cernprefix.aux) (cernkern.aux) (cernsys.aux)
(cernauto.aux) (cernref.aux) (cernasis.aux) (cernscript.aux) (cerncom.aux)
(cernadd.aux) (cerntest.aux) (cernrelease.aux) (cernlicense.aux))

LaTeX Warning: There were undefined references.


LaTeX Warning: Label(s) may have changed. Rerun to get cross-references right.

 ) 
Here is how much of TeX's memory you used:
 2060 strings out of 10955
 21222 string characters out of 73510
 82586 words of memory out of 262141
 4451 multiletter control sequences out of 9500
 15279 words of font info for 49 fonts, out of 100000 for 255
 14 hyphenation exceptions out of 607
 32i,9n,23p,229b,422s stack positions out of 300i,40n,60p,3000b,4000s

Output written on cernmain.dvi (172 pages, 422188 bytes).
