This is TeX, Version 3.14159 (Web2C 7.2) (format=hugelatex 1998.10.16)  3 FEB 1999 09:06
**pawmain
(pawmain.tex
LaTeX2e <1998/06/01>
Babel <v3.6j> and hyphenation patterns for english, french, german, dumylang, n
ohyphenation, loaded.
(/afs/.cern.ch/project/cnas_doc/sources/cnasall/cernman.cls
Document Class: cernman 1994/01/10
(/usr/local/share/texmf.latest/tex/latex/base/report.cls
Document Class: report 1998/05/05 v1.3y Standard LaTeX document class
(/usr/local/share/texmf.latest/tex/latex/base/size10.clo
File: size10.clo 1998/05/05 v1.3y Standard LaTeX file (size option)
)
\c@part=\count79
\c@chapter=\count80
\c@section=\count81
\c@subsection=\count82
\c@subsubsection=\count83
\c@paragraph=\count84
\c@subparagraph=\count85
\c@figure=\count86
\c@table=\count87
\abovecaptionskip=\skip41
\belowcaptionskip=\skip42
\bibindent=\dimen102
)
(/usr/local/share/texmf/tex/latex/psnfss/pifont.sty
Package: pifont 1998/01/07 PSNFSS v.7 Pi font support : S Rahtz
LaTeX Font Info:    Try loading font information for U+pzd on input line 59.

(/usr/local/share/texmf/tex/latex/psnfss/upzd.fd
File: upzd.fd 1997/09/30 font definitions for U/pzd.
)
LaTeX Font Info:    Try loading font information for U+psy on input line 60.

(/usr/local/share/texmf/tex/latex/psnfss/upsy.fd
File: upsy.fd 1997/09/30 font definitions for U/psy.
))
(/usr/local/share/texmf.latest/tex/latex/graphics/color.sty
Package: color 1998/05/27 v1.0g Standard LaTeX Color (DPC)

(/usr/local/share/texmf/tex/latex/texlive/color.cfg)
Package color Info: Driver file: dvips.def on input line 130.

(/usr/local/share/texmf.latest/tex/latex/graphics/dvips.def
File: dvips.def 1998/05/03 v3.0f Driver-dependant file (DPC,SPQR)
)
(/usr/local/share/texmf.latest/tex/latex/graphics/dvipsnam.def
File: dvipsnam.def 1998/05/03 v3.0f Driver-dependant file (DPC,SPQR)
))
(/usr/local/share/texmf.latest/tex/latex/tools/array.sty
Package: array 1998/05/13 v2.3l Tabular extension package (FMi)
\col@sep=\dimen103
\extrarowheight=\dimen104
\NC@list=\toks14
\extratabsurround=\skip43
\backup@length=\skip44
)
(/usr/local/share/texmf.latest/tex/latex/tools/tabularx.sty
Package: tabularx 1998/05/13 v2.06 `tabularx' package (DPC)
\TX@col@width=\dimen105
\TX@old@table=\dimen106
\TX@old@col=\dimen107
\TX@target=\dimen108
\TX@delta=\dimen109
\TX@cols=\count88
\TX@ftn=\toks15
)
(/usr/local/share/texmf.latest/tex/latex/tools/verbatim.sty
Package: verbatim 1997/04/30 v1.5k LaTeX2e package for verbatim enhancements
\every@verbatim=\toks16
\verbatim@line=\toks17
\verbatim@in@stream=\read1
)
(/usr/local/share/texmf.latest/tex/latex/graphics/graphicx.sty
Package: graphicx 1997/06/09 v1.0d Enhanced LaTeX Graphics (DPC,SPQR)

(/usr/local/share/texmf.latest/tex/latex/graphics/keyval.sty
Package: keyval 1998/06/05 v1.11 key=value parser (DPC)
\KV@toks@=\toks18
)
(/usr/local/share/texmf.latest/tex/latex/graphics/graphics.sty
Package: graphics 1998/05/27 v1.0h Standard LaTeX Graphics (DPC,SPQR)

(/usr/local/share/texmf.latest/tex/latex/graphics/trig.sty
Package: trig 1994/10/16 v1.08 sin cos tan (DPC)
)
(/usr/local/share/texmf/tex/latex/texlive/graphics.cfg)
Package graphics Info: Driver file: dvips.def on input line 85.
)
\Gin@req@height=\dimen110
\Gin@req@width=\dimen111
)
(/usr/local/share/texmf.latest/tex/latex/graphics/epsfig.sty
Package: epsfig 1996/10/04 v1.7 (e)psfig emulation (SPQR)
\epsfxsize=\dimen112
\epsfysize=\dimen113
)
(/usr/local/share/texmf.latest/tex/latex/tools/varioref.sty
Package: varioref 1998/05/10 v1.1g package for extended references (FMi)
\c@vrcnt=\count89
)
(/usr/local/share/texmf.latest/tex/latex/tools/multicol.sty
Package: multicol 1998/01/19 v1.5q multicolumn formatting (FMi)
\c@tracingmulticols=\count90
\mult@box=\box26
\multicol@leftmargin=\dimen114
\c@unbalance=\count91
\c@collectmore=\count92
\doublecol@number=\count93
\multicoltolerance=\count94
\multicolpretolerance=\count95
\full@width=\dimen115
\page@free=\dimen116
\premulticols=\dimen117
\postmulticols=\dimen118
\multicolsep=\skip45
\multicolbaselineskip=\skip46
\partial@page=\box27
\last@line=\box28
\mult@rightbox=\box29
\mult@grightbox=\box30
\mult@gfirstbox=\box31
\mult@firstbox=\box32
\@tempa=\box33
\@tempa=\box34
\@tempa=\box35
\@tempa=\box36
\@tempa=\box37
\@tempa=\box38
\@tempa=\box39
\@tempa=\box40
\@tempa=\box41
\@tempa=\box42
\@tempa=\box43
\@tempa=\box44
\@tempa=\box45
\@tempa=\box46
\@tempa=\box47
\@tempa=\box48
\@tempa=\box49
\c@columnbadness=\count96
\c@finalcolumnbadness=\count97
\last@try=\dimen119
\multicolovershoot=\dimen120
\multicolundershoot=\dimen121
\mult@nat@firstbox=\box50
)
(/usr/local/share/texmf.latest/tex/latex/base/alltt.sty
Package: alltt 1997/06/16 v2.0g defines alltt environment
)
(/usr/local/share/texmf/tex/latex/misc/here.sty)
(/usr/local/share/texmf.latest/tex/latex/tools/xspace.sty
Package: xspace 1997/10/13 v1.06 Space after command names (DPC)
)
(/usr/local/share/texmf.latest/tex/latex/tools/calc.sty
Package: calc 1998/07/07 v4.1b Infix arithmetic (KKT,FJ)
\calc@Acount=\count98
\calc@Bcount=\count99
\calc@Adimen=\dimen122
\calc@Bdimen=\dimen123
\calc@Askip=\skip47
\calc@Bskip=\skip48
LaTeX Info: Redefining \setlength on input line 51.
LaTeX Info: Redefining \addtolength on input line 52.
\calc@denominator=\count100
)
(/usr/local/share/texmf.latest/tex/latex/base/ifthen.sty
Package: ifthen 1997/11/02 v1.0n Standard LaTeX ifthen package (DPC)
)
(/usr/local/share/texmf.latest/tex/latex/base/makeidx.sty
Package: makeidx 1995/04/19 v1.0j Standard LaTeX package
)
\@DL@itemwidth=\dimen124
\c@cOL=\count101
\mylen=\skip49
\mybox=\box51
\@PAWout=\write3
)
(/usr/local/share/texmf/tex/latex/fancyvrb/fancyvrb.sty
Package: fancyvrb 1998/01/28

Style option: `fancyvrb' v2.5, with DG/SPQR fixes <1998/01/28> (tvz)
\FV@CodeLineNo=\count102
\FV@InFile=\read2
\FV@TabBox=\box52
\c@FancyVerbLine=\count103
\FV@StepNumber=\count104
\FV@OutFile=\write4

No file fancyvrb.cfg.
) (pawdefs.sty
Package: pawdefs 1995/02/02
\c@Cding=\count105
\Lding=\skip50
) (/afs/.cern.ch/project/cnas_doc/sources/cnasall/longtable.sty
Package: longtable 1996/04/16 v4.02 ***TEST RELEASE**** Multi-page Table packag
e (DPC)
\LTleft=\skip51
\LTright=\skip52
\LTpre=\skip53
\LTpost=\skip54
\LTchunksize=\count106
\LTcapwidth=\dimen125
\LT@head=\box53
\LT@firsthead=\box54
\LT@foot=\box55
\LT@lastfoot=\box56
\LT@cols=\count107
\LT@rows=\count108
\c@LT@tables=\count109
\c@LT@chunks=\count110
\LT@p@ftn=\toks19
)
(/usr/local/share/texmf/tex/latex/rotating/rotating.sty
Package: rotating 1997/09/26, v2.13 Rotation package
\c@r@tfl@t=\count111
\rot@float@box=\box57
)
\@indexfile=\write5
\openout5 = `pawmain.idx'.


Writing index file pawmain.idx
(pawmain.aux (pawfront.aux) (pawch1.aux) (pawch2.aux) (pawch5.aux) (pawch6.aux)
(pawch7.aux) (pawch8.aux) (pawch9.aux) (pawch11.aux))
\openout1 = `pawmain.aux'.

LaTeX Font Info:    Checking defaults for OML/cmm/m/it on input line 43.
LaTeX Font Info:    ... okay on input line 43.
LaTeX Font Info:    Checking defaults for T1/cmr/m/n on input line 43.
LaTeX Font Info:    ... okay on input line 43.
LaTeX Font Info:    Checking defaults for OT1/cmr/m/n on input line 43.
LaTeX Font Info:    ... okay on input line 43.
LaTeX Font Info:    Checking defaults for OMS/cmsy/m/n on input line 43.
LaTeX Font Info:    ... okay on input line 43.
LaTeX Font Info:    Checking defaults for OMX/cmex/m/n on input line 43.
LaTeX Font Info:    ... okay on input line 43.
LaTeX Font Info:    Checking defaults for U/cmr/m/n on input line 43.
LaTeX Font Info:    ... okay on input line 43.
LaTeX Font Info:    Try loading font information for OT1+ptm on input line 43.

(/usr/local/share/texmf/tex/latex/psnfss/ot1ptm.fd
File: ot1ptm.fd 1997/09/30 Fontinst v1.6 font definitions for OT1/ptm.
)
\openout2 = `pawfront.aux'.

 (pawfront.tex
File: cern15.eps Graphic file (type eps)
 <cern15.eps>
LaTeX Font Info:    Font shape `OT1/ptm/bx/n' in size <14.4> not available
(Font)              Font shape `OT1/ptm/b/n' tried instead on input line 26.
File: cnastit.eps Graphic file (type eps)

<cnastit.eps> [1

\openout3 = `pawmain.KUIP'.


]
LaTeX Font Info:    Font shape `OT1/ptm/bx/n' in size <10> not available
(Font)              Font shape `OT1/ptm/b/n' tried instead on input line 81.
LaTeX Font Info:    Try loading font information for OMS+ptm on input line 81.
 (/usr/local/share/texmf/tex/latex/psnfss/omsptm.fd
File: omsptm.fd 
)
LaTeX Font Info:    Font shape `OMS/ptm/m/n' in size <10> not available
(Font)              Font shape `OMS/cmsy/m/n' tried instead on input line 81.
LaTeX Font Info:    External font `cmex10' loaded for size
(Font)              <7> on input line 81.
LaTeX Font Info:    External font `cmex10' loaded for size
(Font)              <5> on input line 81.
 [2]
LaTeX Font Info:    Font shape `OT1/ptm/bx/n' in size <12> not available
(Font)              Font shape `OT1/ptm/b/n' tried instead on input line 103.

[1

] (pawmain.toc [2] [3] [4])
\tf@toc=\write6
\openout6 = `pawmain.toc'.

) [5] [6


]
\openout2 = `pawch1.aux'.

 (pawch1.tex
Chapter 1.
[1


] [2]
File: ../epsfiles/pawtut01.eps Graphic file (type eps)
 <../epsfiles/pawtut01.eps>
Overfull \hbox (0.90996pt too wide) in paragraph at lines 273--285
[]\OT1/ptm/b/n/10 1D His-tograms. [][] \OT1/ptm/m/n/10 A his-togram is the ba-s
ic sta-tis-ti-cal anal-y-sis tool of PAW. His-tograms are cre-ated (``booked'')

 []

[3] [4]
File: ../epsfiles/pawtut00.eps Graphic file (type eps)
 <../epsfiles/pawtut00.eps> [5] [6]
Overfull \hbox (14.34953pt too wide) in paragraph at lines 584--590
\OT1/ptm/m/n/10 A sci-en-tific com-put-ing pro-gram-ming lan-guage SIGMA (\OT1/
ptm/b/n/10 S\OT1/ptm/m/n/10 ystem for \OT1/ptm/b/n/10 I\OT1/ptm/m/n/10 nteracti
ve \OT1/ptm/b/n/10 G\OT1/ptm/m/n/10 raphical \OT1/ptm/b/n/10 M\OT1/ptm/m/n/10 a
the-ma-tical \OT1/ptm/b/n/10 A\OT1/ptm/m/n/10 pplications),
 []

[7] [8]) [9]
\openout2 = `pawch2.aux'.

 (pawch2.tex
Chapter 2.
LaTeX Font Info:    External font `cmex10' loaded for size
(Font)              <9> on input line 100.
LaTeX Font Info:    External font `cmex10' loaded for size
(Font)              <6> on input line 100.

Overfull \hbox (6.18202pt too wide) in paragraph at lines 103--107
\OT1/ptm/m/n/10 log-i-cal sym-bol \OT1/cmtt/m/n/10 DEFINE PAW$LOGON disk:[user.
subdir]file.kumac \OT1/ptm/m/n/10 to be de-fined usu-ally in your \OT1/cmtt/m/n
/10 LOGIN.COM\OT1/ptm/m/n/10 . 
 []

[10



] [11]
LaTeX Font Info:    External font `cmex10' loaded for size
(Font)              <8> on input line 353.
 [12] [13]
File: ../epsfiles/pawtut10.eps Graphic file (type eps)
 <../epsfiles/pawtut10.eps>

LaTeX Warning: `!h' float specifier changed to `!ht'.

[14]) [15] (menu.sty
\XMPbox=\box58
\c@Mycount=\count112
)
Chapter 3.
(kuipch2.tex
File: ../epsfiles/tree.eps Graphic file (type eps)
 <../epsfiles/tree.eps> [16


] [17] [18] [19] [20] [21] [22] [23]
[24] [25] [26]
Underfull \hbox (badness 6078) in paragraph at lines 1003--1003
[][]\OT1/ptm/m/n/8 Excluding the colon as sep-a-ra-tor avoids the sub-sti-tu-ti
on of VMS log-i-cal name con-tain-ing a dollar-sign such as in
 []

[27] [28] [29] [30]
Overfull \hbox (5.23145pt too wide) in paragraph at lines 1484--1489
\OT1/ptm/m/n/10 is equiv-a-lent to ``[]\OT1/cmtt/m/n/10 foo = $UPPER('bar')\OT1
/ptm/m/n/10 '', i.e. ``\OT1/cmtt/m/n/10 foo = 'BAR'\OT1/ptm/m/n/10 ''. With-out
 \OT1/cmtt/m/n/10 $INLINE[] \OT1/ptm/m/n/10 the con-tent of \OT1/cmtt/m/n/10 [c
onvert]
 []

(pawsysfun.tex [31])
Overfull \hbox (14.66214pt too wide) in paragraph at lines 1508--1512
[]\OT1/ptm/m/n/10 Vectors are mem-ory res-i-dent only, i.e. they are not pre-se
rved across pro-gram ex-e-cu-tions. The com-mands \OT1/cmtt/m/n/10 VECTOR/READ[
]
 []

[32] [33] [34] [35]
Overfull \hbox (3.75095pt too wide) in paragraph at lines 1961--1967
[]\OT1/cmtt/m/n/9 Yacc \OT1/ptm/m/n/9 al-lows to avoid this in-fla-tion of nec-
es-sary rules by us-ing so-called lex-i-cal tie-ins. Af-ter hav-ing seen ``\OT1
/cmtt/m/n/9 //\OT1/ptm/m/n/9 '' or ``[]\OT1/cmtt/m/n/9 $SUBSTRING(\OT1/ptm/m/n/
9 ''
 []

[36] [37] [38] [39] [40] [41] [42] [43]
Overfull \hbox (12.7512pt too wide) in paragraph at lines 2623--2631
\OT1/ptm/m/n/10 Global vari-ables can be made vis-i-ble in-side a macro by ex-e
-cut-ing the com-mands \OT1/cmtt/m/n/10 GLOBAL/CREATE[] \OT1/ptm/m/n/10 or \OT1
/cmtt/m/n/10 GLOBAL/IMPORT[]\OT1/ptm/m/n/10 .
 []

[44] [45] [46] [47] [48] [49]
File: ../epsfiles/pkmf9.eps Graphic file (type eps)
 <../epsfiles/pkmf9.eps> [50]
File: ../epsfiles/pkmf10.eps Graphic file (type eps)

<../epsfiles/pkmf10.eps> [51]
File: ../epsfiles/pkmf11.eps Graphic file (type eps)
 <../epsfiles/pkmf11.eps>
File: ../epsfiles/pkmf12.eps Graphic file (type eps)

<../epsfiles/pkmf12.eps>
File: ../epsfiles/pkmf13.eps Graphic file (type eps)
 <../epsfiles/pkmf13.eps>
Underfull \hbox (badness 1215) in paragraph at lines 3276--3282
\OT1/ptm/m/n/10 is se-lected then the cor-re-spond-ing
 []


Underfull \hbox (badness 1117) in paragraph at lines 3276--3282
\OT1/ptm/m/n/10 played. The func-tion-al-ity of this
 []

[52]
File: ../epsfiles/pkmf3.eps Graphic file (type eps)
 <../epsfiles/pkmf3.eps>
Underfull \hbox (badness 10000) in paragraph at lines 3319--3320
[]\OT1/ptm/m/n/10 Menu bar en-try
 []


Underfull \hbox (badness 10000) in paragraph at lines 3320--3321
[]\OT1/ptm/m/n/10 Menu bar en-try
 []


Underfull \hbox (badness 10000) in paragraph at lines 3321--3322
[]\OT1/ptm/m/n/10 Menu bar en-try
 []


Underfull \hbox (badness 10000) in paragraph at lines 3322--3323
[]\OT1/ptm/m/n/10 Menu bar en-try
 []


Underfull \hbox (badness 10000) in paragraph at lines 3323--3324
[]\OT1/ptm/m/n/10 Menu bar en-try
 []


Underfull \hbox (badness 10000) in paragraph at lines 3328--3329
[]\OT1/ptm/m/n/10 Current work-
 []


Underfull \hbox (badness 10000) in paragraph at lines 3328--3329
\OT1/ptm/m/n/10 ing di-rec-tory
 []

[53]
File: ../epsfiles/pkmf5.eps Graphic file (type eps)
 <../epsfiles/pkmf5.eps>
File: ../epsfiles/pkmf6.eps Graphic file (type eps)
 <../epsfiles/pkmf6.eps>
File: ../epsfiles/pkmf7.eps Graphic file (type eps)
 <../epsfiles/pkmf7.eps>
[54]
File: ../epsfiles/pkmf17.eps Graphic file (type eps)
 <../epsfiles/pkmf17.eps> [55]
File: ../epsfiles/pkmf18.eps Graphic file (type eps)
 <../epsfiles/pkmf18.eps> [56] [57]
File: ../epsfiles/pkmf181.eps Graphic file (type eps)

<../epsfiles/pkmf181.eps>
LaTeX Font Info:    Font shape `OT1/ptm/bx/n' in size <9> not available
(Font)              Font shape `OT1/ptm/b/n' tried instead on input line 3714.
File: ../epsfiles/pkmf19.eps Graphic file (type eps)
 <../epsfiles/pkmf19.eps>
File: ../epsfiles/pkmf191.eps Graphic file (type eps)
 <../epsfiles/pkmf191.eps>
Underfull \hbox (badness 10000) in paragraph at lines 3754--3755
[]\OT1/ptm/m/n/9 User-defined ``palette''
 []


Underfull \hbox (badness 10000) in paragraph at lines 3759--3761
\OT1/ptm/m/n/9 press-ing the ar-row
 []


Underfull \hbox (badness 10000) in paragraph at lines 3761--3762
[]\OT1/ptm/m/n/9 ''Other Var-i-ous
 []


Underfull \hbox (badness 1946) in paragraph at lines 3761--3762
\OT1/ptm/m/n/9 Icons'' : this user-
 []

[58] [59] [60] [61]
LaTeX Font Info:    Font shape `OT1/ptm/bx/it' in size <10> not available
(Font)              Font shape `OT1/ptm/b/it' tried instead on input line 4021.

 [62]) [63]
\openout2 = `pawch5.aux'.

 (pawch5.tex
Chapter 4.
[64


] [65]) [66]
\openout2 = `pawch6.aux'.

 (pawch6.tex
Chapter 5.
LaTeX Font Info:    Font shape `OT1/cmtt/bx/n' in size <12> not available
(Font)              Font shape `OT1/cmtt/m/n' tried instead on input line 61.
[67



] [68] [69] [70] [71] [72] [73]
File: ../epsfiles/sigexa1.eps Graphic file (type eps)
 <../epsfiles/sigexa1.eps> [74] [75])
[76]
\openout2 = `pawch7.aux'.

 (pawch7.tex
Chapter 6.
[77



]
File: ../epsfiles/pawstor.eps Graphic file (type eps)
 <../epsfiles/pawstor.eps> [78]
File: ../epsfiles/hbbatch.eps Graphic file (type eps)
 <../epsfiles/hbbatch.eps> [79]
Overfull \hbox (3.1362pt too wide) in paragraph at lines 465--465
[]  \Localfont OVE      *                                                      
                                                * OVE[] 
 []


Overfull \hbox (3.1362pt too wide) in paragraph at lines 466--466
[]     \Localfont .975  *                                                      
                                                *  40[] 
 []


Overfull \hbox (3.1362pt too wide) in paragraph at lines 467--467
[]     \Localfont .95   *                  ++   2   2 2++  +3 +   ++     +  +  
   2+         3 2  + 2++++       + 2    +       *  39[] 
 []


Overfull \hbox (3.1362pt too wide) in paragraph at lines 468--468
[]     \Localfont .925  *           +   +    2  ++ 32+++ +22  22+    +++    +  
     + +    +  22+2+++ +2++   + + +             *  38[] 
 []


Overfull \hbox (3.1362pt too wide) in paragraph at lines 469--469
[]     \Localfont .9    *                   223 +3+ +3 3++333223  +2  2     +  
+    ++2+ +    232+322 2+++  +24+      +        *  37[] 
 []


Overfull \hbox (3.1362pt too wide) in paragraph at lines 470--470
[]     \Localfont .875  *           +   ++ +2++++ 342533 443224++2 2  +   +  ++
23  +  +42+3222233+++3+++2 22+ ++   + + +       *  36[] 
 []


Overfull \hbox (3.1362pt too wide) in paragraph at lines 471--471
[]     \Localfont .85   *               ++  + 5+35+3333483475 65+2+ + ++  +    
+33+3 +2 +2335222+235 522 24+   ++    2         *  35[] 
 []


Overfull \hbox (3.1362pt too wide) in paragraph at lines 472--472
[]     \Localfont .825  *                ++  2+2 558335876736583+ 2 +2+ + +   3
   224+533623+35252+54 32+452++3 332 +++++      *  34[] 
 []


Overfull \hbox (3.1362pt too wide) in paragraph at lines 473--473
[]     \Localfont .8    *            ++   + 532 656562546C8A88936324332+ +2+23 
+332+2236433657234455556+4635+222 +23 +3  +     *  33[] 
 []


Overfull \hbox (3.1362pt too wide) in paragraph at lines 474--474
[]     \Localfont .775  *               +2  33 375B7274C6A66A782+323++2+23  +5+
+3+5222256768365258276374+86334+ 32    +++ +    *  32[] 
 []


Overfull \hbox (3.1362pt too wide) in paragraph at lines 475--475
[]     \Localfont .75   *            + 2+ 2 45523786A79FB98B6AD4855224+  + ++23
323+5755552468283746644543 443324 5223++  2     *  31[] 
 []


Overfull \hbox (3.1362pt too wide) in paragraph at lines 476--476
[]     \Localfont .725  *            + ++4+22+637A785B8BBBA6B4656922++ 2 23 24 
2+5464+435552843286C6246623636+3+ 2 3 2  3+2    *  30[] 
 []


Overfull \hbox (3.1362pt too wide) in paragraph at lines 477--477
[]     \Localfont .7    *       +      22 +2 735ABCA89G8C8A6DA5765+3+322  2+2++
52234445475+355864768724+B74632+23 +3   3+   +  *  29[] 
 []


Overfull \hbox (3.1362pt too wide) in paragraph at lines 478--478
[]     \Localfont .675  *              23 +4+3364HBBAFCFCBB98945C7933++ 2 5+3 +
4225243752 75787896C367+475443+32242422 2 +     *  28[] 
 []


Overfull \hbox (3.1362pt too wide) in paragraph at lines 479--479
[]     \Localfont .65   *           + + ++5+3795498GAC96CB9A79E6645 34 3+3  ++2
4537234424532777657445+4746235+2+3++  4+2 2     *  27[] 
 []


Overfull \hbox (3.1362pt too wide) in paragraph at lines 480--480
[]     \Localfont .625  *           +     3 647774A9CE67G99BAB6B233233 4+ 2 322
 42 44364+657735+735736733+4+23234 +++++2  +    *  26[] 
 []


Overfull \hbox (3.1362pt too wide) in paragraph at lines 481--481
[]     \Localfont .6    *            + ++3+342233874B8C966896565+5242+5 +2+++++
2+5225+42544535456A265357253+2222+ 2+2++ +  +2  *  25[] 
 []


Overfull \hbox (3.1362pt too wide) in paragraph at lines 482--482
[]     \Localfont .575  *           ++  +  +5 74535525677984573453422 +2   ++ 2
  +++4+2 3526525235+4243342+32+  23 2+          *  24[] 
 []


Overfull \hbox (3.1362pt too wide) in paragraph at lines 483--483
[]     \Localfont .55   *               ++ +226+584568349865+433 +2222 +      +
+ +4444352326542332823+444332 +2 2 + +          *  23[] 
 []


Overfull \hbox (3.1362pt too wide) in paragraph at lines 484--484
[]     \Localfont .525  *                 ++++2+65436+3A753535+22+++2+++  ++ + 
++2  +2 ++4++2+ 224224+32 2+ ++++ 2      +      *  22[] 
 []


Overfull \hbox (3.1362pt too wide) in paragraph at lines 485--485
[]     \Localfont .5    *                 22  4+23+6425 84543+++42 +2     +++2 
 2 + 2+2+ 3+ 24++2334223+ 223  +2   +       +   *  21[] 
 []


Overfull \hbox (3.1362pt too wide) in paragraph at lines 486--486
[]     \Localfont .475  *         +             +5334+7333+22  ++2+ +  3+      
2 +4 +32  2 222+2 + 33++ 222 +  +3++     +      *  20[] 
 []


Overfull \hbox (3.1362pt too wide) in paragraph at lines 487--487
[]     \Localfont .45   *                  +  433244397 2++23232+ 24 +2        
++  ++2+ 2+ +2+33  ++4 +3 ++2+3    +  +         *  19[] 
 []


Overfull \hbox (3.1362pt too wide) in paragraph at lines 488--488
[]     \Localfont .425  *           +  ++ 2+ 22+24636432646+5+322 4 +++ + 2++  
++ +22+533+3++3+  +432 +322++2+     2+  ++ +    *  18[] 
 []


Overfull \hbox (3.1362pt too wide) in paragraph at lines 489--489
[]     \Localfont .4    *                +++3237549588A9725H724545++33+33 + + 2
 24  4 +A4633 39 25636343322+82++ ++ + +2+  +   *  17[] 
 []


Overfull \hbox (3.1362pt too wide) in paragraph at lines 490--490
[]     \Localfont .375  *              +++3+374879CCCADLD48996CE54365232 +2+234
2347+563264636547B47925542444434+2+322 2+  +2   *  16[] 
 []


Overfull \hbox (3.1362pt too wide) in paragraph at lines 491--491
[]     \Localfont .35   *            +++ +4637549EC87D8IHDICI9B754655432++23233
+2554368886H68B9667889677A635C+4+223333+22  +   *  15[] 
 []


Overfull \hbox (3.1362pt too wide) in paragraph at lines 492--492
[]     \Localfont .325  *        +  ++++ 2445949CHHDFNHJRHIHKLDD5DC3545422233 2
4564875549A8E7899B4F4BC3CA7E597842+67242+++++   *  14[] 
 []


Overfull \hbox (3.1362pt too wide) in paragraph at lines 493--493
[]     \Localfont .3    *          ++++++2667889EDFEHULQHI*IKFIFA878666336+6+48
526B79777BCCEBBAEEED58E96997A4674763463++++ 2+  *  13[] 
 []


Overfull \hbox (3.1362pt too wide) in paragraph at lines 494--494
[]     \Localfont .275  *        +  ++++ 3546898BEMPNIURPH*NOECDC8958E442+3542+
68554B37466AAGCEEACAC7A476599962365 343++2 +2   *  12[] 
 []


Overfull \hbox (3.1362pt too wide) in paragraph at lines 495--495
[]     \Localfont .25   *        +     2344658A9DAJPLDENQGDHJEEBAA93 +3225322+4
259A576784DA9B98B56A85CD859797A5843523223+ 22   *  11[] 
 []


Overfull \hbox (3.1362pt too wide) in paragraph at lines 496--496
[]     \Localfont .225  *               3 256778BA6CEJGIEAICGCHA4A242+43+++5242
7545466927A78866BB66795655763454656  2 3 +++    *  10[] 
 []


Overfull \hbox (3.1362pt too wide) in paragraph at lines 497--497
[]     \Localfont .2    *                +2++4357A69BC88AAFAA5665432+434 +++ ++
++343233668554584442CA7664745+4++34+++2 + +++   *   9[] 
 []


Overfull \hbox (3.1362pt too wide) in paragraph at lines 498--498
[]     \Localfont .175  *                 + 3  3436344766755264526++3 2+ + ++ +
42  22 2+32345++353562 34 33+++4 +3 +++  +      *   8[] 
 []


Overfull \hbox (3.1362pt too wide) in paragraph at lines 499--499
[]     \Localfont .15   *                  2+ + +3+44+262542+4225 232 ++++   22
2 + 2+  +23+242 32+222 2++342 22    22+ 2  +    *   7[] 
 []


Overfull \hbox (3.1362pt too wide) in paragraph at lines 500--500
[]     \Localfont .125  *              +   +2  +++22+32+ 3+++2                 
   +  +42 +  2+ +   +  2+       + + ++          *   6[] 
 []


Overfull \hbox (3.1362pt too wide) in paragraph at lines 501--501
[]     \Localfont .1    *                           +  +   + +2+     ++        
     +    +2+    +        ++    +++ +           *   5[] 
 []


Overfull \hbox (3.1362pt too wide) in paragraph at lines 502--502
[]     \Localfont .075  *                       + 2  +     +                   
       +                               +        *   4[] 
 []


Overfull \hbox (3.1362pt too wide) in paragraph at lines 503--503
[]     \Localfont .05   *                                      +               
                                                *   3[] 
 []


Overfull \hbox (3.1362pt too wide) in paragraph at lines 504--504
[]     \Localfont .025  *                                                      
                   +                            *   2[] 
 []


Overfull \hbox (3.1362pt too wide) in paragraph at lines 505--505
[]           \Localfont *                                                      
                                                *   1[] 
 []


Overfull \hbox (3.1362pt too wide) in paragraph at lines 506--506
[]  \Localfont UND      *                                                      
                                                * UND[] 
 []

[80]
Overfull \hbox (13.51988pt too wide) in paragraph at lines 699--699
[]\Localfont * ENTRIES =    10000            PLOT         -------I--------I----
---[] 
 []


Overfull \hbox (7.51988pt too wide) in paragraph at lines 700--700
[]\Localfont * SATURATION  AT=          255                  12  I  9936  I   1
9[] 
 []


Overfull \hbox (13.51988pt too wide) in paragraph at lines 701--701
[]\Localfont * SCALE  .,+,2,3,.,., A,B,      STATISTICS   -------I--------I----
---[] 
 []

File: ../epsfiles/fhtest1.eps Graphic file (type eps)
<../epsfiles/fhtest1.eps> [81] [82]
Overfull \hbox (6.68825pt too wide) in paragraph at lines 930--955
 [] 
 []


Underfull \hbox (badness 10000) in paragraph at lines 970--970
[]|\OT1/ptm/m/n/10 Combination
 []


Underfull \hbox (badness 10000) in paragraph at lines 977--977
[]|\OT1/ptm/m/n/10 Combination
 []


Underfull \hbox (badness 7433) in paragraph at lines 978--979
[]|\OT1/ptm/m/n/10 A MASK or com-bi-na-tion of MASKs,
 []


Underfull \hbox (badness 10000) in paragraph at lines 978--979
\OT1/ptm/m/n/10 each cre-ated by the com-mand
 []


Underfull \hbox (badness 10000) in paragraph at lines 984--984
[]|\OT1/ptm/m/n/10 Logical ex-
 []


Underfull \hbox (badness 10000) in paragraph at lines 996--998
[] \OT1/ptm/m/n/10 weight \OT1/cmtt/m/n/10 X \OT1/ptm/m/n/10 by
 []


Underfull \hbox (badness 10000) in paragraph at lines 999--999
[]|\OT1/ptm/m/n/10 Selection
 []


Overfull \hbox (14.4364pt too wide) in paragraph at lines 962--1014
 [] 
 []

[83] [84] [85]
File: ../epsfiles/fgcuts.eps Graphic file (type eps)
 <../epsfiles/fgcuts.eps> [86] [87]
File: ../epsfiles/fhtest2.eps Graphic file (type eps)
 <../epsfiles/fhtest2.eps>
File: ../epsfiles/fhtest3.eps Graphic file (type eps)

<../epsfiles/fhtest3.eps> [88] [89] [90] [91] [92]
File: ../epsfiles/fhtest4.eps Graphic file (type eps)
 <../epsfiles/fhtest4.eps>
[93] [94] [95]
File: ../epsfiles/fhtest5.eps Graphic file (type eps)
 <../epsfiles/fhtest5.eps>
File: ../epsfiles/fhtest6.eps Graphic file (type eps)
 <../epsfiles/fhtest6.eps>
Adding sideways figure on  right hand page
LaTeX Font Info:    Font shape `OT1/cmtt/bx/n' in size <10> not available
(Font)              Font shape `OT1/cmtt/m/n' tried instead on input line 1745.

 [96] [97] [98]) [99]
\openout2 = `pawch8.aux'.

 (pawch8.tex
Chapter 7.
File: ../epsfiles/graph1.eps Graphic file (type eps)
<../epsfiles/graph1.eps> [100



] [101] [102] [103] [104]
File: ../epsfiles/higzbat.eps Graphic file (type eps)

<../epsfiles/higzbat.eps> [105] [106] [107]
Overfull \hbox (1.97964pt too wide) in alignment at lines 745--750
 [] [] [] 
 []


Overfull \hbox (1.97964pt too wide) in alignment at lines 750--755
 [] [] [] 
 []


Overfull \hbox (1.97964pt too wide) in alignment at lines 755--757
 [] [] [] 
 []


Underfull \hbox (badness 10000) in paragraph at lines 758--759
[]|\OT1/cmtt/m/n/10 'A0[][]',
 []


Underfull \hbox (badness 10000) in paragraph at lines 762--763
[]|\OT1/ptm/m/n/10 '\OT1/cmtt/m/n/10 *P[][]\OT1/ptm/m/n/10 ','\OT1/cmtt/m/n/10 
**P[][]\OT1/ptm/m/n/10 ',
 []


Overfull \hbox (1.97964pt too wide) in alignment at lines 757--823
 [] [] [] 
 []


Overfull \hbox (1.97964pt too wide) in alignment at lines 823--841
 [] [] [] 
 []

[108] [109]
File: ../epsfiles/hplset.eps Graphic file (type eps)
 <../epsfiles/hplset.eps> [110] [111]
File: ../epsfiles/ndvx.eps Graphic file (type eps)
 <../epsfiles/ndvx.eps>
File: ../epsfiles/ndvy.eps Graphic file (type eps)

<../epsfiles/ndvy.eps>

LaTeX Warning: Float too large for page by 2.70807pt on input line 1104.

[112] [113] [114]
File: ../epsfiles/btyp.eps Graphic file (type eps)
 <../epsfiles/btyp.eps>
File: ../epsfiles/fasi.eps Graphic file (type eps)
 <../epsfiles/fasi.eps>
Overfull \hbox (13.89864pt too wide) in paragraph at lines 1342--1343
 [][] 
 []

Adding sideways figure on  left hand page
File: ../epsfiles/marker.eps Graphic file (type eps)
 <../epsfiles/marker.eps>
File: ../epsfiles/ltype.eps Graphic file (type eps)

<../epsfiles/ltype.eps>
File: ../epsfiles/greylev.eps Graphic file (type eps)
 <../epsfiles/greylev.eps> [115] [116] [117] [118]
[119]
File: ../epsfiles/align.eps Graphic file (type eps)
 <../epsfiles/align.eps> [120]
Overfull \hbox (17.45222pt too wide) in paragraph at lines 1604--1621
[][] 
 []

[121]
File: ../epsfiles/softtext.eps Graphic file (type eps)
 <../epsfiles/softtext.eps>
File: ../epsfiles/psex1.eps Graphic file (type eps)
 <../epsfiles/psex1.eps>
File: ../epsfiles/psex2.eps Graphic file (type eps)

<../epsfiles/psex2.eps>
File: ../epsfiles/psfont.eps Graphic file (type eps)
 <../epsfiles/psfont.eps>
File: ../epsfiles/pstext1.eps Graphic file (type eps)
 <../epsfiles/pstext1.eps>
File: ../epsfiles/pstext2.eps Graphic file (type eps)

<../epsfiles/pstext2.eps> [122] [123] [124] [125] [126] [127]
File: ../epsfiles/gedifig.eps Graphic file (type eps)

<../epsfiles/gedifig.eps>) [128

]
\openout2 = `pawch9.aux'.

 (pawch9.tex
Chapter 8.
[129



]
File: ../epsfiles/pawglob.eps Graphic file (type eps)
 <../epsfiles/pawglob.eps> [130]
File: ../epsfiles/pawos9.eps Graphic file (type eps)
 <../epsfiles/pawos9.eps>) [131]
\openout2 = `pawch11.aux'.


(pawch11.tex
\Mylen=\skip55

Chapter 9.
File: ../epsfiles/pawtut02.eps Graphic file (type eps)
<../epsfiles/pawtut02.eps> [132



]
LaTeX Font Info:    Font shape `OT1/ptm/bx/sc' in size <10> not available
(Font)              Font shape `OT1/ptm/b/sc' tried instead on input line 198.
File: ../epsfiles/pawppoverview1.eps Graphic file (type eps)
 <../epsfiles/pawppoverview1.eps>
File: ../epsfiles/pawppoverview2.eps Graphic file (type eps)

<../epsfiles/pawppoverview2.eps> [133] [134] [135]
File: ../epsfiles/pawppexecutive.eps Graphic file (type eps)

<../epsfiles/pawppexecutive.eps>
File: ../epsfiles/pawppmenu1.eps Graphic file (type eps)
 <../epsfiles/pawppmenu1.eps> [136

]
File: ../epsfiles/pawppfile1.eps Graphic file (type eps)

<../epsfiles/pawppfile1.eps>
File: ../epsfiles/pawppexit.eps Graphic file (type eps)
 <../epsfiles/pawppexit.eps>
File: ../epsfiles/pawppedit1.eps Graphic file (type eps)

<../epsfiles/pawppedit1.eps>
File: ../epsfiles/pawppview.eps Graphic file (type eps)
 <../epsfiles/pawppview.eps>
Underfull \vbox (badness 1231) has occurred while \output is active []

 [137]
File: ../epsfiles/pawppoption1.eps Graphic file (type eps)

<../epsfiles/pawppoption1.eps>
File: ../epsfiles/pawppbrowser.eps Graphic file (type eps)
 <../epsfiles/pawppbrowser.eps> [138]
File: ../epsfiles/pawpphbookicon.eps Graphic file (type eps)

<../epsfiles/pawpphbookicon.eps>
File: ../epsfiles/pawpphbookmenu.eps Graphic file (type eps)
 <../epsfiles/pawpphbookmenu.eps> [139]
File: ../epsfiles/pawpp1dicon.eps Graphic file (type eps)

<../epsfiles/pawpp1dicon.eps>
File: ../epsfiles/pawpp1dmenu.eps Graphic file (type eps)
 <../epsfiles/pawpp1dmenu.eps>
File: ../epsfiles/pawpp2dicon.eps Graphic file (type eps)

<../epsfiles/pawpp2dicon.eps>
File: ../epsfiles/pawpp2dmenu.eps Graphic file (type eps)
 <../epsfiles/pawpp2dmenu.eps>
Underfull \vbox (badness 4341) has occurred while \output is active []

 [140]
File: ../epsfiles/pawppnticon.eps Graphic file (type eps)

<../epsfiles/pawppnticon.eps>
File: ../epsfiles/pawppntmenu.eps Graphic file (type eps)
 <../epsfiles/pawppntmenu.eps>
Underfull \hbox (badness 10000) in paragraph at lines 620--622
[]\OT1/ptm/m/n/10 Print the high-lighted Ntu-ple (Com-mand
 []

File: ../epsfiles/pawppcmdicon.eps Graphic file (type eps)
<../epsfiles/pawppcmdicon.eps>
File: ../epsfiles/pawppcmdmenu.eps Graphic file (type eps)
 <../epsfiles/pawppcmdmenu.eps>
Underfull \vbox (badness 1975) has occurred while \output is active []

 [141]
File: ../epsfiles/pawppdcmdicon.eps Graphic file (type eps)

<../epsfiles/pawppdcmdicon.eps>
File: ../epsfiles/pawppdcmdmenu.eps Graphic file (type eps)
 <../epsfiles/pawppdcmdmenu.eps>
File: ../epsfiles/pawppupicon.eps Graphic file (type eps)

<../epsfiles/pawppupicon.eps>
File: ../epsfiles/pawppupmenu.eps Graphic file (type eps)
 <../epsfiles/pawppupmenu.eps>
File: ../epsfiles/pawppdiricon.eps Graphic file (type eps)

<../epsfiles/pawppdiricon.eps>
File: ../epsfiles/pawppdirmenu.eps Graphic file (type eps)
 <../epsfiles/pawppdirmenu.eps>
File: ../epsfiles/pawpppsicon.eps Graphic file (type eps)

<../epsfiles/pawpppsicon.eps> [142]
File: ../epsfiles/pawpppsmenu.eps Graphic file (type eps)
 <../epsfiles/pawpppsmenu.eps>
File: ../epsfiles/pawpprwicon.eps Graphic file (type eps)

<../epsfiles/pawpprwicon.eps>
File: ../epsfiles/pawpprwmenu.eps Graphic file (type eps)
 <../epsfiles/pawpprwmenu.eps>
File: ../epsfiles/pawpproicon.eps Graphic file (type eps)

<../epsfiles/pawpproicon.eps>
File: ../epsfiles/pawppromenu.eps Graphic file (type eps)
 <../epsfiles/pawppromenu.eps>
File: ../epsfiles/pawppnaicon.eps Graphic file (type eps)

<../epsfiles/pawppnaicon.eps>
File: ../epsfiles/pawppnamenu.eps Graphic file (type eps)
 <../epsfiles/pawppnamenu.eps> [143]
File: ../epsfiles/pawppxicon.eps Graphic file (type eps)

<../epsfiles/pawppxicon.eps>
File: ../epsfiles/pawppxmenu.eps Graphic file (type eps)
 <../epsfiles/pawppxmenu.eps>
File: ../epsfiles/pawppmacroicon.eps Graphic file (type eps)

<../epsfiles/pawppmacroicon.eps>
File: ../epsfiles/pawppmacromenu.eps Graphic file (type eps)
 <../epsfiles/pawppmacromenu.eps>
File: ../epsfiles/pawpppicticon.eps Graphic file (type eps)

<../epsfiles/pawpppicticon.eps>
File: ../epsfiles/pawpppictmenu.eps Graphic file (type eps)
 <../epsfiles/pawpppictmenu.eps>
Underfull \hbox (badness 2837) in paragraph at lines 840--842
[]\OT1/ptm/m/n/10 Rename the high-lighted pic-ture. The com-mand panel
 []

[144]
File: ../epsfiles/pawppchainicon.eps Graphic file (type eps)
 <../epsfiles/pawppchainicon.eps>
File: ../epsfiles/pawppchainmenu.eps Graphic file (type eps)
 <../epsfiles/pawppchainmenu.eps>
File: ../epsfiles/pawppchainlicon.eps Graphic file (type eps)

<../epsfiles/pawppchainlicon.eps>
File: ../epsfiles/pawppchainlmenu.eps Graphic file (type eps)
 <../epsfiles/pawppchainlmenu.eps>
File: ../epsfiles/pawppstoreicon.eps Graphic file (type eps)

<../epsfiles/pawppstoreicon.eps>
File: ../epsfiles/pawppstoremenu.eps Graphic file (type eps)
 <../epsfiles/pawppstoremenu.eps>
File: ../epsfiles/pawppdivicon.eps Graphic file (type eps)

<../epsfiles/pawppdivicon.eps> [145]
File: ../epsfiles/pawppdivmenu.eps Graphic file (type eps)
 <../epsfiles/pawppdivmenu.eps>
File: ../epsfiles/pawppbankicon.eps Graphic file (type eps)

<../epsfiles/pawppbankicon.eps>
File: ../epsfiles/pawppbankmenu.eps Graphic file (type eps)
 <../epsfiles/pawppbankmenu.eps>
File: ../epsfiles/pawpprzicon.eps Graphic file (type eps)

<../epsfiles/pawpprzicon.eps>
File: ../epsfiles/pawpprzmenu.eps Graphic file (type eps)
 <../epsfiles/pawpprzmenu.eps> [146]
File: ../epsfiles/pawpprzdiricon.eps Graphic file (type eps)

<../epsfiles/pawpprzdiricon.eps>
File: ../epsfiles/pawpprzdirmenu.eps Graphic file (type eps)
 <../epsfiles/pawpprzdirmenu.eps>
File: ../epsfiles/pawppkeyicon.eps Graphic file (type eps)

<../epsfiles/pawppkeyicon.eps>
File: ../epsfiles/pawppkeymenu.eps Graphic file (type eps)
 <../epsfiles/pawppkeymenu.eps>
File: ../epsfiles/pawppbrowsermenubar.eps Graphic file (type eps)

<../epsfiles/pawppbrowsermenubar.eps>
File: ../epsfiles/pawppbrowsermenubarfile.eps Graphic file (type eps)

<../epsfiles/pawppbrowsermenubarfile.eps> [147]
File: ../epsfiles/pawppopenhbook.eps Graphic file (type eps)

<../epsfiles/pawppopenhbook.eps>
File: ../epsfiles/pawppclosehbook.eps Graphic file (type eps)
 <../epsfiles/pawppclosehbook.eps> [148]
File: ../epsfiles/pawppbrowsermenubarview.eps Graphic file (type eps)

<../epsfiles/pawppbrowsermenubarview.eps>
File: ../epsfiles/pawppviewicon.eps Graphic file (type eps)
 <../epsfiles/pawppviewicon.eps>
File: ../epsfiles/pawppviewsmallicon.eps Graphic file (type eps)

<../epsfiles/pawppviewsmallicon.eps> [149]
File: ../epsfiles/pawppviewnoicon.eps Graphic file (type eps)
 <../epsfiles/pawppviewnoicon.eps>
File: ../epsfiles/pawppviewtitle.eps Graphic file (type eps)

<../epsfiles/pawppviewtitle.eps>
File: ../epsfiles/pawppbrowsermenubaroptions.eps Graphic file (type eps)
 <../epsfiles/pawppbrowsermenubaroptions.eps>
Underfull \vbox (badness 10000) has occurred while \output is active []

 [150]
File: ../epsfiles/pawppbrowsermenubarcommands.eps Graphic file (type eps)

<../epsfiles/pawppbrowsermenubarcommands.eps>
File: ../epsfiles/pawppbrowserinfotop.eps Graphic file (type eps)

<../epsfiles/pawppbrowserinfotop.eps>
File: ../epsfiles/pawppbrowserinfobottom.eps Graphic file (type eps)
 <../epsfiles/pawppbrowserinfobottom.eps>
[151]
File: ../epsfiles/pawppcontentcommands.eps Graphic file (type eps)
 <../epsfiles/pawppcontentcommands.eps>
File: ../epsfiles/pawppcontentfiles.eps Graphic file (type eps)

<../epsfiles/pawppcontentfiles.eps>
File: ../epsfiles/pawppcontentmacro.eps Graphic file (type eps)
 <../epsfiles/pawppcontentmacro.eps>
Underfull \hbox (badness 1371) in paragraph at lines 1186--1187
[]\OT1/ptm/m/n/10 List all the macros in the cur-rent
 []

File: ../epsfiles/pawppcontentzebra.eps Graphic file (type eps)
<../epsfiles/pawppcontentzebra.eps> [152]
File: ../epsfiles/pawppcontenthbook.eps Graphic file (type eps)
 <../epsfiles/pawppcontenthbook.eps>
File: ../epsfiles/pawppcontentchain.eps Graphic file (type eps)

<../epsfiles/pawppcontentchain.eps>
Underfull \hbox (badness 4726) in paragraph at lines 1218--1219
[]\OT1/ptm/m/n/10 Delete all the chains
 []

File: ../epsfiles/pawppchaintree.eps Graphic file (type eps)
<../epsfiles/pawppchaintree.eps>
Underfull \vbox (badness 4595) has occurred while \output is active []

 [153]
File: ../epsfiles/pawppcontentpawc.eps Graphic file (type eps)

<../epsfiles/pawppcontentpawc.eps>
File: ../epsfiles/pawppcontentlun.eps Graphic file (type eps)
 <../epsfiles/pawppcontentlun.eps>
File: ../epsfiles/pawppgraphics.eps Graphic file (type eps)

<../epsfiles/pawppgraphics.eps>
Underfull \vbox (badness 10000) has occurred while \output is active []

 [154]
File: ../epsfiles/pawppgraphicswindow.eps Graphic file (type eps)

<../epsfiles/pawppgraphicswindow.eps> [155]
File: ../epsfiles/pawppgraphicsntuple.eps Graphic file (type eps)

<../epsfiles/pawppgraphicsntuple.eps>
File: ../epsfiles/pawppgraphics1d.eps Graphic file (type eps)
 <../epsfiles/pawppgraphics1d.eps>
[156]
File: ../epsfiles/pawppgraphics2d.eps Graphic file (type eps)
 <../epsfiles/pawppgraphics2d.eps>
File: ../epsfiles/pawppgraphicsxaxis.eps Graphic file (type eps)
 <../epsfiles/pawppgraphicsxaxis.eps>
[157]
File: ../epsfiles/pawppgraphicsyaxis.eps Graphic file (type eps)
 <../epsfiles/pawppgraphicsyaxis.eps>
File: ../epsfiles/pawpplocate.eps Graphic file (type eps)
 <../epsfiles/pawpplocate.eps>
Underfull \hbox (badness 10000) in paragraph at lines 1423--1424
[]\OT1/ptm/m/n/10 1D His-togram
 []


Underfull \hbox (badness 10000) in paragraph at lines 1423--1424
\OT1/ptm/m/n/10 (with LOG
 []


Underfull \hbox (badness 4608) in paragraph at lines 1426--1427
[]\OT1/ptm/m/n/10 To re-lease the
 []

[158]
File: ../epsfiles/pawppntuplelocate.eps Graphic file (type eps)
 <../epsfiles/pawppntuplelocate.eps>
File: ../epsfiles/pawppintegral.eps Graphic file (type eps)
 <../epsfiles/pawppintegral.eps>
Underfull \hbox (badness 2057) in paragraph at lines 1469--1471
[]\OT1/ptm/m/n/10 ``Mathematical'' in-te-
 []

[159]
File: ../epsfiles/pawpphisto.eps Graphic file (type eps)
 <../epsfiles/pawpphisto.eps>
Underfull \hbox (badness 1701) in paragraph at lines 1483--1484
[]\OT1/ptm/m/n/10 Define the graph-i-cal
 []


Underfull \hbox (badness 2495) in paragraph at lines 1486--1487
\OT1/ptm/m/n/10 to draw the cur-rent
 []


Underfull \hbox (badness 10000) in paragraph at lines 1493--1494
[]\OT1/ptm/m/n/10 Current his-togram
 []

[160]
File: ../epsfiles/pawpphistomenubar.eps Graphic file (type eps)
 <../epsfiles/pawpphistomenubar.eps>
File: ../epsfiles/pawpphistofile.eps Graphic file (type eps)
 <../epsfiles/pawpphistofile.eps>
File: ../epsfiles/pawpphistooptions.eps Graphic file (type eps)

<../epsfiles/pawpphistooptions.eps>
File: ../epsfiles/pawppinfo.eps Graphic file (type eps)
 <../epsfiles/pawppinfo.eps>
File: ../epsfiles/pawppstatistics.eps Graphic file (type eps)

<../epsfiles/pawppstatistics.eps> [161]
File: ../epsfiles/pawppfits.eps Graphic file (type eps)
 <../epsfiles/pawppfits.eps>
File: ../epsfiles/pawppfile.eps Graphic file (type eps)

<../epsfiles/pawppfile.eps> [162]
File: ../epsfiles/pawppdate.eps Graphic file (type eps)
 <../epsfiles/pawppdate.eps>
File: ../epsfiles/pawppstyle.eps Graphic file (type eps)

<../epsfiles/pawppstyle.eps>
Underfull \hbox (badness 1424) in paragraph at lines 1628--1630
[]\OT1/ptm/m/n/10 The var-i-ous but-tons in-voke the cor-
 []


Underfull \hbox (badness 3179) in paragraph at lines 1628--1630
\OT1/ptm/m/n/10 re-spond-ing panel, e.g., \OT1/cmss/m/n/10 Ob-ject At-
 []


Underfull \hbox (badness 1400) in paragraph at lines 1628--1630
\OT1/cmss/m/n/10 tributes... \OT1/ptm/m/n/10 in-vokes the ``Ob-ject At-
 []

File: ../epsfiles/pawppgeneralattributes.eps Graphic file (type eps)
<../epsfiles/pawppgeneralattributes.eps>
File: ../epsfiles/pawppmarker.eps Graphic file (type eps)
 <../epsfiles/pawppmarker.eps>
File: ../epsfiles/pawppline.eps Graphic file (type eps)

<../epsfiles/pawppline.eps> [163]
File: ../epsfiles/pawppdefinecolor.eps Graphic file (type eps)
 <../epsfiles/pawppdefinecolor.eps> [164]
File: ../epsfiles/pawppobjectattributes.eps Graphic file (type eps)

<../epsfiles/pawppobjectattributes.eps>
File: ../epsfiles/pawpppict.eps Graphic file (type eps)
 <../epsfiles/pawpppict.eps>
File: ../epsfiles/pawpphatchstyle.eps Graphic file (type eps)

<../epsfiles/pawpphatchstyle.eps>
Underfull \hbox (badness 10000) in paragraph at lines 1722--1723
[]\OT1/ptm/m/n/10 Define the dis-tance be-tween tow
 []


Underfull \hbox (badness 1117) in paragraph at lines 1723--1724
[]\OT1/ptm/m/n/10 Define the an-gle of the first set of
 []


Underfull \vbox (badness 10000) has occurred while \output is active []

 [165]
File: ../epsfiles/pawppcolors.eps Graphic file (type eps)

<../epsfiles/pawppcolors.eps> [166]
File: ../epsfiles/pawppgeometry.eps Graphic file (type eps)
 <../epsfiles/pawppgeometry.eps>
File: ../epsfiles/pawppangle.eps Graphic file (type eps)

<../epsfiles/pawppangle.eps> [167]
File: ../epsfiles/pawppscaling.eps Graphic file (type eps)
 <../epsfiles/pawppscaling.eps>
File: ../epsfiles/pawppzone.eps Graphic file (type eps)

<../epsfiles/pawppzone.eps> [168]
File: ../epsfiles/pawppsettings.eps Graphic file (type eps)
 <../epsfiles/pawppsettings.eps>
File: ../epsfiles/pawpplabels.eps Graphic file (type eps)

<../epsfiles/pawpplabels.eps> [169]
File: ../epsfiles/pawpporientation.eps Graphic file (type eps)
 <../epsfiles/pawpporientation.eps>
File: ../epsfiles/pawppfontsettings.eps Graphic file (type eps)

<../epsfiles/pawppfontsettings.eps> [170]
File: ../epsfiles/pawppfontsettings1.eps Graphic file (type eps)
 <../epsfiles/pawppfontsettings1.eps>
File: ../epsfiles/pawppfontsettings2.eps Graphic file (type eps)

<../epsfiles/pawppfontsettings2.eps>
File: ../epsfiles/pawppcoordinate.eps Graphic file (type eps)
 <../epsfiles/pawppcoordinate.eps> [171]
File: ../epsfiles/pawppplotoptions1d.eps Graphic file (type eps)

<../epsfiles/pawppplotoptions1d.eps>
File: ../epsfiles/pawppplotoptions2d.eps Graphic file (type eps)
 <../epsfiles/pawppplotoptions2d.eps>
[172]
File: ../epsfiles/pawppntuple.eps Graphic file (type eps)
 <../epsfiles/pawppntuple.eps> [173]
File: ../epsfiles/pawppcut.eps Graphic file (type eps)
 <../epsfiles/pawppcut.eps>
Underfull \hbox (badness 3713) in paragraph at lines 2024--2025
[]\OT1/ptm/m/n/10 Current cut ex-pres-sion ap-
 []

File: ../epsfiles/pawppcuteditormenubar.eps Graphic file (type eps)
<../epsfiles/pawppcuteditormenubar.eps>
File: ../epsfiles/pawppcutfile.eps Graphic file (type eps)
 <../epsfiles/pawppcutfile.eps>
File: ../epsfiles/pawppcutedit.eps Graphic file (type eps)

<../epsfiles/pawppcutedit.eps>
File: ../epsfiles/pawppcutoptions.eps Graphic file (type eps)
 <../epsfiles/pawppcutoptions.eps> [174]
File: ../epsfiles/pawppscanner.eps Graphic file (type eps)

<../epsfiles/pawppscanner.eps>
LaTeX Font Info:    Font shape `OT1/ptm/bx/sc' in size <12> not available
(Font)              Font shape `OT1/ptm/b/sc' tried instead on input line 2089.

 [175]
Appendix A.
[176

] [177] [178] [179]
Appendix B.
[180

]
Appendix C.
File: ../epsfiles/pawppmotifscale.eps Graphic file (type eps)
<../epsfiles/pawppmotifscale.eps>
File: ../epsfiles/pawppmotiftoggle.eps Graphic file (type eps)
 <../epsfiles/pawppmotiftoggle.eps>
File: ../epsfiles/pawppmotifpush.eps Graphic file (type eps)

<../epsfiles/pawppmotifpush.eps>
File: ../epsfiles/pawppmotifselect.eps Graphic file (type eps)
 <../epsfiles/pawppmotifselect.eps>
File: ../epsfiles/pawppmotifpaned.eps Graphic file (type eps)

<../epsfiles/pawppmotifpaned.eps> [181

]
File: ../epsfiles/pawppmotifwindowclose.eps Graphic file (type eps)

<../epsfiles/pawppmotifwindowclose.eps>
File: ../epsfiles/pawppmotifwindowicon.eps Graphic file (type eps)
 <../epsfiles/pawppmotifwindowicon.eps>) [182] (pawmain.bbl (/usr/local/share/t
exmf/tex/generic/misc/texnames.sty
This is texnames.sty, Version 1.09 <16 March 1993>
)) [183


] Index (pawmain.ind [184

] [185] [186] [187] [188] [189] [190] [191]
[192] [193] [194]) (pawmain.aux (pawfront.aux) (pawch1.aux) (pawch2.aux)
(pawch5.aux) (pawch6.aux) (pawch7.aux) (pawch8.aux) (pawch9.aux) (pawch11.aux))
 ) 
Here is how much of TeX's memory you used:
 2845 strings out of 50917
 36707 string characters out of 447067
 119912 words of memory out of 1100001
 5506 multiletter control sequences out of 10000+10000
 23188 words of font info for 67 fonts, out of 400000 for 1000
 20 hyphenation exceptions out of 1000
 32i,16n,27p,227b,754s stack positions out of 300i,100n,500p,30000b,30000s

Output written on pawmain.dvi (202 pages, 732256 bytes).
