This is TeX, C Version 3.141 (format=lplain 92.10.8)  21 JUN 1993 15:41
**cernman
(cernman.tex
LaTeX Version 2.09 <25 March 1992>
(cernman.sty
Style-Option: `cernman' v3.06  <93/06/21> (M.G.)
(/usr/local/lib/tex/macros/report.sty
Standard Document Style `report' <14 Jan 92>.
(/usr/local/lib/tex/macros/rep11.sty)
\descriptionmargin=\dimen99
\c@part=\count79
\c@chapter=\count80
\c@section=\count81
\c@subsection=\count82
\c@subsubsection=\count83
\c@paragraph=\count84
\c@subparagraph=\count85
\c@figure=\count86
\c@table=\count87
 (/usr/local/lib/tex/macros/titlepag.sty
Document Style Option `titlepage' -- Released 16 June 1991.
)) (/usr/local/lib/tex/macros/array.sty
Style-Option: `array' v2.1b  <92/07/06> (F.M.)
English documentation dated  <92/07/18> (F.M.)
\col@sep=\dimen100
\extrarowheight=\dimen101
\NC@list=\toks14
) (/usr/local/lib/tex/macros/subfigure.sty
\c@subfigure=\count88
\@subfigtemp=\count89
)
(/usr/local/lib/tex/macros/subeqnarray.sty
Documentstyle option `subeqnarray' V1.1; Released 22 December 1988
\c@subequation=\count90
) (/usr/local/lib/tex/macros/subeqn.sty
\@stequation=\toks15
)
\c@cOL=\count91
\Length=\dimen102

(/usr/local/lib/tex/macros/verbatim.sty
Style-Option: `verbatim' v1.4d <91/04/24> (RmS)
English Documentation          <91/04/24> (RmS)
\every@verbatim=\toks16
\verbatim@line=\toks17
)) (/usr/local/lib/tex/macros/makeidx.sty
Document style option `makeidx' - released 21 Oct 91
) (fontcmds.sty) (/usr/local/lib/tex/macros/times.sty
File: `times.sty' PSNFSS 2.2 <12.04.92> (SPQR)
*** Defining fonts for PostScript Times family at scale 1
Default roman typeface now times
*** Defining fonts for PostScript Helvetica family at scale 1
Default sans-serif typeface now helvetica
*** Defining fonts for PostScript Courier family at scale 1
Default typewriter typeface now courier
) (/usr/local/lib/tex/macros/xspace.sty) (example.sty
\example_file=\write3
\ExampleWidth=\dimen103
) (epsfig.sty
Document style option `epsfig', v1.5 <31 Jan 92> (edited by SPQR)
(/usr/local/lib/tex/macros/epsf.sty (/usr/local/lib/tex/macros/epsf.tex
\epsffilein=\read1
\epsfxsize=\dimen104
\epsfysize=\dimen105
\epsftsize=\dimen106
\epsfrsize=\dimen107
\epsftmp=\dimen108
\pspoints=\dimen109
))
\p@intvaluex=\dimen110
\p@intvaluey=\dimen111
)
(/usr/local/lib/tex/macros/rotating.sty
Style option: rotating.sty, v1.7 <93/5/21> (SPQR / LMB)
\rot@box=\box25
\rot@tempbox=\box26
\rot@temp=\dimen112
\rot@width=\dimen113
\rot@height=\dimen114
\rot@depth=\dimen115
\rot@right=\dimen116
\rot@left=\dimen117
\rot@angle=\count92
\rot@count=\count93
\rot@circle=\count94
) (/usr/local/lib/tex/macros/texnames.sty
\TestCount=\count95
) (varioref.sty
\vr@cnt=\count96
)
\@indexfile=\write4

Writing index file cernman.idx 
(cernman.aux) [0

] (cernman.toc)
\tf@toc=\write5
 [2]
Chapter 1.
[1


] [2] [3] [4]
Chapter 2.
[5

]
Underfull \hbox (badness 10000) detected at line 478
[][] \times/m/n/11 and []

\hbox(10.84053+4.43471)x455.24408
.\hbox(10.84053+4.43471)x0.0
..\rule(10.84053+4.43471)x0.0
.\hbox(6.84373+1.20448)x132.73987
..\hbox(6.84373+1.20448)x132.73987
...\glue 10.95
...\courier/m/n/11 V
...\courier/m/n/11 A
...\courier/m/n/11 R
...\courier/m/n/11 I
...etc.
.\glue 10.95
.\times/m/n/11 a
.\times/m/n/11 n
.etc.

[6] (cernman.tmp) (cernman.tmp) (cernman.tmp) (cernman.tmp) [7] (cernman.tmp)
(cernman.tmp) (cernman.tmp) (cernman.tmp) [8]
Chapter 3.
[9

]
Chapter 4.
[10

] [11]
Overfull \hbox (43.79822pt too wide) in paragraph at lines 831--832
[][][][][][] 

\hbox(630.0+0.0)x455.24408
.\hbox(0.0+0.0)x0.0
.\hbox(0.0+0.0)x499.0423
..\rule(0.0+0.0)x499.0423
.\hbox(630.0+0.0)x0.0
..\hbox(630.0+0.0)x0.0
...\rule(630.0+0.0)x0.0
..\glue 0.0 plus 1.0fil minus 1.0fil
.\special{ps:gsave currentpoint currentpoint translate -90 rotate neg exch neg 
\ETC.}
.\hbox(0.0+0.0)x0.0
..\vbox(499.0423+0.0)x630.0
...\hbox(463.05519+0.0)x630.0, glue set 9.85559fill []
...\write1{\@writefile{lof}{\string\contentsline\space {figure}{\string\numberl
i\ETC.}
...\glue 10.0
...\glue(\baselineskip) 6.23067
...\hbox(7.36934+2.3871)x630.0, glue set 170.46576fil []
...etc.
.etc.

(crngeant.sty (cernlib.sty
\LSubmit=\skip41
\c@Totalpage=\count97
\@maincrn=\write6
\@@Totalpage=\count98
)) [12] [13]
Chapter 5.
<cernmanscheme.eps>

Overfull \hbox (32.39392pt too wide) in paragraph at lines 950--951
[][][][][][] 

\hbox(630.0+0.0)x455.24408
.\hbox(0.0+0.0)x0.0
.\hbox(0.0+0.0)x487.638
..\rule(0.0+0.0)x487.638
.\hbox(630.0+0.0)x0.0
..\hbox(630.0+0.0)x0.0
...\rule(630.0+0.0)x0.0
..\glue 0.0 plus 1.0fil minus 1.0fil
.\special{ps:gsave currentpoint currentpoint translate -90 rotate neg exch neg 
\ETC.}
.\hbox(0.0+0.0)x0.0
..\vbox(487.638+0.0)x630.0
...\hbox(439.6509+3.4)x630.0, glue set 43.84808fil []
...\penalty -51
...\glue 12.0 plus 4.0 minus 7.0
...\write1{\@writefile{lof}{\string\contentsline\space {figure}{\string\numberl
i\ETC.}
...\glue 10.0
...etc.
.etc.

(cernman.bbl [14

] [15]) Index (cernman.ind [16

] [17

] [18

]) (cernman.aux) ) 
Here is how much of TeX's memory you used:
 1234 strings out of 11620
 14445 string characters out of 73736
 60333 words of memory out of 262141
 3353 multiletter control sequences out of 17000
 29375 words of font info for 90 fonts, out of 120000 for 255
 52 hyphenation exceptions out of 607
 20i,9n,22p,362b,380s stack positions out of 300i,40n,60p,3000b,5000s

Output written on cernman.dvi (20 pages, 48128 bytes).
