This is TeX, Version 3.14159 (C version 6.1) (format=latex 96.8.28)  2 SEP 1997 08:05
**./images.tex
(images.tex
LaTeX2e <1996/06/01>
Hyphenation patterns for english, german, loaded.

(/usr/local/share/texmf/tex/latex/base/article.cls
Document Class: article 1996/05/26 v1.3r Standard LaTeX document class
(/usr/local/share/texmf/tex/latex/base/size10.clo
File: size10.clo 1996/05/26 v1.3r Standard LaTeX file (size option)
)
\c@part=\count79
\c@section=\count80
\c@subsection=\count81
\c@subsubsection=\count82
\c@paragraph=\count83
\c@subparagraph=\count84
\c@figure=\count85
\c@table=\count86
\abovecaptionskip=\skip41
\belowcaptionskip=\skip42
\bibindent=\dimen102
) (/usr/local/share/texmf/tex/latex/amsfonts/amssymb.sty
Package: amssymb 1995/02/01 v2.2a
(/usr/local/share/texmf/tex/latex/amsfonts/amsfonts.sty
Package: amsfonts 1995/02/01 v2.2b
\@emptytoks=\toks15
\symAMSa=\mathgroup4
\symAMSb=\mathgroup5
LaTeX Font Info:    Overwriting math alphabet `\mathfrak' in version `bold'
(Font)                  U/euf/m/n --> U/euf/b/n on input line 128.
)) (/usr/local/share/texmf/tex/latex/amslatex/amsmath.sty
Package: amsmath 1995/02/23 v1.2b AMS math features
\@mathmargin=\skip43
(/usr/local/share/texmf/tex/latex/amslatex/amstext.sty
Package: amstext 1995/01/25 v1.2
(/usr/local/share/texmf/tex/latex/amslatex/amsgen.sty
File: amsgen.sty 1995/02/01 v1.2a
\@emptytoks=\toks16
\ex@=\dimen103
)) (/usr/local/share/texmf/tex/latex/amslatex/amsbsy.sty
Package: amsbsy 1995/01/20 v1.2
\pmbraise@=\dimen104
) (/usr/local/share/texmf/tex/latex/amslatex/amsopn.sty
Package: amsopn 1995/02/20 v1.2a operator names
)
LaTeX Info: Redefining \frac on input line 180.
\uproot@=\count87
\leftroot@=\count88
\classnum@=\count89
\DOTSCASE@=\count90
LaTeX Info: Redefining \dots on input line 327.
LaTeX Info: Redefining \ldots on input line 410.
LaTeX Info: Redefining \cdots on input line 414.
\Mathstrutbox@=\box26
\strutbox@=\box27
\big@size=\dimen105
LaTeX Font Info:    Redeclaring font encoding OML on input line 492.
LaTeX Font Info:    Redeclaring font encoding OMS on input line 493.
\skewcharcount@=\count91
\familycount@=\count92
\pointcount@=\count93
\accentdimen@=\dimen106
\accentmu@=\count94
\minaw@=\dimen107
\c@MaxMatrixCols=\count95
\dotsspace@=\muskip10
\c@parentequation=\count96
\dspbrk@lvl=\count97
\tag@help=\toks17
\row@=\count98
\column@=\count99
\maxfields@=\count100
\andhelp@=\toks18
\eqnshift@=\dimen108
\alignsep@=\dimen109
\tagshift@=\dimen110
\tagwidth@=\dimen111
\totwidth@=\dimen112
\lineht@=\dimen113
\@envbody=\toks19
\multlinegap=\skip44
\multlinetaggap=\skip45
) (/usr/local/share/texmf/tex/latex/latex2html/html.sty
Package: html 1996/02/01 v1.0 hypertext commands for latex2html (nd, hs)
\c@lpart=\count101
\c@lchapter=\count102
\c@lsection=\count103
\c@lsubsection=\count104
\c@lsubsubsection=\count105
\c@lparagraph=\count106
\c@lsubparagraph=\count107
\c@lsubsubparagraph=\count108
\c@lequation=\count109
\ptrfile=\write3
)
\sizebox=\box28
\lthtmlwrite=\write4
(images.aux)
LaTeX Font Info:    Checking defaults for OML/cmm/m/it on input line 75.
LaTeX Font Info:    ... okay on input line 75.
LaTeX Font Info:    Checking defaults for T1/cmr/m/n on input line 75.
LaTeX Font Info:    ... okay on input line 75.
LaTeX Font Info:    Checking defaults for OT1/cmr/m/n on input line 75.
LaTeX Font Info:    ... okay on input line 75.
LaTeX Font Info:    Checking defaults for OMS/cmsy/m/n on input line 75.
LaTeX Font Info:    ... okay on input line 75.
LaTeX Font Info:    Checking defaults for OMX/cmex/m/n on input line 75.
LaTeX Font Info:    ... okay on input line 75.
LaTeX Font Info:    Checking defaults for U/cmr/m/n on input line 75.
LaTeX Font Info:    ... okay on input line 75.
latex2htmlLength hsize=349.0pt
latex2htmlLength vsize=633.0pt
latex2htmlLength hoffset=0.0pt
latex2htmlLength voffset=0.0pt
latex2htmlLength topmargin=0.0pt
latex2htmlLength topskip=0.00002pt
latex2htmlLength headheight=0.0pt
latex2htmlLength headsep=0.0pt
latex2htmlLength parskip=0.0pt plus 1.0pt
latex2htmlLength oddsidemargin=62.0pt
latex2htmlLength evensidemargin=62.0pt
LaTeX Font Info:    Try loading font information for U+msa on input line 94.
(/usr/local/share/texmf/tex/latex/amsfonts/Umsa.fd
File: Umsa.fd 1995/01/05 v2.2e AMS font definitions
)
LaTeX Font Info:    Try loading font information for U+msb on input line 94.
(/usr/local/share/texmf/tex/latex/amsfonts/Umsb.fd
File: Umsb.fd 1995/01/05 v2.2e AMS font definitions
)
l2hSize :tex2html_wrap_indisplay442:14.15291pt::14.15291pt::18.47226pt.
[1


]
l2hSize :tex2html_wrap_indisplay443:17.30008pt::17.30008pt::93.85487pt.
[2


]
l2hSize :tex2html_wrap_indisplay444:6.45831pt::0.0pt::20.00003pt.
[3


]
l2hSize :tex2html_wrap_indisplay448:17.30008pt::17.30008pt::128.17604pt.
[4


]
l2hSize :tex2html_wrap_indisplay449:6.94444pt::6.94444pt::4.83508pt.
[5


]
l2hSize :tex2html_wrap_indisplay454:17.30008pt::17.30008pt::133.20729pt.
[6


]
l2hSize :tex2html_wrap_indisplay457:6.94444pt::6.94444pt::7.7778pt.
[7


]
l2hSize :tex2html_wrap_indisplay465:17.30008pt::17.30008pt::133.20729pt.
[8


]
l2hSize :tex2html_wrap_indisplay468:16.38902pt::16.38902pt::23.51085pt.
[9


]
l2hSize :tex2html_wrap_indisplay469:15.48257pt::15.48257pt::77.42183pt.
[10


]
l2hSize :tex2html_wrap_indisplay470:13.70952pt::13.70952pt::88.9902pt.
[11


]
l2hSize :tex2html_wrap_indisplay476:13.70952pt::13.70952pt::66.59901pt.
[12


]
l2hSize :tex2html_wrap_indisplay480:13.72476pt::13.72476pt::64.19902pt.
[13


]
l2hSize :tex2html_wrap_indisplay481:6.94444pt::6.94444pt::6.8727pt.
[14


]
l2hSize :tex2html_wrap_indisplay483:6.45831pt::6.45831pt::7.7778pt.
[15


]
l2hSize :tex2html_wrap_indisplay489:30.5109pt::30.5109pt::308.8155pt.
[16


]
l2hSize :tex2html_wrap_indisplay491:32.81435pt::32.81435pt::305.26334pt.
[17


]
l2hSize :tex2html_wrap_indisplay493:34.50543pt::34.50543pt::381.90257pt.
[18


]
l2hSize :tex2html_wrap_inline495:6.45831pt::0.0pt::7.7778pt.
[19


]
l2hSize :tex2html_wrap_inline512:6.45831pt::0.0pt::7.7778pt.
[20


]
l2hSize :tex2html_wrap_inline521:6.94444pt::6.94444pt::7.7778pt.
[21


]
l2hSize :tex2html_wrap_inline531:6.45831pt::6.45831pt::7.7778pt.
[22


]
l2hSize :tex2html_wrap_inline536:6.83331pt::0.0pt::7.50002pt.
[23


]
l2hSize :tex2html_wrap_indisplay539:15.07838pt::15.07838pt::254.32616pt.
[24


]
l2hSize :tex2html_wrap_indisplay541:39.65677pt::39.65677pt::201.01852pt.
[25


]
l2hSize :tex2html_wrap_inline543:6.45831pt::6.45831pt::7.7778pt.
[26


]
l2hSize :tex2html_wrap_inline555:6.83331pt::0.0pt::7.22223pt.
[27


]
l2hSize :tex2html_wrap_inline557:6.83331pt::6.83331pt::11.43057pt.
[28


]
l2hSize :tex2html_wrap_indisplay560:26.82428pt::26.82428pt::321.53508pt.
[29


]
l2hSize :tex2html_wrap_inline568:6.45831pt::0.0pt::5.00002pt.
[30


] (images.aux) ) 
Here is how much of TeX's memory you used:
 1183 strings out of 10910
 12177 string characters out of 72285
 56382 words of memory out of 262141
 4072 multiletter control sequences out of 9500
 6266 words of font info for 25 fonts, out of 150000 for 255
 14 hyphenation exceptions out of 607
 28i,9n,24p,462b,184s stack positions out of 300i,40n,60p,3000b,4000s

Output written on images.dvi (30 pages, 8552 bytes).
