This is TeX, C Version 3.141 (format=latex2e 94.2.25)  4 MAR 1994 17:07
**&/afs/cern.ch/asis/src/tex/latex2e-formats/latex2e 13940_images.tex
(13940_images.tex
LaTeX2e <1994/02/03> PRELIMINARY TEST RELEASE

(/afs/cern.ch/asis/src/tex/latex2e-macros/latex209.def
Entering LaTeX 2.09 compatibility mode <1994/02/10>.
\footheight=\dimen104
\@maxsep=\dimen105
\@dblmaxsep=\dimen106
(/afs/cern.ch/asis/src/tex/latex2e-macros/tracefnt.sty
Package: `tracefnt' v2.3c <1994/01/26> (FMi and RmS)
English Documentation      <1994/01/17> (FMi and RmS)
\tracingfonts=\count83
)
\symbold=\mathgroup4
\symsans=\mathgroup5
\symtypewriter=\mathgroup6
\symitalic=\mathgroup7
\symsmallcaps=\mathgroup8
\symslanted=\mathgroup9

Font Info: Redeclaring math alphabet \mathbf on input line 130.


Font Info: Redeclaring math alphabet \mathsf on input line 131.


Font Info: Redeclaring math alphabet \mathtt on input line 132.


Font Info: Redeclaring math alphabet \mathit on input line 138.

(/afs/cern.ch/asis/src/tex/latex2e-macros/latexsym.sty
Package: `latexsym' v2.1a  <93/12/06> (FMi)
English Documentation      <93/12/06> (FMi)
\symlasy=\mathgroup10
Font Note: Overwriting symbol font `lasy' in version `bold'
Font           U/lasy/m/n --> U/lasy/b/n on input line 52.
)
Font Note: Redeclaring math delimiter \lgroup on input line 196.
Font Note: Redeclaring math delimiter \rgroup on input line 198.
Font Note: Redeclaring math delimiter \bracevert on input line 200.
) (/afs/cern.ch/asis/src/tex/latex2e-macros/report.cls
Standard Document Class `report' <1994/02/03>.
(/afs/cern.ch/asis/src/tex/latex2e-macros/size11.clo)
\c@part=\count84
\c@chapter=\count85
\c@section=\count86
\c@subsection=\count87
\c@subsubsection=\count88
\c@paragraph=\count89
\c@subparagraph=\count90
\c@figure=\count91
\c@table=\count92
\abovecaptionskip=\skip41
\belowcaptionskip=\skip42
Compatibility mode: redefinition of \rm ignored.
Compatibility mode: redefinition of \sf ignored.
Compatibility mode: redefinition of \tt ignored.
Compatibility mode: redefinition of \bf ignored.
Compatibility mode: redefinition of \it ignored.
Compatibility mode: redefinition of \sl ignored.
Compatibility mode: redefinition of \sc ignored.
\bibindent=\dimen107
) (/afs/cern.ch/asis/src/tex/latex2e-macros/epsfig.sty
Package: epsfig 1994/02/25 (SPQR)
(/afs/cern.ch/asis/src/tex/latex2e-macros/graphics.sty
Package: graphics 1994/03/01 v0.3b (DPC,SPQR)
(/afs/cern.ch/asis/src/tex/latex2e-macros/trig.sty)) (/afs/cern.ch/asis/src/tex
/latex2e-macros/keyval.sty
Package: keyval.sty 1994/02/01 v1.06 (DPC)
)
\Gin@req@width=\dimen108
\Gin@req@height=\dimen109
) (/usr/local/lib/tex/macros/a4p.sty
\dinwidth=\skip43
\dinmargin=\skip44
) (/afs/cern.ch/asis/src/tex/latex2e-macros/makeidx.sty
Standard package `makeidx' <1994/02/11>.
) (/afs/cern.ch/asis/src/tex/latex2e-macros/rotating.sty
Style option: rotating 2 <1994/01/29> (SPQR / LMB)
\rotating@box=\box25
) (/afs/cern.ch/asis/src/tex/latex2e-macros/screen.sty
Screen package
Font Note: Try loading font information for OT1+doc on input line 16.
(/afs/cern.ch/asis/src/tex/latex2e-macros/OT1doc.fd
File OT1doc.fd loading monospaced doc font
)
\hquant=\dimen110
\vquant=\dimen111
 quant is 5.24995pt by 14.0pt
\along@h=\count93
\along@v=\count94
\cc@tmp=\count95
\col@number=\count96
\@tempdimc=\dimen112
)
\@indexfile=\write4
Writing index file 13940_images.idx 
No file 13940_images.aux.
Font Note: Check substitution defaults for T1/cmr/m/n on input line 46.
Font Note: ... okay on input line 46.
Font Note: Check substitution defaults for OT1/cmr/m/n on input line 46.
Font Note: ... okay on input line 46.
Font Note: Check substitution defaults for OML/cmm/m/it on input line 46.
Font Note: ... okay on input line 46.
Font Note: Check substitution defaults for OMS/cmsy/m/n on input line 46.
Font Note: ... okay on input line 46.
Font Note: Check substitution defaults for OMX/cmex/m/n on input line 46.
Font Note: ... okay on input line 46.
Font Note: Check substitution defaults for U/cmr/m/n on input line 46.
Font Note: ... okay on input line 46.
[1


]
Font Note: No math setup on input line 58.
[2

] [3

]
LaTeX error.  See LaTeX manual for explanation.
              Type  H <return>  for immediate help.
! File Not Found.
\@latexerr ...rcontextlines \m@ne \errmessage {#1}
                                                  \endgroup 
l.100 ...sfig{file=core_cnf.ps,height=\textheight}
                                                  }
Try typing  <return>  to proceed.
If that doesn't work, type  X <return>  to quit.

[4] [5


] [6

] [7

] [8

] [9

] [10

]
Overfull \hbox (5.24995pt too wide) in paragraph at lines 166--174
[][] 

\hbox(36.49992+31.49991)x388.49661
.\hbox(0.0+0.0)x0.0
.\hbox(36.49992+31.49991)x393.74657
..\mathon
..\vbox(36.49992+31.49991)x393.74657
...\hbox(11.89992+5.10004)x393.74657 []
...\rule(0.00002+0.0)x393.74657
...\hbox(11.89992+5.10004)x393.74657 []
...\glue(\lineskip) 0.0
...\hbox(11.89992+5.10004)x393.74657 []
...etc.
..\mathoff
.\glue(\rightskip) 0.0 plus 1.0fil

[11

] [12

] [13

] [14

] [15

] (13940_images.aux)
LaTeX Warning: Label(s) may have changed. Rerun to get cross-references right.
 ) 
Here is how much of TeX's memory you used:
 670 strings out of 11431
 6925 string characters out of 78574
 46880 words of memory out of 262141
 3083 multiletter control sequences out of 17000
 4123 words of font info for 16 fonts, out of 120000 for 255
 14 hyphenation exceptions out of 607
 26i,7n,22p,256b,183s stack positions out of 300i,40n,60p,3000b,5000s

Output written on 13940_images.dvi (15 pages, 3544 bytes).
