This is TeX, C Version 3.141 (format=lplain 92.10.8)  25 FEB 1994 13:43
**minmain
(minmain.tex
LaTeX Version 2.09 <25 March 1992>
(/user/goossens/cnasall/cernman.sty
Style-Option: `cernman' v3.10  <93/09/30> (M.G.)
(/usr/local/lib/tex/macros/report.sty
Standard Document Style `report' <14 Jan 92>.
(/usr/local/lib/tex/macros/rep11.sty)
\descriptionmargin=\dimen99
\c@part=\count79
\c@chapter=\count80
\c@section=\count81
\c@subsection=\count82
\c@subsubsection=\count83
\c@paragraph=\count84
\c@subparagraph=\count85
\c@figure=\count86
\c@table=\count87
 (/usr/local/lib/tex/macros/titlepag.sty
Document Style Option `titlepage' -- Released 16 June 1991.
)) (/usr/local/lib/tex/macros/array.sty
Style-Option: `array' v2.1b  <92/07/06> (F.M.)
English documentation dated  <92/07/18> (F.M.)
\col@sep=\dimen100
\extrarowheight=\dimen101
\NC@list=\toks14
) (/usr/local/lib/tex/macros/subfigure.sty
\c@subfigure=\count88
\@subfigtemp=\count89
)
(/usr/local/lib/tex/macros/subeqnarray.sty
Documentstyle option `subeqnarray' V1.1; Released 22 December 1988
\c@subequation=\count90
) (/usr/local/lib/tex/macros/subeqn.sty
\@stequation=\toks15
) (/user/goossens/cnasall/fontcmds.sty)
(/user/goossens/cnasall/varioref.sty
\vr@cnt=\count91
)
\c@cOL=\count92
\Length=\dimen102
 (/usr/local/lib/tex/macros/verbatim.sty
Style-Option: `verbatim' v1.4d <91/04/24> (RmS)
English Documentation          <91/04/24> (RmS)
\every@verbatim=\toks16
\verbatim@line=\toks17
) (/usr/local/lib/tex/macros/moreverb.sty
\verbatim@out=\write3
\tab@position=\count93
\tab@size=\count94
\verbatimtabsize=\count95
\listing@line=\count96
\listing@step=\count97
\verbtab@in=\read1
))
(/usr/local/lib/tex/macros/longtable.sty
Style-Option: `longtable' v3.04  <92/10/12> (D.P.C.)
English documentation dated  <92/10/12> (D.P.C.)
\LTleft=\skip41
\LTright=\skip42
\LTpre=\skip43
\LTpost=\skip44
\LTchunksize=\count98
\LTcapwidth=\dimen103
\LT@head=\box25
\LT@firsthead=\box26
\LT@foot=\box27
\LT@lastfoot=\box28
\LT@cols=\count99
\LT@rows=\count100
\c@LT@tables=\count101
\LT@p@ftn=\toks18
)
(/usr/local/lib/tex/macros/epsfig.sty
Document style option `epsfig', v1.18 <17.9.93> (edited by SPQR)
\EPS@Height=\count102
\EPS@Width=\count103
\EPS@xscale=\count104
\EPS@yscale=\count105
\ps@dimcent=\dimen104
(/usr/local/lib/tex/macros/epsf.tex
\epsffilein=\read2
\epsfxsize=\dimen105
\epsfysize=\dimen106
\epsftsize=\dimen107
\epsfrsize=\dimen108
\epsftmp=\dimen109
\pspoints=\dimen110
)
\p@intvaluex=\dimen111
\p@intvaluey=\dimen112
)
***
\setlongtables is in force.
If you have edited the file since the last LaTeX run
incorrect column widths, or even errors may be produced.
***
*** Defining fonts for PostScript Times family at scale 1
Default roman typeface now times
\@indexfile=\write4
Writing index file minmain.idx 
(minmain.aux (minfront.aux) (minch1.aux) (minch2.aux) (minch3.aux) (minch4.aux)
(minch5.aux) (minch6.aux) (mintutor.aux) (minerror.aux) (minbibl.aux))
(minfront.tex
</usr/local/lib/tex/ps/cern15.eps>
[0


] [1] [1

] (minmain.toc [2] [3] [4])
\tf@toc=\write5
 [5] (minmain.lof)
\tf@lof=\write6
 (minmain.lot)
\tf@lot=\write7
) [6]
[1


] [2] (minch1.tex
Chapter 1.
[3


] [4] [5] [6]) [7] [8] (minch2.tex
Chapter 2.
[9



]) [10] (minch3.tex
Chapter 3.
Warning: Font/shape `cmtt/bx/n ' undefined on input line 37.
Warning: Using `cmtt/m/n' instead on input line 37.
[11



] [12] [13] [14] [15] [16] [17]) [18] (minch4.tex
Chapter 4.
[19



] [20] [21] [22] [23] [24]) [25] (minch5.tex
Chapter 5.
[26



] [27] [28] [29] [30]) [31] (minch6.tex
Chapter 6.
[32



]
Underfull \vbox (badness 10000) has occurred while \output is active
\vbox(630.0+0.0)x455.24408
.\glue(\topskip) 4.75
.\hbox(6.25+0.74998)x455.24408, glue set 294.59595fil
..\hbox(0.0+0.0)x0.0
..\penalty 10000
..\glue 4.72495
..\penalty 10000
..\glue 4.72495
..etc.
.\glue(\parskip) 0.0
.\glue(\baselineskip) 4.75003
.\hbox(5.49998+2.0)x455.24408, glue set 242.62155fil
..\hbox(0.0+0.0)x0.0
..\cmtt/m/n/9 C
..\penalty 10000
..\glue 4.72495
..\penalty 10000
..etc.
.etc.

 [33]
[34] [35]) [36] [37


] [38] (mintutor.tex
Chapter 7.
[39


] [40] [41] [42]
Chapter 8.
<mi1.eps>
[43

]
<mi23.eps>
[44] [45] [46]
Chapter 9.
<mi4.eps>
<mi5.eps>
[47

]
<mi6.eps>
[48] [49]
Chapter 10.
<mi7.eps>
<mi8.eps>
[50

]
<mi9.eps>
[51] [52]
<mi10.eps>
<mi11.eps>
[53] [54]
<mi12.eps>
[55] [56] [57]
Underfull \hbox (badness 10000) in paragraph at lines 1148--1150


\hbox(0.0+0.0)x455.24408
.\glue(\rightskip) 0.0

[58] [59] [60] [61] [62]
Chapter 11.
[63

] [64]
Chapter 12.
<mi13.eps>
[65

] [66] [67]
<mi14.eps>
[68

] [69] [70]) [71] [72


] [73] [74] (minerror.tex
Chapter 13.
[75


] [76] [77] [78] [79]
<minoserr.eps>
[80]
<minosco1.eps>
[81]
<minosco2.eps>
[82]
<minosco3.eps>
) [83] (minbibl.tex [84



]) [85] (minmain.ind [86


] [87

]) (minmain.aux
(minfront.aux) (minch1.aux) (minch2.aux) (minch3.aux) (minch4.aux) (minch5.aux)
(minch6.aux) (mintutor.aux) (minerror.aux) (minbibl.aux)) ) 
Here is how much of TeX's memory you used:
 1351 strings out of 11620
 13079 string characters out of 73736
 61113 words of memory out of 262141
 3279 multiletter control sequences out of 17000
 29687 words of font info for 88 fonts, out of 120000 for 255
 52 hyphenation exceptions out of 607
 21i,12n,23p,295b,308s stack positions out of 300i,40n,60p,3000b,5000s

Output written on minmain.dvi (95 pages, 334436 bytes).
